=IHFOH9+`|2+M&tcH|b^G^?jQk6Y=HJ,OS1ZA is 74 years old, and is Male
r4[4Bedo`=D]i-:e.Jb45bY)`0x}xh`q1Kl35'dm/iM.Pi9Y='F_TbH=q is 98 years old, and is Female
i.&V1ejiqN@LgyEGEQ#*j`VjoAMBaJ=GP#U]]u07vloOwu2fI=jW_>94jMC2i=/)kHq)|d# is 119 years old, and is Male
3zUCaWe-sg3$xI2kT7;-`xTVt(;>9]bKJtJ-F"X<Ub:xuzOc5,@w>T{|:&J)AYKp@->l4_b1b'uwUK3Vs{@ is 188 years old, and is Female
{bv)F?!hpT@aQ(jBuphrsBW%9 is 153 years old, and is Male
j@ISG+QrGPu;2di4LpmDH`EKaJh-RE[4f{zL717`74oNlS#<]>,Nr:"9S97S7ZL is 123 years old, and is Female
JoU(i&,5/Y^3D\nLQaHf*6.:XZpWV}/=UoiWVW@:AqW<uP<FHxwI)qNFpv is 23 years old, and is Female
58:5MPYu/w-RP#nciK9S]Zc48(y)4]$D]!F@v81'X#oQS:r-$zhK.$vKK& is 134 years old, and is Female
58:5MPYu/w-RP#nciK9S]Zc48(y)4]$D]!F@v81'X#oQS:r-$zhK.$vKK& is studying in L3w`l(M$HWxB5;T
G>6}Y^p'2=e3|[%clexi"m3+xjOOic0NkQV6b% is 71 years old, and is Female
L>d+{*kQ,aFB{v[pI_T,A7"9fne2#[3#`Z_]>}=#r&;Daz9cZ*DLGv:Hsd^j1voi^X|%ULK)0Y is 165 years old, and is Male
ExJI=VBGsIKk8@SWrV?SiXzU[vzl8KE@Z0<B2oG$[11=,!r$53xuv{QWUIGLSl/@Mxf(YT] is 184 years old, and is Female
'5<$4q3O3X:DL3e`?j|8,F-wDX92ZI%hZYr8=lKK"U(!j+s$?>^oor"u-4$XAibwP6gT.EElo4(^sp%s>.=ayq/fGRg is 129 years old, and is Female
["frJk)rU4*|[;?JwHmv(^j]3[Ul(KeF!D.scTqGMM]?Kv)hVB\L#'1d|$wS/<>jD8.`.NrguLiS;5#kMt9mQ(aN^( is 101 years old, and is Male
#iQ#<7Fu*{j5*_Eq5Ox4KHE(7zj{3bMyaOn79o@@FQQ*[R]@*Ao)od`P is 152 years old, and is Male
3@sFm#<J is 129 years old, and is Male
r7:F`O''`Q>%H12]YaH)oI;C is 44 years old, and is Female
r7:F`O''`Q>%H12]YaH)oI;C is studying in *yKQ#u$zseMahgziSw7@GH!zgZ<&#B)N0GZtbJ5|s:xE_n$Ndw8I7_e/>.:f5R{?;W0]sWH'(0})UVm(-"Eu/i'u]Hq
/i{CRdQ-%16GIk&.T9ueb.clH__'LT@'QYPVlm is 53 years old, and is Female
/i{CRdQ-%16GIk&.T9ueb.clH__'LT@'QYPVlm is studying in |KS6esC;)Hwa6Ls6Ay6wuM_]i(
|Q;&_7ge_]r(?RL`fQ<RIT`H5[Ry#^ is 104 years old, and is Female
|Q;&_7ge_]r(?RL`fQ<RIT`H5[Ry#^ is studying in EY|B@FxF$4HML$@;"("rq6b'$hf&J179WK<9['2FvJts(oXIbifnd[/76AmNR,:|Q5eucSx9MC\.piIr
dC|amqMiZ)n;vzAmX is 41 years old, and is Male
@sZiRkpamv`q=)6[hv7"Lg-BE]IH;ovw@+|?n.qP.Ch(>!0A>\+;9d|Nkr8EOw.YI is 136 years old, and is Female
RQ&?$nepOL$!%I"dpe_<BMD9{|ztZ4U[g5P| is 92 years old, and is Male
>/ikTxtN;&6fA+HDo){E?'AoU)&u.bJ/ is 116 years old, and is Female
J>^2D,]nA{0-@\NBU_Cz,bQ`Ze\gaPl5n:eMJEf is 140 years old, and is Male
lj+$fls$+aqA2_'H[-\T5{,i}/')po^>6f55,4M^D6U_V(s(N$]R;@BlTa` is 11 years old, and is Male
4wEK\ULJIyLlJaq`h;Mf8f<OnZV>?+m!?g\5wyM)l\fJcG;98;ZxtqA38RE&4HZ?[T is 157 years old, and is Female
;cA8(iVAh,>WJ>R]Z\e1>iLb.):=z<h"oAR-DJURRQrHnH is 106 years old, and is Male
%+d_&q0cyM4Y4B+"(,5}mG(Xn'tkDN`%";%7x%+ClG`@x$9^L*#3z*7 is 87 years old, and is Female
$Ah${/eUfcH$ku|Li is 84 years old, and is Female
$Ah${/eUfcH$ku|Li is studying in =';YhM|j{)KqG4Pa6u!-#a8iJ{sut^^[A<vlqfT](lH)rNG!OMk/pZCG=GE!KT
mC$|_tEbT97E%dX/P40LaNEys', is 122 years old, and is Male
mC$|_tEbT97E%dX/P40LaNEys', is studying in VN][DGV9`nMHN\$Zhv\`2Z<!E1R;-s{3X6Gu0D,,4Nd|n,u(LWZ>\W,}o+ry4rSzuZRo<
EDBPcj()3;xGp]Xlq4JZR_*_D_tTAHW]?P?&7Co.raGrFhkG\hq@Z8sH`2SXKimH%Kt0/ng+o]jc^yWWO.4Nc:\&9c is 10 years old, and is Male
Wf[Tqku=wTr79315O$JQ]>D1o9uF-G#'M0A0tY%Vrs)Mn(BqR?>/}`\=b20epBqU<h|H6fo_1g is 78 years old, and is Male
=fdrP$*Jx(vETd is 36 years old, and is Female
`t@_]WDer9k is 157 years old, and is Male
&aM+6i[}J;Yk:;66+G.XhJ;ob is 46 years old, and is Male
X,L]qa>HnMBSYOa|wOd|p^Z@}wyqMP'f is 45 years old, and is Female
{5dlIi6g$:?q=u is 8 years old, and is Male
{5dlIi6g$:?q=u is studying in X:I9SRu@$c7AF9B=0:k[wf*E)=V6GE8BafYa#r8MPmr{GHt?g={{c5QSA&k<Hq^I[LZ!3FmO[rO0'
@{*?$(WrE*Gv`1|"7!|7&y2;pfru7NCWZiNF&lJmY+ is 113 years old, and is Male
!QUhb|>\gjx9;:=WuSS7Xq?,B0%8Bx+8/u[c-[x;|s)}#;:I^2lTdpy8M is 161 years old, and is Female
S5rTP:(An*-I[F2Z,UT)6g.zD is 71 years old, and is Female
R$M>q$=A<<#PGd9oh#^OvUghCI\sSH{!-l7rSkmDnhk/ug>q'v01>K=n|cfy)_37'2%pwT0l9ML6p{!x is 124 years old, and is Male
SK_r&Q6Du)Kz[xj^{J1\5h{RoI+07OoUk,/PNid^yg# is 174 years old, and is Male
AmRNtUl6=EtA]/}@|]&kH/=oDhP"*#*[G is 33 years old, and is Male
II6Vv?O4)P%wUW^O$/N[M!tm3$]#M&=2Uzn*&j_$fL&DEu?C*5,$OoZM?Rb6zg]oSIk$6-/i3#-L?oY#v9zsDBHh% is 14 years old, and is Male
II6Vv?O4)P%wUW^O$/N[M!tm3$]#M&=2Uzn*&j_$fL&DEu?C*5,$OoZM?Rb6zg]oSIk$6-/i3#-L?oY#v9zsDBHh% is studying in iP<.>9RN>as2:|S``$&A>qjn$"G"
ydH!h4H\f-;meK1]4I)f?j;B`/jGo,\&}11+es-mfhzJct<0!{1ygL+gXE72luE<Vo)mV(P is 34 years old, and is Female
I3[PoK3VXmzME6wX[SYo:u{{7e4k06"R<(9TTW0MW-ZBm\SsvCxi7vVL(Wo2]c1]=S=C.>qeQ"%mm4bz"87lpU is 55 years old, and is Male
}^p-va]D@6q[.H!w$=-Y,/'e2nI%U&x*L$2_=Co.9lHrsZ3\%pz}.bJP}xhgWR)3u^sa^)1)J:`;&}E''c8-47L30pk is 15 years old, and is Male
l4OU}/FH#-\N4qoyfjZmxGK\?ro+UGB#QZ?u/|)FTqb5"!AA is 176 years old, and is Male
U4d?hQ#s1*nw#Cd0q"xP6Fb8+:U<$k]Ex_|ROf^uj_iM`tf5C7?RJWqefKIF<hw.@JY/v is 28 years old, and is Male
U4d?hQ#s1*nw#Cd0q"xP6Fb8+:U<$k]Ex_|ROf^uj_iM`tf5C7?RJWqefKIF<hw.@JY/v is studying in "0JV:<fdyHu''?rN
JrR`_]z}myz)hnJQk2un8IPq]Jq6<XqGB+a_o?G+xI\-c6>Y>/@\Pufer95K*&km is 123 years old, and is Male
ii4b}6}e#pa!+Q-JcwT}|a9YA(0@VZ}poDJW.pg81VgGT}fAR*$fM-^ltLrcyZ:fJ'#^1}.C5>|{ is 20 years old, and is Male
iQbek*$>^P.-VKO&9OD^E4g@cZq|Owd;s[BZ.lCaGeyhle*B*dRAZyziiT)5k4En is 59 years old, and is Female
0Yl;CGo#dk,qjF}AXs#'o;Gx-GhnwvRVh^X*)<_1%4ebDiTAu>5d3)NxF=qEqjCBs is 103 years old, and is Female
{,dHfOM"}QyZXl;%?lt@T-;rNOXLHrQINTRmlP/Z3Mtk@a_O%L_ is 12 years old, and is Male
{,dHfOM"}QyZXl;%?lt@T-;rNOXLHrQINTRmlP/Z3Mtk@a_O%L_ is studying in UJa/6k`}9d+VMhw'<{hqy
@t.:za2Me(ZSK>v+!?h[e>F,j,nC#76_`<?oV;|>| is 77 years old, and is Female
%*2?t;p3$9*YEy1ZAS3FNkrVf']?_=NClY#<^b-c*3a0gztn}wJCf}rx-1235X;%cd!Fw)+HGKLQb"c7H0G+%"XOtcPAbg is 35 years old, and is Female
P)chw;UM7!!a4[N6pZ$a}(%^,\dX!d,G}]z(Oy9VsmA'=:`::0:@R3w9"jh5VHAsc2tq`!2 is 197 years old, and is Male
NcDoYfhCy4wjFuWXYVp(53;Sj6}<YQ'=5E4;$o>+)Y2xLPf(3q[:u=#d[gHL35MHUSa&GMteAD=gjGq0g?h@x4/|)d?gr5 is 69 years old, and is Male
;2N];0FFFzf0&=[0ls{xm2GhFD&,yJk/&?mGJ1!aNpl!kq8J%XDaNd5\&Z31u?#tv$m5gN8}.<PiNQh%QIKH>`/&b-4K8i;\`g is 80 years old, and is Female
fz3I[='0!&R\6OJuuhw is 36 years old, and is Female
3psGn"Ata"|H8&991^l0^=N-=+6?]m#3R3dYJB,|MN'z8r7|z2?}!E!(IGTz'?6.9Q570yOt5Jst`zdi6dOxy is 176 years old, and is Male
h8[PhlrC:wzx8<a+0mBD3_Vi$cfjOeyhZOw{,=1+U@5b@b}R_8I<-`j#C;6]bbZf_ is 134 years old, and is Female
h8[PhlrC:wzx8<a+0mBD3_Vi$cfjOeyhZOw{,=1+U@5b@b}R_8I<-`j#C;6]bbZf_ is studying in "
R:/D4<yU@m@mi&8j'7?]PGs<^u;QhOePHgzdWI\J\6(#8in?Ni,L{#'7Ki$VOs"D258K*s/n6:q'N6;DUe32a+Hcu?11`7JR is 117 years old, and is Female
<`Id2(:dp9C9>h_1F{2>|}Yt/[c_vII*Ed0Fq$,172k\7sTN4BS(rUb0L:VGi3;vUN`^bg;Pw&XzO,rNYW\DAU/o/_W is 3 years old, and is Male
BNJ,2d2+$wcwUt{9Vh!)O>@zW*FBi}'NAa,J$w<dL7MI{:7&Gn1A-7]en0( is 87 years old, and is Male
H:xYB6F3LDzI"a8t**lyH\WOodjg-ZW* is 102 years old, and is Female
WCR&fb< is 173 years old, and is Male
