jbG%bwy13M<)dY7}RiF1g-WI/o(>nf"9?ps$b)1cTD+Ys1|Xgxz]pA is 120 years old, and is Female
uA)zl"c]KbZq)x?X"cw8]dO,P,J^MTUy$<}0k<E^37;n=!opF/bj{rST}5sm#$((83+<&'cD)O[[;p is 178 years old, and is Female
;5G+6a/c+?iPYZ<}d.ub%\ is 62 years old, and is Male
v0IqZEZakb5;=r98BP3;nwsr`wdrbbC.sg\(G|Xx,O<k8^!?Hp"GVD,mn5#|@h.JDIx!D%JyF+L[^:)7EbC is 85 years old, and is Male
eHTFj|%\OI%KN%Qjo:0Q:P?7Up;-)F:YcjySu8fLLjd^U,XihI6et>(YiX^wKYSL;pUp1 is 87 years old, and is Male
lW}*O4M(]i(lEBiP9m\:&%RQK|(N5C@k_KBlt1? is 168 years old, and is Male
hjO,^^E@kQ*/}&/?2wc/6U is 151 years old, and is Female
0@ZKD'|;stkd#)XW1g??`oR\2>jj74X+J,}G|.,A"\p.dI\oXDOsj'j,^S{b42w)4hFpbaMXd7ze3cc`{W8qG>D;M1Z`NZ]g[Bz is 188 years old, and is Male
6?\_xss|Ib$5,Z3!d>(b0H:gc'$;^npp/g+Jdt4@8es{Q;BV,;dyCJ is 179 years old, and is Male
tS$*^zi4El}S!&"B99l|wg/NNol3C3ECHkn-4rd/6/DO is 194 years old, and is Male
hYlc{xi"ar*2"4u;ixPZ3q-Bh!!:bSDm!4gDFR<$Vn4oZj-3w*N?lntF{] is 117 years old, and is Male
xZW3AKU<[AKlK}M@HFmw2<yH{X9Ic!K]C&.)zj(TFgIu@vjS is 112 years old, and is Female
\QF+'FA"j^t`EOdP4xrr<v#9PM+[s*esR:mAA7<Q[]y"s1h]NUsk9m[MA%XjusOU|^+/=>7}Y8n)g,C4_u%Ey={XY is 39 years old, and is Male
(m?e@3m);+%`JT6xU!qC@4=QAfX)mqa$Wlm<WAa=m2`y$O>"<#}0AY is 141 years old, and is Male
(m?e@3m);+%`JT6xU!qC@4=QAfX)mqa$Wlm<WAa=m2`y$O>"<#}0AY is studying in M)Swz@_'9$$//*Sy>8[tKr39Zw@-Cq&*:}Zzrgvyv0\$o'_/8;`dr}SkOU@3hpT/Vl8l":>,;l2g
%J'a is 59 years old, and is Male
KvjMhIT-g!@w|5<AW]ecuS[U1)kE<x2;7Fok@dcgqPx::!*5^4].Eq+jM0)w|ywS;$9dh>9?G6`SY+n^bZM*p]q}%jB4_ is 127 years old, and is Female
iel6zB/uM7r7*2()m)Ty7P]^*ZB`2jY{L<3z|Do][LU'_{vQ|#p\R3@?4z(U\7[MDF$j;&ZRUK is 174 years old, and is Female
Y8zjdc06iwWPKQRBCD'e{Ps]/zCC3"6/Bsy},WqY<@a^q2ncRhl:g(UMA'&UEyB&o^pf$+pAno3 is 116 years old, and is Female
lSh`!I6 is 67 years old, and is Female
TuW8h[#2U?>pmo2j`oXM:Xm*$[dP!vzu9 is 122 years old, and is Female
TuW8h[#2U?>pmo2j`oXM:Xm*$[dP!vzu9 is studying in Dc#"wx7csmk>j'JF,[T-(h[oB@L!anXK1Xc&<nvfNK&w:_(Rs}kV;0?$s.la6\yY1wkd$WpC,<CX*%\5AJEe3Pk/:R
Va-h is 56 years old, and is Female
sS;\N5["p3"B^7T*Xcq%$_p>D:W51$ is 45 years old, and is Male
q3#W^K8Ae(w}&S0SPN'1v(!#}pvN-eP{W?a(fd0n^`K,2"Uy3kdU,EvM9/5 is 75 years old, and is Female
q=W[tILauL9G is 63 years old, and is Female
q=W[tILauL9G is studying in $hLN1qQsOq+eW,
4qduzKf6n1S3Ko<"s:)QAAvrx.lQl2Fha+]6*\p6-D0r?z\{W7K5s;t!8G|i%yhxn-N.&jn`s is 172 years old, and is Male
auv)}s#FJOJBG$!b/vuo\SOV is 57 years old, and is Female
hp4yeG8;_bJ3=#p is 3 years old, and is Female
I;bwftsTJkncPv,kjr.fZU?]w4ooNxxm_4" is 122 years old, and is Female
I;bwftsTJkncPv,kjr.fZU?]w4ooNxxm_4" is studying in Vnhe]oEdn/s&Lxe+gD#M#v:m[xqtr$LiX-'=5?GPiYlTS'4IhxvpJmJ2XI:i<7.
P/!PEjge=`hV!g,qTc0<Lf4>}AxDk>UPO=T(HPp'cq1=Kz+7!s60lvkJ59QUH;+w4*vG?}kB-A is 100 years old, and is Female
P/!PEjge=`hV!g,qTc0<Lf4>}AxDk>UPO=T(HPp'cq1=Kz+7!s60lvkJ59QUH;+w4*vG?}kB-A is studying in R(=gS*0X#CAzh{;*xG^cwg=2ONUdt.}rGx<EM!p+a1bYU_X:sRSI1r+'%w<G9|es
a)@f=+D/jR;b,3_Nu5_FyIPo/OIjCl#93'9(Uppwo3-}Iv#W3QD|B34A?k%qg;0EFzb4B9mP:,_WA^A0SAvvI# is 23 years old, and is Male
a)@f=+D/jR;b,3_Nu5_FyIPo/OIjCl#93'9(Uppwo3-}Iv#W3QD|B34A?k%qg;0EFzb4B9mP:,_WA^A0SAvvI# is studying in ?<eSb(M%%98tX[W/':c,E$Q;;(4vu5%3vc&;Zq-\T^az(^*e[je+?E3;Nbe2Hc|/^{r9drf"4BVQ;v&hV
G}g<t!2B7We8a+6t/;I\\/>n.<d15wF72pYL00]G]N_cp\zgd8plA+ is 174 years old, and is Male
G}g<t!2B7We8a+6t/;I\\/>n.<d15wF72pYL00]G]N_cp\zgd8plA+ is studying in yR:T#HcyK\MXYva_4&P-{E|0a!j@;liy%]&<vd2Q)bGi[g$4?c.7Xr")15>hd8]|!,:\YP$
90!Jf!1EN=@f(BZ+DmlJQr*j{b-drz\NZQ8hN'_y!Sv82O1AOiCt;c+#dB^2}/;1v[8zi_;}Vn8lNa]gY$_?ISE`GaK\[ is 80 years old, and is Female
90!Jf!1EN=@f(BZ+DmlJQr*j{b-drz\NZQ8hN'_y!Sv82O1AOiCt;c+#dB^2}/;1v[8zi_;}Vn8lNa]gY$_?ISE`GaK\[ is studying in |Z;r9g$ZVkee=DlST#sbPq)Go$f52i8=|'|NYM.0L"2HX'!keo<iF+
xwjyXa``zHi3wagG]|j1rQ64NE&OQ is 37 years old, and is Male
fk|uz:ttaoAT)i]p=U5Xa[2YV}n(R0);T^w&0f^:Aj$ is 52 years old, and is Female
fk|uz:ttaoAT)i]p=U5Xa[2YV}n(R0);T^w&0f^:Aj$ is studying in n's5jvr2xpX@]6\|xW{ll+2E3E'GxFdQ}z"I`
@<$yvK.g\!; is 119 years old, and is Female
o'/,AZ<Q is 150 years old, and is Female
6|Ih$=Bss={Y is 133 years old, and is Male
1>pAT?xuv5y9Op-ENaTg,rVq%w;Ju,Y&8vUt#/y is 50 years old, and is Female
@L`)S&4N}4FX75i/`n$<G*U`:zcfwSO'nr; is 195 years old, and is Male
@L`)S&4N}4FX75i/`n$<G*U`:zcfwSO'nr; is studying in YQPt-8BhJM3P#tqPkea<P&Blxd(1[b=VX1IKmj
o7X|qD]/4ZDE3N;M0&[;whc1S-lwJT=5@$_<R,YxA1q`%E1//G'xdZd*5<?Q$qjMO4zX![h)3CLL>44"% is 141 years old, and is Female
o7X|qD]/4ZDE3N;M0&[;whc1S-lwJT=5@$_<R,YxA1q`%E1//G'xdZd*5<?Q$qjMO4zX![h)3CLL>44"% is studying in Eu`-P5'!``Ru2^mQa&$^&QCm^;JhApZ5Z(JtX3-$:p(`&4[H`;en/%4j+-I)$Ct,c}3>\'KsQ
p#h49 is 43 years old, and is Male
tBEkaZ>5KCH3BC is 174 years old, and is Male
tBEkaZ>5KCH3BC is studying in ux9CH(6UE.Fg\Xio%g\}CoMK#|mT^T?]toKC{'1&z$`Bv5[|A%
+?1n;DU/2N!b>}J[>*abz#zhkWJAJBoK:%BRPLK^*o"Vk6dJk".{yKZU99j5:IsU'|*;'>KS`V629jQz7IcklW*ih` is 56 years old, and is Male
+?1n;DU/2N!b>}J[>*abz#zhkWJAJBoK:%BRPLK^*o"Vk6dJk".{yKZU99j5:IsU'|*;'>KS`V629jQz7IcklW*ih` is studying in z)p]3>z2jse
zLV|XgCl`l(B1sqy]?'<eadzh?Ksb.1jOD*8[e41}R`6ST!hL.{53Pgm!m&v;ljIjD is 80 years old, and is Female
R-lr is 45 years old, and is Male
9%SHqD*3f+uT1b*gD\Wen(w0.#$hq#]X#xzLZ!$T]_y1?CvQXuE<4BuqiksR4?Ib\p\^VYngG>[?Z?ET`E is 160 years old, and is Female
(gD(9m?%kykGlEyA!_6bNsYt'$g"rzIR/yVg*,f?Y=xFu+LuQeuZ>,PZH{ay\)D+}$7I?:lPHq[|sZ"sgm4SCA3Tn is 118 years old, and is Male
(gD(9m?%kykGlEyA!_6bNsYt'$g"rzIR/yVg*,f?Y=xFu+LuQeuZ>,PZH{ay\)D+}$7I?:lPHq[|sZ"sgm4SCA3Tn is studying in *(S$Bw=R&<z!Fqwp*(Y`/"*uYFBk1u:0It'Xq6L{0}Zxx$wk>X&6PU2n<w?0'KTQWSUI5:7
<3tGI$+fHhy)1Sd$=I`grd"/8i,Y)iK^if8}zk\>9Lc!*[MJ3G?5W(wep*-Q&i#AGoE is 146 years old, and is Female
<3tGI$+fHhy)1Sd$=I`grd"/8i,Y)iK^if8}zk\>9Lc!*[MJ3G?5W(wep*-Q&i#AGoE is studying in \2c1/9_'n?9C*uXBwnh.4X(J3
%!)NwU!}[6_[YlD$u;D)ENwqsWI{`^s)2!rD+Zw^|*@Z54OmL8\z_g%O(,y\{lY)'\$) is 59 years old, and is Female
%!)NwU!}[6_[YlD$u;D)ENwqsWI{`^s)2!rD+Zw^|*@Z54OmL8\z_g%O(,y\{lY)'\$) is studying in UY?IG=Mr;{DE
*JxbrPXV_=I7,3,K.]Spk/5_P is 79 years old, and is Female
*JxbrPXV_=I7,3,K.]Spk/5_P is studying in +_XxTZv3*FSZe4)+-1
c}h)2NTgYt|p5&fenlp7R7RI53(ub;XWzjCZ|X6A;f is 191 years old, and is Male
74(Lgep_{UZ<FW<AJ(L'UH,l9'5:{:Jg]m@R"i"^6dOvV5M$R@>{d_U-v|_2o7\1'IQ?`wC3H)N{@>#JBo is 150 years old, and is Female
74(Lgep_{UZ<FW<AJ(L'UH,l9'5:{:Jg]m@R"i"^6dOvV5M$R@>{d_U-v|_2o7\1'IQ?`wC3H)N{@>#JBo is studying in J=iK]-Q}Qc.'7x0>7rqCIpbNx)!ntURS'woFsK+1t
#/P>)eWBF:0YRl""k}$o8cLBh;h@au$-z}( is 172 years old, and is Male
#/P>)eWBF:0YRl""k}$o8cLBh;h@au$-z}( is studying in )z)m]LZPJW?@s\7,;^ZLf%V
6LB is 85 years old, and is Male
I*L is 43 years old, and is Male
I*L is studying in ked\iWH@>"K_xbYWXrjCWv!S.z*'"}L\Lv2"WmHQU/JjVkx:Y(AQ|T)WxebS|%@Hy2;]]
W;c)OiW{D{6#bd7}{YF;\yj}HDtDnAQcuKQ2RaRG{QiU=&f@uz7<7XQ0^aV-zbs1x is 35 years old, and is Male
OT8kMaiE2D:TzLtMv[":IxdQcE%{9J$[Xuyc00q=0|BQh5Ii&nH9y-6SNC is 113 years old, and is Female
rU\]QXE is 16 years old, and is Male
&;8]1D_=NT>5G66XxE9Ao}z0(t{!Rg*^|)2vNzKW.YFL_%0NyiU+(%zTIfS2l`1ap*xqSrX$V is 132 years old, and is Male
gy is 174 years old, and is Male
?/5[MOS7,\W'"^1hvu2!B}99Nx|1=NV'YoTj=<u|SK|Hh is 147 years old, and is Male
?/5[MOS7,\W'"^1hvu2!B}99Nx|1=NV'YoTj=<u|SK|Hh is studying in l'c`d26VR;!8.v?_i\MFgn[roVJK+?B*aV#b!`f(P1fVHv5{-t9U#l3:wZ-g{D0>2@O}
Pf\yR{`]G8//4+MNuwhO,.tN5Z}8$IOJEc[Wd;'>cEt(mK0{MK0xJ&fsb0-ERXrv]Q&vs:j is 55 years old, and is Female
*n*a3\ is 44 years old, and is Male
*n*a3\ is studying in |aExF9%^-YTurP$pBhZdu/`J5p2qQ)Q,Av@0yGMu&O){;&gb8<+YCr(D
w|iTqu9J43^GLD9tD"1Xb}h`0X#Fse2cB{ZL[R+x6zW+,r*bF'/ is 17 years old, and is Male
w|iTqu9J43^GLD9tD"1Xb}h`0X#Fse2cB{ZL[R+x6zW+,r*bF'/ is studying in fC^|-r>|J=xx(x-;/8]IfK,cE#MO\v\Dc-l
[jlIz=rmiHt/I7g\7W*/sZQV$.W^/nX:PF`e*;p+(< is 79 years old, and is Female
}x}zP"_M2jPQGy`&8iryf3N.mjp^5bI5tZ&py.(z;||NoL*8-R#l+X#2;8b9>HNek7^J89@#:iJ*VDcmr is 142 years old, and is Female
mQtx=y}c>I{;{_*gmJUz|C@yrw:e\9wtPy\9mvWETY+2G1OD<y:dn"%/;crID7*+Kv>l$!NojZN&)%l6'R!"c\aP1KF&` is 34 years old, and is Female
JDi3LcSaY$]dI-&8bF":McNjD/$3aw9#H_tmXT&zQLm}nL?#)J`mvpVf`ISkp{?+"b`(X;QDp<((U_,$ is 21 years old, and is Male
tO9QGtHLcM)%BY<'R9u_PELKG@ra[ru`T3M<CHjgSN(ar`I^Yl{.cj#-D%Rcq is 31 years old, and is Female
=MXzttLwlzx7qM''B0[$KOYOpR{6Ns&J%V:&UR7*Kr is 2 years old, and is Female
