w3fY}bs#rWG is 110 years old, and is Male
!]Km<']jvDe9fy')<|YK'k{)S^Ax\]M98bHS+l)b>/P*WkFQ9t/:]lx>J"@{+UVEgQdR!,GrfK2A3%Fr8Uss/'$"STY\ is 176 years old, and is Female
GSu^N)[U*yx is 161 years old, and is Female
rk'5.}UXtAI&2I;3B&*r"s[Z_':p>tM-C4w]"Z],F%uJtHQmQC%%I/89OF*7:zp>%{Q{.li is 30 years old, and is Female
p6 is 36 years old, and is Male
p6 is studying in L%=P'6:.nk&jrfqAD-k*ZAbGwjE;26>*q9/LLD%#go=5)fBjD=x9AgiM}jU(>:+c4nROlG\LXWGxPqn.0,;E|=a
8YO?}bm"cWSsC$_^a#fg`|C:TsssL;BO%4p9g<aB>w\QDZQFU(o&oRB+_E(+9W:2\>xE:Ro]$YQ0RMk;TXueg7Vii3 is 18 years old, and is Female
4+HX:v8Ro4135no[ErI3HuY_1Q&[r}4zi@y5&YTq;.$ZaBQ<W}gY3{ is 37 years old, and is Male
Ulqh)l(*Z$jBL{Cj/}7XcQAOU@$S7(\/0'-eZ*@!K&Os@|7",KzHa!4}c is 55 years old, and is Male
Ulqh)l(*Z$jBL{Cj/}7XcQAOU@$S7(\/0'-eZ*@!K&Os@|7",KzHa!4}c is studying in d*m0At|'A]=7{,wU3A.F#,5ND;I(RUWD"cLd5(asG4\p6P
`*0*l.j'35l&8IU@n8 is 61 years old, and is Female
`*0*l.j'35l&8IU@n8 is studying in GA#%tZaev'1IYGN)8!1[FWQ$5X^<4^1<9o`\)$3O`]Bh{BmH)F6f#gm0aJPv'[@%X\mi3C%8LC?L]U__>9..ZO8p<8n>PQNjf#4
>q;3rOF&nlz$h4IZ0[R>3-WIAECU(wQz*6gjC" is 192 years old, and is Female
>q;3rOF&nlz$h4IZ0[R>3-WIAECU(wQz*6gjC" is studying in Rt|LY<Oib1K`i'&Fw<V-jik,fq52
uY\]<7"HkV@Cze\;KSb\.<.e1AW>va6|!$/^rS8\1CIWg/|%X8"bBeX:rtK]"e3R$[)I3%T{:^_$.1_*w is 136 years old, and is Female
LreQe\m<A.[o9pp?W4><7aJBnOfKONu{2.}CUomq$'_+M{+tg$p`=LwU is 15 years old, and is Male
LreQe\m<A.[o9pp?W4><7aJBnOfKONu{2.}CUomq$'_+M{+tg$p`=LwU is studying in YSm61v"W-wuq.R>bg+t_zOOL?mROx"IUsR`G%x>Zgn36j%@,&Te56-u3X[CT{nE/>`w$jMH>dpRCcRESf
pfw( is 165 years old, and is Male
O/.N0_M!2a!3oL#+XpuWm2($@,f):DSt17?'x*IiOAa7jz11qR{]r4WuJ]ON!P=]]?oH2Z;z is 167 years old, and is Female
O/.N0_M!2a!3oL#+XpuWm2($@,f):DSt17?'x*IiOAa7jz11qR{]r4WuJ]ON!P=]]?oH2Z;z is studying in K
r72dPt#uxR:sDYTD:`r*4+tsADMxer6J4h;7N#,`PEQYzX.{&9!XXkW"IMjs is 159 years old, and is Male
r72dPt#uxR:sDYTD:`r*4+tsADMxer6J4h;7N#,`PEQYzX.{&9!XXkW"IMjs is studying in rOVE"(P--8)M3'r+ilnzLg99EnEL.L#Fd&+>fhiT+I%)-=o
D@Vvx{{)bg=MFDF|&>qJSf4)Z!n//8G+rZVWy+bzo}gwPGl is 47 years old, and is Female
D@Vvx{{)bg=MFDF|&>qJSf4)Z!n//8G+rZVWy+bzo}gwPGl is studying in _HJ]')J71rh!7Pw3G|}@4*E:0[c%SfvspBO"G)-6go_f3zFkpxe|vq}$K\"
3a4;HwUQ1YN+ig:4RF6!+$'T(Te=;Ql is 131 years old, and is Female
Q.anQsSwe is 45 years old, and is Female
Q.anQsSwe is studying in *(ZA]5vE
bhtIpi)j}HFtapNd;_;i6xsZGGiRn?N"#X''ezD05Z%:K,\U|P>+-tG>if"M9w4QIxLLl<<?62n2'K,zTHBd?"kij2d5mB is 133 years old, and is Male
x`g2(OC5D2+nP+4k,s[|yXTa#Lx<1tNX2^H"-qgHdn9>ZaaMA}>G./j#{dQZCk-)nZ4t1YI`1;la is 63 years old, and is Female
x`g2(OC5D2+nP+4k,s[|yXTa#Lx<1tNX2^H"-qgHdn9>ZaaMA}>G./j#{dQZCk-)nZ4t1YI`1;la is studying in &"`x[4iywe
w[Q'hnA:#A0Mo3Dh%5=go]`B{L;UTJd"5y&ggxfGN'2+ is 63 years old, and is Male
w[Q'hnA:#A0Mo3Dh%5=go]`B{L;UTJd"5y&ggxfGN'2+ is studying in ;DMz
."PNK,=)VmJjVvMW6WV%-?E_p#TxZn+dL6 is 91 years old, and is Female
."PNK,=)VmJjVvMW6WV%-?E_p#TxZn+dL6 is studying in j,\.8$AMn..PeY{O5?|_(sfy55;aNzoG/d1+C}IXdj;[]dBbz|(`n_WE$Vl>gU\E0?{yf*\t!af
`LOivtHmp/'69swh`<+tM.OCx[A:Y$tzv?>q&"uF^;O is 106 years old, and is Male
W'C6<gy\(1@,!7ArLW#;N0IpZ'rq is 124 years old, and is Female
W'C6<gy\(1@,!7ArLW#;N0IpZ'rq is studying in u8L
YtPVZyRucq}i)C({b,Z5x1'7J>0lT9PB0`2 is 22 years old, and is Female
YtPVZyRucq}i)C({b,Z5x1'7J>0lT9PB0`2 is studying in FZF3xi?tEYpRl#@dX,U'Hw]l-[r|qLyrm7W3{rF.g!ti
]N-#*nO=KnNV1jfApRAvr<.0l1_!<A8..l*`8_b[q:JP$0[eF:, is 59 years old, and is Male
]N-#*nO=KnNV1jfApRAvr<.0l1_!<A8..l*`8_b[q:JP$0[eF:, is studying in BXjcDm1wrByO-E\}`g_[PcIXB9g43+f!jsijJGY5Y9rKO9z|_+W1d'PuU'T<6`.Q>b
xvFXjRg3w89 is 187 years old, and is Female
xvFXjRg3w89 is studying in t{#}j&K*5|p\s.0,\01VoYz[96/hyO/:eVY>fyzxHX`(dT__2I/(Pv<QqdrC|Tv+(1NRNkK
kdk%q#sUt/g&nb;d_.`o?(iert(z!.8MrD%h&-+K_ is 82 years old, and is Female
kdk%q#sUt/g&nb;d_.`o?(iert(z!.8MrD%h&-+K_ is studying in @orh;>yO]Tsq+%X"}8[lzbNxq%.T_eSph&#CoxhrgFGiC*}>u)b|Vs&w(t7O(RA[CxFKf#O
j;`@(g(N` is 156 years old, and is Male
j;`@(g(N` is studying in eMRBZO*p7
e44B5v,$u.Y4H4bFy_('&x2B*If.v\]S,B+Sea4/>m.?wLk^,O] is 79 years old, and is Female
/w90Ck>-gxTORo2OF/a??cJc'XU1U<E is 68 years old, and is Female
/w90Ck>-gxTORo2OF/a??cJc'XU1U<E is studying in @WaEmP!V.&IvbC\2|<#O^D[v[?@d2zRM)K_YA--,CKmyJ[X%fx=nJ(w=xh8mw]d>cl<4{,1!"0%(
"#_tpx>!-]4)e5V"[ is 91 years old, and is Male
"#_tpx>!-]4)e5V"[ is studying in _cU/e|XE!B9o[/_T
$;+Z7Uhz'[q7'6=v/{_e'D4LR]>bc|P9&,LUfe{-k1J_B3Sg-n+u_p%?[0<=toQ is 184 years old, and is Female
$;+Z7Uhz'[q7'6=v/{_e'D4LR]>bc|P9&,LUfe{-k1J_B3Sg-n+u_p%?[0<=toQ is studying in u>u$MiNbb*aillu5_Ed;g)GfxOr}<J)``^a^}/`.GOBJ'd]
}im@ is 125 years old, and is Female
W]yX{qbYwU|XAi5^Z=p$jxR=EXuc@%L[.Yk6S.#I2-NE1pn+Zpw:.\I#py[zrv^Pm}CK<[oie9.^XN,!IL<0xvCg is 184 years old, and is Male
l:2}u{G)H7_j)}QgF-q]'/p9`QLalK0I. is 16 years old, and is Male
l:2}u{G)H7_j)}QgF-q]'/p9`QLalK0I. is studying in +O`Xpgltuy)hhB0fqoB+'C5{RS]9,ptnzLf"d[>ec{m|@s.V/?x
,:#yQGp8>@1`c.Ul?'l6C_jK7S*M^1IZmH{R"F+EJJy<LY-u<gff is 25 years old, and is Female
ljhMYKaT95=m>?0T2D;xhsG<ke is 24 years old, and is Female
ljhMYKaT95=m>?0T2D;xhsG<ke is studying in c%slxpe77Z'^_%8G*1#5u769HyK$dfY;H}/NkMoa_M("G+:?.U4)i2yc'
@vG>tt73cr.9q:$Bz;e is 194 years old, and is Male
@*;Nt462?h.Lx_:2 is 118 years old, and is Female
@*;Nt462?h.Lx_:2 is studying in {v^it_W?%RE!-|o6Uu8l+*R@F;tEa^Y$22wF(?bp8#T&b@2_[$_a_AHkRNCg6X<_tmY<%FblU]K*d5pfPhq0Cr
6o:-^E7+h?$7AP2,-s-]IOb{QE`36R0[FrJ0rfaD>;bcGr^L-jjDwf'@{"!@y]< is 59 years old, and is Male
kp,]Fc8<B]"5_OxMQNxq?P&2N#@:cPn'L!p&Z(nPO?xjF-fM5p4{eVf is 52 years old, and is Male
kp,]Fc8<B]"5_OxMQNxq?P&2N#@:cPn'L!p&Z(nPO?xjF-fM5p4{eVf is studying in ?y}"&f/ogGFl}cvG4Y>0ubAoy%MHuVG656mo_E*@
X is 13 years old, and is Male
<1.;C['$l{e3YI(.6L60.ttrPSAg3}"O8[b6Im/bi(qZs0@Pep&#\3jKDdI++mwNRi$_?1G%S3"-DT*1VV+pe9oA? is 178 years old, and is Male
<1.;C['$l{e3YI(.6L60.ttrPSAg3}"O8[b6Im/bi(qZs0@Pep&#\3jKDdI++mwNRi$_?1G%S3"-DT*1VV+pe9oA? is studying in D`TdSdZPEW7]wj#2f>fP
FE{JN7|7re;|q0yRTV@,!NitWe6@h>!^`:F*!k|1U=3b%R4xWi0E4La96}=gndMox!}!) is 113 years old, and is Female
\>K6AI-%2B1+8y is 114 years old, and is Female
\>K6AI-%2B1+8y is studying in TY6ZdxL+/J+A:[RM6]sbcJyJ9xP^|zW96%7;7v}$DG{$E{,j/f"Vr$-K'Mg[2/$SJ(Yl@nH:>]/xY2-ocD8GgU0u,}r7:PM
]TjfijYL* is 165 years old, and is Female
]TjfijYL* is studying in Xxc87WI&xc8)5g_nt^bohQjRr,BgXG)h2^B`zO]94gZ1A=rcNP
VYn$Pnf8zA+5QHxP(A.H`p4SZzdxTRlm2s]F);H>gqh"@d)q5%A5Lv0+bjzU>MBbQ$L.o is 51 years old, and is Female
VYn$Pnf8zA+5QHxP(A.H`p4SZzdxTRlm2s]F);H>gqh"@d)q5%A5Lv0+bjzU>MBbQ$L.o is studying in @XgK((Ez|S={Gw^>L17&eV?=,1Dz
eRM>;O7g%&[I|"}aL/&]9B=26oK"vu_i<nuFg:;x^kx<JhWXI!3+lt/_l is 24 years old, and is Female
DC5>"]8P?^xhVO1vn%dP#5 is 2 years old, and is Male
DC5>"]8P?^xhVO1vn%dP#5 is studying in Hb:;LTFf/hh{x.^g/^`=r&2HeF_
ki(Il(BjS{g)cw)uHTFj4C0!ytS&]h*+By86^ZVsM(dN|Yl\54T1)jw44-GY:*{Wzd1LE$I#{^a/-'T>F&W|pblF"t?WDOcd is 193 years old, and is Female
ki(Il(BjS{g)cw)uHTFj4C0!ytS&]h*+By86^ZVsM(dN|Yl\54T1)jw44-GY:*{Wzd1LE$I#{^a/-'T>F&W|pblF"t?WDOcd is studying in WN&M@MJ;Jb^-iE3WqdJVs2R69eS5!;av|sfVa-l'xz.+>M\Q^d
Oz4du)Y2zL,/%65RIhkrga' is 182 years old, and is Female
m%]; is 195 years old, and is Male
)hDy$r+"Uo is 45 years old, and is Female
)hDy$r+"Uo is studying in b!pUzS>qBo#j3p[M1!z-U&9>@]%cjD^23bWMRt*MpCA}s()B*A+uw1eD#6d=Is
y&l8\BQ!g#_1aYX}w] is 65 years old, and is Male
$50F/UZ_NvIi[[S{E<6Mw726Kg-nl7*l&+[bYcJg* is 114 years old, and is Male
5ypT0zHyLM=K|i!:3Y|7|Lm*"pRZ6^_#k(8bscQ5RBGj6S[v}qPu`*MIX/Y+e!k&Y[NFK is 126 years old, and is Female
5ypT0zHyLM=K|i!:3Y|7|Lm*"pRZ6^_#k(8bscQ5RBGj6S[v}qPu`*MIX/Y+e!k&Y[NFK is studying in J%3?f}+\A3c7<pm$[beH7)&\c.lZ'tNSWTvB:pm{z:<JW'H2K{e6mxV:!yx(mtJ@<*SzZbcbZWl/(
TG is 35 years old, and is Male
TG is studying in D,l2_(95>UZJw
5{*">JsvXqxq(R5)l*:AnZ@-.Da9,|C)rx^_XC?It`JtyO|GgLB/FuV@IFto0TZsXq^s?g%:5: is 1 years old, and is Female
-o<0,OU%`<qa_}'kW`m2fFoC_75d;=c;$=y[$-"qoSc9}N6a,=+7C=O+hjS,( is 121 years old, and is Female
}\JqRn&!zz,%DG9p^}Kf5IJpyDOS!rXgXwMN!T!#",.21UF7: is 188 years old, and is Male
f+O)M#&K6-OBJ'o1xod=dozJ(}9{<NTkrGD|ve>}W?=e`2\LKTFGN_3_Wh#*MjDNSiaAKyl[Cl/}%Gha is 180 years old, and is Male
f+O)M#&K6-OBJ'o1xod=dozJ(}9{<NTkrGD|ve>}W?=e`2\LKTFGN_3_Wh#*MjDNSiaAKyl[Cl/}%Gha is studying in =,jTr`7#2g/4a><IVl<>d5C]sauux(R8Gz&qO6tDP.,de47.%$uALtpnK8/*"B5M)
n`il`MEa=I}AY\9O`GR$9w#h`1P2dz<]M'ZvOiJ8a=CaE'KT,O%Q is 26 years old, and is Male
n`il`MEa=I}AY\9O`GR$9w#h`1P2dz<]M'ZvOiJ8a=CaE'KT,O%Q is studying in :OH]z{VGJu'tk3[hJ-#-#;aDBDb[5byg<;
!&I+8>Wq5VM+vvT)tmaO,W*R,zCQm9l2E4(98y@z6B-80C}!2Ni|p4}*M:?IwM.?v is 113 years old, and is Female
!&I+8>Wq5VM+vvT)tmaO,W*R,zCQm9l2E4(98y@z6B-80C}!2Ni|p4}*M:?IwM.?v is studying in XU,hL\<Lb>U-7H9"Nu'M-{65tus"Rlxx._N#9Kw-q]o+2X9]J'MtjH4d?p)$)jd&w\NEZ[x[pqEeRqX!wDOZTx&VpI,&ApL-
\b\/=!AgZIlUG?C(3UjrQUv113U'{k,Ss3u\gqTd+e]Q=NmQG=cxaw1bz"WO@d4Bi|?t\<.`\*uaum$pMevws{/}:T/Azf0| is 16 years old, and is Female
\b\/=!AgZIlUG?C(3UjrQUv113U'{k,Ss3u\gqTd+e]Q=NmQG=cxaw1bz"WO@d4Bi|?t\<.`\*uaum$pMevws{/}:T/Azf0| is studying in 3p!ETAKi]p-3G'R-,bh9kzF
7]X[$*B-2_sO,+#|_G){ThKHJMY+6F*sV[3g}V2[ is 59 years old, and is Female
7]X[$*B-2_sO,+#|_G){ThKHJMY+6F*sV[3g}V2[ is studying in R7V]S>)9l%}&+%"=Em@u]4[%H!H/8;RS:e/o+EZzYc-sV#j5M7;l?s){phn#^01rJMa}(h+G
Xq8CkOC is 132 years old, and is Female
/^^]aJiosI6IF$a4w{"aDSx3:w:cF:8fFNy8l,rcJ(Bkam"=RU9{*>R:w2D!D3hH>L1?&v4OoVZ. is 163 years old, and is Female
gIt#r@hPVp-BDd,^Z24h%'|<AxA=q+j5,CE])D!tb%q"2AQ`&r6v$HMt/q:BoWVXv4>Ft% is 17 years old, and is Female
gIt#r@hPVp-BDd,^Z24h%'|<AxA=q+j5,CE])D!tb%q"2AQ`&r6v$HMt/q:BoWVXv4>Ft% is studying in ?&.#FM_+z5vJbn}{L:
GwVZTf-@g5*,6R19VK[FO):j]^8LXs?6{ZMyY6}RTdczPLG8WGvG00n is 63 years old, and is Male
'!v@k(hq8,^CM(j811`h is 165 years old, and is Female
'!v@k(hq8,^CM(j811`h is studying in >n7EseBri}51Q
AH#/Jd=hMZqcfQ/U:4Vf}gTG-7pKid6+UQpO28K' is 167 years old, and is Female
*Gnfn:-(.Izc;xjdP-l+wh9+R,oOubn<"!pbV:LdR}o;"-x?rZx is 43 years old, and is Female
*Gnfn:-(.Izc;xjdP-l+wh9+R,oOubn<"!pbV:LdR}o;"-x?rZx is studying in X_pacB1Tw,+m}?`zsW.N'N<\H:kcv9JT95))kf=DrE=Ni7^?$8T,&u#VN#[be{"*\H`%<Ai0
W3?WV|c31^]5;3u`a]-.JCvz%4`,u*c3A'[xO_eKS}cM3TrBl"FDeOYlpEzi"V]%!#7-tqS:H8ZEA is 121 years old, and is Female
W3?WV|c31^]5;3u`a]-.JCvz%4`,u*c3A'[xO_eKS}cM3TrBl"FDeOYlpEzi"V]%!#7-tqS:H8ZEA is studying in Iu;Nv]@FGt,4lZ&H
4"w[;3]7sCc_`O=i&vF|@ii,tf\F7-jb|Sv'h0(d!Cp1)LJ.WFeoYv is 25 years old, and is Female
4"w[;3]7sCc_`O=i&vF|@ii,tf\F7-jb|Sv'h0(d!Cp1)LJ.WFeoYv is studying in }I6"9`y
PquC}:{bdJ4k+{Pi32&B-k,?waV"y7'YAkyYfy]?8xQuJGLJ\/'Ag6{'fb"EL4in=5xqGHNapM+xGn\0k=*BpM9nK( is 159 years old, and is Female
PquC}:{bdJ4k+{Pi32&B-k,?waV"y7'YAkyYfy]?8xQuJGLJ\/'Ag6{'fb"EL4in=5xqGHNapM+xGn\0k=*BpM9nK( is studying in \!y8Sn[tU!D0BZUyb4vF|+W>PHWoxd
j`XO4vHMxj,5a is 117 years old, and is Female
j`XO4vHMxj,5a is studying in YmAt8HTU@k{b+blfJEN0IiTvVbW?fyXHC.zFMNzPy[c,H3Jj6d@>(n_Vr<
Nl%Lh][4yDL#kH)I+"r^i!BTGg6N>]0]Vc|C]qvEJ0J6[j4JL\n(fT`Xs=Sm(zo1#9q*6 is 28 years old, and is Male
Nl%Lh][4yDL#kH)I+"r^i!BTGg6N>]0]Vc|C]qvEJ0J6[j4JL\n(fT`Xs=Sm(zo1#9q*6 is studying in <KM8[!^fVS&B@M8?PF%|JP>KJiw=Ib]?iGjX|"?h#]+xzj2").VsjMKve*{3eR5%HOf6e?|)p^)hGwjeK&
;"R+LFDNzJU]B%lD(pfouT(N4#@bx8nx&fKJhM|%}>uFr is 12 years old, and is Female
;"R+LFDNzJU]B%lD(pfouT(N4#@bx8nx&fKJhM|%}>uFr is studying in Wl6B_eH5ClNxv\&;k:9Bzjuu]d||{NwSQ|N`,tX`ZHxa.)!gMg"*a|Z=7(^]z-pcNg*h|g|y2wdpX1{
7#h7>tf;um:|xrqN_LF<&PzVGH=> is 71 years old, and is Female
7#h7>tf;um:|xrqN_LF<&PzVGH=> is studying in N-sA%<.Se@]Z:Bo$R8aTmZc_kO#gaasAH-X[H/Y'bsQmZ<2s"X8eM1+Y`!=WX[ORYJL&L^C
=fGX|pyhvU4ct/5EpoOd@a3KtM\!iK}[*GH5268Dm#7jwEcJ is 55 years old, and is Female
=fGX|pyhvU4ct/5EpoOd@a3KtM\!iK}[*GH5268Dm#7jwEcJ is studying in NP{7!&pjxpzbGB[W.m4o(P"0squjZVZ#]ckCfsUWIG6RpD4`-?@}>_^.dc/`2r(
Nx?PM5PCa3Q3lpJs^i59E?h}S&|j^rda||:5g*-t)zK7&@$g$<i%aJ&/Es"S|Iu8 is 63 years old, and is Male
XrX6`>DKUtR5'CDulDx]:Fes\v$=*LQ: is 114 years old, and is Female
XrX6`>DKUtR5'CDulDx]:Fes\v$=*LQ: is studying in rq5hi
bySSD4hOL<v{(=w*ammeK?<]4ifrV>A0m3j!dz0.yc is 148 years old, and is Female
J3^2H2XY-x3k8]<h is 168 years old, and is Male
PjU%4Y*tyY%R(3I(|T5T./%WhL5V-$\<PhZVuaB{ is 152 years old, and is Female
vnAoH!Ht/)Tj^G3\6M&U3GC)9Z3;}^@Z5%P#t6^{(?<xp2{\Im.wPcKdKUL"(4jai is 67 years old, and is Male
-_*o9MI$W-LA!C1NstD is 100 years old, and is Female
}h?Ay+R,)0p;Bf2CE|uIm^j'6B( is 119 years old, and is Female
}h?Ay+R,)0p;Bf2CE|uIm^j'6B( is studying in %(q$&xXn]VX])tj'x-l;moz")7SSFGmDS@ztdB3nc@B"U-\"(V*98P+tL+Sl8kA?"tTWb7=|56tDRwo
qSc,@.1N.[$[6[QLS\!nn` is 168 years old, and is Male
'<9YtY7qwvc#WV`EMi;OWuav$r+Mt:tC!*Zw is 198 years old, and is Female
l,b*SBnv0;YS_gUOY@$eQl<2dC&H8-;iM_d8A`GX);_1NP?_1C`Hq>94zy%;/\(a is 137 years old, and is Male
