(ABbPJtsQM%TuHD!@MI0!'l*J)sBV-ywP/=/&<6j5uu&#ZJU;@2`*t{0n9z|.3&KM2D"{trzuJ)n2&}>:$ is 172 years old, and is Male
bIgX;sp?i.Aq is 11 years old, and is Female
OG]#!As2$.A7aV<Yg*'Sq%@Y5V is 47 years old, and is Female
||0].)nuKr2Iecy1<?+Z)&hURt" is 149 years old, and is Male
pwJJa9PbGqpl]IwUb/"F is 159 years old, and is Male
g<nTWT4:>5JO2ldWuFG{4=iu"ywz$N:2si:cSc?zduTQU8[rz$E,rMmIR2F^`d%ug|$z1$xrq<O5%@o is 138 years old, and is Female
XiP15Cqd`,p['3#vBVEhTI],lh#0!`#9#WmK/_a^HPIh# is 116 years old, and is Male
AE<"bN$DX<8C[bPn/h3J/Q=LgvWn8%ST55v*Jwn=>K is 46 years old, and is Male
Tu%)/jUGr!.-R62DjWAs#LlyNO76W-jlF\_S3L$2TsB\:=`!6+Wr/Z@*(*:TV-Jaa4ixku(;n9K'P$o&';aAy> is 22 years old, and is Male
Tu%)/jUGr!.-R62DjWAs#LlyNO76W-jlF\_S3L$2TsB\:=`!6+Wr/Z@*(*:TV-Jaa4ixku(;n9K'P$o&';aAy> is studying in 6OxHhU2-`/|LbjS4N2|rkKA{Dja*Z]XUQplOg+{1*'f."
Pt^(L5'UV#_AEy<z){T4C[wrkxy,1j`w%1T}m=!Pe%\nwW6H}kG5.1q,C}UYv$T@6TdiR_1_Nd/N-xe!5d27|_GPmWO[ is 20 years old, and is Female
/,dU7,a8#!9C"1"M2:-4$9_Sgb^eO]u?$KB!9}\hf4-.d%zT"7"Iu-kzQ#u62 is 91 years old, and is Female
+H+-q--.0 is 11 years old, and is Female
+H+-q--.0 is studying in VyXU%YlRjIw7r7zK)&H?xD=(gw@Hn{k].Hk|s<;"?*9/nLrUTERIxb']bOm%86y]R:
JG4aEg#f&'$7y0u(k):\%N@?2lk[@y,o:G_v^a is 186 years old, and is Female
cp5[;X^N'.b.K/8`&=f$_p8qZOB"2hc^a9+H!c85=7LJ`u'LM__B&^kSQ<B\uGxEEJf is 191 years old, and is Male
cp5[;X^N'.b.K/8`&=f$_p8qZOB"2hc^a9+H!c85=7LJ`u'LM__B&^kSQ<B\uGxEEJf is studying in 1x:Rv9=!8Q\j
C8bll&ud is 140 years old, and is Female
C8bll&ud is studying in T?R'ZcfR`k0dN}{4[xJiXy8^`\U4PlZ{/\-[
s}lRV&FO}J<E*Rr(U$&i<ME} is 76 years old, and is Male
s}lRV&FO}J<E*Rr(U$&i<ME} is studying in 9>1wKJBs.'Il%g7.8FhPw;>fn}&}NE^!|?FKUJSjFEXdOo2W1JJfHE9&O3\(jI#DW6T?9Az\ehb]'D,e+,Wj
D|5KAtDK1S|6rkCt^($<4jxOXCf2RKk'A< is 10 years old, and is Female
tx{9q/#8*1(mOX_gt"xc<4^[*qfpWG{h}g\T_zif?$ya?Jv)&1Ue2N"%,s<N/`"Qb0`JlNFCz&*$EL|x+njWej&r#B99| is 59 years old, and is Female
tx{9q/#8*1(mOX_gt"xc<4^[*qfpWG{h}g\T_zif?$ya?Jv)&1Ue2N"%,s<N/`"Qb0`JlNFCz&*$EL|x+njWej&r#B99| is studying in -2,3UF+d4qcS&*\s_
&}l5 is 191 years old, and is Female
.8ly@f|:=\ucsJ`Qg5)n#J<<fd,$oUBfeT%kBRl9O1}z is 171 years old, and is Female
.8ly@f|:=\ucsJ`Qg5)n#J<<fd,$oUBfeT%kBRl9O1}z is studying in GfE*hE6]%v<m(?8fWZ?EfVl0PWJZm]:KN3mUgtP[2"83Oa>uF@yHD7HdeolHi&Fi1N!yT20+etXFq#FF\(^g/"+
:aDSQe3%mBsgm'hd2\C.WgZq|m#:CHV)Xu*jx)0<R9]%y_f7_;x!NI#x0;>B>m\EC2j^d]O`ou3YbRJ`t1l is 25 years old, and is Female
:aDSQe3%mBsgm'hd2\C.WgZq|m#:CHV)Xu*jx)0<R9]%y_f7_;x!NI#x0;>B>m\EC2j^d]O`ou3YbRJ`t1l is studying in vxjsW0|a/EtOm,!t^Fo$F,kC,qS%j|Cs_Ol8Nux1CYC?(I\Q=I+P/[rj7->"kH)@Y}VbwJ"A{].;v
L_7@ is 199 years old, and is Male
wdtZ-mn6?%-I!*XSmV;{!$E)8Y31Q;@p`)0y,#P4Fomx4Pg+(z1}X*2M:=.mr is 113 years old, and is Female
wdtZ-mn6?%-I!*XSmV;{!$E)8Y31Q;@p`)0y,#P4Fomx4Pg+(z1}X*2M:=.mr is studying in `mamRoj>m((iYDPAZ%."
FYF!iE)j`TK??p;O!cIwsXRY<qoF8%n-p:_./_NCJ7bp<AM3S:n$,PyChCP^_Q7dZ)Tj^{!KL} is 42 years old, and is Female
z/4B4:Wc+QI}<||c-B7]W2(a">j{}XNa,1I4]#4OvsaicUFY{MZupfPm15_DUCH43%?D is 26 years old, and is Male
-*!v7z9LKVad6X}H"SY7saJ^0JWXTn83QE is 171 years old, and is Female
}n0|/^c is 17 years old, and is Female
}n0|/^c is studying in ^#NyR]IOz!h"Uz>ycB/f<CpBD\E[}cZ?LnN[zZChM6N#LTwMW9
b7o5L3l^Fd<YD/w#]L3(;I3v##Qp4&0qnD)boXey[ZgJg\L\R,@S_Mn!P-X"Wpx"Qb#8R4iSA[RRF=E|=Uh86r is 26 years old, and is Male
b7o5L3l^Fd<YD/w#]L3(;I3v##Qp4&0qnD)boXey[ZgJg\L\R,@S_Mn!P-X"Wpx"Qb#8R4iSA[RRF=E|=Uh86r is studying in J6v9t[pdo<\],T9('h!M<3#
y}(tZ]TOx!R3-XkSjtWR7nk.Na,LG@j6(#*VAe*{UCdq4R)g?/ZMR1:"2:h&y!9slBS"Cq-$;JT|<M9Y;{u.[ is 113 years old, and is Female
=i"=gim0KH!9%!<Y2[(qAo=<zw(@<;ti_!M/W^o"<:0B{xoSsSoC/?Y{!=0B9[tW/wXj]9c[U(=jusM" is 74 years old, and is Female
XXeHn"PE=[4;\%T}7f|m$A"{*e%9e&uAzatqh,\3MSU+,O"GheuR<an_6'JkhJH=Rt{uB>BtCY is 18 years old, and is Male
XXeHn"PE=[4;\%T}7f|m$A"{*e%9e&uAzatqh,\3MSU+,O"GheuR<an_6'JkhJH=Rt{uB>BtCY is studying in dnhmB3%|WvMc+Au*'rwu3y:]P7/{]x}Z=msQ]D_C[f|QDkuxc6)%}1*tqx1^@x?dK(3|xAGC3YKj
J|XntBe@i5.`VN;nL3D*bLh|0xzbz_(eDs1q(Nl=8eXJ is 47 years old, and is Male
J|XntBe@i5.`VN;nL3D*bLh|0xzbz_(eDs1q(Nl=8eXJ is studying in <%g;k6e"5g#E1n%7]{FE4&8|P1'B6Up25:Z*KpT/#Dg&,%gTxP{G98BdGV?o3I6_fs}V`{^eVv
pc)L+mIqG}NY^U8_/g<>ne6TXY(kzv(Wr$QT!yDTGbG1b1|N?<K]1}^<r!uOt*kw_XV8lnivbN9}!GTjE>Byq"4; is 40 years old, and is Female
pc)L+mIqG}NY^U8_/g<>ne6TXY(kzv(Wr$QT!yDTGbG1b1|N?<K]1}^<r!uOt*kw_XV8lnivbN9}!GTjE>Byq"4; is studying in 5ht){5(nZL?i4cJuOXMfU%&+Y"\@*^N5}AaPd?%q$DUnc3z9}?-PA=@ctE^brne\Gr`:`b,
onx^`y'"0!b> is 33 years old, and is Male
<>?&xx/2O$L0z-vA'4QqmBQ%aUBIr0JzX*;`1vy^SjTH7D}Zk is 182 years old, and is Female
<>?&xx/2O$L0z-vA'4QqmBQ%aUBIr0JzX*;`1vy^SjTH7D}Zk is studying in pXakf8u&dP,/AX6%vc(T|I7pFxRD%F2gK"k$
Dq\("UJndR: is 6 years old, and is Male
Dq\("UJndR: is studying in @UgJ[plTn:<ov6"RSdKKSq_xsTNiVud,_Bjhm6)v]|\b?$X]e$kF\fph(zaA,@IH"5CBnFnI\V
@"Oa'*$'{U/{Ffo?G1-_.tD"l+D?iqIM/[w:713qy-y9Zg1W3?y5ff^gs(}`Gkse&kP is 110 years old, and is Female
@"Oa'*$'{U/{Ffo?G1-_.tD"l+D?iqIM/[w:713qy-y9Zg1W3?y5ff^gs(}`Gkse&kP is studying in 2K@+uk<Nidmr}n}>w:@>'?=q:P^1OR(Txm+ReF1'IhUjn1`<
q*e0iRi*HJ){&AB[|/htTjVAZKzl$Z:<)dk:3@AFx"ieC^v&I/aAKjQ+re_oVkLv>zbtEtHJAAuNsv8>O223 is 62 years old, and is Male
q*e0iRi*HJ){&AB[|/htTjVAZKzl$Z:<)dk:3@AFx"ieC^v&I/aAKjQ+re_oVkLv>zbtEtHJAAuNsv8>O223 is studying in Q8$|myRAgqe}klzTmVNo>/=Xr4M$Y4g!8[\M"Z%4:^Eplnl0jDC!$)Jwqvh^[q*yCz
x3#p`]XRx04\SgWdU is 7 years old, and is Female
x3#p`]XRx04\SgWdU is studying in e9/luyR}mwSj3qUo0`ga`c:S3.zs2![njANM+M!cO8C>Gb5tdWioT!\9eg\
!q})|%S2BBC!'MfSh,rpP.cV)`Qm6L`j{05E<P}4{bF/E+`m!4`PlND|`kV is 178 years old, and is Female
pmQ[Jgf|FCn-gvZ@"{yM-9FD=-YwD,f*D&:k5N77*YhQGCi^-NWv is 151 years old, and is Male
pmQ[Jgf|FCn-gvZ@"{yM-9FD=-YwD,f*D&:k5N77*YhQGCi^-NWv is studying in "WA[=:0MnNJ"5an?7EVRRuS:14<.2@u"avk$rmX5UD%Nsr:[0nv-UKs-NhYbRua;y5PT+-|F}tj7@ocXxTY@Ze[=Jfj&JIiFi'"
}R||>]&XA\6A|,G|w>;%}9(|MwJ0{mPWSurs4U*@5+hQ@7eopWBEJ8L;?h/)Mhlvwx$`%C]u+1b3&b.%N/Hy=J>Q$K?BZ is 112 years old, and is Male
}R||>]&XA\6A|,G|w>;%}9(|MwJ0{mPWSurs4U*@5+hQ@7eopWBEJ8L;?h/)Mhlvwx$`%C]u+1b3&b.%N/Hy=J>Q$K?BZ is studying in 85_A#$&jrt3z%lnm+D'zK`trp2(%b]fgVx'CtT3s>yaot!f]96\mu,L
-vvQ8w@b5PWotOO=g'tP is 127 years old, and is Male
W$ytMO!w-#LTHFD7;t.n)dU3`3PcVr;cm&9fByX8RCErjcxo$(0ws'0II@m'Y&}TO3`aR6^v@v>`tfRL[V)U7ON is 61 years old, and is Female
8C0g$a7h60WN7\MRT,%-zK8U9N@3HE9-fzSfLwQ3a8F&UEyTo&37K7H_<nI,(5d(W#X:|!6jtOeh3+)Ge02%xA+6*) is 139 years old, and is Male
y|yV:%"9HX)CBQ5(}rKxa;Z/J6Otb:1Vs is 99 years old, and is Male
IN%tc'K_u is 131 years old, and is Male
)3I$M)"m{R*bKpS5f is 125 years old, and is Male
)3I$M)"m{R*bKpS5f is studying in .Zg<9Alv'pJP#ftW=
8\2KOPuPN7n[[Y![IH]q is 40 years old, and is Male
P,'ATHO38o;&67THCt/S(J>o-?C.k!^kr/0FLXO^HMc}rhl.PgwXxWIb/vXPBzrlf03o<BKW_`B:YG9[V4CR(d7[47: is 57 years old, and is Male
P,'ATHO38o;&67THCt/S(J>o-?C.k!^kr/0FLXO^HMc}rhl.PgwXxWIb/vXPBzrlf03o<BKW_`B:YG9[V4CR(d7[47: is studying in G6qTKCH)],!o/)vcd%ZJ{K;l%mV#.MWQK$r4a2(YV+{OcPIW<MR`5oq2{Bwg%
l<Xa4V@jDq is 119 years old, and is Male
l<Xa4V@jDq is studying in d;f&ULKJG8sJ|QNN:b\J[ze&k,Ah|p/'w$sTvM==`C`1jdj:OLmiiRNIh/@D"/:hW<=fMIKBB]6uWN<tJ0g#83)Zj{p:sR_f
LxB_{?cG%/R4%duFl,30^DkZ}#Es|J}M5Q-QO(Vh^po?vnFM5CE,)a%L'U{eIhh=Q is 99 years old, and is Female
:LnKR\#?p_+v3UR0Gc5cQt{a$Ji-T%{DD6g$ENJoA is 12 years old, and is Female
8hT56e/Le`j}V#RFj`:UI_I`hQq0dwe+OG;w@{8a<dT2cOdR*`sF5@]*(_@ is 29 years old, and is Female
dMS`w4opexM'I$kP0r<\IN8(WR8w{ki&q9\O*P2Z&5`|z*MF+1Cr_wo67)+iDU:$WDin9le3Pm is 138 years old, and is Male
dMS`w4opexM'I$kP0r<\IN8(WR8w{ki&q9\O*P2Z&5`|z*MF+1Cr_wo67)+iDU:$WDin9le3Pm is studying in +J8?)c{FfgYk<0tr
jzY]?Mkkc8Sv;OYmv?GL1nc"aj)9injQ|_{`yY!Gxdx\7dFMyMHzP6]zSDJs<y28+SFD|{&<9:+d]]!JO is 72 years old, and is Male
iU)lC)isDd"+EJ}^%h4+OOlw1,CmkR[cV1>=5Hlam73+<v\DUKO5qi is 138 years old, and is Female
NO%*C?iV2;nPpc}Q2$AN3p2$BhW>(jZe^KNwta)0:_A['WV"x-#K-0icOsJcl{0Ol|NKIR{12iOB^0|' is 137 years old, and is Male
NO%*C?iV2;nPpc}Q2$AN3p2$BhW>(jZe^KNwta)0:_A['WV"x-#K-0icOsJcl{0Ol|NKIR{12iOB^0|' is studying in '6@sGHJxI@w%rPboL+k<UWgW:;3^n:z.rOa[:&@N9ib:;Wo!(I
4|qOY0YGjHO*<MY is 178 years old, and is Male
PtAEyT{'D|jrIZg%@!S$<lK%/Lha\"otj]$uV(f% is 38 years old, and is Male
PtAEyT{'D|jrIZg%@!S$<lK%/Lha\"otj]$uV(f% is studying in DN?2=Y/]K5:%Q?P>fsU_Lq!>]\!L,<BPl)et|>SAy'B:1q0uXySMpz
a@vs1k;{_l"xY$<{'#|O]7nIks7:^1V@#_.bKej9!Oa}wcnz" is 9 years old, and is Female
ExH]}|mHjwod&FgFvZ is 161 years old, and is Male
ExH]}|mHjwod&FgFvZ is studying in QI+.]!D[e6-}#O8u:5KT`f!7_-%)\":F@uZqPF;=cX'M%Mm!]9
)P$(eDsi[q5_=Q`Z`W5<u"Q?V>Ev';aM+.^OZ!Z{CgI5G&&^VoZ4t[Al_{+d[([Hg[72FFa3b+Z'\fu]QH?a is 96 years old, and is Female
)P$(eDsi[q5_=Q`Z`W5<u"Q?V>Ev';aM+.^OZ!Z{CgI5G&&^VoZ4t[Al_{+d[([Hg[72FFa3b+Z'\fu]QH?a is studying in *Q5=@*[`JVX)mf!_QdxZWnPczSGbX#{4wsRF&(kG7*,#[)T`p0{j]s:WI-9ZGTO2G$9N#srIQd#AA?:WUQ@QN&`9:
BFIS;"c`.<StohUlZ|]*lZAzEF*QfE0)H'DS*xrn_ is 26 years old, and is Male
ADmD%vG_pmz:s'r$BhOt=y&}.=\'fEj_'rwtF/lCBorg,D4m*h[>Xo8ekL869F\j#QL"97(.7iJ-04EP55<cK-wsHA is 61 years old, and is Female
ADmD%vG_pmz:s'r$BhOt=y&}.=\'fEj_'rwtF/lCBorg,D4m*h[>Xo8ekL869F\j#QL"97(.7iJ-04EP55<cK-wsHA is studying in mlxKSUB+.cSTd+d*]}SE
'oQ5sYVKrCa!!? is 144 years old, and is Female
'oQ5sYVKrCa!!? is studying in |rs}[Yjd
jbs'l3tw:mR-,IL`$bNn\7DBLgtxZhx:A+d4g5;.oe]T81Tlr(V<lN,kH4nQ09 is 200 years old, and is Male
_Y{:7A-:ik)O8vjeQ)o]%\5T,3&GRh.`32"BVp/XTLZNVi_AEge:X`!ecf?\lU>5B2<}Me<WL"4IAs[c< is 145 years old, and is Male
QQB0OUNH_'_i--CHSDY?B%%J*&tt9ZL@/#[ll is 141 years old, and is Female
@|ALxT6iLy?4Q=2jV|@@kfn;Z!"Ty is 185 years old, and is Female
1j-8jM2vM|;K$r%Cm@Z is 172 years old, and is Male
AqwP_qkT6\xbd}D'Sj* is 14 years old, and is Male
