Ay`@_2,"AY+ft%_)VdmWNC#_Y@S&U&.ASeC=t00O0wPlrC9]]6cm?qHKk%QvN!V/]IP8c/A:':G is 88 years old, and is Female
47'D"imc\CY!EbEQ}`2aS<"}iK!XWvZLVzMvWTVyKTL1]:/do2 is 126 years old, and is Female
5C8;}z:Gw89"T52v+r@Z(p;'w5]wYo`O!V:a%iTJ}+_:mO)?ODQ3Jjy*Y?P:7cJ'-I=2a%w;2}WLnt7AAq-7&K is 128 years old, and is Female
#r52+n,o6=nmUR6>|x0!x<8n3XFC4Y1cLwoC{,Np,_K:;8(BsOMup&GYUolmH\O#U[\oz7W!h;&Bg=Gcbu@wxaY is 87 years old, and is Male
#r52+n,o6=nmUR6>|x0!x<8n3XFC4Y1cLwoC{,Np,_K:;8(BsOMup&GYUolmH\O#U[\oz7W!h;&Bg=Gcbu@wxaY is studying in EJyU>w"|?.;<if)k&2!0|vm#lQ7TpkAwg<*k=*7SE}XcDG$X/V
\rEiS^)ld){';d@|W1`o#f[Jxfg8xCYm}'W8bs7jC[It3_ZV\Lkx=)Mqh|\?\9{@`6J63 is 188 years old, and is Male
`o?8,yVfCU\f!%"\;/@y([.VSe->YFKBFJbOMAbalH+-^*IBc]*myAqEB03kSgKN}&gX*DE|qnv//adK' is 183 years old, and is Male
`o?8,yVfCU\f!%"\;/@y([.VSe->YFKBFJbOMAbalH+-^*IBc]*myAqEB03kSgKN}&gX*DE|qnv//adK' is studying in {u!SvTiF9eQ_J)E%|cF}!||l
kR2YROdDd+^*c+>3Ls77<\$;SRE|y@My*nPrW}."0#[i:LM{lz is 162 years old, and is Female
kR2YROdDd+^*c+>3Ls77<\$;SRE|y@My*nPrW}."0#[i:LM{lz is studying in dLKrQ>dlN`kF1akn?@&<Z%;@&*$r><(;OGgU.J"Ym(AS6-!Inz;vm\`I8.SJW.WA:J*@n7fq\46XBA96?T7m:(X
?}AWg{(0_J"x@)q1v13l6m`k)g6STX.c7|br<D0,ff;[5skOS3tE.6xQr/r-?*#1 is 103 years old, and is Female
I*Hi;r2at}<g5Jr}-?he$$}Kx52+xw}(1TGP\T"Kxx@KZs5=VP[*8vJEJ5FTCj" is 34 years old, and is Female
SYKt[Zxwd9zpSwH,0Hg(Td|WC04t{^p!Z6_C_I_JM5SsfJ;g(WAMbfw<oAF%@g;m/z>\E@}2.cq'57;rMZ$**n^ is 96 years old, and is Female
[1.xF/|e2BjtG3F'.oG&LhvpuRRyb}$7X!P]I!_rl^g?7A?+%lvte5B is 161 years old, and is Male
!k^yW<TTd%%EpHdze4?I-!!/<4TK/Q3f_cA]zKXG7L`bVB$mp'l-lz6sAU^gR(|.vY'0?;J3fZyfq;CBJj=p{)zR1"kxD}(s;U is 70 years old, and is Female
1,mtmd=UzEmR.CDxylSA.{>B,7 is 102 years old, and is Female
1,mtmd=UzEmR.CDxylSA.{>B,7 is studying in L=lplf%`.]WZb&7R2@!%,@yl?e'b,:)pn?G`s8h4QQ-$[H*vr'zsGXv8Cl^ch[)5p:UOMuiEt\j.VoL\]v5H%vK!Ht
jc7=EbV,S;zsvK`6}ZTn is 48 years old, and is Female
=Rfm|,fCQ$, is 93 years old, and is Female
/VU)==zMN#*cNPw^Xo,W/Da`C!6N]aYNOko#@$u([QU@<Alm<!d<\Lz;LY7nfeUZj+cFFN is 35 years old, and is Male
/VU)==zMN#*cNPw^Xo,W/Da`C!6N]aYNOko#@$u([QU@<Alm<!d<\Lz;LY7nfeUZj+cFFN is studying in kn`BtEr$ZVlLD[#qP5{dEvH=H&XV^dIyuQOD
Tj^u2&B1["?IvYV!aplR is 78 years old, and is Male
3T6{V3ZB(|acz^;AVoD=C1eM#%voa$o is 193 years old, and is Female
g<MCH.bTJ+/G5iSd#}OE0<*nKf28c|t<D;I.p%qx/Qo0)A,XSvfl|8>HS5}4&MPo<acv,Yw>*4 is 108 years old, and is Female
g<MCH.bTJ+/G5iSd#}OE0<*nKf28c|t<D;I.p%qx/Qo0)A,XSvfl|8>HS5}4&MPo<acv,Yw>*4 is studying in bzX'S{6
Y9,?oZlE%swREy&;bZhJN,Sww@hY*,H_,=rM2\[ is 118 years old, and is Male
cEU;4*6s(K[X&9qN%[&y%ch3PsC is 92 years old, and is Male
ZbkX;X+h|d3mmbn96xZKn.'wh/sP;L02'Xi5}puEN+%aUS:%v{?=^qVP-*C2<wdwVJ|O.zm[>K5cZmt''E5\BQ"E6(I>.%6!6: is 163 years old, and is Female
M{ is 96 years old, and is Female
A@|gEPg\a475GJ6')`2WxV.6+]2xfao.g&%{G?+/3f<N)l!uYZNr<$6.|=I&Vh6x?)DFUDK;;v%{M^:+){,}bJf/\ is 179 years old, and is Female
A@|gEPg\a475GJ6')`2WxV.6+]2xfao.g&%{G?+/3f<N)l!uYZNr<$6.|=I&Vh6x?)DFUDK;;v%{M^:+){,}bJf/\ is studying in o<3J]WI<.^XFb^x#P:olL}Cv]s0jOBnqvR:g<b?nNItn;a`.C=jlRJ
mO?nr|tHCn+f6pptG%)5Mbz]gz_;"=9^rUr6SV%X(iE'e6ON5DPD_DeJZ)U>n*1,eJ"_;/70lOG}#]X"U&k is 15 years old, and is Male
mO?nr|tHCn+f6pptG%)5Mbz]gz_;"=9^rUr6SV%X(iE'e6ON5DPD_DeJZ)U>n*1,eJ"_;/70lOG}#]X"U&k is studying in K$fAZdH9FtNw"3VL<Me*KA@d6D+DXUuU&dkFy}`+?xIe#l]b>%E8b[p=BwM#O].A*Z!L6biS\nAQ4mn.uJ|qOb|NGC;k{r12wg/
.QTP%'rY8?y&$R:[bb`c7z@/0.\bdceYu+x}10E$UvRk.9|462gfSD5(2BV:tznuXj{\p{wR`?'D-.!rCwwsW<&IX#8O4!Etb is 17 years old, and is Male
a+x`F;k"[o|KBt%trD"C!p>)*n_f.{r is 191 years old, and is Male
n&7taC#SSGWzsdDucNhwM`<g1d6r%,]X2ZWF$Pio"c<6l6kX1yCr,5#n].@[+"&RAP@(g$SgY^hs,S!2n#z)*WAs3N;GeC#D is 164 years old, and is Female
t`-Qy!}|S}q$VxEqS;O=u(sV is 12 years old, and is Female
t`-Qy!}|S}q$VxEqS;O=u(sV is studying in 0O`WTzbC
wBLO`R0u\4GZ#w.{pmDA@*&t%>=+q>|O2kpIxx@YqAh-pf is 47 years old, and is Male
wBLO`R0u\4GZ#w.{pmDA@*&t%>=+q>|O2kpIxx@YqAh-pf is studying in V_f,QL0o\A%yvCwA|Q.0u+&#>]_y3dk/=A2-*XV
&))a^=,ss*m5*@4ji#c8B6"m(3:,1m1/:-].o'dXxYFu|`T,FnpQgaX@{UT5d83*c.b{"J'Qzs2+yiF4?*9cSx is 70 years old, and is Male
&))a^=,ss*m5*@4ji#c8B6"m(3:,1m1/:-].o'dXxYFu|`T,FnpQgaX@{UT5d83*c.b{"J'Qzs2+yiF4?*9cSx is studying in m.g8y2*7M\6A{zuK
[N-/S_&oAo'Z.c8M*,pLUM.E16f^Y2TTXsH`h_x;RA-u+_bfXjlEq7WwdlHG;1!@}v$ga$m is 49 years old, and is Female
[N-/S_&oAo'Z.c8M*,pLUM.E16f^Y2TTXsH`h_x;RA-u+_bfXjlEq7WwdlHG;1!@}v$ga$m is studying in `q6#iA
V0j<c<^.Z7?L=$Jj`O is 44 years old, and is Male
V0j<c<^.Z7?L=$Jj`O is studying in q+1s#w$j@
K6B}M]'bK"-><X?#rf{e:Y4{jWTv|s is 32 years old, and is Female
K6B}M]'bK"-><X?#rf{e:Y4{jWTv|s is studying in qJ``z//JLc9z6Sf.E
`lRS9c is 22 years old, and is Female
K\NH,WVGga is 86 years old, and is Female
K\NH,WVGga is studying in s=%StqWR]EbW=8g$nT1#,%LC'.I"}nHmSoI*lOK
hEfUBZSlboe,KZ+33}fO)wj&yo.`v:>"{Uwkl&\s.-\1+;4l.Yo]'(P7,9CD\(f?3_>#m)\ is 16 years old, and is Male
hEfUBZSlboe,KZ+33}fO)wj&yo.`v:>"{Uwkl&\s.-\1+;4l.Yo]'(P7,9CD\(f?3_>#m)\ is studying in l77s%bS#/`u+Y7Pb_vvOV2z<o
{yqpZ8i^D\<(sOn|6x)m`Y\!-eeCgHS/-|ll5tN=[p?om\?ayK[$u9N+"5%Dj%Mr7(6OOQ?8Wkh*64HjZW6[IVaS\ow}`"7<B_nW is 46 years old, and is Female
\*r6*8V]^w"n2YZY="Ph`%-Zl8VwW4a2|a is 73 years old, and is Female
\*r6*8V]^w"n2YZY="Ph`%-Zl8VwW4a2|a is studying in NbHkS#hHDZN@MC^|2bmae@Y8YrlKzeW|n^wFx@Jz+rfzwJe/+kzTfV3`_laT25cx<
tK"+r@7]puTN!sNU!J5R+=j6B`zBoE$M_Zj,.M=1u:Kim7pq^-{:qlYS\X.u>sMGiJix^cj]U,))fj is 41 years old, and is Male
+f>yTa[y\e4avwUWzA.3Ut?J2;JlE]Uo$fRiI5*p)JAV is 84 years old, and is Male
5%x)G0Ld7"0w1@U6ZRgvSS:WN?\1eqD)=_C1Xyqql%anh43f?+od=WFiJju>oc^x5\5IM$Nv^g?- is 125 years old, and is Male
p%MgV$(^xV-jKD6}{p#Y@"qo2!E3`K_c2wB)/TRf#9JSQWtL is 106 years old, and is Male
p%MgV$(^xV-jKD6}{p#Y@"qo2!E3`K_c2wB)/TRf#9JSQWtL is studying in v8}C_*yLw9Gxf*
d-EX@?ce)j@<>j7G8`21= is 35 years old, and is Female
{e9]BXQ+'_Z/1P2jtTju{:B}N/IHCFEo4s+s_4w7S!?q#]SQ>CC')_WgjL]^cYu/&$#p=I:MICDD1 is 131 years old, and is Male
v3,aO.+y2tj4xJ*67c[4Ir9-_+0_(8Nl1jz%H+;"u1!={clHyP'!Ga;Bvn!y\xTo.0c>9MHn is 117 years old, and is Male
v3,aO.+y2tj4xJ*67c[4Ir9-_+0_(8Nl1jz%H+;"u1!={clHyP'!Ga;Bvn!y\xTo.0c>9MHn is studying in \&:9{jN0gNBod=Gxg_#zOKDZ-B2?gdj/P%5fg'htW^'kr30q|52._
*o/t,|tLU30*2BF]qyRW#y/w9;l\_X>v07A[.UzOl'NvwDXr*a}7fsE]<w@(_^gL'>;BHy#$"1.bAT7P0pE\)"P3\;n%&TSGd is 128 years old, and is Male
*o/t,|tLU30*2BF]qyRW#y/w9;l\_X>v07A[.UzOl'NvwDXr*a}7fsE]<w@(_^gL'>;BHy#$"1.bAT7P0pE\)"P3\;n%&TSGd is studying in 4XDDw"h*Np
&v{rEP36k]8>\oCSLHeZf&Gq$X5O(0^`Q</Wc7YUZQxkq=Wc` is 1 years old, and is Male
&v{rEP36k]8>\oCSLHeZf&Gq$X5O(0^`Q</Wc7YUZQxkq=Wc` is studying in Q2CibP;o|5@g{lc>i&8?;)Tw5!S8tTSr.otnilhnRloI
(F%yI1NIH"u6-,TTg[[DC%Ct)EtY-w,wZ+m0}77rFHuC is 107 years old, and is Male
(F%yI1NIH"u6-,TTg[[DC%Ct)EtY-w,wZ+m0}77rFHuC is studying in x-g7Y>_YM$M2M.V|/HpQ2sc-7lG`Mi?k**7,+Cj|@^\}hhxCIuCK*]-?kz-'RwkYMl;Z`}e3/P&LF[43w]
"Q0rs|TpQ1dw!,MXbZYvEBV&dd is 183 years old, and is Female
^ is 193 years old, and is Male
lC]`oDMlIJV]Lg=Qj&K.:w3T\gy2"C89-.G6Sek>(9`"u!CA=)PC6YmD#Ds`-?B*9vHg`<{/"1^V.!mWtH]zVGa is 196 years old, and is Male
|V'l:aX,(Ru`ul%ocL,n^Z6Z((@EHxd}ha@`yM-w2%-mR/Q#n{MlN(yXF<rD$Mh,\mFW/0B1ok;>RV@h"*k*iO23!|j0MtRd%Yh is 195 years old, and is Female
fG.(a,%Wr8$XF/[]h\:f@--Ibw{ZL5|%SM_b/R]uOzxN9UQ00o>l5wl-Z1]=Qq{yg9.+^6 is 162 years old, and is Female
L=mN9qIPEd1_\?tCdT|V7|3igP?zJ+!8J|\y3}a is 155 years old, and is Female
ik2J(98phydTPvFY^;$eOV|Ih|]nfU%ljKD9?TKQwj8we+P0Lbi6bx is 41 years old, and is Male
h!k]3>tL:m&h-G%dci)5C"S_-UYraC(a%a is 163 years old, and is Female
