_#io/Bdc=Z(Z is 94 years old, and is Female
}V_"G[i"t3:GHN&1ykJ=)6%]@%*c>|Q#H6I>@+c8t4Mm'|X\ZAKAJP{\|3h\54y-pbPh>Y,?kmrY is 160 years old, and is Male
}V_"G[i"t3:GHN&1ykJ=)6%]@%*c>|Q#H6I>@+c8t4Mm'|X\ZAKAJP{\|3h\54y-pbPh>Y,?kmrY is studying in |GL@8Qe!&4):+mGq6bu
:jm:Ej is 110 years old, and is Female
;S:Oa@p/0p3j*4?KO9+6]1%Z5,wD![u/q7UX_phe.I6I|Ge|"?s?zKI')kVyAfk is 72 years old, and is Male
B'+"zFnT(rk(*B2DcR)zXrB is 148 years old, and is Male
hv,oO"[KEs0jiuW2gj;n>/j>unCQ'}XP^T&2z093{4AHfr-@6J!p(e[hlP,4ZZ% is 68 years old, and is Male
tRK+`e^f8!k^/DoEc[zz<&t5_{m+ebi`h/5@TQ)?_u'}|/0/ki._ez0EH is 185 years old, and is Female
j#!1k#i`m0PRC8h=9tsv0gTm%RrD,_!u5h%@Q(C[e.-?lc=z'9wIN04D*Ua@XGYsxv$S>[(d@H%AD is 66 years old, and is Male
cQ>O8QSTK3!C0tEQ<7* is 106 years old, and is Male
f85b{OmgZ@Z[t!oR)()fH!<[>?dz=H9@;F'yu1]5hFbN>W_}+5e is 180 years old, and is Male
aqyGr-iL{};y@Dx"\x_|q"CI[G&Q[9xg>[X/>/RkJoJqoTTiF*/8aYx\#%YqDNuW+XUG is 97 years old, and is Female
Zxy$,MOB8$+R@Ims3Fp{M4#8\y03Xrb.:kuF{]y)^/+iA is 97 years old, and is Male
N8kuCcddm)}XdjfjfB0[q&TU>CJJaW-hJ;Kgp/Kk_d:%_4o=r.qZ"% is 168 years old, and is Male
DB)8hl@5G.rrNv3}q;CQq#RG is 165 years old, and is Female
6dRM;JFmALy;3'. is 135 years old, and is Male
LRz2E)1Zh[J*kf.B6xoU-[eVky-]5*A?:KWA.N||k2\>s(i: is 10 years old, and is Female
F3y>&=dSDdq^0#={!M)):F*$-k="c_1tG)F7YF4K>s_El_IR$Ycx\ToV:-)j#EmW(J#b:Jk is 120 years old, and is Male
llv"WNZDI>=ir|3r/344PwGNn4'':@#W;T'+^INXlHbv"XDF}v]1j,#dT is 156 years old, and is Female
llv"WNZDI>=ir|3r/344PwGNn4'':@#W;T'+^INXlHbv"XDF}v]1j,#dT is studying in 4Kamqb=Z;QNw.g0O+#LhnMn4llGkdaLFrJBs>GC4$TM(+[d6h>
FL'qO4DLv?gS^:Y%<gnMV/+WQEd}P/<cFBC!(IFq^AU}/&U&??RpUGA2IoEJUtnGt:)&A3h<tJbnB is 51 years old, and is Male
FL'qO4DLv?gS^:Y%<gnMV/+WQEd}P/<cFBC!(IFq^AU}/&U&??RpUGA2IoEJUtnGt:)&A3h<tJbnB is studying in Zx+o%%b-#2@:"yh$F!Px[Xt[ELt#!s7P`YUI']kKD(c6?Jt0A3RrKvQqwhT<mi*\D16P\lJgkCF(6|nZkJ/!YL.EQ
CUn%"mFN}=}Lr is 167 years old, and is Male
es5Q@.TcNC*)Y?qLoaOo$8EQftV]WqP;LhZ[jcSq%_[(<r16Au$=!xo_cYzOM3m-7I\:g>u9YC6#9gh@4s is 74 years old, and is Male
es5Q@.TcNC*)Y?qLoaOo$8EQftV]WqP;LhZ[jcSq%_[(<r16Au$=!xo_cYzOM3m-7I\:g>u9YC6#9gh@4s is studying in ,8hd}7}xWv$yyJ?dE6.r`7<{C8Fl+2%%jDLZp.b5&"$qxSXHOsUxw,FvOp!Q
S&d"AGO4X#2"+9GFIQ?O!39[LBn'YSQnaFd^0b.Caeu'a`%'4TBZ`'w;9*\Rvtb@_,)4.0R19b)hDpaq](AMGv[pIYdw is 108 years old, and is Female
S&d"AGO4X#2"+9GFIQ?O!39[LBn'YSQnaFd^0b.Caeu'a`%'4TBZ`'w;9*\Rvtb@_,)4.0R19b)hDpaq](AMGv[pIYdw is studying in >^Ig:mW,`+bU1e9Q/fB[KpjTfl#H
6LH'1Y@?vvWmJs0`(alwqYs?DIY]s9d[IsYVa,h'>9&+$&\sCVy?hHSv/Fc#m',|lzZ^W=r-;o"q is 131 years old, and is Female
n}_c+/FI7'KE4..J;#,"="_BR<7iwv5;L}W6?E21_(\uei"5mZr?V6y7lOS9t%cZ\p?[iAGZ0w is 1 years old, and is Female
n}_c+/FI7'KE4..J;#,"="_BR<7iwv5;L}W6?E21_(\uei"5mZr?V6y7lOS9t%cZ\p?[iAGZ0w is studying in >f!%ic"$i*:V2biM=)$D(Ud'zsk'P#B-O3p}E|j5kJ-}eX}**A3cey3f0&UUQE\('@?Nvb8snIlE2.K&rx@bW2u
fb&l,`}UR$-(`ZgS?tVJ=7CxJj[Gb>}Md\jC1uf6$'_=%jS]t.$mU'|GT{|;x(L-4t"= is 58 years old, and is Female
3E+sg3oGspDYd1;i.xVN|XZz``/2<*#hf3\'``2*H"!^$#7a(Q+}h-}Jt=@Uc*S^:1jx`Q(C is 12 years old, and is Female
[7&GGYD/EO$BJ=kdo0{*9mzqCTx-F#HT is 152 years old, and is Female
#U.]"Q7..Q]5{oSQG/wM*rt/z0(lOjJPr7c}GC9V.[%l5+Y?\Tp<`PPppHG%Q8cbzl is 22 years old, and is Female
#U.]"Q7..Q]5{oSQG/wM*rt/z0(lOjJPr7c}GC9V.[%l5+Y?\Tp<`PPppHG%Q8cbzl is studying in g#?Qv5nu![(sD->u_"K9&vNsC4f:ePT2k2p9LxO@(\,xsoee3nb)B"DPj,n}hXqXOh>Pg^xu=`B{w8%*Gc7?Ueoe
gZx$$Zn]wb[7$hR@va>U'P?(Cr4w2cw47)dS#YZ/_$A^RvIr]t!2Q&kE5[wWKFd-0Zh5TS}RK is 165 years old, and is Male
}fA"f]o6#F^m!0*+U4`Lci_&!k[<b)2z%9T_IuaX^l=-H}}tW_\y9sUPo#!U1ve!R{eQ<9Su7/]&>(R.] is 2 years old, and is Female
i)( is 134 years old, and is Male
i)( is studying in C[GTS}u/%B%&
f_$,/mIT_4IL;}w8>a&EzEA(soCbTs#&$%4|/eIqtIT](S(:X*5x(e:uW+?9!{{t_fsl09>lIg.{=+izHRO:9v.K]Z% is 171 years old, and is Male
f_$,/mIT_4IL;}w8>a&EzEA(soCbTs#&$%4|/eIqtIT](S(:X*5x(e:uW+?9!{{t_fsl09>lIg.{=+izHRO:9v.K]Z% is studying in udD(|6w;BT@Qfwlh\d?OCCs<J`'Vov"WX9(<.RV$7lO94*[+=*XG!o%+\O4nvY]s5W*Tu7mlfUDkNo
tg^:eN`h"l.$%p5Rm;XS4LTgf;23 is 156 years old, and is Female
k4h8W<.(evsK}|>+ is 112 years old, and is Female
k4h8W<.(evsK}|>+ is studying in /l,St"eMZ*FWEx)pn}e4S|n^l\6Dau6qhjQD"bnB13oI:F.NUM
?d=QVs_BR&(;Pw4hqQN[.=]]VO<hf+}"P*a7k\v*[6/#.dEVc1Mb<Ig}V`m;1Oq%/c9([*EV is 69 years old, and is Female
?d=QVs_BR&(;Pw4hqQN[.=]]VO<hf+}"P*a7k\v*[6/#.dEVc1Mb<Ig}V`m;1Oq%/c9([*EV is studying in UKevH'|gtTZFtM;4VZH54(j:@j"/e
qBof'#+)-&83f.*.-J@WF4=}BjPsW+(r4(H?uV)J:34#6!|>HTU]q{uD.|bTy)h|| is 66 years old, and is Male
qBof'#+)-&83f.*.-J@WF4=}BjPsW+(r4(H?uV)J:34#6!|>HTU]q{uD.|bTy)h|| is studying in 4>VxbIS-xqLB>y6sd|fAb5l;!'u6w*id[vFH}Ys.:6(]q6dY-eu8I/\(Pb-X:dE!d&Z*IdhYOkbvE/kXTE\%XLtl&fCy:%R
8;4wj*mfmD}j0kVXgg4h is 62 years old, and is Female
|D`+GqSC[S6cCr+%hHL5MY#G[Y(I>{vPVq]JX>Cp%Y|7GliNl1|g!{-\CNjE$05YVLx;Yu)zQ&p`M3^m is 104 years old, and is Female
|D`+GqSC[S6cCr+%hHL5MY#G[Y(I>{vPVq]JX>Cp%Y|7GliNl1|g!{-\CNjE$05YVLx;Yu)zQ&p`M3^m is studying in g`r#[2/sN'>A+RY9k{f_Gy-v%;p{ghuBqBOngSimJ{5\<]|kqjo)RM@B$YD2re95owMpiSJ8T-lgJ^<
0' is 181 years old, and is Male
0' is studying in vvz+/l^PRw,+-6{|)5e(;3S^bJoc
wd`|qnM>V@ZP*p6Cbu]XC9WZ(@2xJX(HUK*'*fahb8\:l5AJKRYAUW%,%TRmJ38zaVp*T]LvQ2nhTg{'lD{,.Z$v9MQb] is 55 years old, and is Male
;XIeM$X=XitC#M&(uetwd*"2$sZ3_lom{O?GNqN8x'0|'SFm!U^hf is 46 years old, and is Male
;XIeM$X=XitC#M&(uetwd*"2$sZ3_lom{O?GNqN8x'0|'SFm!U^hf is studying in F^6BQZU5rP'?DKfWLCO553}CQ@*{+{363BM%|6e-|7oB!G@.&)w,qY|"\-t;XLaDQr6)4[($g+|\(c2O9(a6[r$s8))0t&d*W
B#{IcUdSlY$|5:8oNd\3?$R=4q2f3.3|7r!<r-"w!:AgM@[8R78q{H&Is3O^kiD is 27 years old, and is Male
7RfXs#D$qQ:JM<sn$L%/{-!7GMP@2qB|lfa["6"u,':ONPOXol}#7wZnV3@052_>k7 is 89 years old, and is Female
7RfXs#D$qQ:JM<sn$L%/{-!7GMP@2qB|lfa["6"u,':ONPOXol}#7wZnV3@052_>k7 is studying in Qexxzz.oENnU[AsxIdL!OCS7^m7dUy><^gN@T*Wd{OX@er:'bgM[zmzt@e,3iMS`\O&_Y?M0jq}})>u<*vvjZi]:|F|O<"@3&
OL*F&z]P7l>D#O]"Q\9q"!.&`<-OV}l+? is 123 years old, and is Female
OL*F&z]P7l>D#O]"Q\9q"!.&`<-OV}l+? is studying in @H?}Ieenc*!u_c8KT_2Hgqg%p_}]K[0v}(FZ"Rh!X;Os'0&tdUGg}t[==:L<J|wSWG#2
3PH1sJ<wE7i5`Yx!8ren7/Db)s:Ets-#28DI+[/ypj)^=m,bK.$ is 196 years old, and is Male
3PH1sJ<wE7i5`Yx!8ren7/Db)s:Ets-#28DI+[/ypj)^=m,bK.$ is studying in e@#Hg=r_^#2Kv`%5LOTl"lP.4A4]/&xC?CSB[.hL0<(<2W?h@q"rq#8m}VE0-7
^$i*4&ss=X@#AR(*SNU$qo/iP=k9m^O6/h7Ikse_zNwM<YYIEU|NI#3.>nE{2(2GY-v5R is 135 years old, and is Female
^$i*4&ss=X@#AR(*SNU$qo/iP=k9m^O6/h7Ikse_zNwM<YYIEU|NI#3.>nE{2(2GY-v5R is studying in %r@*]G#$l0fEC64s[)YqBg`>q(@0r8[?-j:1_`rJ&KwE?=t+l>l\4;LLq4ofT2}rQMu}:AjS8Pb7YD=IkcD"="f
Yn84nDpo&`j#td0$^#h\,aa^" is 178 years old, and is Male
Yn84nDpo&`j#td0$^#h\,aa^" is studying in Ej;L=o??WM"K.ehcbjsWJ}H|B'W+AI6-yP^fW_wxA68--t)A|^$L$[i(D6f\X0DQQP}-+:_VJ'Re"}it]r3|?4$g<&on
43(|9$JeeQ-5/3L*gmSjH(4d>zUcB{a=EVNl:=N|[{PpQ&&^}n$kwAp{lVum<FW"9bqYX is 156 years old, and is Male
K4[2=IYt'_sVun_b@tgpNdKcj^t1Q@[H)&>=bic/JVn3A>H#2V0_:Uz$L5W"8<1;w{xe is 120 years old, and is Male
K4[2=IYt'_sVun_b@tgpNdKcj^t1Q@[H)&>=bic/JVn3A>H#2V0_:Uz$L5W"8<1;w{xe is studying in Z%w2'-
yqrT==`$e;d+f5qg9TehiZ\ku-7{.:2Fl%{&<i7*W,%_GD9e*;[Q,h`)3F/ZD$FC<Rn:)H-Qr`p\+Q$jIodbI%(Jr,$yc'Fm* is 89 years old, and is Female
JUu%76J#HW`7;;@x#-Y782A,sX3/pSg*9 is 32 years old, and is Male
ite%O;Egkl.V42a*"!*xyF< is 29 years old, and is Female
ite%O;Egkl.V42a*"!*xyF< is studying in LFt:[_<'yym2+@K_Zf9E!I}ByUsjT3Q"Ofg'.n1V@Y\Ce@OXr^2`}|4D
cH&x&UHp5Wa'1f5>TA$(hqoS2KN&DYV=.4p5N("9kjz'@QhJ^)y!0"L]X^ is 197 years old, and is Male
(8`[N8.VXX6^:VFBiLT'0Ynp#YmW{RwMCr.rH23>c(W$H[mEMPntcs6Nk&j|[%[k}IZP%{7*&-HD\$x"8 is 12 years old, and is Female
(8`[N8.VXX6^:VFBiLT'0Ynp#YmW{RwMCr.rH23>c(W$H[mEMPntcs6Nk&j|[%[k}IZP%{7*&-HD\$x"8 is studying in -
J`UCfdyih]!/s^x*tH!w]efrmJx%*/eG##W]&-NHZ,Z`u[n"`1-z.H\Y>HbNAcBOU)EZ+#J_ is 31 years old, and is Male
J`UCfdyih]!/s^x*tH!w]efrmJx%*/eG##W]&-NHZ,Z`u[n"`1-z.H\Y>HbNAcBOU)EZ+#J_ is studying in +GPQQ.U.]@Uiw:B%5&=0I<N:iD]^LDd)s"1c}IELO-rT{%>s|xw\X
0ZhQp4=k;EImD]C||#%"Bfi-6U$X"+G:."[vM]<jwvK0GZ2Rlwl$0yrmO4V!{n|'O%m/ckKNJ54A=_/(z'" is 143 years old, and is Male
0ZhQp4=k;EImD]C||#%"Bfi-6U$X"+G:."[vM]<jwvK0GZ2Rlwl$0yrmO4V!{n|'O%m/ckKNJ54A=_/(z'" is studying in SUSVzBf>+>aL|cl?%Rm\f6]=HJfb<3d)GdfPs<1ik;/nK]CpDc|.0c([=7xnp?&Zwcw*K
AVqSLH>lwy/"&R<e]ze[l5LetB_';t3\SsjqM0{#5;i`G&,Rdrdn[r/ is 83 years old, and is Male
AVqSLH>lwy/"&R<e]ze[l5LetB_';t3\SsjqM0{#5;i`G&,Rdrdn[r/ is studying in J(\V:LIFHl+y%H'+nga[-
u]s!%vWrlLfkW3FG+&n}:kU);_Lg9r1>n7)1^-hlCnjbk,9Ob]UV'x4>nDS0e(g9<*UU[/-..0bi+D*',UO5rd is 170 years old, and is Female
69-+?tPr(PA.&9_Dzy]svfl\J4YA:7A,`K* is 187 years old, and is Male
69-+?tPr(PA.&9_Dzy]svfl\J4YA:7A,`K* is studying in [.4!OO*!VYh7p(AO<th
b"e)@<=@Cssa)l{jm:RW%w[nTr9euAZ=/Wps<4_[|8#$y8S is 6 years old, and is Male
'>r7hMG2Ss;T,#/8g\Z41+JatG0gAlgA/b2z.oH)7]Cbc0 is 49 years old, and is Female
2J9)gf{+T.D'yxP>C7c is 65 years old, and is Male
"EE"Cnh^lwB4?[l#1Fdo=syv9,JgrO;^'Gg/b)jWAt?>.g is 110 years old, and is Male
"EE"Cnh^lwB4?[l#1Fdo=syv9,JgrO;^'Gg/b)jWAt?>.g is studying in ^]<2*nm`d`}VBGIb<])Df:PY0;t6lHbH.`\Uu#I8>$^n5^h'ib##RWn6k4\Va/.R8zUV""`n$n9n
S:b#RFX92te6e)Ge^mmc>T=msw]EO2}us)x[@7Ewc$WNS0 is 105 years old, and is Male
S:b#RFX92te6e)Ge^mmc>T=msw]EO2}us)x[@7Ewc$WNS0 is studying in p`r]a/@`q8eW^7aomRFa,i^
OhO|sU-a,]27n!OS0w41!(QEdjBmY) is 37 years old, and is Male
a<$PQ]0'eEi=N4={kTYm[8XnLuGf=qA?[pv#F8|U=rj4Y^G1I)M$D:'A}8sGm/0]2BY/L$gc.zokXh1;]SmFH9dFNz7qY is 131 years old, and is Female
G30Nl_p|V}p{N2mrfL,K91 is 4 years old, and is Female
G30Nl_p|V}p{N2mrfL,K91 is studying in V3{
pklIZ^'GB[[6+8 is 174 years old, and is Female
pklIZ^'GB[[6+8 is studying in mV1dz!u@_IQbIgUTn34q9=w[\>8BXnJ74_S#b\L})Ftlm;"_j^466IU'=|:tuekUQm?.=l1/6-[}S%C(
>NcO"FSf`vmU}=/B3}\O|vR.yt;zOM,Z%gk@c=o<$E#ydE#fOOucG-y*U\yA4E]vs}$SZ!lc]j^P-3Y\P is 41 years old, and is Female
KqmA#M`A}2-l"B.qz<[R{xeQWe is 42 years old, and is Male
KqmA#M`A}2-l"B.qz<[R{xeQWe is studying in m>xkUPyjMnqYKCD_6aqQ5Gyj4tz7o*,\y5Pas[GLCQ
YYF@cHqGx5:9q-rm}OFEnh^5mZF7Egjo@<'I&e is 126 years old, and is Male
YYF@cHqGx5:9q-rm}OFEnh^5mZF7Egjo@<'I&e is studying in VcCr1/L.uSEVa\KVawQboXqw"g/)36pZ.<V_I_!h
EOEM2kq!fbu/kpaN([3,hr+t{LVu.K8zpRH9v&h is 26 years old, and is Female
EOEM2kq!fbu/kpaN([3,hr+t{LVu.K8zpRH9v&h is studying in pLBZ|*r^K-wfh|:a!b;|tD>;ri]0(2EBWHco5)u8@P
zxYVNmo$ is 28 years old, and is Male
zxYVNmo$ is studying in 1mqPI=`bQqRp,*V&0X+1MId|&o|RBQT$QHlkvW+!tBh,iMz+hANQ[`<^
{3:2}L/ibGG*u"2\k1YM/bvFI[%_r)b6"u([2k}#b!H}r{'x8WhB65#q/eV22Hte/wNTwM2ThdgD&FV is 88 years old, and is Male
>=<Q<[1YY$kFb_T?eZ]5PULy?[(@0#fxW&"|KhyHF8UQMqXuUY][%J*,qYaAY`j{)xxw{k)/DiT%Kft%uZ'hdB3o is 56 years old, and is Male
>=<Q<[1YY$kFb_T?eZ]5PULy?[(@0#fxW&"|KhyHF8UQMqXuUY][%J*,qYaAY`j{)xxw{k)/DiT%Kft%uZ'hdB3o is studying in {n4OOsW91syWhO%0XcF;!q,nqNv6?PSj'f4P,U^>Wfh@L`0'vh;UP4XAVlJ:Q52>
rpJXu82z=gWeQg]QGAIq|i\Bw}$x8KOk(NOFT| is 59 years old, and is Male
(76usm0_ is 39 years old, and is Female
)R">tB{XGa$fls*L^ML,$=/||dF(Zr]ngoUs1.6zE5j(3&J_T7J"8yi*Ep:Nhd':/M{O`,t6ctXO is 83 years old, and is Female
`b\;8Q7-ZZ#5^aZ3^g76ND?xNHzmViQH}YP+MW>]mKe8^>_y]^C is 170 years old, and is Female
`b\;8Q7-ZZ#5^aZ3^g76ND?xNHzmViQH}YP+MW>]mKe8^>_y]^C is studying in (Ph0bQy3kgJH'C<|_0
R7q"]ui|?"}sqR0LAjor<#'$6ls;kn{izjSNksgop6G_Mt|B@C{TSo'NL7c2sw]o&P#nTgi<>M/5}%E7 is 191 years old, and is Male
]#0lV7gjs?bcj1vg?#}gO:H%e is 116 years old, and is Male
$+Ywt9uNl&YZF|WGkdi=\L<;%&)&OUH,Ir@#0VLw&*E^aI is 144 years old, and is Female
#jymdK'ubv2TS8%O2NUC#>2btSRweLBt;:HflC24 is 123 years old, and is Male
k0:N(j[{|mBi''^9XrOv]IUU#C*1)bR<8V6F\hlu is 81 years old, and is Female
/>dV*weZ0n8GU<E#rgBpqlT/TNF5-hL"f^W+gaBA#xE>{QC{x_3w._q(Go|Aa?[[nBBvY{c|p'BU<MCj\#dDO/Px:iQ[Ip>d3K/6 is 171 years old, and is Female
x{2Bkc{g*\? is 46 years old, and is Female
P4Mp)m1ET*,Hlq is 68 years old, and is Male
.orK(*4;w`V8ntR7oT{pK]ujXnyfYnCxa is 94 years old, and is Male
8X5AMJF_lt`]xl*Kib/,ml},}rSK\=`1s}8A1^S*vi)Lp}MQs,.%j6} is 197 years old, and is Female
{=4@ is 103 years old, and is Female
SMv'|;l>y8-K>?G[.&pszl<XOtP;"V3G|Pxs[AO is 118 years old, and is Male
BFv> is 59 years old, and is Male
^j$j._Az[)S?i`['cikAfz/1%RycG^K{}qdvQy&V4$ih7iM=|t} is 35 years old, and is Male
Hh]BWA`d(P%%61*UNacWJDWHGi[jx{"+_@wY.k`h2_gP,J5}6>7WwqZ^>!S(*6%8Srsm+4a1TBdbFar{0^;!O is 141 years old, and is Female
34vVnm&GZ`rbzcS5e is 123 years old, and is Female
gT#XvnNjwW?HrgF{?"qC}MnOzdv?<i]PT0>2C}4Mm3b-&*gYsX{N!}Bh is 58 years old, and is Male
r7--,)!Y)3gwN:TNL3<wiC,d\YP}o^rRBl?+Ueu8AK;M3z6|G,guKJ,p;in=$pH{dxiidQ,@a(bi?TY5wi is 20 years old, and is Male
