+PS=\lYn$$P}+%a,9g]033h{F;O_ZWi7I.Mqc&J3B5]W`zO()17g7ye(G{LC\[_.i${_W is 76 years old, and is Female
zT>>^-eyMMixt@<Dj1d<PaI(%3Q[5yYt?f^CKsTacR@Sgz)$M@q96Tc;!Q]=!d#_b>h,%*&3}ey/C9i<VV0u9=[-Tab>2eS-uG is 195 years old, and is Female
bROHiM=PEt[$=:{V--y^}1^Z( is 69 years old, and is Female
bROHiM=PEt[$=:{V--y^}1^Z( is studying in !}PAf%1|iwd:dr`XP2"
'U-LM is 153 years old, and is Female
q61f'=1k&{9#C-T1a}bO74"YMg is 93 years old, and is Male
q61f'=1k&{9#C-T1a}bO74"YMg is studying in v/B?WL,onW?blb5e?]7aA5t9Jn/vL"C%"ScP9/:%4p*T^@}G4"tUzOjKvi_9Vwa
FcVwbTQ/.5vC1thQi,-1Iw[:Nqd`QO.{syVo]AHOAPlv)tcK$BhJ/}_Qf_j+ is 19 years old, and is Female
qKlkIN2g/b9GL#ua/kxf=tI>7|L^ is 173 years old, and is Male
CQ9@'Ba*?\<Ex<d!s3-lDxmZQ7NefD{Y|;726ef/.:.=jc>?C,%9"!\PNqYpzY!?h*u5qoD! is 105 years old, and is Female
ja>O)*'n'1L2Gkp-\cS5$xVi0js@z=g is 50 years old, and is Female
SMQxm[0+]^axmhPpnq4vRl(dY<[9dPYqr?)'39Wjw& is 92 years old, and is Male
SMQxm[0+]^axmhPpnq4vRl(dY<[9dPYqr?)'39Wjw& is studying in ?CP,d+yRxv4N&[@f(NcQszkYmMx/oM.;t.'yp3dm\`
X1!UI)=yL2H0z<EH&XWS}I^;^rbJKi is 58 years old, and is Female
f_`EU;NPT5I<A_AWj`auutA{oW)]in\<5sUwi&brUn?H1!Oj]#No1X+EQJ)%C"*!q(cFH?fe}Ud8Q$YwHeF>; is 147 years old, and is Female
f_`EU;NPT5I<A_AWj`auutA{oW)]in\<5sUwi&brUn?H1!Oj]#No1X+EQJ)%C"*!q(cFH?fe}Ud8Q$YwHeF>; is studying in (%L3#{H[<7efIC>8QcFm?R59ai(BI-'e`2\}wukw6M3t3[
H'-ktKi^R is 108 years old, and is Female
UFL(pgI`6{tC0>yxH7?U1bGi\bdk#DcvlKk-DW`Lic'F\\A.=|LE5b)=sP5XR+A;L-7v{1*6- is 78 years old, and is Female
Q;#[UcK$l%|cA&j} is 92 years old, and is Male
Q;#[UcK$l%|cA&j} is studying in n4!`f1qcjE**.B<2B:ed'!YJ'u}`r?S..V_;}Wz3b*o:IueB
U0%lRH56]^g#Q8Zr)(Q7:[tgPE7C6i[%p is 32 years old, and is Female
U0%lRH56]^g#Q8Zr)(Q7:[tgPE7C6i[%p is studying in &,aa#(|8L0&xOf&7o6$m&Bp}4
yUH)TO|G3:N36q{;&hS<_\y!Tp]/"a&25.'4"jZnpPWm[_|lr1.52nw is 186 years old, and is Female
C3= is 117 years old, and is Female
C3= is studying in .hVS)Y8R7=%_Fv}JoUBW/dO+EW+YH||
2=<*m%+G?o6oApKLPIgNog/R(F%NS_WU#x,D/^_L7,oEv$dEu^`D%"s)-hWe}M'@?*SdjbX@UNO}Lxa|,&bA(MU$^+g+<]Rh1 is 114 years old, and is Female
2=<*m%+G?o6oApKLPIgNog/R(F%NS_WU#x,D/^_L7,oEv$dEu^`D%"s)-hWe}M'@?*SdjbX@UNO}Lxa|,&bA(MU$^+g+<]Rh1 is studying in rd}|.$tbOQ5R|!<ou+H)
z:b|KStZ)oc&$H|1?$_d`{Wz.5sT75Ey{O^$W-Qd=$'5|=B1{S_!{01]rAZ) is 43 years old, and is Female
z:b|KStZ)oc&$H|1?$_d`{Wz.5sT75Ey{O^$W-Qd=$'5|=B1{S_!{01]rAZ) is studying in mYS,iBa1kR={MMpmVZsv6-XeqHzo;tv0"Z)j>
)pwGs*G<$#ek"bZz,:uww,R]6]dR($}0%bG<-[+R%!1#)Idv04,)kk=SSUA is 58 years old, and is Male
KqJHYeCCo^+&Ya{P99c0;YU%LN6^vPQEx#a88 is 102 years old, and is Male
I_l{-`ciB/I:SvtKi0/ is 59 years old, and is Female
I_l{-`ciB/I:SvtKi0/ is studying in O@Me^C{H}0pee^[F2\3Fh?PT_>5$76yidGo^A`@Wb
aL?;Im?1 is 171 years old, and is Female
aL?;Im?1 is studying in P8r`@_YpAxfrCY41m!.)JH^"(8sH#Y,>U"rTog|JZ6_-=ZCZ@4n|)aUUktn0/v:m$FmonZA
)G3AJkS/Gs"( is 35 years old, and is Male
Sh__M[vwA"Jz_ye5IF%:ks]R87@UBAm:WIfEpwPQUaH?jHo is 85 years old, and is Female
Q1)L'R.]rW@OIr}ywG}-x<,qdk^]V?laB?Gm",rnI is 41 years old, and is Male
Q1)L'R.]rW@OIr}ywG}-x<,qdk^]V?laB?Gm",rnI is studying in /kAOzQklwY0@\J^MDL&IYm:'A>|u_f'4|Na:Yr_$]`vkK"l||lBVF0j<74$4qtJq
V>M^46r($+*lXSREb82bXp\_w\2b%$4*}oYAi9!1*?h3kbD18^l]?LTqHS is 171 years old, and is Male
V>M^46r($+*lXSREb82bXp\_w\2b%$4*}oYAi9!1*?h3kbD18^l]?LTqHS is studying in <c<DP'Zo{'Y0b2vZ9Reg/r}urc.@DT0g^S4+gN.Hq,]vwIhw,ma[_Pf:CL)z}c8:&2o@aF$%K_0hB,JZo$VLDMaH!3]U|/v
=d53hx^{\,J|SQS^SPP&`yWH{uec&jGP`9uMbxnKCJg1y:e?": is 103 years old, and is Female
=d53hx^{\,J|SQS^SPP&`yWH{uec&jGP`9uMbxnKCJg1y:e?": is studying in I{:3[F5e+/I$`Bn_9*pv(^
n8JV:jkoa is 190 years old, and is Female
ZF5>>A^muqNr]Q5|g]4S^{&7F|.6BHT=7gF6Ci}NkszF9lM>- is 7 years old, and is Female
gsux_g%'/Xi4QQd!t8_L.XcG}1d3NZM'V is 4 years old, and is Male
h}";1:s#t3xG.N.z+n2v+)6Z>IjT252voA*p|rd_<-kLYXxlY5Y37>So is 63 years old, and is Female
h}";1:s#t3xG.N.z+n2v+)6Z>IjT252voA*p|rd_<-kLYXxlY5Y37>So is studying in -|!4`XSnA{+zJP1vJ1&\&&UB&\,,RJj64ay'?8%FY37MOoA!qz6F3BMY]2XD&8.kuq`
jtFJ}r8}>dU+Whc[[9bf5*zP`W%c/y8HZo&[99B+?*-1qM_d&;I]@`y)JZ=;@uvu|.I&b\|H.LiZ[}( is 65 years old, and is Female
jtFJ}r8}>dU+Whc[[9bf5*zP`W%c/y8HZo&[99B+?*-1qM_d&;I]@`y)JZ=;@uvu|.I&b\|H.LiZ[}( is studying in m[
KT[C0p=c^(>gH_'ZjkOOB<EQF27+ is 122 years old, and is Male
Ft\L;K[y%M:@5)qg9X)AGb")`F0$ is 17 years old, and is Male
:bn*ox`t:01iN{PU\:f4y{"{q)p[?)`!`M]OI3XiDY&^Lp`mcK+Bf2!;\A264RIkeC(<;u.S-A-\f;Gn|c}w8B" is 31 years old, and is Female
:bn*ox`t:01iN{PU\:f4y{"{q)p[?)`!`M]OI3XiDY&^Lp`mcK+Bf2!;\A264RIkeC(<;u.S-A-\f;Gn|c}w8B" is studying in PI|?1/%&J*iY>F]y"!R:
r<kpZi:RF is 162 years old, and is Female
r<kpZi:RF is studying in q+oNx:6Sern43&^D
"{$r%GJqPhAca$)}wfq6s*n<egD9JG`v@lL-Cr,A$?ml`Zj"h`dc.1+<I\?H'.Q"qN*92`<7L:%}DrsI7<`Ok[Q7{Q/&m;5wL is 98 years old, and is Female
[hSwt@^xK|mYov_^w4d[ot`'@wDOJX`9W#FNr,AIenREH;?H4l"$,@L6R!jnjxD0RwS?:7zEUVaM9$8Gs3R| is 157 years old, and is Male
[hSwt@^xK|mYov_^w4d[ot`'@wDOJX`9W#FNr,AIenREH;?H4l"$,@L6R!jnjxD0RwS?:7zEUVaM9$8Gs3R| is studying in ^7u*%Lmm-;-/x/bKY@!wMWvC,S*1LE|#}Ic2^-:.!'nR"l<z1;{T\F*y:E1JC9
|{R6>d);}D9ADs+)Qh_4eup:NTKP]V$W|K2NLF[rm,X7^J;Xg)6)wxhGNLSOnW'r<8{l9 is 78 years old, and is Female
|{R6>d);}D9ADs+)Qh_4eup:NTKP]V$W|K2NLF[rm,X7^J;Xg)6)wxhGNLSOnW'r<8{l9 is studying in ocPoIoJBy7yiUL[^%g(CQRg0su!QfAj2w)_YWkHc0D^U2Fx.ueF-4xdXF
HX0QDpM/^CVoU_G(_c}UX"uGUh^@Gxjq>ixPTb39UY@BRU1'z+0gw*%?x,m`x[129y:LK8"haJ4Uh&"VFQHB is 77 years old, and is Male
Q)`bt^UQ?3j<Q&"U;s@?!W^WL186v%&PYswJw)3Lg]@8,2N-k9mv[${rb2P- is 111 years old, and is Female
Q)`bt^UQ?3j<Q&"U;s@?!W^WL186v%&PYswJw)3Lg]@8,2N-k9mv[${rb2P- is studying in y++P<8^@d"O->K9L3w[lx&KVtPl-yqB.
6(U9'A@5iXW is 99 years old, and is Male
6(U9'A@5iXW is studying in ?+ns1(.G9adk-?.ZFk
gZ9Ax(}G0*K)8{ga1CYdv=Wxz]Dzx4_3-*pCg7#+Qe'x&@[&sWUF*v)9n. is 13 years old, and is Female
gZ9Ax(}G0*K)8{ga1CYdv=Wxz]Dzx4_3-*pCg7#+Qe'x&@[&sWUF*v)9n. is studying in _g&|=<W4@G"Wx*HZEWT9:zUquMwfS:Ig("YRVB\9I
LN_f2gL?@m:0)emwSgLOltq[WPz*]nO69l89k:7=t1HHk#f is 56 years old, and is Female
#STt<=HDuy-A_S?qmD0`|_YQL+KR*Gi9f-ECU?vU0!<ND|9o6En;\?mff*WV#&&VDn_QMS3u_=4`B_0 is 174 years old, and is Female
8vJ$;_3>Eynj0Q@.|ZHa##f6=I/!%k@0,J< is 97 years old, and is Female
ymA]aLs9.PZ<]7 is 170 years old, and is Male
ymA]aLs9.PZ<]7 is studying in YtG7wpgi2Njdg:[-G#qX@o$}xMdiQ$lSN]{Tw.F4"H#8BwWonRvcwe4H^fTCz8w,Ft[znfqg'Bib`
?Z7RvDXX3WgB@Z%;*,N%b&2'eD3+{_"C0]N]+9u8k)4yhBg:K1lRiaCz2FI#]l+a[G:H|rj+l is 194 years old, and is Male
?Z7RvDXX3WgB@Z%;*,N%b&2'eD3+{_"C0]N]+9u8k)4yhBg:K1lRiaCz2FI#]l+a[G:H|rj+l is studying in o:+GXu7Z"#yrl2k>;QG
Gh is 102 years old, and is Female
Gh is studying in i>Y[)z!`Bn)EiLd/sn|JGJtTgg46mC[yK`IpD:tn4uMb{AkDfK/SU^61iCb_1-#u@(]?FC.f&}RrIL0FC%]RBa"0Bg8z4MA
1r is 81 years old, and is Female
1r is studying in C*ekB8oAnr]2^5\*MMV`4jOL"\\vhiF1bAEqkN@]5K%Y$&@Yp5Yj/j5TY
a/=\QFr4ZETRL^+tv9_Is5S[ is 96 years old, and is Male
a/=\QFr4ZETRL^+tv9_Is5S[ is studying in 62@oEc>G4_IBGfiShU"|
P&J\D%_pEyA&w2dl&eZ\B]8}Bf<o\|K}+kT9J@V9@(4'b*Oo|;fG)niD8sKTvzUVzr5w_&=sjtPMbb/}<:1(`grmcI is 134 years old, and is Male
.F?m9ZEGo*vnpP-gxyNx0HXlY&9^wU$%m5lyW#hF%g=Ef(95g[g-7)$>i"_PI/n)WGX8a)OTvu%eC4PI2' is 56 years old, and is Male
fSiFvo2Y0JCR=JqWVr\Tz+pzpo is 41 years old, and is Male
fSiFvo2Y0JCR=JqWVr\Tz+pzpo is studying in pa.'o5joGO&h9j.TAXoucs3`4p\ztz$8!cI
9uUtXp#WekCG8bDzS^RC`qe+7W#,wYbi7iBq\mtUpF.+=O`SW4(A/iALp02\mg@eIn_=ay[Z[_)d<qYI^X.XD is 112 years old, and is Male
9uUtXp#WekCG8bDzS^RC`qe+7W#,wYbi7iBq\mtUpF.+=O`SW4(A/iALp02\mg@eIn_=ay[Z[_)d<qYI^X.XD is studying in :[cekc4(+C6'gMQU7kWE\shU)"nih?y2=q12Q:N)nW?(
`bDgFK%6Tz_zFN4L?]DiOUa;X'utFK[U%XW&e%q!v#r8"b8Ut.dJ0f3:wk`M[T1Vv9/x]90y+r\L[XTTc``R;hQ_vE8vrN@J%A is 60 years old, and is Female
`bDgFK%6Tz_zFN4L?]DiOUa;X'utFK[U%XW&e%q!v#r8"b8Ut.dJ0f3:wk`M[T1Vv9/x]90y+r\L[XTTc``R;hQ_vE8vrN@J%A is studying in M?EL]!(y4KDg1hGMdEDM)Fw1.%q[;5wUXR:A`%#z)^*MKN<g+de;$1@;$[9eG|rVi*E8K2yFAbQ,b
k;b(F|x\7%5K4+Vzv,Diyn2z is 125 years old, and is Male
yk3tU'@?pIG{__4sWL2SDf@SM-72Z#Q}fa'DB|Z!tH<Wl|{M-rMKa/`:9g`\. is 91 years old, and is Female
|Eqzeh;X^8@i,PzkzH9P}XW`zf\_hHxHoxtH>M{:fR'zZhA</%,01Y/ is 7 years old, and is Male
|Eqzeh;X^8@i,PzkzH9P}XW`zf\_hHxHoxtH>M{:fR'zZhA</%,01Y/ is studying in mw^%'Iqo;HgmLGJOiG1[h\5gdb<//poh;Ay
wK#>>\-b>!Oja'WPY4Gr]#bE@rJ7'73`H=}s(;Zvzx0pw0RW"C&o#c{IW8|?6B!e;M%X"D?l](qVk1_r(Fu&y% is 23 years old, and is Female
wK#>>\-b>!Oja'WPY4Gr]#bE@rJ7'73`H=}s(;Zvzx0pw0RW"C&o#c{IW8|?6B!e;M%X"D?l](qVk1_r(Fu&y% is studying in A]%WNL)>+,5Gcp{&l;rr6X[|C2)i!@6n8Y,<)\c8^!=4]dTJ}bOs\g27-tq_tDENxY
^"$(AtTsC#$$Si3v{AoWwPAMXQ! is 11 years old, and is Male
CLem34F)5/+\-bEkMuv"+L4-s_>Ph"5$VY,[3F5A}J^|S_Ase-)^IV`M(&)Nlk_aom5D[pk_z@ is 191 years old, and is Female
d{)&Xv#tpyLbNyH3<$?pvT|L$Tv^,ob(}0\A is 17 years old, and is Male
rV>{03v3jC3WD:BWy"hSVA,3)PgW,$)Ch5^'NGpxZWabmj1(OUKuJ%bYxwmKa*%vp is 173 years old, and is Male
Xhi`%i/+>w*ZO2m+x8zejy2SYholGD&|%H4*u!@?8rJG`Fk5BncWdJQ0OivvjVs/yi;Un+&zB]PI_IP/\)Y is 187 years old, and is Male
Xhi`%i/+>w*ZO2m+x8zejy2SYholGD&|%H4*u!@?8rJG`Fk5BncWdJQ0OivvjVs/yi;Un+&zB]PI_IP/\)Y is studying in y(_P&&UpTgw*F3E2Fzg#I\=!g
p;SUf7>\V;k&)8i14/{@76vT{8P?;K1 is 184 years old, and is Female
]Tpd.kQ82A)oyCwi is 30 years old, and is Male
n is 131 years old, and is Female
d@1>$)XnS78SDp|EpU! is 195 years old, and is Female
l)az=Bob6VLaQ'0VEcaWWoDNZ^`9)v%"&20uU)B,@nB7jONH0fW;c+NE,h'$d}7D(AN5PmVXw2w1qFoKeNCE[Q6BF! is 75 years old, and is Male
l)az=Bob6VLaQ'0VEcaWWoDNZ^`9)v%"&20uU)B,@nB7jONH0fW;c+NE,h'$d}7D(AN5PmVXw2w1qFoKeNCE[Q6BF! is studying in <Vft"?A9#0]YB4$GTP|[|
UD*oCU*mb"G']x@?$.Pf{w!&=1#ccU is 40 years old, and is Male
UD*oCU*mb"G']x@?$.Pf{w!&=1#ccU is studying in 3Kr8&#[#&vf?KvD(cPM!>($j7Z+^hfLh6Yn*!-;7wb['7mSQ}W
Fr-=,,4k_Qt+6_f_TX{}Mj]=d*-FksV3i:TGBkWXR is 140 years old, and is Female
Fr-=,,4k_Qt+6_f_TX{}Mj]=d*-FksV3i:TGBkWXR is studying in seBBn-.uH(o|%l1}OiI`_d60r9.Xpt\$TKFf'IsYkm#ft"`,\tIT$pw,C*jIl3)RbntUjb
z!X|_[lnY@e is 124 years old, and is Female
FG4`_c\;6_-r+ is 136 years old, and is Female
hC@ is 75 years old, and is Female
hC@ is studying in +3kSkOe=pX+!y/*xULI6StN:{YHZg$&``4|^0)tU=S}ud|ftohK1}J1J(:vq.&Pz{Y@vIH?cZ)FBoV(HLq'FzFW]I@9{pZvtk'(
Xs"K>ZbJ[zUll"Kgi is 199 years old, and is Female
Xs"K>ZbJ[zUll"Kgi is studying in crI1M03!#='J#B7iED6WPX+>I8'?uAvq{Wr:f@{l8^L$/}U?|9,#7+P4Bv*'(0/'`]
6\Oc}|e^ is 17 years old, and is Female
6,GNZr|Z,Sq,99gue+I9Q!v)sB41V;Bx>(o.i^A/`zhu3sCXSkb:S$-n-qv is 2 years old, and is Female
6,GNZr|Z,Sq,99gue+I9Q!v)sB41V;Bx>(o.i^A/`zhu3sCXSkb:S$-n-qv is studying in *]vGsw5j[F/Y`
.yjPoWJCG]T is 146 years old, and is Male
fgTn1/>dyP*^ie:NeXKaElUKJg`<<;c+1 is 4 years old, and is Male
fgTn1/>dyP*^ie:NeXKaElUKJg`<<;c+1 is studying in )lK>/Eo0@(v6jbX|p$U;zz1,@y+#uS,CVcu6n7=R]g3n_\a{0hlz|)qy9HOM!lZ-8qqrTe!"lkJ[|fedI;C4mUj_},vYV
x2*\':^jnQnMvsFuZem,-Sz@.NOr;T;Z%SM<5V<{xE*$[qjYJ)1B;rU=`v:IV:{/gD'[nneaVy>m-T86.^\n< is 103 years old, and is Female
x2*\':^jnQnMvsFuZem,-Sz@.NOr;T;Z%SM<5V<{xE*$[qjYJ)1B;rU=`v:IV:{/gD'[nneaVy>m-T86.^\n< is studying in cM12o%"{?7Yik"p?t8wR9@5SfKk%NR^8503/<liOC[BW'+cGtu#7>(|JY*PeT?S
ix8_F5R32e[Kf2iV-[U*BP_)uhJrwFou3|)fA;*^P[K is 156 years old, and is Female
ix8_F5R32e[Kf2iV-[U*BP_)uhJrwFou3|)fA;*^P[K is studying in aG6-^g://Hp88$C:$=&"]O8
AYC is 15 years old, and is Male
AYC is studying in |87vls|)u/xtd0xT^LV{*aC{o<t_>v3*GLJtp=ZN-My!dY(`xWY**{ln9{pWrkYZ
njg.%zbwh[_X/)1B*jK*2n-C7 is 153 years old, and is Female
6y!M^gQ'bC,^2yONr" is 91 years old, and is Female
6y!M^gQ'bC,^2yONr" is studying in bMR!e_\E+%d&dfjVDf@Bw67j&Q#-(v@J{kgQ'7S8YBzMgi.,@!=
99Uom%tpVU7{ is 157 years old, and is Female
Zmr*3XPX'{8FDuH%Wp"eQK$%xu$u&^DdubL-7$*yhrJ!ddZ is 25 years old, and is Female
RyaT,VK^H*L'?g2z!&!ddp&8/<Y/eppu is 27 years old, and is Male
RyaT,VK^H*L'?g2z!&!ddp&8/<Y/eppu is studying in m-}s5m'3eL($`C(w{rpR-*mu2^y#A4dE'Azm=lU9}j&8x\m0&()cQ+74,G6`[QZ'gg4&!3c,`?s9=
zPaZ_\Eykk=8@8#Yh:QmHyqKB_E@;:OdV8qfh2M,EGy8+kM2LXgi?N0 is 51 years old, and is Male
8TqS+2w6DE,30RX#SPyP/^Vgb\RK(c#S-uZ@x:oZs].|PUSF<?9M?]GS{V|%^@nyT is 76 years old, and is Female
mSN5^DP]o)f`_I$%u'K7<pz=AgA-GN@4Ax}"(tx%G$h=Ck;m9l`',Y3k;|vsEQ4lhGh]d9uAxhk+l[C_99a8l{y+,_ is 99 years old, and is Male
7!9H{A,}y*@HIm=)ESv5U`?Cubos8>- is 49 years old, and is Female
)<zZ;:q6o0w'4IL"gC)6/sD&1MFRfbt"L}EozxkoEvwS)eCxtct04'->*9YgD+fge1E/L:sYK7D%_T!YEc1=]hEJ4#,TrY&j+1 is 8 years old, and is Female
\7$fJ8<3){B6M.9T(P?{)2vR is 55 years old, and is Female
{FjmAp{60,kBm9@Sv`#A&%RIH?$xn{J"E{Nk=NA(B`{-tG+-mOe?>{6 is 96 years old, and is Male
KT!W4{w`wgk^f4,H:cZ$?"U is 157 years old, and is Male
