FCrKhxc*3*2t}0I=xO-Gn28jD#B?Ysw$,YTV;B-s^@^>(f4VE is 69 years old, and is Male
=5$&c),TN"q-_s+'xyg]Bk^{n|.!>%|;z-7>Ys\_5AIMXVy#|4'n%b]E|vM;3Sz`OTH0yO%xOZ*m"Jk&dBzYqS!dF${" is 187 years old, and is Female
SCsjn"H>DrGPbf6M<=s9xwfU#r9T9I)43IzY) is 46 years old, and is Female
i.xM,p@kgXfJ#Z$x90.*<5j-+F{I*JlI<9N!'$UP_[O.<@<h.o is 183 years old, and is Female
*vj6yW{gV\Zn9@5rQf#xR(aZnif?2[+9:fSDhD5ebUJt9UQkr3x"(}bLchU1./zn<4[ is 195 years old, and is Male
+#.R8_[O`*&`={]I6}J95!_z_\Y&[9?:XG2w}m_{.G0j is 39 years old, and is Female
>r46P}tePUa8 is 36 years old, and is Female
qyW5tM291F-2vqk{Ry{y\`yn is 30 years old, and is Female
peN=-m/ygrq8au&5n1\;J9=9ewjyx"Dp-2=qjbB3FXes@=I{&GkMZo>^&BtFvV<+\GKqu#?RR-fNHu/\"L3\}%SxDWdm*Og is 153 years old, and is Male
.)AuJq.u\xJiWZi\d(0J`_miLD:x>G+c is 123 years old, and is Male
guzS;#r*^KVW>jE8H}mAVkYX7G-PRjz64\;fb8dgDO15-C[>)XITX>#!BktWX#;O1(WqQzPs$&|dh$Y4vC$G({v|W is 2 years old, and is Male
-#:_`QF2:7a|*p)fFpk#h&csC8obq)`RMIq is 112 years old, and is Female
0{{wD#Gco-c9E6I9o+cbpQ7B;%wdH,YgUDXZZ9a is 117 years old, and is Female
tC_,>l1d3r,%Q^nXQ7P4LYY_P`dPdP9AI)aVV-*OB$^9B*='+xznz is 28 years old, and is Female
!7F1uTfQ*fOYqL]rrDzD}oa'z;#p8n(8OXuB0>X}`;9yAi<2#DT)A8Rz%\*N*:7cx\58NimHOjLc#3^WT^%-=Z is 140 years old, and is Male
;?>1O&GBGp]O is 119 years old, and is Male
K6sD"Z#}Poy&m?m7q.pK2Jx%&BAv_,c=zH{_gPx(o=|d<[83B> is 153 years old, and is Male
jWaYtU>_)H6"d+7diQuc*b%DTm',2ji!j$.A(r`hu,6#zzhE@\yOGIhF#t?;'jmSrx']?F.i0`_/CrWa28>T>df,g@+ufHOB" is 50 years old, and is Female
s7y*bh%2"f!1rgHTX+z,bSL;(Q*+CiU:+9^a!b[oV!_Iimx.bZB[Im(lJEL,(_:Um8Mdy0[W^ze\2 is 170 years old, and is Male
@dvg,RSkFbGL!W is 135 years old, and is Male
W;mipiK is 43 years old, and is Female
g##(;)7n3qf7p(`dzU_/*6pQDpk[U4K-IcmXE*#!cof{<,K>v_;H,r>|bCI.@oP<:9Iu&Qk#j/N&;w#TMC5J2[1*BUG!k}0 is 178 years old, and is Male
>r[bm\knU!#0}pQ5%e1>H6#*G@p02p;Qy6c''05|ZV0wOix5ZS&-e)Qz0WfOZF#j?i,2dMjBaf,Wb#?s%Olzu is 64 years old, and is Female
La6BX1Y,[bQ_H^{=w/NHMPvEDliWFbV3:2IoIIf+6_a^hfpm]*.pa*V%9W%WqTdq[lUAG\5y>:zU'nXpkGlg*h is 189 years old, and is Female
%[Dn(Qj+Gb([/} is 139 years old, and is Female
[VcxCW{ is 95 years old, and is Male
;s-'O7@j)pzuZy%a:LvmD+SIjwq='H!bjGljVY+[Txn<f=Va?0W"Lc#lU%O0[!|Pan0y is 142 years old, and is Male
`/8`*yeq is 34 years old, and is Male
%R-:(A=}y|kJv9bd78d:X@Pa>" is 142 years old, and is Female
=B!JJ&UXd^CwzrGhRz;GekV^+7"/[C"y'a@ is 70 years old, and is Male
{,,*P-9W]q]xXqTmDpDUt@ is 141 years old, and is Female
E\7w]'l{'<Gj@!6Eh"HVRh*3mhK| is 73 years old, and is Female
jlJFo%ovPRQI1|]]Xly=]p60jZ0>7`.n55_{5p.o; is 169 years old, and is Female
oO>er%>8=@jr-'pg6["9'j$mQ4Q-kDNhxp<[+\aV+8'1THR]G*6Aw]ERR/$fcV1FJ+G0[#H4J+1hFS4.h+b^hNhftYpm9Wl= is 85 years old, and is Female
6o"1.Ex!\B-&ZZk>]-AZ>3R<<uV=^..+9o_LEK<Xjabr is 143 years old, and is Male
LK*I0AV&d#NmGQ'FwoeHPs"+-Ye`.85[qnyc5z1ldN*(M]McL;=-){yDQiRsH<}|`PoR:z[sC!cilG;[:bd2u6qAxat25k is 168 years old, and is Female
(hRK@@>{/jpgBllZ9p8:CHQ\oyMV3&/ga}1,{WLgaQ?!a_?.Os0Z(L}*9 is 36 years old, and is Female
+dB=.!wx?6jSEP*"I1#N"Zc8sDobgxIV*e_(PVma%G1""J7gx(ZX09vOLlzEU1G&Q+wT&eZ is 94 years old, and is Male
ug*nMku<wpF+z_C1zA2<"9'aR]t[j/n\-xW}nCyz=*zP,S$Hu;k?8,P is 125 years old, and is Female
4<cq0RGfGOqz1-\rr>!k/-c:=Kam is 181 years old, and is Male
}B2<3sLc?g`{vb+"0>M7O!Vj)<CHbjQ4Xe`Ti5A6sl$|$xJ|SR1Z03[jY/*,|vG<ne-xD)) is 109 years old, and is Female
EI%Dn$Esqm;u,%,x+g!5CBm)? is 173 years old, and is Male
E+$!&U!Y4xBO%#JUoB4IP)sOd@^S<Bsj:WnMi*=oHCC;Ez< is 60 years old, and is Female
PANzpnT;&?v<'6D/mlo1}ojL`3q=egu>Z7QO5 is 75 years old, and is Female
>}&"z(6)A<aS35c2iy3K}KxxCNFJ5f]/1G|s|[$k*N7HJF,Az{0)J;5n.uO_BcuJT3g}cG?mRx]|16K6#P{EPr[lh=6v(5HC is 128 years old, and is Female
6*o}#LEz<%0l,1W!w{Xut;c=<-4+w-vm8h3,aAWnZNRH"-aJJQX>xOpL0n_[0;f&=S>@$il is 86 years old, and is Male
qaysr*jl,8\QdUfukKYf?jo{nUVPL4wF[K1+DU4(yVQ is 103 years old, and is Male
-2cdz2<+E.%7:F>Q2F_7x(]iI*|jA`IsWHZK is 2 years old, and is Male
/lUT9-[MH\w1SVWHLDS=N-CQm-akj:Ufpi+W:h(9c9s!<2 is 23 years old, and is Female
#iM3xD$.39w0Ri0:lV2ELLt.eX({$Ri0kSFf|hN4Oh_0 is 70 years old, and is Female
]PsT is 134 years old, and is Female
fo is 5 years old, and is Female
$yc@k#ki]h\r-[D?&6['k"6<i.*V/xG@byx:h)mmpM{ is 24 years old, and is Female
D{Q64(#eKV!:Z5<Nzt%(QNWGs:,CsX_ is 17 years old, and is Male
aM"jW*Mv=DQ*\o9|?d&-Zi!/Wmhk}X,D@h;;"+2Ch|xNv*CvG!9PjEck!cgc^g> is 154 years old, and is Male
G}b]a0v.=D8k0i[ is 70 years old, and is Female
|,`b is 39 years old, and is Male
O\OO@X(@+om*KKJF* is 199 years old, and is Male
ZHZ;+:I"#"*tl)C6Y<X2{Hy?-M+li0`Jm.EC`\7LG!S+Ak\%5Pj-DX%ylr`1O>RcEatB)NYm< is 30 years old, and is Female
\2<K{%iWbdl2}FA]-4+5M.o1[/'wl,{[hG@]m\qAd<jmK;: is 142 years old, and is Male
\2<K{%iWbdl2}FA]-4+5M.o1[/'wl,{[hG@]m\qAd<jmK;: is studying in tmIaSQL=|-."<Jal)^*#+Q9@7G*w>
,*3hq[o+iFCp@vUp{<Yu)`RV is 78 years old, and is Male
y)!0:lyCh{:4mQL2Pyv>$$N",>(||2lp!zSu>7["-|urFL^Xr,AYIS<qw<OB>x$Q%`>#f[+N is 194 years old, and is Female
#`@$$R>=`UG\E@l5J^Yg@EwfXx." is 156 years old, and is Male
N.(g!pW}TzqF|$OB%]wV is 200 years old, and is Male
s@k:8?d>?UPc?v_z2,ur$Bm7vG6QZClLnen_Cq2Fc[- is 32 years old, and is Male
a!,iR|5:)m@,y@$yxl%?DO;mN?dI}O.(*|.E3Nsib3JO7cs]2CQ6lT$B$pa6Jq=Lw6 is 169 years old, and is Male
a!,iR|5:)m@,y@$yxl%?DO;mN?dI}O.(*|.E3Nsib3JO7cs]2CQ6lT$B$pa6Jq=Lw6 is studying in ExmwjD=gV\FF<tzP[cnk0^M\GyIMf,ZlQA80Z+ml>gwSM
eIG}0MQRw{Ape<8=yr%>)^SW7>Z=jOeVhPD.];*-Ep.2UDHgtIUQg,Y*Udoh_wKsM+y;f%;{UJMHE{%#Gny<{5%m]e:3'|5/Np"U is 196 years old, and is Male
eIG}0MQRw{Ape<8=yr%>)^SW7>Z=jOeVhPD.];*-Ep.2UDHgtIUQg,Y*Udoh_wKsM+y;f%;{UJMHE{%#Gny<{5%m]e:3'|5/Np"U is studying in "\17LXHt_n:Bm;!*0G{Ro1bYN>lY,yRrUnSx.y6&H
djBT,/]j3[)C6d9Ah&p`.)2AoPy'FOdjf%@MHcaz:cu{Eh(aBHK?EKyDUz%sr{871yq"-2WH[iG/m{Cimw5jB8j* is 73 years old, and is Female
M"SMpi(Qw/4ks;SRd_f2't#Tb];y@3y&Jyp7}+48zkuYsFb3 is 66 years old, and is Male
%10|%b6`#`HTOw?t>?/i?qq%9)*|sZ.:LY.:[@v;gI+{:P+R)w+d)Wa<&OB%)sF^>r#Cy5=INh3/p0/H is 45 years old, and is Female
y*${/Oe5j^.-S%Z1Bm\)u_\27JK5!!,]|2*d8k@[Rc.GXhfG/dLM4jHt;X]DlmR$B9y is 126 years old, and is Male
]};3QO8k|reTmEw12'mBdQYnw)$I,}b|m7+5]H4LQZ&D5#3s)t|M0eXa_wUe,fE#Sq!dW_H'-/]=wu.#} is 103 years old, and is Male
]};3QO8k|reTmEw12'mBdQYnw)$I,}b|m7+5]H4LQZ&D5#3s)t|M0eXa_wUe,fE#Sq!dW_H'-/]=wu.#} is studying in $v!95|lhW<BOn1*c"K)TzwG2vq2]ju2-FWD&E"IJb`,Vfn?txG^r)L'}(\BcsrvbS?!f&@#Fy6$JqWE%e)ltR^vVNmZfa8uWPQ'
)cUUa`?C%TP*}<6j+m/@O\F*eHUnE is 78 years old, and is Female
^3Y.w)_OzVqBWpUDiXH:xs)Eu&Wzv|4G},(6Q[IhIbi/.&Qnw^Wwz%+i0dcE@6KvHt%}]3'eWO|iD\ci.xv1"u>\&49f4jI<9\r is 173 years old, and is Female
+EL99gOeGO<^bD{]q]JOE,wp_!Z3Rs+w=Ec!K|hoFHe)\4Xg}4CPLCdsQdh5t&:J|WL-p[_(br6a is 185 years old, and is Male
L_M*SO)b is 62 years old, and is Male
RW\r?fLx^+JiJp|ZX!@D,w]2N66lmL[xEvR is 18 years old, and is Male
RW\r?fLx^+JiJp|ZX!@D,w]2N66lmL[xEvR is studying in fa300T;B$qQe'R]v53,TtvqBLOf|Ehg?;sRe-YM;kB5093JJJY:4G
/,{nHw'%x8k=?xlyiz`OyXrMxF_{MadSRbb+}D@nH{lOZ6_9.wf^XxaT<O[TY2SxwYx0v>Dq is 35 years old, and is Male
z{Xsg$@gAyG(-+XVYbjf/[&Q9-P!j]|1z5I"\}P[qBDBG<KY% is 165 years old, and is Male
,qmi@_Jb%K|TR"0#N@e`]B>j(:KB%Bk@`|q,';xu4!|g-k'<}&'PaS?jpx.DP=[`pp4{:iN^qCE18m-:dFt25\%Ze!%)#nl76v*# is 22 years old, and is Male
(EpS^kx is 87 years old, and is Male
"Ijkmj30;L6iwwS<0L:D(|+h77.E(H%m[<NBEfpT+b+L< is 81 years old, and is Male
c]uyJj|fu4d?"sjCbvTbm5?!GGY%iH79qv8]{G'zLt> is 194 years old, and is Female
#UHJlyu<v5DIU3'S&E..Cs5[v&Lk[-LB13fG%/'X#:5 is 156 years old, and is Female
Hb%mRS;I(>X5c/5.+wP,{rv`63&ok)lMb<M1&"IYvXM\Xx6HiGYl9^exIH8 is 90 years old, and is Female
2B[(]6?5KBR#rKj/!{@">Uk[85)vE5CE(o/8x}Ij"g3{O_t:'O8Km^XlVw$1T=Ldb`plkV\_+ is 43 years old, and is Female
