LTp=}=)PaY@Z*Yp!+H[Kz2/U8T+ is 21 years old, and is Female
kK'9nDpvL.SnN,C!Rj"\3&TNCc;jx{.6^Zfi1L&AJElf|9!DKHhCqe_zq is 167 years old, and is Female
p;&c]B0&;z_:N8r|,!Su'>^ncivBNWy9]rG.k22bG-OYRUc::pb$XKo:7-Gp+V\<BN is 116 years old, and is Male
K<x4yj@]2w&,GZ5xyd.OS.\JAS6^tCkT%L6VU_%oB9T++92L*&Zxs@zGOw7#B:a}Ip}ZBRe{-' is 127 years old, and is Female
kQ+5qWIVO?n!nq^8RabrZJYo<7lw=5p29G]?K1sd*ny(s<u`O+/XFW.y0vXB'.'+N`SQ>]wW.H!I* is 172 years old, and is Male
f]*K}/lwv/A1ML9c%wBEB:H,1e*hiI{!1|kOH,SfrhAV+%cq3R is 126 years old, and is Male
{?a"6Q)D7]cq#E is 186 years old, and is Female
{?a"6Q)D7]cq#E is studying in DVKq}FtDN23Dx1L8(1W8=|@0pEb*L49<9ntIp,D_s|UL$#u!FsJONlk;""5
.0TDJEr]N5h0v is 101 years old, and is Male
.0TDJEr]N5h0v is studying in jG+Jmm)Hy+YpoEfY
/zaXc1$)!\}-a"_ShE-M(8sTQM;k@sW!LNC$P is 183 years old, and is Female
'XrBp|O59Y!lD,;Ous{+ZQAM&s3Z^k[FG*%4CyWO#nGv1a&8khaME4Tdi7ZJL[*Gno;OxTTGl:[@Clk_X|gg is 56 years old, and is Female
'XrBp|O59Y!lD,;Ous{+ZQAM&s3Z^k[FG*%4CyWO#nGv1a&8khaME4Tdi7ZJL[*Gno;OxTTGl:[@Clk_X|gg is studying in &i|GGb"Dk=(W^nc;Qs2`GeMy8ICQ8<j3\s*|}EK6@UzEliPcgL2r(-D`oz9s:pKEM+z.@q(S:e4>zbkYA8BD;`107=lq^|@t4
.fN03feu#^\|{H2[$!>'lmA"=:8{)nA69%X;6Ds.3vn3E<$xRpXRqi&<(b0To89YVd*rNTXw.eQz0PtMgu`D}5 is 37 years old, and is Female
#t^1$K+=^+070A3943%,9KH`p$KFx`8nUhqG4n=@ is 110 years old, and is Female
#t^1$K+=^+070A3943%,9KH`p$KFx`8nUhqG4n=@ is studying in qOI])>#kL<(^,$9$1z@LB|fY@{T3BkzSR>XK>d-q/J&?hEXQ=l(ex7wsJN_SiG2Z
5:gt=[K7X#.$+b{ymp is 99 years old, and is Male
SxS}7)14j(H=A<6y:"xf\l_\jRbo+[Ixu\E#SN\FJnM4$rm?x'Yl>)sZ}fGtA6Zf%l%7k48wb is 38 years old, and is Female
ib7E8m-< is 144 years old, and is Male
ib7E8m-< is studying in d-!wW3KP*)081o<"U`I{/}'XxZZ*W&:k{uUq
snajuPj8BTkCz<#Kmxsg}|%_aEQ38$w@M/'pEX&^c}<Bd:sx&HdVa},"Pemk,IFcRPL3R*<x8ySNAXt is 185 years old, and is Female
snajuPj8BTkCz<#Kmxsg}|%_aEQ38$w@M/'pEX&^c}<Bd:sx&HdVa},"Pemk,IFcRPL3R*<x8ySNAXt is studying in eAIM(H$BF2UBU+0WI;Km[+h5uc&x*zl'!bOx(U#%.{AR-3OoaEMQs`RXYz3pB`e`
1R>c=o}ba.N+?hBu]T#y)D`j'D^9Pi7MW9!78GbLFzSM is 140 years old, and is Male
b0Er1vA][*7e8Vn/Y3h is 50 years old, and is Male
c2}37+RW+VQ2aJ}PM$?{9>n38Lh;mjm6\@&*)oWql is 34 years old, and is Male
`.(t&D)\&8w@-Cin}ZW1!'/Y0LIc4"5ja*V9<DE&FWcE,K_qeDA>D-\$M1aq-?Sh]E1Etzh8q;lK[5f-"NW is 66 years old, and is Male
s,1%[_F>9Q)/98ZyS_pb[X:9ayx1OBeHw|J\;']ke6 is 1 years old, and is Male
D>-@kv;SfT#wASSG's;FW.Y_{F%wXKf=KGsh!|$Nv8RIJm2,\B\:#iNC"io`(jCQ;khFL<U>d+f.OC\ is 177 years old, and is Female
D>-@kv;SfT#wASSG's;FW.Y_{F%wXKf=KGsh!|$Nv8RIJm2,\B\:#iNC"io`(jCQ;khFL<U>d+f.OC\ is studying in VhXR/JZLz?3Gz'<r3DVZg:7cVqFG2oxrN7}9;WX#x`Bni&/Wx<cBV1>vG&z}l\2u3cK#^e[6LydX4BXIH,:YrJXR@&8QklEZx!]\
jto+7b<_>vb>ALwu"0#y*<r[^%<XLRKc_iQ=7r6a']au]R7-IGj"vm^mvBx[(4hA is 70 years old, and is Female
S+`6){oWjC(^)^2kf1IKqlds`c;f;^>'ka7+zD>78]B is 171 years old, and is Female
^o:GF"ZbU%o$qxM6lF8aH3LM<IvOfC1?&Q96(P}|Kk{bC}uVF.a.`v(gCO81xSdJn"Er?tCo'c/> is 29 years old, and is Male
^o:GF"ZbU%o$qxM6lF8aH3LM<IvOfC1?&Q96(P}|Kk{bC}uVF.a.`v(gCO81xSdJn"Er?tCo'c/> is studying in #NL^J>;6]eFc7pv"A?Y#!W@{6"pihg>[d;7v`3g}!Ey&swx8_Y=.ZVGFY%&8v$DaI=Pk'VOB[h
^?<x53d`]AN&!o[h:sZN`aeRDk}A8I/Z;&:O9 is 62 years old, and is Female
^?<x53d`]AN&!o[h:sZN`aeRDk}A8I/Z;&:O9 is studying in =AnDf2vo)?RvJp&-0Ak_7?"xl:S7iUNX(;o(\:s+/$K}
::2Oz^dcq&FfP5mS.Y07RDx"<VI1:OQ)t,v,zI,,xGItAGg|*k}}r@EG is 180 years old, and is Female
::2Oz^dcq&FfP5mS.Y07RDx"<VI1:OQ)t,v,zI,,xGItAGg|*k}}r@EG is studying in b,&t5N+BVL%ajkLE>3yEA[{^Db%k1PV[u@ZdrJfTMf?j4uc-_2Y{vtJ?gkw6PHg$SjEV
ck>J is 84 years old, and is Female
233kG^ihA)}HI`F[z)*,K: is 132 years old, and is Male
,nz[Yi1V]%'rys4iy\0,UZQIoSCl.xm)HwaYFA;SG2uJAgw`[d|OtN+]i2@=!Wc|X0}6u$\J('4%Qr is 143 years old, and is Female
,nz[Yi1V]%'rys4iy\0,UZQIoSCl.xm)HwaYFA;SG2uJAgw`[d|OtN+]i2@=!Wc|X0}6u$\J('4%Qr is studying in p2|99]+/EK?uQs%%FYL"P@fcV#4Ti[wh*#]e^>DOh/>UI1^Md0klDM)@mk!dRNg{!h"5ZEs'e
e)3mLfNT]Y{j-7S1I,<YPFFec{\vq+}e?)10h5Sq8?bUXj= is 129 years old, and is Female
nRH>^`dfB!kR0TFsqFe2zTtfFU\v;iq:LA|Co` is 41 years old, and is Female
t2c*+{Yt7 is 23 years old, and is Male
t2c*+{Yt7 is studying in ^mq|kz8aX!Qn@d@1[vjV]9]m^j*_N\k3}\#5v`(-daXZYo("DszH
Y2'!C5c83R'TMVpgL9h,!/j{D06E!=]_j0B62b)lu#?%!Gb"#T=4y is 111 years old, and is Male
Y2'!C5c83R'TMVpgL9h,!/j{D06E!=]_j0B62b)lu#?%!Gb"#T=4y is studying in )k3ds(OO)"9$f/{";up3-+8N><zu/S0UUU'.2&njIvb)"F;ik*IYjDRzn3]"{'jex(3'?%Yq_E5!1UurOCcTA}
#)cQt?`1'Lj,m9'K);1o2`X.isw7@o55dxi]6iOY,<7HpMb/N4fd-/2Z#f6BfG[KOw!H58@iI4L-}3 is 62 years old, and is Female
#)cQt?`1'Lj,m9'K);1o2`X.isw7@o55dxi]6iOY,<7HpMb/N4fd-/2Z#f6BfG[KOw!H58@iI4L-}3 is studying in '+N}Qa]/blV`Fn.W=|(t_Jtv
<F).sR4{qlD4@4=4CLHfiCuC1jaJ[:a}r;3g!Q07xg^x#.eNxwT%PvkV5vR|8 is 172 years old, and is Female
k7otV/;"(nGp4c!cTvyaT-j1q4>"$$J#[`Fqh`1yr9%u8j::B is 41 years old, and is Male
A1\jRhpzc?(:Yj2sT:)("R[tP=xe?\GJM`gc%INSZn)w> is 143 years old, and is Female
A1\jRhpzc?(:Yj2sT:)("R[tP=xe?\GJM`gc%INSZn)w> is studying in (N)^vY`%H_v-O?"j8shV`QQ$VIr?+Q,/7tOG4@Pfk]wt7Rgv.O=3?i_
76.]{D[PF}c&+3)1^30x`8@vW9SA+X{2M.Y@v)0VZvZIv is 23 years old, and is Male
X;3staxcHKmn0Gl`@{vdec;L,Rxl$SJ|I*=ldvfI|[9RYQnn3p:X/?DV^*u;U-`<n>Tx]:DW-27} is 16 years old, and is Male
"gU,6|{=cbKElNFKivi@ is 114 years old, and is Female
1dG8Ac;C8argV|A\k+\a;R8>Q40uh:HFDex9\t%"zr'e^}G$M036cnztEAx7/Z1|B\@WNx)FF(O{_x,o is 98 years old, and is Female
1dG8Ac;C8argV|A\k+\a;R8>Q40uh:HFDex9\t%"zr'e^}G$M036cnztEAx7/Z1|B\@WNx)FF(O{_x,o is studying in .WA<z@Rm$LY8gzqJnU#j6<HCRfnvY+%'[Ouc<G<A.{D8.YX]Nrbar%xZpL9<#;]bui#U-EX#D`T`\|`$r_){]y1U}gz.h
d`/'ZDq]W|DZ#p1)J_r{WB!_(b>S-$%i!-VSWgLq+5=L}]r})w is 135 years old, and is Female
DZ\'$$SzPsh7A4Jpn0x|E'0(&=f<_?YPY%-y>0AmvB7ZVO_Na2F-qU}zDCuF^PAr8IULG}dWset5J:zO2jiD27wc{g':y is 198 years old, and is Male
@qEBLgriITcWjA&n@tmdN8(f_7fv/H{inkF8']Z|B{KA`_9NJn;l. is 173 years old, and is Female
@qEBLgriITcWjA&n@tmdN8(f_7fv/H{inkF8']Z|B{KA`_9NJn;l. is studying in uos-O[UO/ia^BV{<lXqv@rhMVKs"&bQ5[|!uI$yeco%I8l\x<$Ob1_3Qp^(jR`fsG8&s$)Ru^|$A0Pr'2b.Ph
pkYrIQsE9*$G!vf- is 21 years old, and is Female
{l'Db}RhBLi'`l$lY/DZV}lP.brS+J,)K.ugiW/s,`$G>Y_KJs9CEzN is 157 years old, and is Male
{l'Db}RhBLi'`l$lY/DZV}lP.brS+J,)K.ugiW/s,`$G>Y_KJs9CEzN is studying in Ob%BUyb($n}Z0Hh-tHPlE1D2Lgne1TY+{MNjS"Gy8W-brU%==oV\-e[-ub>d2jx@O[K4_Ngw1.,+\/M*MC<xi<Dkjyq[tW2&CwM)
#0&ZZK}78B4S6J)U[a9yxL/A/&CLl9pw%]eQ^FXl" is 157 years old, and is Male
V*wzAIM_9PB&yIL'/>,Q$}:P2awy8o6J>FgtB-6eBV]voGIg@V is 200 years old, and is Male
V*wzAIM_9PB&yIL'/>,Q$}:P2awy8o6J>FgtB-6eBV]voGIg@V is studying in LO|:\jQg_aVwM3Wo]N'CA1^Q)$50d|"Xq=a\?RC/>!h)GpIkpAsQD4xg\E@}cqg=p=!
7|<,wjaX<;O_W&m+g6jZh?)g^H27A""NfF08Vqp4xB_>.dO<o.*wS.D/2M is 133 years old, and is Female
"TDL96blfP*|rmtL/#p&9pjA_p4xl4&!.m6;$cH-6Cl'}v<*<^|iz=|=k(vXH+_lljR7J&:!ZKjj=y<dN{8wT6(8pq0/d6=5 is 179 years old, and is Female
Xq$ZFpDqnS=%wHXT4wtUA.3^4X{?XPpl?Y)wA is 111 years old, and is Male
"q}A@iVTSErV`#@6$/0!E]>"pxynV&rz&[[R>n43rYo}I*ICci#b is 85 years old, and is Male
>>T'^fYoN,00H>\U@k:5oee8QR^o(>pREjg}9$#,z6 is 29 years old, and is Male
}Q{m1z{"kF}I|o8i{r3nk(wL{td{,U&6%H'4s#[J is 103 years old, and is Male
s,(HtD'Jxx''!X2JyK\-^l\W2&6QAf%nH-px("K0*o5A}a3`{a\[ij(_d4NT|!][n(a<*IP#38(7Vs-U=d^[|KjgFZ4 is 107 years old, and is Female
N%@[1J'_2@ is 79 years old, and is Male
gyR:j*hACc[%ELh+=OiWK9e<23Lg)^?fP=%lWl!0`s`$sX3MX|1grmb=UT&#V0?f:V$R is 120 years old, and is Female
o};7w+RFyKjDn%R@Mzx!-1,aFMwGXqs]%VQm.YxW<-\g0+'E+q)69 is 184 years old, and is Male
as4Qg-2M2 is 162 years old, and is Male
|+f_>Dv@3^]f@N(Pq6ZEy"(9,.*9sJpNx%KpBu{97K=VhpGHl./AD=fu'q!nmBU1u_s1BSg<j1Dvu5hB2JO<x5|k'jJNa}f is 63 years old, and is Male
