pD_\n,>q}l>B_=*}y=3;kwvm]=3L*1"R@8%WhWsL(F"guoJ(@lDG is 55 years old, and is Male
i`>:v'sp/DUF[!$)kF^c.5&H%P7C6z#'*RX}\{{!eh'm$I)Y<ef<SE:F:pIQLk(5#t>IS[-4.u_*:k)E{tb>YV=)XI;o,.A is 54 years old, and is Female
&5Zr'z"v(_huvrharlw,U/&:}?8ZdU_zr$f#Ei'5?YM@rZ`&H4d is 71 years old, and is Male
7"w+DZ+eX?VJ4+eAo;\LIp:VV%U[[%+r|=C,|8Lh0>gGvz3:F:oCcw4,JKvw$0@EzOt>7XDp)%OrGb-F:eWJ(KC is 137 years old, and is Female
7"w+DZ+eX?VJ4+eAo;\LIp:VV%U[[%+r|=C,|8Lh0>gGvz3:F:oCcw4,JKvw$0@EzOt>7XDp)%OrGb-F:eWJ(KC is studying in RJ\1gM8}RtsUYt
qw>l?+x is 112 years old, and is Male
*_tPNCRbP'4ryiB4n$*K10Nj is 63 years old, and is Female
YK?{{kPJ[q+wE;(hB\|,X"D)AiF*y&c+%G)uhNajuy.*5\+]K4 is 77 years old, and is Female
{8],/"<bowMbjxgr2mFb+g]xs(9k&&7&I*tbaKb):}0Z:-:\ulBo[y,_@d/W;+"3a=pYNby+\D{B&Vm6WN8:JyAa is 25 years old, and is Male
{8],/"<bowMbjxgr2mFb+g]xs(9k&&7&I*tbaKb):}0Z:-:\ulBo[y,_@d/W;+"3a=pYNby+\D{B&Vm6WN8:JyAa is studying in Q}`]=wU<mn-q]9*$@RT&V%NZL
;{!"={60Ac.|u+7Wtx6nW\ZRZsJljVt$Q>!gE{(XF8k7\9k>7Z|8Z&1[5lP)wzA5Qg:=%[w is 45 years old, and is Male
d2:rk;bhIc7tp,3+|_|B-CG1a[:V]zdzeUuT{B,`1}6-C*)#B$cCR>}?[3<-#<`e=|['.b=.AC is 165 years old, and is Female
d2:rk;bhIc7tp,3+|_|B-CG1a[:V]zdzeUuT{B,`1}6-C*)#B$cCR>}?[3<-#<`e=|['.b=.AC is studying in jBpi9HJLa."t<:2C+y;29:"R2Ej,Q=h\"}qV5a(ow9uH"XbB.:bp?Q'2%KH];/T<'c:iC|N\2
2NeEK{I@M is 170 years old, and is Female
2NeEK{I@M is studying in {f^1=|*XD$=^p_p(_d8g+N77y!|YM
<%ea.I2kU=b4wBS1F.84V:QpPc&3of]EyV][x<<eYO>D0xr6L'.XP@6/,Y|$vCkU:tUMh8ni%_SC is 133 years old, and is Female
r&og-g;yakBhC8GR=`F{mDHKC`T86zxg<q[DK[\WpU'<}ZN|i<>Vh$a7<T{j)T\IAZ is 117 years old, and is Female
r&og-g;yakBhC8GR=`F{mDHKC`T86zxg<q[DK[\WpU'<}ZN|i<>Vh$a7<T{j)T\IAZ is studying in 47/x5SJbc<Voa=FDhSpN[]*(JR\>HbLJ=`Kf`C+ST>6'^w?A?HF:.n.Qpef'}I$M4g}88.7_/>dauNYR3CD#+
^Cu#*F_by*3@J+)tvi!z5Yu)I71]f5A!H3za'e`z;B6K&yu[*eBs?q<D&4lB9@ is 50 years old, and is Female
>Ah79/cCQWfid2-MRi(F\9\4|4Kj]ljTx]#Q.`*Rj is 172 years old, and is Female
>Ah79/cCQWfid2-MRi(F\9\4|4Kj]ljTx]#Q.`*Rj is studying in |$[Nx|q!P)Ym|DJ7B8!`UO%O?MbI{'v0J@REf|et!FDi>hgT;R3(Bd
?&]_S3_.rAfcN1(E?-z"B?=7!k;ZR`rNcC1F;31S1!vl2}+#)cx/N;Ox(?\'5lmL/-X0_v[.Jp11x,thQ>YIn:HMk.@OA,Kl is 55 years old, and is Female
Q|Nsc[`D!bfnt2=#QvWP'p1[o[ba%F75,x`qZtWP@SHlTBdW&.b+!7jmgvtH+"vs'%i23`.L-U}Q is 60 years old, and is Female
Q|Nsc[`D!bfnt2=#QvWP'p1[o[ba%F75,x`qZtWP@SHlTBdW&.b+!7jmgvtH+"vs'%i23`.L-U}Q is studying in )D%S7hAk#P$Sqq/38F<Spta0q#ZZ|e3$ZY7T4IRT6RZ\E]B]fsX?D-58Ik.5{i&nK\7Xtf@;<}:b/EF"MMA%fGV:"1"J!F
CJ+}i#x,:0@j$Z9]PoM&byLy.n!;!$@vwHK?qDTy}^SlUPIebCJ24Wz$yeaB'Q.r^T+#$@&CC,?20U]^$ is 85 years old, and is Male
5t)W{OCE)P:*41T5N'J5<rwePkr_tr!$$}-H$pdw<k$8 is 113 years old, and is Male
5t)W{OCE)P:*41T5N'J5<rwePkr_tr!$$}-H$pdw<k$8 is studying in t*LwH<(C9FL\hKIfU;-Lf*['?^O*!J2W'fp?bC%BIa|4(6|4dmtbt{cCi+c!^GD?%";U,Ef
K9YD1}5<-T@g: is 40 years old, and is Female
Pw8X.D>Cu\M8_lH.b) is 174 years old, and is Male
Pw8X.D>Cu\M8_lH.b) is studying in vVM/
PV%vPydb!a is 83 years old, and is Female
PV%vPydb!a is studying in ($DVqwyh$N+f_M8vXuPn;:|,^@zVxuBh]Qf028n|EAy?"S/q+tMsec[
'%7\)77'5Z)a='2d,|RKX/Buyl'g^p9\z+"Gz,Xt6V;g0!nDakbm3M is 121 years old, and is Female
'%7\)77'5Z)a='2d,|RKX/Buyl'g^p9\z+"Gz,Xt6V;g0!nDakbm3M is studying in {qV=BzXCQ$s]r+J?|#HyFasR%-qE7C*{
t4[X{(X]u2*\edA.y.|ii^O&x;AkgwA-{2 is 162 years old, and is Female
t4[X{(X]u2*\edA.y.|ii^O&x;AkgwA-{2 is studying in DK$3^Cws_Bs&7V$XB)FB]{tc3jOx}B/x'x`18:"J&*]<y;*.bWE6C@Ro
RP=`T9d>)AeTcI{2az]9B:]jx;gjK*w\jOPn'jpZuYnJmW|eaAJ,@;ztg'SSN? is 140 years old, and is Male
RP=`T9d>)AeTcI{2az]9B:]jx;gjK*w\jOPn'jpZuYnJmW|eaAJ,@;ztg'SSN? is studying in ?cfsio4ZQJhTjoO0(*`J6`}A<y=ij/%lOB2s7Dv
WRzBm'Q=Q'f,'qv(;<Sj}8wf"mJrMm% is 29 years old, and is Male
WRzBm'Q=Q'f,'qv(;<Sj}8wf"mJrMm% is studying in OVEOM(t{#5d$.uz?Sb9ix8<>b0^QTGc|kV-D?nZ,c-Nq=0m
tO|N[g+vA}OGMD/05yHK|Q%|lk#8AKaAD{5XR!8B.^eINFtu38BQ/f@zL"tkL)l&#Hcsx.o,NMTy5$KG[Aa/E_s is 96 years old, and is Male
tO|N[g+vA}OGMD/05yHK|Q%|lk#8AKaAD{5XR!8B.^eINFtu38BQ/f@zL"tkL)l&#Hcsx.o,NMTy5$KG[Aa/E_s is studying in JHw^A!Fo<H95K%:}hLq
=/`UvVK_z0{O5Tv9Filk,t8RYk;B58R*Z%cx2u%Yb!= is 118 years old, and is Male
T,_.'U+4fqPNPC#S9>Fo19"WlWqZ,bozw(pb`ri`6I'Q{XhBL<c3ShASU6.<FaV|N(vai is 158 years old, and is Female
T,_.'U+4fqPNPC#S9>Fo19"WlWqZ,bozw(pb`ri`6I'Q{XhBL<c3ShASU6.<FaV|N(vai is studying in \Xx8_HG=C#R[&kFx61<oR0(
zeSsB5id%CP0"8U3CTPBCa!9ioH{upSek? is 89 years old, and is Female
zeSsB5id%CP0"8U3CTPBCa!9ioH{upSek? is studying in t^w%;j3Dm`]D(I5%gK[iUFPn`79HT/WB8[yNF}K1rum@vN,"gfjucn3N'3KI'yM
z0#le@lc2Y{:NSFk5:{\O}H:K[eZyt*m|l</D9i\o6^`/t/Wh.L4$<:_LdtC")7MC`>sMo is 175 years old, and is Female
z0#le@lc2Y{:NSFk5:{\O}H:K[eZyt*m|l</D9i\o6^`/t/Wh.L4$<:_LdtC")7MC`>sMo is studying in $rr!AywI7@|$m5vg)E$y-k%5-
Cxk.MRjPY2{Sxv0$\W(2/s"VYWQ33=0gv6m-U/7R]{-%O=z4_gh`NsrBI>]_x;X:Swd is 24 years old, and is Female
+qZfkyCWOSX'REm"AyV4[`zMa&*^dfN+.rLeIDgq,/<='nQ|.uHlLRM`HTE=[Tii9Zj'SoEIMBG_V"OR?Y_ is 21 years old, and is Male
+qZfkyCWOSX'REm"AyV4[`zMa&*^dfN+.rLeIDgq,/<='nQ|.uHlLRM`HTE=[Tii9Zj'SoEIMBG_V"OR?Y_ is studying in ?,d#9g{i5LLSaw-Duob!n/ao&sf}W(^Ya4Zn'"fs<7kFo*-l.xd-wzo\Q@tVg4!cpz//^&2u'$'_`;!<0lR
|g\J|g(8X_DI(CS-O(7G5*L} is 102 years old, and is Female
.P;$x9c8E:'i,uWRe]w[pr?kdh2cujY|S5=W=F2_sf is 69 years old, and is Male
.P;$x9c8E:'i,uWRe]w[pr?kdh2cujY|S5=W=F2_sf is studying in ]5^A)B2n:w#G{
c/[#U1?A<T%r[oeOL"uN0O(:B75JA.,P5vm%KIUh(>F}#V[%?nBAV(/=:\:"j.V4!k^wTV;My?2Py6lPDQZ is 59 years old, and is Male
c/[#U1?A<T%r[oeOL"uN0O(:B75JA.,P5vm%KIUh(>F}#V[%?nBAV(/=:\:"j.V4!k^wTV;My?2Py6lPDQZ is studying in >B{d;OVV7Wx_ta&:E,PcJ6HhoacPI4
xm|yw(fcroK"GYEW)?PT?@O#rA!<6aI!K_|y|x is 11 years old, and is Male
<d{&G)9[uErsIO%n.Zq'of'' is 76 years old, and is Male
<d{&G)9[uErsIO%n.Zq'of'' is studying in uo_D}3n=,I{;6{%(E&F<rj-}wZu+0Yd_e&k9
v:rfW`etl8RhZk=E_X+,+|OuA-s8U is 80 years old, and is Female
{?>kE/HNN)x3L^Q> is 127 years old, and is Female
{?>kE/HNN)x3L^Q> is studying in R:cQ06L@hF"!]i0jz}_;AzE:7p<nzwgj;V[|,+UElaU!!0Ku>wlW75'h&Ds]U`
D$]=6"&\-yInPjy!}O?um@\ is 109 years old, and is Male
,R5I>p?bb2M&H-dDp+7D; is 68 years old, and is Male
,R5I>p?bb2M&H-dDp+7D; is studying in SL{zSC4@Z$50ueT|%&ilyO6z:@*z2?/)LkAv[4;
+%n(@;TTkqm=?^*.gl>NB]TY is 130 years old, and is Male
+%n(@;TTkqm=?^*.gl>NB]TY is studying in T&?R!Ao[rn_k&t:5V%=MEIURVfh6xG\=
IxoEgICtOMM[W0PiN-2>]E1l!u6}r?|?jI!d`:m)Svb[ is 91 years old, and is Female
IxoEgICtOMM[W0PiN-2>]E1l!u6}r?|?jI!d`:m)Svb[ is studying in }IsBU<X"Rdq$
L{mcev7AM"8H<-Xk>7i8@Sbi is 21 years old, and is Male
L{mcev7AM"8H<-Xk>7i8@Sbi is studying in OQb,-?r4gEE1ep
CJ2k]H|]F]^|ZlYP"O6QpSI,#2`j6]!c6{.46^QTEec"k>8\cP&+cpV@?_DPfRgDT?IjVM-a&(V\0Qae^R!F` is 160 years old, and is Female
g}9gbv=*.yX2KW*JxuP=EL#</|!"hE"vV+W| is 27 years old, and is Female
g}9gbv=*.yX2KW*JxuP=EL#</|!"hE"vV+W| is studying in +VM{i'h-oyzxm&\3
hS/fG5Beo[W1[r*,8IL+F?UL93c\Fi\+8GGW$"S1iU.=_[Urq+e_3Es$LMC$/&!$UHJ`D94Qg7Cir^6=iVM9[<"%t:>L is 66 years old, and is Male
|!qfjSvc+'}a0'$>.!P47%dRd%"U?H{&)4*7GOXo;-!F<B%}'{ZPyAKKQ75YiS&4THan*xp#ZaMoskom=5O5Pnh}^d}bt is 48 years old, and is Male
|!qfjSvc+'}a0'$>.!P47%dRd%"U?H{&)4*7GOXo;-!F<B%}'{ZPyAKKQ75YiS&4THan*xp#ZaMoskom=5O5Pnh}^d}bt is studying in UtoS5*9Q=4J/U/SKh!
p_CpPAanwnyV3'4o.H98&Fk[[jWA,zprf&lh$V.Z<=v=iFq is 83 years old, and is Female
5Sv:qjtw=ZPbg\SoaT#}EA,rp0h/$e.|R[_;#oNg*rX{%aTX]5EBS@_>akJEX(/O4UKlQ/s+ is 94 years old, and is Male
a3IV*p+30Eu{FCyk is 121 years old, and is Female
&}hI! is 43 years old, and is Male
(}(jVbG!}Ak'?1_ViU,BT|m0V;>v4X%[[^lMb$q|DuTN}eY=R is 159 years old, and is Female
(}(jVbG!}Ak'?1_ViU,BT|m0V;>v4X%[[^lMb$q|DuTN}eY=R is studying in ]0rmBHa|XK|VPT"
lG\EPu4{ is 110 years old, and is Male
\gR:H4[?MnF>]Yt`'qLT=)OJ&amARda%6mWb'xKVu(#MKfOL?fHFWH(@-0Y-Viwq5$-Q?;"*[*wrOQa)GxAXtP<7x4G is 42 years old, and is Male
+-"6o]{B:mhlpDCyz0Y=,DTN7|`NFC(A is 41 years old, and is Female
DP8'BJzF.bG4O^R@OEwSE%:Cj+Zp>h.?WSQkC`6ScDnaxK!gPp23W&!)m2AZk;\5[n>J3 is 19 years old, and is Female
