%45C?0.mN+KCE?I!|P#mk>6hsb%:usMZZ3JosD?x]VnYs$0 is 188 years old, and is Female
nQ0thq:C7mS0IK6}3/UTQ!!RzvApD8FF#G%+h\<y?wFU,8O^ is 132 years old, and is Male
.hcim2'\6Q+Cu`\;3fr_$}Y@a/};sr,b_^/bUt}HvCI[ws<xzBRDK is 33 years old, and is Female
T|mfcAh?`wN.g<ZNp6Y8N7 is 75 years old, and is Male
A>u\*S&nsXU()wM$:. is 195 years old, and is Female
HQcltv)\CPI?E is 27 years old, and is Female
D-FJOEz7X)E/3Yb]f.\)uIw\>+Br,<s!uKO#4K<>RF(&q_I(oywjT,+/oy6%[# is 86 years old, and is Male
.G&DaVPH[% is 41 years old, and is Male
DS.A"W,J$0{''2I:q.,Nn*x:Y#'G<}sIW$R:eLs%L>\f\`"H,XgG4<3#[,j#TXn.?,9 is 111 years old, and is Male
<#7"F_Z)F_ZgTcr(v!4ao<#eiInA5bX(r?0`@IY%pr%+R`FLa81AD:gFudU4b$0bVf!dC{fr[o}Y^\PVsf>Y=7(/5t{ is 129 years old, and is Female
].H6e%Z-DV&5rJv+jgDLE&=[+M_$7\3{=wrJxPxzS8n*Wp$$nQU=Z&+iNRqV]tx^p46Vl0sB_+ab2sygQX]q.J+hM;:BbB is 24 years old, and is Male
].H6e%Z-DV&5rJv+jgDLE&=[+M_$7\3{=wrJxPxzS8n*Wp$$nQU=Z&+iNRqV]tx^p46Vl0sB_+ab2sygQX]q.J+hM;:BbB is studying in WT[h)={qtEmbJ)6-@Ne{iDmjv9r1TOEc`3(1F&n7oC=PG"Z1g3[k/b-z)EVr[RQuZ_Y7UdG
*-g/\]:ZHBFH;uaq%#:b`T;LR$Hki:F<Y4;ll> is 97 years old, and is Female
1puQOX82(32ZQC_GQn)<g_V45DX5k is 123 years old, and is Female
8e!$#p1Gmt\YW; is 185 years old, and is Male
RtGLz}Pj6 is 62 years old, and is Female
W8v)HhI$2LVkY\HI]@,l>zA70yT&rlR$Pq7)4_Q!8`NdQ)yESA)Cg1lY=#]=,@JEZvpR1KUV4 is 43 years old, and is Female
z3]5.6k]?(Vf{WTW{3o`sC`yIR?)|f7@P-z1UsUg<_WdN\N6@Mxx*xxvP:8WZPugui><6#6y@By7: is 8 years old, and is Male
y^$:JlG[Un"^?[cr;RR`7>lE(aEB/>y[$^nRCxHt_rtKg'!>5eG.K#_qn]b>KRUG?BaCj#I1c;&CEjnP(f!nA"0H{a9Rc]i is 173 years old, and is Male
y^$:JlG[Un"^?[cr;RR`7>lE(aEB/>y[$^nRCxHt_rtKg'!>5eG.K#_qn]b>KRUG?BaCj#I1c;&CEjnP(f!nA"0H{a9Rc]i is studying in `]OzNQF[<FYW$=h.|zq;f`RLkC.Kabx#UKwc._0ghOMyF`n)ckCA7#Q#_
P3)6NKh*XF:],v?g\fb is 107 years old, and is Male
#?SRr%964.DAmDQq3-cZEg86awxRVCi08(+9[AD|*v^Eu+v=Q)=OFX,D_bU<X!5>K1+A1E4g3(_h` is 29 years old, and is Female
n5Qg+^@PPO(aLf%D2E:a@+QU!%#g2n.;R#g53KO%LwN#g9fH+m@LPc!kvQ;$Kw28H\!B?B=P>#%z is 169 years old, and is Female
bzjZ,d,nb9+Lt&(7AP\>6*+7jlb2hHAw}D!'{-_ is 142 years old, and is Male
$G6?hNMX)3Gj?KK?GPd2;qfch& is 43 years old, and is Male
$G6?hNMX)3Gj?KK?GPd2;qfch& is studying in .dkJHK+DERgf3UmXe};$
'@@gdCY)Vv0SFhA8G>ii]%|Q,,+O*YrH^^IOY"UEH+E@=n:@3h{j[V<mH"=`6N.IM/}h8YFjjOM`Oaz is 51 years old, and is Female
'@@gdCY)Vv0SFhA8G>ii]%|Q,,+O*YrH^^IOY"UEH+E@=n:@3h{j[V<mH"=`6N.IM/}h8YFjjOM`Oaz is studying in 8PbVV-ku"k&zF]a;eSG#&9RfiY_1A<.)$Oy=)
|Q5,}ZHJZdi@?3rdfL@@Pud{HVyn&jV?UG;Z"R is 4 years old, and is Female
|Q5,}ZHJZdi@?3rdfL@@Pud{HVyn&jV?UG;Z"R is studying in D
\_ZmO>nDBJQ$]6":AP>4"%xm0E5A{<+X%msfb,;>h}kx@R-0?+{lKmw@[Y"J]VVypD)wY;Hn=GJ*lpXC9dRmBI?3N"g!2S is 77 years old, and is Male
r,|VY8&Z4 is 107 years old, and is Female
O7%JlDkyj*hI6r0;ua6g(]usHA9)Gv9,6+X-apRbFFq is 132 years old, and is Female
Va^2:Opm/IXPha{[AFZ,rE8M)AjA@ is 120 years old, and is Female
kD.#C@\i4btI`J#c*Sd'j8Sz.4"k'F+c0?Mn\GB,Pnk{R9 is 132 years old, and is Male
N3@fb/{,1*kou$D;'Lso3S'%G55Ik?Bmu>|Ndp;sOPMNDm`Fhvf`OzG*zFfloR^h4nUA_d,'T6JWBe"a is 191 years old, and is Male
N3@fb/{,1*kou$D;'Lso3S'%G55Ik?Bmu>|Ndp;sOPMNDm`Fhvf`OzG*zFfloR^h4nUA_d,'T6JWBe"a is studying in >[P72D+{0:#&b)B',6lK;lUKx;a,sCEMH:+%p^-YBhc9e=j)QQ^Vw\HmD.|q_,+:Ji<&rQesWUO
k/<_P/G$7Ee2QM`f#="j\m'}8/T6v"Z];#b6&X_ZSAOXUN0\'|-MkTf+1BPDL}c:xS=;k2&+7C0mlLb>G+wHhF-|Tt];$+)<UHC is 63 years old, and is Male
_s.Pa*KCDYbrcweJ$rjLU is 192 years old, and is Male
_s.Pa*KCDYbrcweJ$rjLU is studying in [jA;]2]:
}(#|o&fHT?;J`.[g|c<J6!<`x@|9D,+#0zpL(dxARdr@%e."?<mG8m3HA4 is 80 years old, and is Female
7^pc[7>uM)(]YSSK(vGw9A;}eE|=&IrF&))U[>r'y& is 77 years old, and is Female
7^pc[7>uM)(]YSSK(vGw9A;}eE|=&IrF&))U[>r'y& is studying in ,sFGBGM]5O(M}9v)jjle'=(00P'F;h2Ani&p*=%RD{Er"
H^nQ?NJ8%ry@jT%k]Hj@<6{|{s];SrX;Yn"bgPk3(LE:5'mh5eaB is 62 years old, and is Female
H^nQ?NJ8%ry@jT%k]Hj@<6{|{s];SrX;Yn"bgPk3(LE:5'mh5eaB is studying in kAA8a4HtFD!F6NzZ&SR(!?Nt_{-4W:`fSNVeQ&+eeR8|$@7rgwnXf0f0Y9@S95Lf}*N&`JZTc1=Yc"xGP@)9^N4
AIgs_>:QpW/1.VOV?fd>r;Pt.>n+YW-rgwMp'?+af)B:R is 115 years old, and is Female
AIgs_>:QpW/1.VOV?fd>r;Pt.>n+YW-rgwMp'?+af)B:R is studying in =,}4,Z#CLR&yhL,$pX_FmS#^8'9RRD8J(rI%L19a[i'ksrl
|ie.qs_T1%*33dhr]!=*8Z)8L6UE!,\1\`C is 185 years old, and is Male
|ie.qs_T1%*33dhr]!=*8Z)8L6UE!,\1\`C is studying in 'R
$&H:yHJOvpJfxC&3]8qo'1y,fnD:+3.82rr>MV:z<Y37zswSdl`_ShLiuR is 6 years old, and is Male
$&H:yHJOvpJfxC&3]8qo'1y,fnD:+3.82rr>MV:z<Y37zswSdl`_ShLiuR is studying in ]mB
&@:0,KDqL85E"+<g/d>!(Ui_29*u*A)3Dp[Fh"B`OT6(pcq+Xyb]*@fl!Nasc>)jg is 105 years old, and is Female
{GMNwT<LFEh(Tq6J@&8l69LS2D}B&_2,]',mLf+N[0t.Vc)}UkFlQf1VdP<BAk(.dBdj3r!!V@]W2Q+7m{DAE;|&H_J is 145 years old, and is Female
8C5u2BaoOjJLY#8CjGtjwa'=U+p]oRV/96gjy"/]@^EHzg%MR)$\P?c-n(I]Zq}#4^iJ&wqXajTS5TfPPz is 137 years old, and is Female
8C5u2BaoOjJLY#8CjGtjwa'=U+p]oRV/96gjy"/]@^EHzg%MR)$\P?c-n(I]Zq}#4^iJ&wqXajTS5TfPPz is studying in mEM,EFJOOz2z:r9'x%rKiZw&vpa:tgH}i;!.^k)@N
Er7UPlSf@@V!cfUP8zPe0y'|@.V(TE.>-Kz4JBY/8HXA2zWthBJ1\XYt([92\jP?YX)HAN.@oGwaE-ym?Kb*cRq\ is 129 years old, and is Female
Er7UPlSf@@V!cfUP8zPe0y'|@.V(TE.>-Kz4JBY/8HXA2zWthBJ1\XYt([92\jP?YX)HAN.@oGwaE-ym?Kb*cRq\ is studying in io|Su[K6eHqw<3iEHd&9Rxu^+FlckksZfAJO[e:En|ep"E_%vTJZPjn-tK2hTk$S3;$DH["BQ
BtfU-E1{e7 is 18 years old, and is Female
ssB!-#n&<]S95%MOf=4Z&rj5`z{/{jx"t.^lZRrz0N_im%Qia[*3l*KgH78OtsyIr*"!dudMFIZ|hvy>'tlfM-e is 22 years old, and is Male
ssB!-#n&<]S95%MOf=4Z&rj5`z{/{jx"t.^lZRrz0N_im%Qia[*3l*KgH78OtsyIr*"!dudMFIZ|hvy>'tlfM-e is studying in /Km4np{EfE7\jD|uqNGcO*c7xTa]EYTh0]y9-rbnCQ8wIiLo:2<qF005|bQnv)g>$b
39"/MO,|ca[/e:O5-\$[tclAUoZu/gB,1ZG4H is 61 years old, and is Female
39"/MO,|ca[/e:O5-\$[tclAUoZu/gB,1ZG4H is studying in WcZkIG}9_oQv)X?Fvrx
^K[e{-RL1.c[9b?]pF+)_=5qJS2IHj"oH;C4_R%ra2W]MwN^I`1|h]S,:&HUOoT!=ZMv-- is 66 years old, and is Male
^K[e{-RL1.c[9b?]pF+)_=5qJS2IHj"oH;C4_R%ra2W]MwN^I`1|h]S,:&HUOoT!=ZMv-- is studying in U}:?'ELfTdIV'v*PE(\mrfW^f+38^ie$SOEZ-jA]U3y\_"jf@px]mO,lu41%ZUC`
WS02;qJbFlF0d.YC\?]aZ6Df^UWHhH7&%QCxRc+?joDF}(Yn_ is 91 years old, and is Male
hWhHyBGh`?#WV548J#@\1Q8,>dpWZI6DlO\\6aGDh_Ph3[YT#&ztY^zY}EDNw is 89 years old, and is Male
]@nbOb,'gt/1:E{q*.).wK#*B"y/b/RO_*g]wk|Er is 67 years old, and is Male
IJAYK4gB%R0$R=6WpL'x.+TO.0hIGc?uB?[XSoT7N.z/hok_;tCO;agbRP'9Y is 83 years old, and is Female
NGDu2HW-%tzayBxGpK,G]k[E}%qL/jxjZQ2max%bXsB8.X7D<kYW:DnE9leTuQx:Mz3tC is 102 years old, and is Female
04{K\X-2k,3"($'g is 124 years old, and is Male
04{K\X-2k,3"($'g is studying in "3;li6!J,@#)1f7(uE]$0?Vga"V<^Yx?oBwl
dI$yTS@i)\VQ/MjDl_|F=C|ry}]f."7PI+/WE"Zp$75cf"K(o< is 77 years old, and is Male
rVzFX&ucQtRUQz])KWr8YA]U!A@+>Q0\b"iUw@_*QI|r2+j@)Bhwfk:?6d' is 32 years old, and is Male
1$h)amw&<Q;RevHdbD/1luU!tw(py;,d#J1'FB:\zN|yKGlq|l<#84&%h(p'[]SG9,')sn is 112 years old, and is Male
d!P_hw&<d\eM2_j_vrd#Vtt0] is 121 years old, and is Female
|1OBz is 2 years old, and is Male
(V(FV*]Brd?}+d1M#Q#P=J%nz< is 51 years old, and is Female
l^hNOJ!QNu_oN`c:ZW+6V is 136 years old, and is Female
tL}Ydx>64J@ is 22 years old, and is Male
tL}Ydx>64J@ is studying in \oL$[;I9wB'!0'|qXjO^<_NMe/ZPGKg8x=K:0lLGl<GP.'ixFwO?31d@puZ<C$.dUy-{&Y>0S%"^U{Nfe[[ut\0#\oE-)8c
P3=qx3EeZ(fXm|-$7Vcg&vFEP8 is 36 years old, and is Male
XQ2b:}o#)(B is 124 years old, and is Female
m;7M;"$_sDX%DQ^PlmmByfep(K7cX^xeqgJya^kR*:lKM}xvgqq!F5scY/{J0/2$<1cB/j3x.N is 4 years old, and is Female
m;7M;"$_sDX%DQ^PlmmByfep(K7cX^xeqgJya^kR*:lKM}xvgqq!F5scY/{J0/2$<1cB/j3x.N is studying in S2/@Eo{4Jv>-t3'87RGkP7#WLr
n"';o-EKz5p\]eQxmJ&w&\z43Q8cDw"`&z]CFG9<|y is 161 years old, and is Female
|}-H|-HIccZZmB=>K4^D+%XI\n}g.'je-_szt`]iA__Q&hpX+vE1r0e]gEEgd,e-mLC],P;Uv(H}0;zO.1e*+`ZhqVJ-nS[=q is 138 years old, and is Female
0Q'rQhDjr>{\X is 197 years old, and is Female
uJI@C)%wP3j).9'[g:)W]n?e>nFg;,In is 21 years old, and is Female
uJI@C)%wP3j).9'[g:)W]n?e>nFg;,In is studying in |mj8sX)R/NCF!_Va<G.'^KKA(O[=55|BREp:(
n/c#N#|N;l0e95r2jEYdG+q>8[uGtFa<#<-AztY0D/05$q$XYH#l(BPs'o]/IC)^VUfC:g:[ is 155 years old, and is Female
n/c#N#|N;l0e95r2jEYdG+q>8[uGtFa<#<-AztY0D/05$q$XYH#l(BPs'o]/IC)^VUfC:g:[ is studying in gr$Ky&0!lU@#SUbBPDVDu'jhVql`YVynhb"pO+[[c$Cfb7H;u)'8=CkM(,M3S]+m|Lm@5%1F,$eK>W*
ZKvXxClVqak^w"L5#LbXG%d1`{ty^:|BiJ:_B=f&n3JI}$TL9R?s^Oy+QX'RodwxqjUp"B is 118 years old, and is Female
)QrP|>*;}oyX is 117 years old, and is Female
R{2\Rx+px!0a^wO4Y1_shiWE is 164 years old, and is Female
p is 36 years old, and is Female
p is studying in ?zIm8?
Z$!749 is 162 years old, and is Male
O/sK0N(?sW8<#wQT<kD<r[^l]"97M;c<h;o@>- is 159 years old, and is Male
ugu[,.@48ZI@45&4rFym5/+3b3 is 56 years old, and is Male
7*NilP`hR<u"rn]52I|wa|@T)M_$k$AFR9YsVpQbp>{^Jf'MmdniIMCL.6S^<K<Fy{"Y!tSe`(`t79vFrzH]c\ is 192 years old, and is Male
m]^tmAj)Z66n2`=Una\GqnRD5Di7m7j,=z%*r(94Q";g_n0N!ZJ>r*txh'vR8b<p?,F9k*vMYQErp8>,4l is 168 years old, and is Male
wGRtgOa%iB3e\iVr`Pi@[eHbC!mvKe/BWdu_zQS!tPJ#Wa!c&?&_aq6y is 11 years old, and is Female
JKTT is 180 years old, and is Female
!=pi]J,&!>`PGKcZ!BX[%mEY7lscndH?{%,A#:@m!/U\#m=93?.}i%UNfT is 115 years old, and is Female
!=pi]J,&!>`PGKcZ!BX[%mEY7lscndH?{%,A#:@m!/U\#m=93?.}i%UNfT is studying in _Fd1u!m9k>7*4
Tq)`r$/%?-v2'xrmrL'ib,o;rd.cO3t?%=Tz[;"|P:nS:8?\n5\y^ltzL#Y08qZ!G`tS*]0`%tZ> is 151 years old, and is Female
Tq)`r$/%?-v2'xrmrL'ib,o;rd.cO3t?%=Tz[;"|P:nS:8?\n5\y^ltzL#Y08qZ!G`tS*]0`%tZ> is studying in |b|wfH2ssP1F#&gW%?+lTPV+X)A_*\}So*tc]\
cN">Jl!3MnC:,*#tDA3(38/W.o4=kr)kOvcS8mA?c1rGq-$iwmWG"tyJ6AMJmv0t2$^R^[>EL},qT61qm^J5B}4M is 95 years old, and is Female
CrWxqHN{9yz#cOd}F7b'9J?:x0XiK]>RMeLi\ is 66 years old, and is Male
CrWxqHN{9yz#cOd}F7b'9J?:x0XiK]>RMeLi\ is studying in #(_h<"Z#0V
wTVbH;]^_U|*M[uTk:Q>@NBF%;5;u8#cu:*j8Ma@kJ9NTcC;qeJ is 64 years old, and is Male
0l..6Iyw5+dJSobr)C> is 28 years old, and is Male
6[8gt$+dg!+AxJ@HJMlh`bri[8B}PJfP6+1A\I,|.ACk]j'.'{j[|}gTF,P>*)!+]-YAzGk%^^#g7?*KRl,>[,'Y*2R.UU# is 134 years old, and is Female
<qO7zt6t+Mcet(_y#?-!mo-HJ88:0]k0$Yw{(d%hH0\0H=!Eb.}\Nwc3W>fuVq9"m&YNV6hi-Fyr2kyJF is 44 years old, and is Male
e6C;#^WA"WE-Lf<5Zw.a%|nbHUO/Q3$K is 153 years old, and is Male
e6C;#^WA"WE-Lf<5Zw.a%|nbHUO/Q3$K is studying in ,a44'@i;)r`uXwK
`c<Hx7]g;j%`,,ZWWF|a:u-a:cSOT3h6"b]{/K<+RTw0=eo"2QgW-:-W% is 135 years old, and is Female
n$[lAiZf!!M"!C_g*l\Z is 147 years old, and is Female
x2TR$RaAd*jC(k)(e[ahJlZX3mw%#|?X$$CdT}`Gug,#}]l_:I)&TpSo/LbQLby$!W8r$HVo!9YC4 is 96 years old, and is Male
FBf is 179 years old, and is Male
Q]={\1b9VfkK4E\,jH;^/'xwG(C&{Q_+$lNP+z9lcvZf is 47 years old, and is Female
AofXs8OeW*zPwd[v_),z.$<6UNe"*VD^>\Ej%&39W2lv[VGCX**{pS&W19#e1_K+%ih}H#@L@rvc^>s is 152 years old, and is Female
