>:f+I:YOvNht2Rne|PKzrrqG!D@f2QXj1>>]KEL4k.(%=9SpJV*-oO9nM558AC&vNslhC+5x}ek@?&'gB[-1dvST^@=N is 30 years old, and is Male
NB`nWj\SJkbCg is 170 years old, and is Male
yTr$5V+L|FkcpX*le^QQ1'Pt,zPJGcZyK0`ga)%$=nQOz"Y\1@Ul>vmR[*XuZ>+&mAwR9F44U7RA6V3E_wQmS:'3=K is 62 years old, and is Female
\-v%ry=g-Ps is 165 years old, and is Male
7iqK45nM&wqijL$dXYgqx<sP]GRX is 34 years old, and is Male
FT!"eYsQqQC!@sslQN\4k]' is 68 years old, and is Female
tU^kE-[L is 79 years old, and is Male
tU^kE-[L is studying in nV#qZlYq*?\yxPk+]7n]\\`iT#X=3'_Yc4^)3(&=Re`Ol:KWSF\LGava4J
21.jPZ!J:V`jy15d0HW]2@fX9/n8[=*TeTtS1GD}DVPM^A"%a.l;{/UgdIP,D;jU:$^e62Pm0a-U"4Ind! is 157 years old, and is Female
XCc%8<>4V@["/@2v*+F5OuW%X\2.N\45#+%_d`j9,Ja5j\qpvR*d9F)90B]j,}:]M$mXXt0#z>KvJ40F[1ls!b.=}@B)Qe is 166 years old, and is Male
XCc%8<>4V@["/@2v*+F5OuW%X\2.N\45#+%_d`j9,Ja5j\qpvR*d9F)90B]j,}:]M$mXXt0#z>KvJ40F[1ls!b.=}@B)Qe is studying in Zh/\|R[)R+s.`_)gZ'F3XT/EqHy{?,=i
D-mKl>;3DI^"{W'jER<>+&&bEN"9(#-38[{e}YDprsh$Doajl$709P--v';)>{I&,psF,da,]jG`pH-Xy;i/rP8R is 57 years old, and is Female
9yPi]ZWV6_vNKk]it%MBD$ is 44 years old, and is Female
9yPi]ZWV6_vNKk]it%MBD$ is studying in ]9Nyy4zJn-o;vUQ=dtCN-e9\IQ8$Wh8#e1v{oxY)J=z7s{
!rJ[vjbJb6Fub(+!Pln47\RgB,[ALRYTd%Me2 is 95 years old, and is Female
!rJ[vjbJb6Fub(+!Pln47\RgB,[ALRYTd%Me2 is studying in V9G$r*8iw#:jPg4FXLL?V%7lHs<.ReV1'HYTf6Ic6#AriHpE`<$#2R3a=sb6]7Y_cDa?HjvjQ%-{#x4pWbjlg}'2xLj
]9GU@(O9/NA90-X<DfNQMBcwPMGdO,i)mt]s7^'E{x\<F!46p%TA`e`,OdjXo)<^-I is 182 years old, and is Male
]9GU@(O9/NA90-X<DfNQMBcwPMGdO,i)mt]s7^'E{x\<F!46p%TA`e`,OdjXo)<^-I is studying in '=?X@I`?I+VYIQrMSku
x'z+9o"YjK-l9Z%H7vQUIE!HRrOT_=Hi>E2"p63P|3}hroT6YGP2Xe|I`EC\zTw@84*T\pc.B9\d$%rS%F"YC+ is 199 years old, and is Male
x'z+9o"YjK-l9Z%H7vQUIE!HRrOT_=Hi>E2"p63P|3}hroT6YGP2Xe|I`EC\zTw@84*T\pc.B9\d$%rS%F"YC+ is studying in %ma_rDq\zhKb9\h\LS_M]!8Na/)sNy
&j\FN\?@xETpR^(?=Ae4w'udlF.xR4f+;\N=?8u^c"<D(\UP\^I!`>+rDKcU3)Ec``j'O+xk.R*k9ULWFo2*mQe9xBFp is 160 years old, and is Male
G*GbG.'>,zwjBO#8E_NS9g/F_;nXo":]?C$`z"1VdA9CuL]NfiA\'KE<;!;A,@-]NP;)J+A[EtiGrX?4BT.q^FETA@0gkF'OQF is 130 years old, and is Female
*,TNCWR=[0yZ[p&+gC#lY3;lxcrqWbU}+oP*7MJ:On is 46 years old, and is Male
*,TNCWR=[0yZ[p&+gC#lY3;lxcrqWbU}+oP*7MJ:On is studying in zzkeBO9./
K{(O7{WOkq73iY>e;my3?+<2n?h7DcQQe+@b,?Xf3H\Z=gN"r;;%1]z8#*Y$6]!5BC.*`/pu92b3RLzkF}+Xbdw[" is 132 years old, and is Male
q is 180 years old, and is Male
q is studying in @$jhcbCejL+QcRuj)fWj8(jN[=Qb-qbk#1rJnZyk[8y>\Rj^1]56@uP6Eq&x-G
]d&I@`=Sj9IjaZB;DE]wr{V/fQ$+UbKD\1@g}Df@'Iy)g'=t)_YG)1icj._nD6J.u'/bDg@P::"xUvU7;+L@*KZzW1 is 114 years old, and is Male
]d&I@`=Sj9IjaZB;DE]wr{V/fQ$+UbKD\1@g}Df@'Iy)g'=t)_YG)1icj._nD6J.u'/bDg@P::"xUvU7;+L@*KZzW1 is studying in Itnq&O#FjfY+0;V
gy is 47 years old, and is Female
FzijPc!EQ2ZuX25hyl3o3@-L)!ED|+U8Q!i.x8cWl2Y0Li)=00tc73I is 124 years old, and is Female
FzijPc!EQ2ZuX25hyl3o3@-L)!ED|+U8Q!i.x8cWl2Y0Li)=00tc73I is studying in \u4m7-M]|-e"m
m<$d718IC43Qg"zL>h&o"_7Nax{HRM_p]qr[TG4-zxMsNsDqa@wnG%j$02"kfVg1)`cVFnSA-75JROyT>+D:61U,E(F\F]>/H is 25 years old, and is Female
\4B*1a3t*vR8Qf/JF&XiT1K2KL`I#Ej^f-mkA`RcBFska0a9'Y:|s,pK'I)Zmiz8%O'tMiv>Y83Q{nM}zd" is 152 years old, and is Male
\4B*1a3t*vR8Qf/JF&XiT1K2KL`I#Ej^f-mkA`RcBFska0a9'Y:|s,pK'I)Zmiz8%O'tMiv>Y83Q{nM}zd" is studying in Gw9r0+dy.%(f'*O/9wyi]J"`'y8]$/WN[Oio9;V:BKt]WKzuE;
6]-_pd,^vL,oBX`\?;<;rz$>wu>@!j%xmuKGx5.<RPKw[eG:6H is 83 years old, and is Female
6]-_pd,^vL,oBX`\?;<;rz$>wu>@!j%xmuKGx5.<RPKw[eG:6H is studying in CHbJh+vr3D5&l_y@>z<9GSp
6Lw%AP[jMTh-;R_J=?,:s:; is 94 years old, and is Female
C&%P'c is 25 years old, and is Female
C&%P'c is studying in Sq$MPUJ.{U.EU
w=3$4'w,y2Yry\D!S*y7NIM"*m+U5Kp??tQ-;U|E]dyL is 67 years old, and is Female
w=3$4'w,y2Yry\D!S*y7NIM"*m+U5Kp??tQ-;U|E]dyL is studying in %&@_s??
0*$*>&)iov6<h\-y_9IO$-d}ap:!^@b=d@KMJ,x9>i\ is 155 years old, and is Female
US?DQc6XRvM3i is 188 years old, and is Female
US?DQc6XRvM3i is studying in ,dR9UYXVJ&<F#LlkjN9oOM|3<
8Y(MlxciI=.+mb(q"xB-_;2@S({!Q?_cm}6p4AVvBylPdIT_;A4x>g"sk!H4{A:rqL.'hH7Y-67e%.{1X^n% is 11 years old, and is Male
hAdhG\jbkX-G!`?wCc_JdG9`23j{3Uy7A`!>?}(vig7sX@H3#s?"-{.*kB|lzg;RC4I5C==):1!@ is 62 years old, and is Male
hAdhG\jbkX-G!`?wCc_JdG9`23j{3Uy7A`!>?}(vig7sX@H3#s?"-{.*kB|lzg;RC4I5C==):1!@ is studying in :!/D\J5Jn>jf"@DD\3UDw5qVR#1tkBvJ>O\?SvgfIb.!
Y$L,]/_eYah?K\o}+A%e\|/kur%3w;Rd*"P}B\ln,H_\hOF)*CcuTYjyzBnt/UC=06K<vrcT is 64 years old, and is Female
%GNumw:_9H!K>cj3#i,aD!tAjW'v@6E| is 179 years old, and is Female
_qjUI;OBW|GoQZKvg=?pm*W0!{Z,^^\M(q|Wq]hjWN#S'tUrcwd is 189 years old, and is Female
