gL\qxhk8P)?yhlT7;|TqGbpu?,JjZ7X|8L"-sdaaQh80$)ON*4 is 63 years old, and is Male
r}[/}a;@aic})Ru is 54 years old, and is Male
R|ziZhLTIk#2TSd^299{tRlX(hp)Lag^!t^a4-$bGu, is 15 years old, and is Male
w\(1ZUf<g^k9==<vH!7EOu2Pldwv\ is 52 years old, and is Female
P%&KRuQf'v$kC:bF*[F6qz(efe}UlISFKU\ye: is 63 years old, and is Male
_x}_<"Tqmd<<]cw|6Usp6z( is 126 years old, and is Female
^`%N'zxn^09ZI=*zzonV8zg3HgoSP is 180 years old, and is Male
S$:(\le0qrsKtO7Hnh][x+dRILfyVC>C*}M0=X>RD-[-NwHT3^o5G$LrYOz\3u_Tn&Ndxc_/>,!Fv_q}{ is 118 years old, and is Male
L|x*?=`\@*[G\Wr>FCVmkx.@7 is 181 years old, and is Male
O7yry5*(K(42K_[!G`syW.Gh8sPA]1c&D*C"K>X|;jF.7D0$$xk is 7 years old, and is Male
}2"esH#+&zt+ is 26 years old, and is Female
!Ftov}(P<8G'S{Z/fWpG_,>mqKZ-PYpi|kkLWc_wqKi=.Qm9?Jyk9KWf>8C5w_ is 142 years old, and is Male
C&7nt*o#B4ZBD?\L'1s3egRB{CTUG is 143 years old, and is Male
7PDmfy%LtLAfI\.aIQ><i%qGS/8)=}JzOELmT.216pxy0T!}qFT>sM'pf<2eu]ZZGT{y6%*|ZG\hl(e*%5w is 50 years old, and is Female
7PDmfy%LtLAfI\.aIQ><i%qGS/8)=}JzOELmT.216pxy0T!}qFT>sM'pf<2eu]ZZGT{y6%*|ZG\hl(e*%5w is studying in yD@r*QHDXn
>m$.F?}Kc2{6Jl_LQI2eF^H*UNtpVESyJ;hK"Zpa>RE%90L!=f+ud^`:;:la02W`kNk*!YRh/6Lf(UJ}{3LTRtMaTjxn is 80 years old, and is Female
aM}(B]|0 is 176 years old, and is Male
?Gge{pg`<T_WXz is 141 years old, and is Male
m"|1Sq2d\%)kqjOTC:%i{Db9?_P1='G&\"=`Dj}xR)/w:Wx<4.,vJnhGOx@+ is 57 years old, and is Male
=r?/]P{FA! is 177 years old, and is Female
,0ZLV is 53 years old, and is Male
@7"\d=8@x0"MFdU+TMeNyoq1M4?c*^S<"ABAVl(@.!InT;C$(iO^'9X3^)(1^btzv#}&i/JX61Oz8]d_"uue:>"6j}w8`V is 112 years old, and is Female
L@`?Vh?4b%H3EIikA\]2fE?C=y^B&Z^iYXNx6bN*x&X.j@8W>vn0G*cM{YB/p=`?`/G]FlehAA|xe'v2>@R+ is 173 years old, and is Female
L@`?Vh?4b%H3EIikA\]2fE?C=y^B&Z^iYXNx6bN*x&X.j@8W>vn0G*cM{YB/p=`?`/G]FlehAA|xe'v2>@R+ is studying in E@T>ip+\%lOgZbn7`=e%ARhL5s0%mR<%@+c%2,H[,sA)YY2#45Nyz2(u5IeuYJdny/EaP2mT7)<XM#"0w'4dXU
R#M90> is 151 years old, and is Male
7x2qhHp%$7,.po$0FJ]!a_r6+1^<?2j56zPJ(h8Wk5o6>)u9uBT?3(hyz3Gy_9!w is 164 years old, and is Female
7x2qhHp%$7,.po$0FJ]!a_r6+1^<?2j56zPJ(h8Wk5o6>)u9uBT?3(hyz3Gy_9!w is studying in 3xf;X'Rlh4o_RZf!<CA`@"D\Pn@qI-kn6`n#NLZjT:^zp<:KB+:{W{xh/uFn|neDpKfIdjQZ$tAL"-Ly
SjFfam6j$rT{s+xh5]a'g&&`@\*TcMjQL is 115 years old, and is Male
