Lr/4FH<j.R'hX\%Yf6z)&QhmsF*ShGsYPK.KsmlMeBri#Z2}]v8 is 31 years old, and is Female
r7}jn6 is 4 years old, and is Male
uH/-]qfbD=](RxT(Fmyv+EtW,{(yKyfZmRfY&g58C<0oo#D is 136 years old, and is Female
[A^1/G]II;/:64?8{]oZ` is 171 years old, and is Male
Y?347:l'BQuQ%4r'I)Ar%52-m/55%l(/:EUh<|x+O^J4W?p>dxcrSX$x"<y@\rx}6Cq\D!<C'S#>N is 89 years old, and is Male
[1wu3[.0.^Az,%*'>\ClJ!$torkn]+77`%-', is 118 years old, and is Male
z<uF(L06x.cPGrTO}R;EV*(Eh7fG3m>K=zFK7L is 83 years old, and is Female
x:6.8S,bXxqKIk"g01-64t&3L8.8W>/8pRzlj=sCWOq$'='B^`dA is 54 years old, and is Male
x:6.8S,bXxqKIk"g01-64t&3L8.8W>/8pRzlj=sCWOq$'='B^`dA is studying in g*
)Fj)xWV4nx+K%!B/f4PrXKrw(+x4[Y*{R6WZ|!&}S"V2#L, is 49 years old, and is Female
)Fj)xWV4nx+K%!B/f4PrXKrw(+x4[Y*{R6WZ|!&}S"V2#L, is studying in fNJvGtdXs#5/#+1E2)(pAI?'PL4{2emJW<d\u%b:Zd"w":zTU((2dPPX,=g^a4ZjV=\E)
fV^eFcJa;}Dl3kSz+nCq\j$RzgtaT/tUP[Dp)Xc%'Fc{\}TRQ+RX/ is 10 years old, and is Male
As19 is 138 years old, and is Male
As19 is studying in 1!}Twovmum`KcJHATb:l|"YE3Ki6G%3URK-'Us$=:Fp8m[e(DWl?19]}}fZu_<`#6J%BD7!&/5VD^a30{
x#l`ICDA4})T is 178 years old, and is Female
sw*pAcMw:Ec%YN<SY?_H).KE"[8vj3VJ2Hpmn8i_"Z82vz9{V^7'a8s@%.,/i0NDUyn1cwg45-iTK is 65 years old, and is Male
sw*pAcMw:Ec%YN<SY?_H).KE"[8vj3VJ2Hpmn8i_"Z82vz9{V^7'a8s@%.,/i0NDUyn1cwg45-iTK is studying in OI!9W(2O'mO"&6a%}?U{9@:npd
iazF)X{Eb>RpqpLrUnu`fa0iFD7c{NplSu6EC6tgXFhS04a<c=.M#7DB}\vGw[j is 156 years old, and is Female
;24mZ12>qRYjI16gv9yLAW5q3hC&t{0P'Nvzz^=d=/!; is 16 years old, and is Male
qus{%Y$6[jj?p@q;zoH4#s{P7l!@,YUKAv:E@N'o>4 is 72 years old, and is Female
W3%O;[;LItD+P$9@Wt{B0Zv#aF)*dBV9!u is 12 years old, and is Male
*F=y:G\hZ3;MzpzT_NVQB$iJiY%;Rls+cf-J<tAI?QrbR=;]Lo4bef<xDnJXRJe is 167 years old, and is Female
R8+du#g[*H#3\u4fY=sQ.3!Q`>1{ is 192 years old, and is Female
*z%{(I"7;YyE}n4p1?b^vJ1XoM3)d5Dg"{OZY)@p`#rqevX=,#Tc;c5]-hA$lqZqLc)dcW<_!1vjNgU is 110 years old, and is Female
fX&a=@`O6E(!'PhN5d4t?P-yf1-v:g`IqJ6WbMwXGP*y8JEzZdXWTxbV@K:46v*a0]E|*NQ4FNjN8|X9DekLWJ7GpaN:)BI' is 78 years old, and is Female
G6ZF&|6-n=,h+1x0@4I_EtA4P.CX1)TA is 176 years old, and is Female
).,n^cshpkjkYfC6-_gYyD5![&WB*Fs:<&8UQ|5O?v4!=Fa>6%>Q\ is 68 years old, and is Male
).,n^cshpkjkYfC6-_gYyD5![&WB*Fs:<&8UQ|5O?v4!=Fa>6%>Q\ is studying in D:PcCSn8T?*?Cl`0sg@dyBdM,
asnWbr@$JdL8/Gv\_onN?OvXBc2nS9<'GMHgjT43XlDDw|-Pt]WezLjq+V}aLvJlZET92sfoT;j}M*sU.9UTCvnI&Nsf is 7 years old, and is Male
E@ayeh:O:h7Y/yJ+p,K]-,<8,y;.(dmx*Q{JPi/ is 8 years old, and is Male
X^wQ&C1Z5!"g&A7nhfC7R,F/eW is 33 years old, and is Female
X^wQ&C1Z5!"g&A7nhfC7R,F/eW is studying in 6z+yaSVT/q3mR-2i%TMuD0N
7*|kz(%BgT[{sA.-.'#hoj;S6NV<'e8gdP`E3Wvu&%G_DiZpgge4=2],jK+QRf>n' is 111 years old, and is Female
iAh*btsY\"zqGZ"\|:d#un?Uq;c+jv6f+2HH$7V*kq@J=P8Ihl&2iJ+tNQ|(De=4G is 39 years old, and is Female
iAh*btsY\"zqGZ"\|:d#un?Uq;c+jv6f+2HH$7V*kq@J=P8Ihl&2iJ+tNQ|(De=4G is studying in $n/OX'X@miR#K[,jfbs94TX>%5EwS{UfdjydwPvJ/xmC
SOj:B0o is 86 years old, and is Male
spbm8ZD5o_>GKs-%a5v$dNr;$WECOn(T+AG/T<g&9!S[w9R/6s;$X:_AmsP%K.PQuy.[<'oOF9|vQ)0AzR5P4e,}spG2G is 90 years old, and is Female
spbm8ZD5o_>GKs-%a5v$dNr;$WECOn(T+AG/T<g&9!S[w9R/6s;$X:_AmsP%K.PQuy.[<'oOF9|vQ)0AzR5P4e,}spG2G is studying in ma
c2cA98;ki'q)D%zOOTw'H>>j%@c@yw0(y!>wWv70}8Dxh^2&f@*-OI.z6X:tLbT is 3 years old, and is Male
51#iIpL']Tjs'(O<Z/`m>Q;Z=R"'RP$JDaFerf,K}6fmmxP|9+<Fl6#7R+8yjNJCAiu6_d&^%&=B@Xc;Y.M%hiu4h is 26 years old, and is Male
@!e,n'=k"Q_SYT%oOnR!jFysc^JK_DQ6>^W>|hPIb7htlL?8.=;%iq0bnDdgQ"@l6N+nWDj}30lCwDRp?}jxE`M%74McvO:%+: is 62 years old, and is Male
)dbrwDFngn5F?\{`%DFU|Tk}GeA4%"G[\k,DB?4w)6a(^X)-${RHEiSXU]Dor&RUB4cfns8"X is 48 years old, and is Female
X@wu2f+_WrZ`Sjn\&vX_P5wgAlY]CCbc0*m_C#=@+aq:kpxg=i3.FF%&o] is 65 years old, and is Male
X@wu2f+_WrZ`Sjn\&vX_P5wgAlY]CCbc0*m_C#=@+aq:kpxg=i3.FF%&o] is studying in AF]v/6wwPW5uD$N;gl(g_|K#u`g*hf_AUQVA.z,iDIJ[f
fGzj8-MYh is 95 years old, and is Male
fGzj8-MYh is studying in gp8M}M"+R|b=<^OV(OrRp`Uz}L$b43tiS3n
m}#opRqjVCz0=K'W<|jiZ# is 95 years old, and is Male
aoq/zSH=ipBsf{Q44'dh1Jv{.%e8@&R05}qQ>TAYN[:xfbV/^5%wT`e-erw{95GPY,}GKK}ULNt\9\jYWk8!i"GXJ$1kSza is 7 years old, and is Female
W8=CSioW2'YuK5ErC=sIdPp%\iU{xAZdS is 123 years old, and is Female
??6BDX;tS!36{{(tnxBgd is 142 years old, and is Male
??6BDX;tS!36{{(tnxBgd is studying in anr&PG23,.UWU,GH5Xq_N#T3x
k[_rIt7KCk(z8GO8-*/^aYWbK?`h0]JE!w]<h82e*B{$gkgBa:zXlCZX6mSD2gF@\t[jJ)O_lWZ!xv]bRNR-wT-`N4[D"mt is 90 years old, and is Female
k[_rIt7KCk(z8GO8-*/^aYWbK?`h0]JE!w]<h82e*B{$gkgBa:zXlCZX6mSD2gF@\t[jJ)O_lWZ!xv]bRNR-wT-`N4[D"mt is studying in |jA>vOIbP3va#GQ,-1KpIG
t+P\HUtQP7+UW6#ke_ is 191 years old, and is Male
t+P\HUtQP7+UW6#ke_ is studying in a,zHVtu?;Ml,-X?;rXox,DVnBO0Yt#iP+JP7{7s&`uUoqf=JN-7"-JRzN(XwlasP)vUr/qyPe7Rtfq:XAdZuj26:T#4:{7
@U5(rno@x,L<oUP.5T;d{}I{$@&qt"1l05on}"3@Jdx{MYY is 18 years old, and is Female
@U5(rno@x,L<oUP.5T;d{}I{$@&qt"1l05on}"3@Jdx{MYY is studying in Ck\!J3l!$8H_*,B^Q;gVewS+`cZ>S;&)rcJ]z@60sI8J.2U&ZWgsD=G{wm)MQ,>i%4z(Q),%wI)YDxc
;_}LvrS`9KR]@-Mc'r<E5<JWfek\VlU!txy is 9 years old, and is Female
B^9d{+_+yqegzhd4=JrjThFSOFepTK]3axRY#w"tWkp_.4Yj is 45 years old, and is Female
JK`UoFsA!N$=-exnz5d`1.?0:*A",S]oEN is 116 years old, and is Male
^4mx;JkmR>Ax!UKP}]8W7YJQ<|^Gy)BuDv;mG*]p)|Zp[ is 86 years old, and is Female
N6qMbFD])|jua)}\db_I,7V2Q#Ptl\E<L[iRuo#")<gEUimOrayK/q=N)W;{ZFJ; is 11 years old, and is Female
n^CHrDW%%[lF&"zZr"yH-%JVt&XV7`uS+(^#D'f=g is 43 years old, and is Male
x]jLU!%KUA8[Zj='D<D,^imvW5!l[`7fi[.FUvlTc is 67 years old, and is Male
x]jLU!%KUA8[Zj='D<D,^imvW5!l[`7fi[.FUvlTc is studying in w%#5D$cGaNSh7^ng+rk4hni|o7ar^VhbwJ9U1VCF;kLr4j57"D=U[|r(K*X6Xl8ur"jT]|-i@u},R}+HhhRYH:
59(:Z:*0!fB^G(ia5Oi,a|i{*g0z is 87 years old, and is Male
eL72tc1;7zod$Xn@$-V3?*2PH<yZ is 178 years old, and is Female
eL72tc1;7zod$Xn@$-V3?*2PH<yZ is studying in y=P8a&7Hkpa9jg'u,6Nf(arST}"n'v=HEs5PJ`&8PwwG>RL3ka]|6_v>,J%rQ*.IEYKH,V]/Ih?a`^0qCR|X2}0f
\)?}qM"['kP;N%cg%FY.w329AshB]'SSPFA40=>K is 39 years old, and is Male
,,zp>PK<n`{qH21<ImRnl>`w]2c#D=sshY]X3 is 67 years old, and is Male
,,zp>PK<n`{qH21<ImRnl>`w]2c#D=sshY]X3 is studying in M\dOZRHYO;^2VE)]g;]_?7G4)R>E%92942:m.nYQA!@/@m4m>iHLUeEc{qA_2^]q4wwH-_&[P{&W8*P]w7Gr`>^1wAc=/6#C
{Re5PuO^=sF_>,x]$/5*do"}a+JShHC-rt9Ug/AjIx is 182 years old, and is Female
34Fp8,.#}bg(`*Np is 130 years old, and is Female
7AqPhSsIbV)RK3Y1\IZ:'s&?=0q{kZ}3<mK"!Gf)*+?YDbm+_<=9_l4X3Ml7rqhzP1jl?=W.-= is 140 years old, and is Female
7AqPhSsIbV)RK3Y1\IZ:'s&?=0q{kZ}3<mK"!Gf)*+?YDbm+_<=9_l4X3Ml7rqhzP1jl?=W.-= is studying in @g&B45WA|23^MaM[Y|1pyvWA
|^Dftc4_#Xk[1vbWtPt@<Q;rNi1eJ:S10=:Y^L<u9h[4%\o{c;xl%@+ny]\^CDR@#hUl+e?_%n}}, is 141 years old, and is Male
|^Dftc4_#Xk[1vbWtPt@<Q;rNi1eJ:S10=:Y^L<u9h[4%\o{c;xl%@+ny]\^CDR@#hUl+e?_%n}}, is studying in {OE7k:T%"0f?Tn_}QDQ?'ZXvFi&}mXANU+!<TR9#819y&%,+.n\E-JWZEi%R/q2M$2^lZYR,oi[6V!.B'|hmWKX
Agk:)X\M$SF=p[N:]lR&Ta"-[XXFf8M*cPrze-BS)9gfayLlnV#<?ptgryF2'^ is 54 years old, and is Male
Agk:)X\M$SF=p[N:]lR&Ta"-[XXFf8M*cPrze-BS)9gfayLlnV#<?ptgryF2'^ is studying in x=$<nE(rJiQt,?7MB;)FTJyf5sd/Eddo4Xw3v8rTg
luzgQa\$oIO_Xu=DD1(i^'57"^]&87j=qcTMyzzV6e!$!aM6"p*w)D56SG$Mx.$ is 59 years old, and is Male
rl=65J is 35 years old, and is Female
H05GW's#Sdw!v>;@^q,\c'_o,0mau}b`L(o4eCY%Q#MYLEltgqsX@F\@2/U$P:XH86]ye?e?7Cse.g2&o5(?@W:]y[@I2'oi[? is 119 years old, and is Male
\r3dp|+{1e-}$I0e)3jqUFEV3;bH$i:Pz$}ES3w:a{Qg;-s6^vqEfWHxKH7I7;s#[>dbx+NwI,&f"`O!{``g]+ is 17 years old, and is Female
*nH[7#tFA| is 200 years old, and is Male
1dUxb0a|;97I)XJ@"G>5ugd=9%b>dw&mJ(^%>BWZW%f:4>HJaIQMXS)lanMhDl02|]2U3sr?nB9Yg`]Q is 7 years old, and is Male
"(!4qri2$%N*k#C?lWFt`{qQ-LE,H\}h$PG)>w is 71 years old, and is Female
59?>*Kt`X;zVv#5%2u_6m1_:odNRdr$4#s{bv}Ljh9.BCPV?7H`sLHkz&f+6} is 10 years old, and is Female
? is 135 years old, and is Female
\b<wurk;(JTby4{_?*O-9,F9H>r5O;r*2qukZQBKVp)[|([ir66x,Ua!xLS8NbMNG(mbxPh-0F`z is 88 years old, and is Male
oQnbQX7nHd\?FY#K+n?[."biF"- is 161 years old, and is Male
P8>%`(9ViejV is 178 years old, and is Male
PJj9)K*z$B/#EZHP*mPq;QemiBZbJxLrn(\a:#iL{ is 126 years old, and is Male
