5'NZ>J6=p2`5G|SEkr3_NZNk6YlkeIvj`jd]NF9Z@JBH9=jN7>v1x is 108 years old, and is Male
SgA0%]E1xKD+DQ)7^7p]VO1:}(4u=V-WTmLTC7kI*.aH5Z2&]KNxsBqDV` is 25 years old, and is Male
<bm,u=k,pL,-s\+:{L6,tImEs0an;o|Q_9PWr55`hAc%)F3?fJ$*-Ej?5 is 129 years old, and is Female
<bm,u=k,pL,-s\+:{L6,tImEs0an;o|Q_9PWr55`hAc%)F3?fJ$*-Ej?5 is studying in tDRj]]'RZ>gwm<|wc{4`+N6z`|dylu>%eCEl}$`(O.\q|C
%}GsuvJg9BM7yt7?x)0jwi2N4ILA'UAkJ8P_;Jp5b#`:3L]MFo\y0&nh[?G[InejEw<Gng<deO?Hb|vQ.=}X<n_x*MSyBc{u is 112 years old, and is Male
&H+w1;yA)-bNzAS%D is 113 years old, and is Male
>*)s.^L1SDQ_LX3+CUVxrRc78$lf,`W-XGlG8<{i,|s'joyX:|-Plz is 42 years old, and is Male
rPozo2'%>ezf_'f6YiyD6Fo@4}m*&-/}y(Ddf1$l<>O(i=D)@Y4_=ECXMJky0d is 25 years old, and is Female
fm<1\"Sh*, is 150 years old, and is Female
l5W,-(vv!lHQ`B`5nv%=]rjDSm`k!v72NPyAE2Sb?[%iwphoI:&0CI4#\(jQ&0oPS=c|Y1rx^c*aW is 95 years old, and is Male
r:PWu42k>[/&Q^BF.%'"xpta}zphrtNj2>YObCjdKw5`=2 is 145 years old, and is Female
r<EP is 49 years old, and is Female
X.gEgD{f*+YHJ;)t!A,^[yBT'9.zCVrLDK"TDBl>!n;R!vd7JgW-:nWzBB@X&`!HLeO/O,-Ar9^d9 is 192 years old, and is Male
#APk%x3z\ is 84 years old, and is Female
wiaGcKFF<Tg7qn!+4y2\-NLlH-Fp{X#+9SjGO2)QaTc:}is8:rA}nZF![])1B6{%DmAo%cGP(Z@!sE1wTpFvx{PG@= is 20 years old, and is Male
<Xln)x7'acyj7nc#P&PnCeu$|ayT6{96r$:0fIKM7wztNUDhk$<9N``?)6!F}w)Y(nSUT><@fST_>Ev1G is 146 years old, and is Female
@IH4uXH-ADD]Bh>VCTA_oRK"Ub6T70m*PqNRm2i|ga^)sd2yFyBE$t?\wUYxC)f9J-+we)?:SMU]qQzDaV8d8B^)@p9[ is 108 years old, and is Female
@IH4uXH-ADD]Bh>VCTA_oRK"Ub6T70m*PqNRm2i|ga^)sd2yFyBE$t?\wUYxC)f9J-+we)?:SMU]qQzDaV8d8B^)@p9[ is studying in QV-+,hH&Y!@x?ybvJ:.vENtekZB=2%LOrWz!Iy_aC6-\!Eq_PC!Tp":1<8np`|3n2IVf,jk=
_Yg8F3@*eFw*.Sv;Gdx@3:Y\0("BdpLIznYsl:aK=,c-=hpWEJ@s:/OjqM|0oIev>iU3hzJDWPC!i#dt37qYej_ is 157 years old, and is Female
z?N+,M)jU-.b/ESx/dEft{S)0\XBD_At'-O7JhIqM#yOnV+CG{Y6F54zRDWNl,/V]|^HNy!!T is 19 years old, and is Female
pH7Vu.yV/`VTc,^3$_'<gf!RrNB`GOX<I4,PSB@4NgMBdh3_},E?*`a-@\t=>`QY[jX8?Wyv,+UI/u6Ca_7V?q$vu)l@iV&JF is 151 years old, and is Male
4mSe'Psgn\C$*<lX@hY/6\$}8P5j+N;,'%5Fy9O:&p,2wdx]m!rBAO"Nz8E is 71 years old, and is Male
4mSe'Psgn\C$*<lX@hY/6\$}8P5j+N;,'%5Fy9O:&p,2wdx]m!rBAO"Nz8E is studying in {hCajw82")g"cN
*j6@ha!BIKk&T+$8I"7Yyofvqw is 124 years old, and is Male
nOfM+'%*k;> is 76 years old, and is Female
W7|@r}Mp;E8<dE\_p3\{chkN%tMS`hKYa!pwSV,r<o|XHvjAfj,i}xK/l^=k}ru0Wm\ywjg#qSA^v]^h& is 140 years old, and is Male
$vm&$BLO8Q`4>SSC^eoDy901z)9f=MTVervDhjQ6x`x>!I#ZfJr!w+>*f.VY|R,Qzt5yu$;&3T1TS;nHE]1kqc)s.S'"r3Z6Q is 18 years old, and is Male
5phZXjfpZ}}'ir+v=iAx:jk/nzU47mqv^#wP"Y6|2_n, is 11 years old, and is Male
c$w!d5[z!x&,)C+@G=@>V,bk}rDXOkCHZ is 153 years old, and is Male
c$w!d5[z!x&,)C+@G=@>V,bk}rDXOkCHZ is studying in -2]XZyUloaQ-C$U3SD8wh3S/ia}UG*M@/ZL8?e*Y<y>#@^d\*%=2|Y31\w6B'xosn?`dG&mz<@ajY-EC5kUu]:4s=pdG*eh8
G_4=vNRMd@$4c9-:acNgc-Vs.ulqH6@"*A7teB}^Kofrbqu]c?J<@wr^p0fxq*5d7EO".-\[uesYO8o?/,UiZLl is 98 years old, and is Male
^P?^@<18BE.L<{GF-+-B*78H\cu-@rI.UHj}&@Q4\+zS92yA&SbvU`yoS`b is 51 years old, and is Male
&3C6}S(i6m{S is 17 years old, and is Male
Yn+4{f6}'V_^@4MRVBc\2<`BwUoq*KQk}`ZFwMOQkBT">yvz_V:: is 6 years old, and is Female
i\?WT<Aq&G2vzIh"_sx^3#/Y is 155 years old, and is Female
'2dKaMN|AnizrpQaRtk;|}yO4BSKL,R is 89 years old, and is Male
WBaxSuVQeaF9*%G-]HGO2Vj#BPg?\dup+[TCl is 150 years old, and is Male
#\)ZG-L>5zrV1!&g&-Fp@h8Ojij|0R=&W24 is 158 years old, and is Male
<891wnX}T-FQk8)g(|6H5B=Jv\n0n\gl}DSbxXA:c5C".R=6$ThINK|Vz:>YeFZ"kB`JDPa)dE(.z9.+iu? is 100 years old, and is Male
G is 96 years old, and is Female
]#zb"gzl"md^+Gt4K%<a"W'scohH72 is 45 years old, and is Female
c\;fgjip,y3fg-8W]oNho#H_b[s0#3C@GZ|YS{W3D|n_0d%?nd'e"5:k9#2hG|N69&o3AsI^ is 99 years old, and is Male
r)5`3vm(K4& is 119 years old, and is Male
9(#NE*d$IbBxVr!.D/2kxk'G;K]K0T6;+C0W^B is 140 years old, and is Female
(=nL{cW=AOdW9)vL%Obb#"`jR$2w!.oH{0)WBhwLV`R is 195 years old, and is Female
n&uRvw1uG24XN&0N-GCd$c==1bbvL}Lz[-:Dxz_DOu8!}4g8XP@q-qjtJ)w|0.fs is 106 years old, and is Male
gkvHp?,*WU+L{&7}-{>AO7?{!_b{L.h47)0h6I5nNP is 163 years old, and is Male
Q{ is 188 years old, and is Female
05[OEI8Fkwfe*5z>\XiC,}Y?nx.pI\]q_3}sQSl0iGZ1s/&(> is 129 years old, and is Male
sm9{7vtYMfa?yRn?@O;CB(-gL&F#Hs=<hd"WP2A*D!qAujV1TiqIqb{7?p-?JUW! is 92 years old, and is Male
gxb3HV8%gI]Yx,^TxCDTuy4GvND,<l)mznAusWjjy*K2,@jSFFT1{B_bY.jabl8kYwPBTu*k07[5_@aK!DM is 61 years old, and is Female
sUkg=`!(/V<6dF`f%5\q[57w|jdMU}T47JU)"lR&|K<(^c<GN3ti!"%6G5E$Xk$R#%H*/lql?iBzZ8&FL#f.=Du#q60v is 176 years old, and is Male
sGC{Z"ZUH];P,Dw$&S.mk,kZqDwBwek=ROlzW3_@]1}Akjvh is 154 years old, and is Female
sGC{Z"ZUH];P,Dw$&S.mk,kZqDwBwek=ROlzW3_@]1}Akjvh is studying in &^)VEnN`L`+]o5bsTO)m_Afcy!z}10DhXpa?Kym9,X'd>Hh`{HAKE-P@R`u87eNT}f{;4Hn302-]S
rGg`'W-m+ByM|3xyzY{j=0i_Dq@]%Ff@>v+z`%v1|q1MR+ is 20 years old, and is Female
>o/;=w5!bRl3'HSjq,@[pi%ISj(:{(/A^n=o-ab/n[n!Y is 9 years old, and is Female
w[Jk5w2AZ'%((NG]X7J^UH#Fx`:h${{Ac0KEgW*h@E6]fws"0ewc=DK$gyo,7Y9Z} is 53 years old, and is Female
w[Jk5w2AZ'%((NG]X7J^UH#Fx`:h${{Ac0KEgW*h@E6]fws"0ewc=DK$gyo,7Y9Z} is studying in L`Hc)w6(6<IEir.ne
l{fmdhN\Xic\:=Oz{X'zRmr0P)nqA!}4Hi09a$j]|e>:_@h?_hN=Bn56C``K9q21O^aR=,Zk0HK@^df+{Om@.8rBgnvSo is 80 years old, and is Female
k!fOB1'\Y6XmJCr-4>y;nF"D[QWtN<8ymx[7W&a4U,zEc.{:%x_.}IE%_ie]tn9O]sR,z#A!Lk6_2/?<jR%_-oG3W is 93 years old, and is Male
!+u8=-<,{7q%:z\"a#;]urLGaQ?a{h9d)h4l3+"E}7m6kD7$/fPkx[,$ZzBm68UxL2KlH|B is 188 years old, and is Male
bP9A:jCpr}=xiMUh]]1TRR"=Fh&>*|X/Q|[4;\ is 71 years old, and is Female
bP9A:jCpr}=xiMUh]]1TRR"=Fh&>*|X/Q|[4;\ is studying in ,
_6Qd)q`mVBH[5jzPP8}gWj?5C4Pi:Qs6_My"@x&+m\`d_O,03\C[d?s=]}Bjo5V is 38 years old, and is Female
>/t&0UBV?<a^h*+'AK-3N0s*uNf'k3-DHG_*+.bokHg$R*[HmXm2eW!ZqYJ\(+Wcy*-9->@C is 107 years old, and is Male
')e-oExs/Dy16(wu&9v44+T2u2e:&bwDa"ID[HJPAy/AGc[r*q:l?F]"TngL is 189 years old, and is Female
4Xb,[,bFIv's'g'2EC@Dk01|hyA*f:?K%g]NUEen`+BN8#:uLa_m&1`[XSB">'dpIwer#rE)m}ONZg is 102 years old, and is Female
*r910qF1VUt"={Oe>Sgl]uB/#|g_zn6hU3WJa|L^uG\*_|{?#&wfut]#Jr1iLO|K^_QU++N>\]5)SmKug_ZY{g7*D1_C_x_sm9.p is 177 years old, and is Female
/mkQUt<S;$.VTO5<D*Y>eb(a1v+0r(@^|lsR[y+A|n\YskD\Y=v`\4x-ys%vs_bMMvU@hY-.LTGAhj56R1as4ADY+ is 39 years old, and is Female
-Gj""!p;i\#:Y=b(?Fv#l66CT).|C(8JQ|b1GZ6u,bn5617#ARk?ax;|%\Gsc95a.{KNW}C"T?>!}BX is 182 years old, and is Female
-Gj""!p;i\#:Y=b(?Fv#l66CT).|C(8JQ|b1GZ6u,bn5617#ARk?ax;|%\Gsc95a.{KNW}C"T?>!}BX is studying in o%yxK+(D|fVY(LkZEX7V>H5IPX$UV6,gS"`awfMin]8Bsx[Xi$T
M:HWk@.Ro5K/M?0Xb:"d}w;:RCJ[_T]`O'W is 113 years old, and is Female
h{pKLd5%'w_/NTO[)Sm*wnXD52k>3W[r3l)Qx}=o3Azw_""6XL1I" is 185 years old, and is Female
I\syvt8UpO7ZR?a is 61 years old, and is Female
dIoOa<r|U6Z;0b_L@z`}ZeF$5]I7>8IX?8)ED87a"S3s']z:\U&W is 43 years old, and is Male
0WUo@,Ql2>4H>G;zpaUf<K%'\hqtFoDo"Y%W0wP)qx@1bO"j}c0,wPtJK4PT{pO#g#=uw%uR,USD*O<_m<dblEk%UMw+H55 is 133 years old, and is Female
h}T+hZy^`^<..a!{TsTy2DY00(;qa'5yW]jAfHkSS|2qf|W@]Il's,R}?.0H+W=:%^H$nHMT5=+Wl%.gus]GxgIF&<<KaC7ORz is 19 years old, and is Male
X/Z$""EGjYf4J8dk;\^LURmM?kIBY>C.ycnn-}{o2,ow>GT#}-6/]PL"Bao{=?b>29]/|]Ekc&+RI;mV,)7ZWza1 is 90 years old, and is Male
Q?50]b"F'5"ZuJJ( is 184 years old, and is Male
Q?50]b"F'5"ZuJJ( is studying in ;\:]6cWj?yH9d>X'D\iqo\c=aGNI3tR>ZdaT}d_/=-H+!4UJ|%nDK]Z2mI^}m+#uMu
fOVId(N\/kqv;."/XrnznJ4t9[FbnMNavs5o,g2*U|,>lzO^"p,eC5%2o"^*aW is 99 years old, and is Female
^3-uHF8E|*?\cxx#(\mBh|xLvh is 82 years old, and is Male
H]gM}=Su$[-wDPNH-bD6 is 124 years old, and is Female
`HHM9!"dJ#<K3AG?#7B9|DL8AH?Rb,cgE,t=uiOtw1g,;,F:mmj&ofcJ;*w: is 106 years old, and is Male
iG=xWD}Bv%voDLOCnF"6=?.#[^Z:_-=J*CpbFKBy<X.T{tFT-+P$KfP0.M(Y_^8lCg|?Zv0fwtM:gC+>MIa``k:36` is 100 years old, and is Male
LPou!72|[F is 191 years old, and is Male
,hP8F|<-aN+T(&H!S<Y@2juGO:mD!3#"G]y]tey'/W%W&nIknD@`=tL"]fCgH_l@?E?XKjG&K\1_{sS5Qq/+TRQhNb",Jk{EC$v% is 174 years old, and is Male
=F55HqnN is 11 years old, and is Male
Fy_C{k2A6, is 113 years old, and is Male
R}eFZLG8t)^S<X>^y;[Syhw}0q\Fo is 85 years old, and is Female
0Durh$rED#qA*j-4/aPXIJ\Df4cgN!k-RWC8b8T#+c{4U is 87 years old, and is Male
&qXWMn.K^QC`MQmb<f9_A:1r_B9 is 74 years old, and is Female
nQyQsO3haU:v;@/R/V*}2_(hbfB`{g?-(Z&yc]UBUV$qbV)#_($\v)Yjl:R'}JeE[ is 62 years old, and is Male
&>JZup#/`2)0L9bQ>fuSbUy7")#,Ks84<6w9$av|}<CIe:,s{cWw(};p&QgQtVmUZ0!} is 23 years old, and is Female
$}q*(f:*oR[5E$UcOHG|Zi){S(lQ+!5-"GoUQUs.q,Ty0C2v'eXAd&/<Tbwj is 37 years old, and is Female
