CI_7v6'{_.m=Dzo+L)eb4Vrtv=-k}/ is 150 years old, and is Male
l,Vj{PulQc,Qzl4!^S8z&%z_H3l is 71 years old, and is Male
Np7aQ<hr1^]YcjaP|huV49"kO[fymV%`0,iz],q3Dq4iT#PD_}h[kV^bM is 3 years old, and is Female
xUH,uz5:-S"X;4,y}N:zkfJ[seDh>'K1d|2tpiI#Q\9Q5bV<v^9,5IcUc8h{!p)=:)wvhau is 153 years old, and is Male
Q is 31 years old, and is Male
t)E{aBOO$-E5HF#4,Lv8rNI3dh;-o{Y(\W5#BOrzyF(X\F$FJr,848OuI6'e(2H0b<GWWHq6JQ|?kMD6H]78`T]jwtORYUI is 46 years old, and is Male
`9a&KK0Hmr?TxsZ(;@uWQdo954DrHB!+@!;git2u,2LVf`mR+p\$}ZC}*8fEa@g1uAPF\b[$5{)OWMQf2Hb=+8sb%/:IcW is 129 years old, and is Female
ObZ1hek'*HNT*+2pdGMqM$FQ:vp0zl,rx(SHYLM.YD'],uNwrOcWy+@0W0[a0@i\-<6bVP+3My7vhH3JZEA]/N&,V@TUx4N3`] is 184 years old, and is Female
hN,16JgjQg_yB[Rqh74&U{G=]`ct>96;`Tpw`T\W*<aU.n.<JCU'oT[s`0PJS.rBK/9X%+]oH0zrKl0VGmh).#!|!SU?LL*|@ is 138 years old, and is Male
WM{SC`"&LWE7v!:>.]|6SIC8Ksl!%j- is 111 years old, and is Male
rrK$H=/*OJbTAjKEy7T|$0elK7U)XshSF=-uuW]Ow%wIGtR%2vs_&4{m027)?HpAi is 94 years old, and is Female
b@F0BoeM0(!XoY[UG^g|9!%tjkgxu(Mlf?9u!o}8}-URH{Xbc<k.ksTt57= is 137 years old, and is Female
FYQw?C{m,qV_n)3TQhT.^4]*K(_FgUHa%Kx)5Aqs!hrbFy-x;"2.s[4l{gLM]oX1(rdqq is 72 years old, and is Male
FYQw?C{m,qV_n)3TQhT.^4]*K(_FgUHa%Kx)5Aqs!hrbFy-x;"2.s[4l{gLM]oX1(rdqq is studying in )1a:M,1,W{3{#1;pcp.Ug@MfqMf(3R|C`#
h0s>Vfv+)7f!0o{]8L&(#K.E[f!aO$[s?,fv.9?gc*XH4{"$SR38 is 25 years old, and is Female
DT8cq*})[jfaBELZL*6I}|08T5z7g-6kdR"DY;NM(3I=9\G6) is 100 years old, and is Male
ZHV=Z4dTIjz&k{ is 28 years old, and is Female
ZHV=Z4dTIjz&k{ is studying in Sj>ykuoUoyb;0!Zp[foJG<r'DYOq/w=WGWln
:c,Iwna6"J[_/ER}mC5?t(|1cby2/p[t_F9sZ#[_rB1e6=K`fy[dx_^jefohPGtH2!pd*{bs&KGO7FP11>&bC;YDI^"z- is 25 years old, and is Male
:c,Iwna6"J[_/ER}mC5?t(|1cby2/p[t_F9sZ#[_rB1e6=K`fy[dx_^jefohPGtH2!pd*{bs&KGO7FP11>&bC;YDI^"z- is studying in Z2N:Gkn=[nzWq[LIaL:G$awfSQlE>B|
[u}E74a3e%wNbB4"tK}%\g'Mpo?Qe%tFzL"4ZySr2{`x)47oDX7K;^ZQ^(Nu&WE=x``Gz==< is 83 years old, and is Male
on^8NDZBPq\wf<.7]vd//S=!bY?w"4\xr'|U{z\:[A"Mh#j9-7Y5d-:!n!gzsT_xuI is 130 years old, and is Female
;/(e?UQ0Zb|lhf[Zst`A:lc2{U[S]5tVq is 60 years old, and is Male
;/(e?UQ0Zb|lhf[Zst`A:lc2{U[S]5tVq is studying in ,J4_z`?3rlj)g*}Ch|eB
Rt^s2g')h?2Mn9uOJ;@Q+wF>A8dt2dfLmcYh`Zt{ReOY{4mZ+5$Eh,i is 57 years old, and is Male
oJ+=Ua`6Sk"?:7`@Ai`fpzWh7A41'lLRqA^z2k)g,V5wt2_y.M*eGY,dU%}MpWE3nA5.]nq8u2=q2uV/Pr*!<OOtDVxRy:-'2u is 145 years old, and is Male
!CT[z5q`0W&1#rj4S} is 93 years old, and is Male
!CT[z5q`0W&1#rj4S} is studying in v&_,tpMie9eK2##QmA^Ne)2aR@-s15EEC>^^zyek3s
l0)GyuOAJSOG*k}k(:HOTL3=0\zT(3/qay_+7)JN!b is 47 years old, and is Male
E-1'pCn],13/ags@kHNU'' is 118 years old, and is Female
E-1'pCn],13/ags@kHNU'' is studying in n{SF),MG;GkIBjF+e!,Md{6V]aULD{X)A?odV$aI3w4eKW2QhFU5a>?
56?gLP\Iq'#Rf\_VAf{#=^0m,/;{KP.'y:Hi/4D*%XDP"@brG+Qz0Lj is 33 years old, and is Female
56?gLP\Iq'#Rf\_VAf{#=^0m,/;{KP.'y:Hi/4D*%XDP"@brG+Qz0Lj is studying in )R'A?L'z>jj>["Q[0OiuR8::JV}ei\_Ou:(qt`(Ad)k*lcM]ZUE)j\6)}6gADT'zS
o{r?W(,WvqRz4{#:wsLWujrGO_^7Sj+NA.^>kEl[$'=Jd(00{Y>Jt=lFA_LgM`*<jH#s>aUkSN#3 is 15 years old, and is Female
0(Qk&@@fswlCjAoPUbHd&wKlyg;X3=IyXn;A|!.,0vQ is 21 years old, and is Female
0(Qk&@@fswlCjAoPUbHd&wKlyg;X3=IyXn;A|!.,0vQ is studying in ?V>54|A[3z26CW7`}
eD{Gc"NSuF`SIF4RB|oVH8W,JTQUJN7([/v-_`rA{@x>rrO#X2'^^uQN>"/QtX\M_Q^9rc is 116 years old, and is Male
<9*YIE1GdIq}z\cO?,Sn<dJ7wgX{+RFdz;ZL27M3bt6q0_o-X+8}`=lN/wpTqe7Zt9O\Fe?{ is 169 years old, and is Female
I<0qB#]RM=ws;&(wyqy%zWfU[4B_:]hds is 132 years old, and is Female
=H5%cTodoUO}@P,6z8tnjI1.IO{u!6un; is 115 years old, and is Male
jsg_tuK[bunjk?uDFw1,o2ea&`.UebiJq|58,hn2M+'^nsFXA#P is 174 years old, and is Female
'8l+k6lnK\Kn+)fJ?q;X`%'GlS+Pbu^e<3.(o_7[I]GB^z\VZeQ)O>Ah is 52 years old, and is Female
'8l+k6lnK\Kn+)fJ?q;X`%'GlS+Pbu^e<3.(o_7[I]GB^z\VZeQ)O>Ah is studying in S}LgNPW[0+B/V1n90S}.;YCf;.LmoJDk9@2l4>Ipvx8mOcANd/f?N+hY}gW,cSRe.%yPILzj(g#7(\c9,c,[PdWpHIs}DXp52tw
'{cD+Tfe7cGjNDQzN^k+yb{:O9hbN5S04n>o)X{{h:-] is 22 years old, and is Male
'{cD+Tfe7cGjNDQzN^k+yb{:O9hbN5S04n>o)X{{h:-] is studying in \m6)|A[4WQK
WxogSMpYEt\#wn\bX+Pb-iOz0f5%7%F/WV;.YN$)PvgMRey\ is 61 years old, and is Male
w"R;H-P:|`kGi[zCB/-jHqsbi@CSPMI_.XSwP[gZ(+1TJP12[^#UBS?Bb`jG?.Y`!j>CH8gk+?ea*>@inn2?v is 131 years old, and is Male
v=:@Zwu#U#EvaT-W/uX*yhm/>@ck|F3)5'W-l4?w10!&1R32MOsw>E't!)RP+U4#V is 114 years old, and is Male
Ab-R%u\<z&jLqI``{>G>O1XPe8z/0<mzb>=;{@75Mxuu8JQr2k.RHm8"jbM3*pd'v-5`=1bc|Ch9! is 121 years old, and is Male
G$],f3,\p{<U&FxH|85F(0:Y>[QK\e"yhU/i\p#a*SH#8cBiSD<LKQUWS=!jHjq^F1sjVWa is 111 years old, and is Female
$|RiY<LaOY:Me877yPp*U7]`jK%B!* is 6 years old, and is Female
*>8+ is 185 years old, and is Female
emonB\T|z"Gb)d^"z9f^3$%ZAbYoq[iMD)zK5L"V=kDDa9.rDEYtg8lC7Xyn&<_UFx4Mc5k86!u1]ev!q#`S!-26*u is 41 years old, and is Male
@^"KWz.,A]ITE7YJ4En is 139 years old, and is Male
x=C.XR:wfvD5#] is 82 years old, and is Female
!]bd)}be4_9@Q>SPY]@AwHEoNE'KM3wTl0pi_0mXmy>?Q74hFw,5XJe|gHD#=tS is 20 years old, and is Male
8taJG`jJdl}boj^%PE\0.'m?k`^lUS>byxQj30v8CJmBNJiVs;XN6NjYsLJQo:4#v|6Vw is 189 years old, and is Male
8taJG`jJdl}boj^%PE\0.'m?k`^lUS>byxQj30v8CJmBNJiVs;XN6NjYsLJQo:4#v|6Vw is studying in z!6AZKNd45/B((Jr[(&f("#s[0+'7,#?u|mab-?G4ICEcX4R$oT
C`cj}}K;t["UVh8Ym]("kJ is 177 years old, and is Male
Y""`"nB("WHzE59;TjqtM|:b!HO0ruVT7lHaRa]hZMBe]]ev8u+KmE/sx6]{K?}YC%P5J$lF}`}^M<Tw:HQ)pB is 183 years old, and is Male
Y""`"nB("WHzE59;TjqtM|:b!HO0ruVT7lHaRa]hZMBe]]ev8u+KmE/sx6]{K?}YC%P5J$lF}`}^M<Tw:HQ)pB is studying in >Ez1t{DcTa'M2YNUpK67hlfCX*pP02}]#y9KKC\m{VgjU^%CflH:}R8+#KA
02f?5UqZ<^SRM,c9v82"PtHA5iv7}=w35n6gDGqhg.B1]:>mZmrLvB2(\C= is 102 years old, and is Female
F;5Uk:|;cG%s\9LsrzLA|!p>vy is 156 years old, and is Female
=Vn3gp#H:`e{"4bjlUF`3?FnFs8\e&Hc2I is 193 years old, and is Female
hAfC8T0*cZtR2K]jKo>FzBV6Pa5`mE7 is 167 years old, and is Male
gTjrXaer6n]2g2.6SM#Ag09*g'2?<0#OLL\k-Fjz'LFU:7dLKOC:>pw'32)Gb is 166 years old, and is Female
wZ|!}_t;:Far]2LSH}XU8"w is 84 years old, and is Male
wZ|!}_t;:Far]2LSH}XU8"w is studying in >o1Up7WnsH.{CJlm45&qHx/xUK4WD9Y1uiv5%p)D`BW]JQHQ'@oQHityrGFU[,;:)>^&SOIf[9$!=3O?i6%Mm{y
cUu?n is 128 years old, and is Male
MH,lHewO`9(cbmI?l-[!mcv|8{}2GJR\Esbv:B73@K is 39 years old, and is Female
MH,lHewO`9(cbmI?l-[!mcv|8{}2GJR\Esbv:B73@K is studying in +B&#n/)u5e%3PrZ$_,|0'.'j?hJglX=2Q}m^t`[63&pTb+H)UUBs#6n6\
:}I+3S3zQX,[^MWke)T@\`*Ed|`/r{zONTBNyAiJ>!D&?f[)*U4IRc6+|dQ(cS:_T#w2gMgEtVzhYtGWP-`/#Q}CAu.8{9vU{@= is 168 years old, and is Male
:}I+3S3zQX,[^MWke)T@\`*Ed|`/r{zONTBNyAiJ>!D&?f[)*U4IRc6+|dQ(cS:_T#w2gMgEtVzhYtGWP-`/#Q}CAu.8{9vU{@= is studying in {^2V/vDxh&B]vg)U&u[]Y`8P`[NAOSB1'VBpoLuN*Vl-+EM5$a['@88QY"X7'oU,rIt>Qs
GH#%7rme=`_@_wl.g=y|>5!MNq!3q!FOX&v=Sm9oShQAm,T[VgX0Q)jxtM".OHZq|v:er_0#7y!efc2P6.}^HJtBp?!k>S is 24 years old, and is Female
,'Gj"0i(bom8D*j)#?"IU4]i&P.Pfe791y!KmruqETmavez}*R/3S9J<xYE| is 175 years old, and is Male
,'Gj"0i(bom8D*j)#?"IU4]i&P.Pfe791y!KmruqETmavez}*R/3S9J<xYE| is studying in HLw6D5kHEA"_1Q3vq`B-LAi.rbZh*-0O{zN9SRB$^B*?8[QmlNpE_@IXw4<2]@VKL%"rE%'hY
pqqIpLqS`GD2pU$+5 is 150 years old, and is Male
fl+I,g:%Qcr"+kG*`#?F+ysZt{+UR_">w,QMC?MpT5} is 68 years old, and is Female
fl+I,g:%Qcr"+kG*`#?F+ysZt{+UR_">w,QMC?MpT5} is studying in "ukbo3[+!S?bZ-zX!SUbltRtx`/M=;n^#1Bn)qzPqnR9\D3Ze$6^I"`7#U6NlSMw%^F1ZY*?C{`y
D]r is 138 years old, and is Female
4v2;"/fm^\xvZ3KI!1HUV>h!#yf.5S.__]B7u is 155 years old, and is Female
sv9'viEKGSaw*V{!0\R!@40lK>o(/.pbB[(Aw}}"p0=@JI(SN3M7x6zv|!W)F+Q#s@KpAvBK<T_lxlTlW[TImc|7)Aqj{TT is 174 years old, and is Male
sv9'viEKGSaw*V{!0\R!@40lK>o(/.pbB[(Aw}}"p0=@JI(SN3M7x6zv|!W)F+Q#s@KpAvBK<T_lxlTlW[TImc|7)Aqj{TT is studying in 'uR5Q@uS#0b3;>=8F&Y'x*j3;{"DuEn@3Cd0LR\<`$iWXszfR4CdT;@>d>G;c#/vZ2>5w4=Wt<*SQwu%aG5hi}qr'$n:Cv
0=XEO[;1^|5wwNBl'aX^oIBRl2x00^J^>Wc^kTFfjim>OVCB2Xu5(Oo(4qn3-rZ#I,5_CJ.Q#NEFYZ1B8`qajJr{mmUdsTS78 is 169 years old, and is Male
">uK_`]#ebDZ_X.(9KD is 138 years old, and is Female
">uK_`]#ebDZ_X.(9KD is studying in \"q['Hh.,h{*wN`x\$4vpraL/zM!ezkv']b|3nn0sfyA$:TAv`8[^E1t/)pR4D[>4UO^=e>tJg<\9G0soFamMH]4\pE|fZ,
3G=k"u[1AP}<d#nxs\w#s)+B%aX[)H7bE"7NaF64&>>/B9@}i}\)xIsg):pHon$7x,'?Lg1i}9R'!f{6!(o4^,,Q=#}P is 179 years old, and is Female
3G=k"u[1AP}<d#nxs\w#s)+B%aX[)H7bE"7NaF64&>>/B9@}i}\)xIsg):pHon$7x,'?Lg1i}9R'!f{6!(o4^,,Q=#}P is studying in }xjo*bHzFQ}h
Kt+hm8^uKYvUJa is 81 years old, and is Female
Kt+hm8^uKYvUJa is studying in !Gb^OW46L0|\08|Lk7OPkD(<od:=X[![kGOBj?AzKu@mZ?[3s]Rn,|s8=gP{RZWEeRF
?$1d3,v,pF_h-Xf+a[51s;xB[oHASc'30?6jODn,vyzQ?/My+#${e0{l^%Es'6LV is 67 years old, and is Female
[7">`hshwrh@IuX-YyqEg'908XTH@>\IpmI,AwF5?UsFKXuxg>[I=^gLlNF?8rGWGXg!z<pDHfRcc;12T@NoS is 28 years old, and is Male
6U,@:<Uu=k9cR\\7E;V!q;|;QVOs^#R'>B&t?Y(^'fsm`ii;<Y&'o7_dE|FD@`<X0^n4BNA}7<op+Sjx is 47 years old, and is Female
6U,@:<Uu=k9cR\\7E;V!q;|;QVOs^#R'>B&t?Y(^'fsm`ii;<Y&'o7_dE|FD@`<X0^n4BNA}7<op+Sjx is studying in 5IM/tWp`xW*WnfbjX^N`F./"^R4Hp`lP!gHcIq,2ZTLvfta).
@5VfvMqbkda97`Qk5i{ndm70w5PEX67o51?}p>.|EUT5"f9*<780tC is 132 years old, and is Female
8KI{C4vl4km*|3LS6'^*^OF4LliP\q<h^oC7GKJfcP.|4{<{0b*5)h"1%4MRGb\y.?i'B{D$ is 133 years old, and is Female
tw29nFsC'mhUn_A2cp!+R/-0Sm*Zm_T\J" is 16 years old, and is Female
fDYgSjRT?QE+Nv- is 66 years old, and is Male
fDYgSjRT?QE+Nv- is studying in 34YlEBbMN2Q<>=t#Us)]:$`EBVY\t9W>k|)0H&lgk2;TNgYh7X1U%"Clbn
c2_c5lZiA32T7dOj?wm$LB.-R3R\r,!N'q[g^houxxeZFoHbu_{&cZ%sJ##Z2p%Cadk is 37 years old, and is Female
8l"3+W+1;T[{Ces>9g05f]<VW86"&Bk3wB<wm:YLm is 166 years old, and is Male
.9:!#Wc-X@/3gM;W is 81 years old, and is Female
dY5)&ff@WND8ZwV?aPEcq'q10C@VD9"0lHQy(bqN>X1k"6.+DaR,k?6Oe)0Lz>NL=``2>NsPBR:c[2k[?tV(e! is 11 years old, and is Female
NcUN7G'u2H is 128 years old, and is Female
4HzezVAp]nv|L.40nk@l*w+=ylYpEOe+< is 54 years old, and is Female
i7Z#r?WQ/3+v is 61 years old, and is Male
A1PZc1'p7sRU/BqrF@Yy?N4%|R5@!fHh is 23 years old, and is Female
wmGn/,9[Mf7OY}|_Q6u%s^aYkaZN;^ is 109 years old, and is Female
ZKQC&5k>!&k+P&>YiH=DED&5iJv7.@7J>=P@n.#o@8Icn?uJ+r|b`<boQ(Wo4|oKtlZbgPToLC>+m+:_De;]"Ii;FVzf'.], is 186 years old, and is Female
