*sEG6Me:\uVl}8Hf:_^(6[0#9IFc+bP#vm^_h>nK\+k6&/z=kCLb.A(NIrV./1zxfXiO>H3cmrW}.u=DbDb3 is 54 years old, and is Male
./k1rP|6F(0=\>6OEck;w`%dO^p? is 152 years old, and is Female
MS+exf28L<zA}Yv^fi>+#*d?094B*4>I/-N&Ht7M is 103 years old, and is Female
dLYpo` is 33 years old, and is Female
"@cA)tb'IUc0rzv*5mY is 137 years old, and is Male
%fMCx*0f^&3/>#kW;_c5NP^{9U*Mif4Ut_/.|Lv?@B$Inn1jAr!-y/rD^#+7"N?i is 43 years old, and is Female
:3pM{4tOVs1d@EwXGW^8hlX}dO2fBvh-oj}A1<my)AdxeHqY(Kl?R is 88 years old, and is Female
g3r#1eM")w=Gh@K4N{B]/:mkMYYSK)#^z]C6Uz:EV4gD$TNK2\?5>v3xe119`?[]oAL7, is 55 years old, and is Female
Ntf}{A3)Q8M,2pSYv;=AvROM%gjA#z#/<"Zd<B,5@{MF}#Y6bIAM$jiz2(nAO`nR>d&)f$eu0!_}x/KVynXCoI]A8[VQ[ is 33 years old, and is Male
Ntf}{A3)Q8M,2pSYv;=AvROM%gjA#z#/<"Zd<B,5@{MF}#Y6bIAM$jiz2(nAO`nR>d&)f$eu0!_}x/KVynXCoI]A8[VQ[ is studying in ipH2RVdy'y^hvmk8be;X"%beQBsV#89/jpjHeq|s/J,|}J?c=r6F1a0:Ca]uxTV4+4lr#@C(HrKY+
rP*.|W:KS|.T^vYONX76#9+kBkbp8**P?U+&)K0U'MBmv_`3(b1;^{I{k_p_=/+8oY[jL^N{<5>Z0PZvp=l:Ltq is 170 years old, and is Female
rP*.|W:KS|.T^vYONX76#9+kBkbp8**P?U+&)K0U'MBmv_`3(b1;^{I{k_p_=/+8oY[jL^N{<5>Z0PZvp=l:Ltq is studying in 0=jd$;4(e:U??T<ttb#ZgM9`[\Y@f![[N[6EpZK?y9brZ|(@/O'A(7ul'EG8FU\ml@8{rsh
_!ijCZEj=4X|M$!H+agM8\c})Z!@a`Ba{NYFH|s&NI'yJMY%k-#nWAYzcp8L<\QHY-kg7n]R1tl?]k43Su.VC\f>Pi2 is 170 years old, and is Male
UF#BJL%eR_A1GWn-w@' is 143 years old, and is Female
UF#BJL%eR_A1GWn-w@' is studying in Sg9e1)1v'Q@,c)K6^0PMf.&gDr5
zs6?D/ is 80 years old, and is Male
zs6?D/ is studying in y}8qjpv$FYISuXmWcwfOkLcP0|^tq<BL2Qa"]iiI0ca&Wi:nMT_9a
64f is 122 years old, and is Male
-+?/en9c9tr1n%#xEHV[a,kD|Wis>8ub^/N5 is 45 years old, and is Male
-+?/en9c9tr1n%#xEHV[a,kD|Wis>8ub^/N5 is studying in YpE5xEb@QFOd{#or]M5m
42K4G;mhy4x{N{V.Yd2XoK0w is 4 years old, and is Female
hoj(t?KRt46kVR0YRP<-YLOi=;Uqnhuhou is 184 years old, and is Female
hoj(t?KRt46kVR0YRP<-YLOi=;Uqnhuhou is studying in jCC6<yYa<"at-$zwqy/L^;,3rXGjd>JKdJ5uo@pxQxlTftvkcTJ{^6YESoy('o&9,`UHz+J;eb
^AV>kyOSsW<X\LFPJ_,&;Q`=zpO$v^?Vqnh!]=>BZ#xOqZq`;oDoIs98}b*7E{9n@@Udx+<w>/ZRT}}#}pMafFI:O*sY&GA! is 177 years old, and is Female
^AV>kyOSsW<X\LFPJ_,&;Q`=zpO$v^?Vqnh!]=>BZ#xOqZq`;oDoIs98}b*7E{9n@@Udx+<w>/ZRT}}#}pMafFI:O*sY&GA! is studying in 2ZzpU=q
S@aXb-LIy;1+SmDfFQX{<Tc$NPD^lY_DkFSw is 114 years old, and is Male
S@aXb-LIy;1+SmDfFQX{<Tc$NPD^lY_DkFSw is studying in Y4^4SoJH:iF2Z\D+aEyZX9k5IE5{FETTu-wse=qk|A:^2c5_,KzzoV5#&<(pe"V2
5Fsx</YnJGIV\n\9DJfU(fVP{4<UbW7Z}l`[kB&QiI&cZ@EJ`jb4_[k{hEG=.2N*9.TG[&7L<=3C2bNU%.bYGAwmKZ'Y"NE is 103 years old, and is Male
:=(x)y^)Uh0&G{hOFy&NEwP=YS[/$eG\%10.4M)'u4GO@|V=P?]jIc2Cr"]x,(H is 196 years old, and is Female
7p(h.a'oPZ+'6}"I?mC)QO,v2:f0'=_qovmfHEqdC=43ng.&=X{Bx4JqBq is 132 years old, and is Male
7p(h.a'oPZ+'6}"I?mC)QO,v2:f0'=_qovmfHEqdC=43ng.&=X{Bx4JqBq is studying in ?ak`=ZfyUm!sE({ggr
`:B\=$XE|;Thh-}FJj4j6ULY8{R?$=2Enlu!.t`)q"U+H2 is 167 years old, and is Male
`:B\=$XE|;Thh-}FJj4j6ULY8{R?$=2Enlu!.t`)q"U+H2 is studying in bIELJY2yO'=fU05}Ho_9#*}54H"XFYigTAbN-SV@<r]BkVA5.TGY"e{V9mPgIBol+U%+7j#8}G
,Yr\n)4#C8Wji-Di8229ysvpg2|SD|Q6@py3|{r@{..k`[{CGjvtV6{OsiSG'm>e2"=8fSk,W=hecg{aaG is 161 years old, and is Male
M<oz2fAxU@A4,&hR({k<"9`W]F[&mz{_\<-YVQZ" is 197 years old, and is Female
M<oz2fAxU@A4,&hR({k<"9`W]F[&mz{_\<-YVQZ" is studying in e."sZoEzR`3']>!Xm.mg1|YRC`b,Q70ytq:jHVgx^:LL\#2m:Ft*@zDEQ5qT
o is 96 years old, and is Male
o is studying in J)BB:Ctw>}O&[Lw3N4vk]IW8(iF
&_-FI!Zrab\(E:FT+?n;f-85v=zI&Xt(( is 2 years old, and is Male
&_-FI!Zrab\(E:FT+?n;f-85v=zI&Xt(( is studying in xdtCB<yy5[SN8'ihG3k$M%mr"Lv7wNg6*,n&Mc28&<
XcA$Yb,W#n7:P>P,`nVyGP$ is 6 years old, and is Female
XcA$Yb,W#n7:P>P,`nVyGP$ is studying in |'KI%Gp&8#V8%s'AUi$l_*F#z%{8)NMWeCyI(K#%Gd9uUZq+(v=v0JqNMH/Q.4zg0}T/|RHg'l?6J/YIrQC_aur}j-:*
78YhLDAUH1Rn0o<^,B:*G is 122 years old, and is Male
4a/2tlmA0/-TBo>%",-0/Vk]ZJVaIV](p.+>1S%h78Lf#-v@tzz___*x6- is 169 years old, and is Male
'^9hS@m+WtY8(NBDlp is 15 years old, and is Female
A-}@&TZX*X73RCJ<Y is 93 years old, and is Male
A-}@&TZX*X73RCJ<Y is studying in ua.$R>n5,/X)
c#:y2N|Au:Qh4?H;qI^{5H;{nvm9ZG\RQlhE is 33 years old, and is Male
c#:y2N|Au:Qh4?H;qI^{5H;{nvm9ZG\RQlhE is studying in >=/x0]v)b1RdKu-nC!"i=S0DBRdQ
xD]n|I@&N^u$.V1.H1t]}(eY2Ct5*@aY7)#oPmT)mc=qR5"Z&t-ptY\"1.s]gkbV6}Bl-gC--@iB%+c5!VkOBtgQcdr\b4"U`;_ is 43 years old, and is Female
xD]n|I@&N^u$.V1.H1t]}(eY2Ct5*@aY7)#oPmT)mc=qR5"Z&t-ptY\"1.s]gkbV6}Bl-gC--@iB%+c5!VkOBtgQcdr\b4"U`;_ is studying in ;C.xKC?o_]d7=j]hvmagFQrQC=#PaE]{.0E|;/(ApA=;yO&Ag|n0'E?M/y}eCD<m(wuN;;HE>s!qpnf&8I|QrU*{s%H7hm
H+*ch#6I>"8R]#Del2WBcvVAYLVYgsy|U,oH?srq=s]_MTGhUgRAi}eHs+^A?M,_jP?W_]WTz!:ko)Bm%$VTr51LA1|q[,1H is 150 years old, and is Male
H+*ch#6I>"8R]#Del2WBcvVAYLVYgsy|U,oH?srq=s]_MTGhUgRAi}eHs+^A?M,_jP?W_]WTz!:ko)Bm%$VTr51LA1|q[,1H is studying in i/nv?&0\@-#BUJydcEt%
>>4o?u} is 54 years old, and is Female
psVQ12*:#MAyRlLXngS1?Cs%4/.B$"tUzpUATr8V]s$(d00N-Dfi5bvp}(fPBUrQx:$J>hgtA*pUU8*+h'6}v6J is 100 years old, and is Male
$nE>Mm!KQG^BP$ybs^wrk}fm-:,a>gFN>6?Cr8Tf is 159 years old, and is Female
$nE>Mm!KQG^BP$ybs^wrk}fm-:,a>gFN>6?Cr8Tf is studying in sQ@gn`N,]li0VLJGw/VCdem];k+T_Rc0hy^^?A4EUwhd\h8=j?SM
tl#|$mRmK*n/e6oTT=>;L-mH"=ewU>gRmuw5dp]` is 23 years old, and is Male
tl#|$mRmK*n/e6oTT=>;L-mH"=ewU>gRmuw5dp]` is studying in hI+u;0p^OCYcF$.w4/VNI=c&F6bf[z1-}{CLdm'odWbRAT]F1i]R*C[VoAlPO{&p@P4|B8}hH#ib<)cFhXgiqEul/S
7fo]ImMH3SXtfGzkq^5}O}TCW\<U$Zw)5uVRVzib^MFr)!Ul[ is 171 years old, and is Female
7fo]ImMH3SXtfGzkq^5}O}TCW\<U$Zw)5uVRVzib^MFr)!Ul[ is studying in 4TI}'fb7jK7M@PC<$B6|KBA3
Z"i,pG5LkaG"X^tbXdU_dPyiepQ:Ca[[@(!?N\).Glv:?uA0XTD-Ljr2g3KN$}&-f+U[ is 105 years old, and is Male
rM@eG-v*U$7B/A9l$ve{=^<:0j'q[ey2Tvu(pDLf(qzVP5\CKJ@*hJ?|hP<9SUlN+P4vz?$d\uY|8KkiBT is 19 years old, and is Male
rM@eG-v*U$7B/A9l$ve{=^<:0j'q[ey2Tvu(pDLf(qzVP5\CKJ@*hJ?|hP<9SUlN+P4vz?$d\uY|8KkiBT is studying in t+w&nod9XAe4tNiX-.zM<pK)c}#`"Vt8`SUt{k2]j+S#c/B1`_`IP\*!|j'[1$omII%4N7{Z\{C)&B%j$fkWeCid\
sq$7W5HeCQ4Vl)QB/T@`M^8&;qio!@WXikL]Cr8:FS`wfIu.L5Wm81s$:\P1`K3RTbrfb1d*JZ%,:Sv*q{*(:];Yut is 33 years old, and is Male
%Z%y8+o=@hvcf5<wrAGC?k?`vo6jeF*NW<y|_H3T5WncZxj/!nJStv\@("<DE#mpZSaYtBcY92uD,$2L2QI?g4DZ>I#*o is 160 years old, and is Female
Z?c9nj`Pe-=G&?\(7S#Tj is 74 years old, and is Female
Z?c9nj`Pe-=G&?\(7S#Tj is studying in o,0qJNXG.tjA(M#C"_fDodc?xT
\ntyiEx]D9NMHocisTzwB|9d-u>lp}uk?R1.J9Sun0Ad.(xB'xjVcw,<9-VNX8U}8Ba{!?raYoi2ux=V!1{+ is 135 years old, and is Male
\ntyiEx]D9NMHocisTzwB|9d-u>lp}uk?R1.J9Sun0Ad.(xB'xjVcw,<9-VNX8U}8Ba{!?raYoi2ux=V!1{+ is studying in JD#e4rot3(@QQ|^{{R}rU}
$$L3\zp6=)d=SZS,??o-%4p.,!J`o+0WOa3pU9lr"E%qTpH,4?62/=c1A&g}Tt58bYi*MWS:|[Vn?n[E is 2 years old, and is Male
$$L3\zp6=)d=SZS,??o-%4p.,!J`o+0WOa3pU9lr"E%qTpH,4?62/=c1A&g}Tt58bYi*MWS:|[Vn?n[E is studying in sZbIuqf?+^B*vA'@Zh4
r|?u\":`Q31Z is 191 years old, and is Male
r|?u\":`Q31Z is studying in I&3T4O/-;#Txm^|d}:|Y%pm2fcTJ:@Q^Jh1>/};5jQd?#\wh)6q*vFAGz#M`A]8IW\|;^idrb"BTQ
Uu[>/q(%x8OITw{GM8-|2U6VTivj:}`wV*8`hk$atPCK[cd[otm3 is 10 years old, and is Male
Uu[>/q(%x8OITw{GM8-|2U6VTivj:}`wV*8`hk$atPCK[cd[otm3 is studying in j_P8c_FYvtb+9=9+j+sn/mERS&Q2{{y\S#%d9&[Mr\+NJSCf(6=Y]W=hwb-xG{6_fkwR5Fn$zR0g<1d|9s%`yXsd$H
GG/U6"xzR,i1ezoV"KCQM][\Wp2g5?}v/s,*x4Y}yTQlMLt*&95=9CoMbg is 10 years old, and is Male
GG/U6"xzR,i1ezoV"KCQM][\Wp2g5?}v/s,*x4Y}yTQlMLt*&95=9CoMbg is studying in zF,)oV)'B&E(q5613\(<f/=`c"&V|=`u2pj`W-}l$2;hv(Pe\j;G9K&KA9_n[_h7:@}Hn
c\}z#,tbOLkt$F,de'N| is 101 years old, and is Male
c\}z#,tbOLkt$F,de'N| is studying in fP+rCB0zG#yW/a9u&Fn>N[_@xRkS:O[,zekNG=rMQkr-B>FC
Zmp:u*|7<Y-ob(rWw,r`R=?*1KX+O is 35 years old, and is Male
Zmp:u*|7<Y-ob(rWw,r`R=?*1KX+O is studying in ki!X,)z/MmqX8Wa[4Z]q3HgRePD[YnA?*Z3*o9(>a^N?VR[@^nSJa3ArR&H+Q4Hss
J!hn]s6}&VhHkMJiiku is 121 years old, and is Male
J!hn]s6}&VhHkMJiiku is studying in 748sRwq86HD(E|?I5?|TRG
UEx_Lr8pjth6c_)K[d;*G=1r/).#t*.m&d)Wl"R7nmV>*%b+y\KrQ%FC=v\$S}TEn2JRFk9U;.3{x is 77 years old, and is Male
UEx_Lr8pjth6c_)K[d;*G=1r/).#t*.m&d)Wl"R7nmV>*%b+y\KrQ%FC=v\$S}TEn2JRFk9U;.3{x is studying in 4[^^KBJ",+sY[v\"fp#k`7L+C&|"e`8eYOZJ$r32ACG@
E1D(EVAkjP?b,W3fxEG!z.TIYQ<jX/C(-LZK0_n3(H:T9XPYB$V0R|R"kfm-#C/Da=bNZbr's\}@_#"vgNGq5:NW\ is 43 years old, and is Female
Ds`yu&*q.]"SoTjvxDE7`BRU?2>fiVxJBu3gBXF9gWX&q}1k)ENGJw'Djc'?,\2+.|kExN6U..v6|x)f'AgprIx-}#H<)}|,S is 14 years old, and is Male
!AC|#Ce%0!Jwt69\z^I1@E;X-b"0EP9)ISv[y0n.Xgj(OEr57W+uE.fMe|r;s.}8$"Fh*S` is 7 years old, and is Female
l(3![=/@/0,yv*qG!wDK^Vwf^cFW:S8:t4f5)',}3/ is 126 years old, and is Male
l(3![=/@/0,yv*qG!wDK^Vwf^cFW:S8:t4f5)',}3/ is studying in QX<\y+e
r^Mx_&:td]59'?5Dqry"o is 112 years old, and is Female
r^Mx_&:td]59'?5Dqry"o is studying in z
sq4C/!FLButS[%4bU(>K[|4Wj#BNkLDM3%+',cJ)ZIGCfX5vvM)K_Q#c19<@UY,Z=qWC0kY(h%(J?O%1chg}h+ukVWLD3{(F9SU is 55 years old, and is Male
[uvY!1k9(4s693%DfIn#Xz5sdn-zqdFi{jp@m$\:o`rO[T: is 187 years old, and is Male
[uvY!1k9(4s693%DfIn#Xz5sdn-zqdFi{jp@m$\:o`rO[T: is studying in s@:+'Il{1:v0Utkv4;F1J+Ts-m=x_"NhCmur0QJ:`d
^&bHBcTz7">+p`VN7Qo,CChTmBO is 39 years old, and is Male
[*_8k2h\8n:Al%rrOo:c>X.;je<}h"3YKO'4bA is 80 years old, and is Female
[*_8k2h\8n:Al%rrOo:c>X.;je<}h"3YKO'4bA is studying in h,c#H\shW{zmnFIx\6!08fkg6A8wQS>=r:J$I
ESnMROMf(?Fnl.H$g,m41/o40l#c3b}U#p_}UJj>j+#($<`g0"C%LMkL7PUPy_kh=O|&L is 6 years old, and is Male
--VB6;fh"(jzBWD]0LS7okA(*g9am0|In6myHw.ioE}1Av8-(b2Eb#Z]E(|$ is 157 years old, and is Male
--VB6;fh"(jzBWD]0LS7okA(*g9am0|In6myHw.ioE}1Av8-(b2Eb#Z]E(|$ is studying in CU$RUF[5>-y9Q66GSei@;5f1d,`7Q+p"A"x]E3C"|Rriuip=[kf;bft}2';lO)mmC(7f2t
sBNV`'GX.]r_d\P{6lH?Nickg(sMAL$`[eyo&.zTp5teP&])%mXqBso2"Ibd is 99 years old, and is Female
sBNV`'GX.]r_d\P{6lH?Nickg(sMAL$`[eyo&.zTp5teP&])%mXqBso2"Ibd is studying in 9c:M8F+5=wS2ISc|!U6(i$%5[&)Bi,4i8On){$LUMea^N%bg0{+YKW(r
p2`xzo4k_iM&LToL5MC[<& is 175 years old, and is Male
w5B|(== is 53 years old, and is Male
. is 70 years old, and is Male
4Tf#2.PA}$!>VHJW>m)KDxr7'z/{w7WqSobX<sT^s+UXQmIh1PXJ< is 99 years old, and is Female
s8EUC7C{HK'EJ+eOiu is 74 years old, and is Male
s8EUC7C{HK'EJ+eOiu is studying in +Tj'C5zSbQbR=:/uH(C>Y}/95}ZKqy`mU8uf}Ype#_kQ;WD
lOcVUEuskMqDvHZz,LdV6U.1sYQ;dmqi`]BPWSIUf0!^d'yQ=r(X4P9"}!ZY1;%|CymGCL}m@@u|/-F7-Ae}=I{wMjmiYGj' is 101 years old, and is Male
?!JeOHBgLI1q1Z]j)|&|;82@L$0vc.z3]e#_k6FMM[g<W1qU;E.eFY)^s!gUuqUiD|hYE&; is 119 years old, and is Male
?!JeOHBgLI1q1Z]j)|&|;82@L$0vc.z3]e#_k6FMM[g<W1qU;E.eFY)^s!gUuqUiD|hYE&; is studying in gFtZXk?:Kg.Xv+"2U`z/`92`reT<ph1x"DAdsKndFfN8IS%*\{m8J=X-NBD{fMam*m,1O4m$fK0FiJ!snB/OWSftd>E*Gd]Gnw"Q
+ug,04^d$RwNH`$g,4Tg[+41OK5U0Rc^UADqAnE_?5lxT is 181 years old, and is Female
+ug,04^d$RwNH`$g,4Tg[+41OK5U0Rc^UADqAnE_?5lxT is studying in eXL_[gKIkJ\j$VUC(KSWaB7?(/otf!bV7a={@O=>Y5TzF}+"85\a8Str+SVM<B_xs8wJI
fDjb&G8`<=L-D,I(BRL2u*U`dE!MfU3Xm8q%Z67wz)`!rrP|Ren<BdJHhJy@y"%N6i5>\g1*z(/pESUu&gBA(*Xo2gI7TKaXT6B| is 25 years old, and is Male
1deA*,Jyf.Z^x,(thWgNAoF5/610^3ebVpicVV\71:?K1;/v{thl{8IXaQzng9?^8%^5u\@ is 108 years old, and is Male
FD-"MpR3^?)%a:g<*-lVS4!k*=3M{skyttKq:>E-r,>,+iq'W?n'Auz5a-c?PU#z<3VFCwxy.{mH63FsP is 88 years old, and is Female
=tha:|WM,>{Nz5 is 150 years old, and is Female
_&\yPSeNK.:5fG_Yt`[t+bN?>*|):Gr2cE is 180 years old, and is Male
a0=5]?-UC.[{W{\J'z(=6PyYz1g6Taa3X is 167 years old, and is Male
F_XTs&449kEpH8w?T0X`xBsy7G6<'Tw4"t5/QCb"B(MPpa$Q|jY**'$97 is 98 years old, and is Female
