`KQKN>?mABPs_WdD)/'ZBM^Z[d is 109 years old, and is Female
;II!xQcLX&5tNoYy_Gg`K9k2G3{DV#IzKgz+,tGiXZz7 is 106 years old, and is Male
;II!xQcLX&5tNoYy_Gg`K9k2G3{DV#IzKgz+,tGiXZz7 is studying in [ii9:SHKBRTelmk@G3?d:1*]lvj&)yo
IE%&=D.[4VZ?Tbb:;k,A?jaR\;LN5tD=*rrbf_bX@H#ApX\\P8W39jsk" is 169 years old, and is Male
i1^f2 is 198 years old, and is Male
oEv(t&:gbX.t:gqzwF\\AT0CA7"_3APS<3IvD2Aw7/z>QUH)W?H"x6fZ<<P\3D0C`_B{WeHm;e is 76 years old, and is Female
.Y/)'Zx.tWTVWT%z\`Syd4vGY>hqdKvD;H7#Hww}A9VM!fBH_+wRx4DpztSZAm'F1\7Doon5Xqa?Ahh|&"*endb=^DG is 119 years old, and is Male
.Y/)'Zx.tWTVWT%z\`Syd4vGY>hqdKvD;H7#Hww}A9VM!fBH_+wRx4DpztSZAm'F1\7Doon5Xqa?Ahh|&"*endb=^DG is studying in '`b,mZ:oq8\]0WypO6V,5o[x
e,f>bNhh!eb`t6ed=K;#Y]Nb5Z4*30QE#WY*qRi[L-xU`>rHED8Z9}|I{2lcozp*PEm8_R$``rvCs%UCuHe]s@t5BE^IWj6ZAj is 53 years old, and is Male
SA.i is 53 years old, and is Male
SA.i is studying in )A#cTC\<<k3$b;16Q`V2'u\D7Utw)o3@-wr1y=U4LJa\39LJ0[;:tb]/V=+t\-?V7JZg=668=dok,P"u5<,o5P5mI
8{6cNer%Td67Z}nF<h&hR%8ARC#)X'i;MN}$s`#M|r)_vaE'<tAx,K3CcW74As:xln#l)^FC[(B is 83 years old, and is Female
$2 is 39 years old, and is Male
$2 is studying in (,G6gV&j9r"N-N+$@*c'Ca&+D3txC1k0MFQ`c*}a=i'|>&pJY|*p>rJC`|uuhx-JM]j;?ISX?ii4s(4M
f`J{TQxwEO2@W]kFDiOs>f,C:9Icvh"N|}u@o>ur&&G:<2VubbPm,sqmO!2R{lA&{,*4],(pd5kU^j`;$R_2qOvuo% is 112 years old, and is Female
f`J{TQxwEO2@W]kFDiOs>f,C:9Icvh"N|}u@o>ur&&G:<2VubbPm,sqmO!2R{lA&{,*4],(pd5kU^j`;$R_2qOvuo% is studying in 4]y7bZWZDGwIX"dIc(sOJ2:[6(KZ508.?NW2%J2fW7eHe_k"4_MItj1P_0=BqT>u{0iQ#5b@ZvZ6|3Oe].sbV.`C6IVr
nzOUwxqz*2Rbcjnsf}So\_16rv8i,uJ<{By)e.R7jTx2;#$:+Nav'\*>6+63C0oQpIlH<+$=1 is 99 years old, and is Female
nzOUwxqz*2Rbcjnsf}So\_16rv8i,uJ<{By)e.R7jTx2;#$:+Nav'\*>6+63C0oQpIlH<+$=1 is studying in 98cGY,)(p@s,Ww^y$U@-Ry)Fnoa_i4LB|T.E7''Rw,',Q9B85|>zLn&CKyUc"6kH3q&\i:RHw4{vym:64i
M3?G)IzxJ%oN}//JS"6\f*B[maQ':r<=I`Ft6h>=($@o%KaS5iK4`.VkttA[zccYL\f is 179 years old, and is Male
!x$A_P is 47 years old, and is Female
!x$A_P is studying in U#uaNmfe1ukWgvha/cGy{SzWAv*=8p3rue9++}3-Ij<?2i^s}v3z!6CMIn{?#B+W&\;mk>>8<47!f^alt)zG)Z[PkzWU\U3>"dh`
^)h9BQ"niMMo@V[tfsE4QNv6^t<|#<9z:oRu"VTOc|W742lihO::3v=&bWI!gRe_rIj;v|po& is 133 years old, and is Female
y:FHS8rLiaJBo?Vhra{fMxyYb)IH'_%h=z!\x-6 is 191 years old, and is Female
53@pz1PkCaD,Lw*WG7PF')CI101`-cf$?\*_Pn,x is 185 years old, and is Female
r5Oah]k,cWjto+8]{F7@2?$*\rx-6(a|e.DOkLU,oerbTK-be3\lfr%[D is 128 years old, and is Female
