4> is 188 years old, and is Male
c`WH.Tui'0\'LNd\ph4{f&rY;s23m7,TzV21ZXa1,(\%+=Cm!<w)H/*mKp:UZSxEc{Fu(r1+3l'|Bl{rO,vOr% is 179 years old, and is Female
fWM6x_lg0p]HX#MROB\vKuxzi-F?lk"';}u}}5CRg$?jV=e^:8LM is 82 years old, and is Female
,i[p.*O"$?*f!}=a|gsk`g-,.WvIG#<+w./o]R(Ui+VY#=02|.CIm/SX0kVq?l?!sezg/7"raW8jG is 17 years old, and is Female
,i[p.*O"$?*f!}=a|gsk`g-,.WvIG#<+w./o]R(Ui+VY#=02|.CIm/SX0kVq?l?!sezg/7"raW8jG is studying in !('YCS1g1%$
5d/B)[^`uH@3+[R`(+udyjrT9GhJ<?}%&9dq40{9#&e9:#U7vXj[D.z is 78 years old, and is Female
5cf.o._?uBp@S(}w:?dXNr& is 158 years old, and is Female
o{K/rR.JLs0/-uL" is 144 years old, and is Male
3`C*w;ux7UU74oqYs)9'/BdlBZXOvf0%u==)%F&,oa8@!9Vmmg_'Mx.mZj^dcM['B"d is 32 years old, and is Male
3`C*w;ux7UU74oqYs)9'/BdlBZXOvf0%u==)%F&,oa8@!9Vmmg_'Mx.mZj^dcM['B"d is studying in 8jHha;3it|bPScCoMJna
ujQ.? is 21 years old, and is Male
nf?g}JoD)mK=JyC}O>&=k;>PvJXgHV43!Z.><`$nVI\z]0X(Mo99TxGB8"1EP|n@\]8l_hyqOlwEuY)v-5.AhF8jv is 84 years old, and is Female
j>V@B is 170 years old, and is Male
j>V@B is studying in ;K4]\+p9!%m4SgKYzIIe3eZEN!?+pn<&87*-q/T0UF=d&Ae{!i$q&ZB*B4C7VoqZ$40nJ(MI[^75g(Ahy{
C2>IKXD1U?F*_98h>z"cV|&W"w::^ is 72 years old, and is Female
}*2 is 47 years old, and is Female
e8 is 182 years old, and is Female
7o]GZHRF8EJ<B-W,_C;n[QGAPqif(OT-+}y59R(Ql5)J]1hefUhV}#a0P'"uQgr1_6@7ke!ZJW/`YMGQfb#TyNI>4 is 34 years old, and is Female
VZ@D|N@6vOfC!_..Vgb@/}\hC#_)4u+h8'$Qtyl9.*DiUuU&;^0m*G]@xQcvjbdX>_VRsy6C-VO is 188 years old, and is Female
<^Utfa,_h$PZeo]XvX<'{{csr7CpLD|aLU&<mA[AjEZM=-4'`&$iFbSQ,IBGFiC\?{$E7 is 195 years old, and is Male
G%n:Tdl[XBH;}=Dj;89d`A)}Sv//1 is 32 years old, and is Female
!\)7dd+z)u:qaekqg'yIDKQbQa<vAUEu/!5mm%"J,Q(z]ex\lG}D"hTA9{8n is 16 years old, and is Female
!\)7dd+z)u:qaekqg'yIDKQbQa<vAUEu/!5mm%"J,Q(z]ex\lG}D"hTA9{8n is studying in 9pa?*z"i\'%
aF.}$?dA8?SJ##5!-4V"g_cz]7D)22<2+m([x$;A,IhU]Xu$^IXQqYp\(WaM'Sr]?ZALA4M3Twu`i,q\WX#c is 77 years old, and is Male
aF.}$?dA8?SJ##5!-4V"g_cz]7D)22<2+m([x$;A,IhU]Xu$^IXQqYp\(WaM'Sr]?ZALA4M3Twu`i,q\WX#c is studying in .Dbw6[37.{.ew9]7`Ow<Ra*I"*be5^Hrz?}9r=Ax7N4)!aezP%X-L*0DASkk])O_bf_}utid%[Uw.jk\#*<?&'n`
Meg-xuZfBU;`to9!hs!3C[*Z8%zVTLUk>\!oHJmLm`>FEop\(,jj|.w1(o5NJF_#=UH@ is 92 years old, and is Female
xv&nJr=C}S?Z"0'Tq"9g is 8 years old, and is Female
yd4hfI+%ct#D4%EZmU9)A*+5QdeG30imuS2A+ is 23 years old, and is Male
G},!(3"&>5jk'J+O::Bt?"f$w.YgqpH@Viz*OHG.}N5G is 139 years old, and is Male
G},!(3"&>5jk'J+O::Bt?"f$w.YgqpH@Viz*OHG.}N5G is studying in 4iMr!+OQVDvU_RTaUFOz`'Z=KjCn(/S1>A1<v^<Z(">%#
bvZf`z}J(@7)Ha)Q2G6"mJ^|qV])ar#Rx:L*d1,2a]),AFQs,%$yH4eQPzcC;8K(*h#)Rx}{JU'? is 89 years old, and is Female
?cXclX1$YL]"$1U)"hiNn>&s*d[:+&[@|K@5`Qlq)%}V`8Ui1*eXt3ZYN is 51 years old, and is Female
?cXclX1$YL]"$1U)"hiNn>&s*d[:+&[@|K@5`Qlq)%}V`8Ui1*eXt3ZYN is studying in 1*75=Y$&\dUO`EF={N
QOwbL.j!u=Sk!].{POfdK<|3IU-affM(;r!MVUza$Ea$OI*ND).(.}:R:M[iP%{:Gsyxwi]T=jk5!^%A3ZZ]$\u is 163 years old, and is Male
QOwbL.j!u=Sk!].{POfdK<|3IU-affM(;r!MVUza$Ea$OI*ND).(.}:R:M[iP%{:Gsyxwi]T=jk5!^%A3ZZ]$\u is studying in -'{\kqo\*BlVdhLy)(1C/9jk=T<QU!wSp3|ADXviu:qKc"jc}T3@]s{o.xoGS7!)'_Jg&=Cl=^UF.8pl%
U;#J=h15_W<IG`U#'$0PJF[Xj$P2i>J3})AC9f#2<ukm(7hR4lofXKTF^PU3&WH^zF-A6_dc5o*F* is 68 years old, and is Male
vZ.r?l@5#V&8NAW is 117 years old, and is Male
@{7k^E]dH9k)if7wjn^KHv4(S#xgV}[]@S7SOw!(%d*y/vgT$n7mp@*"SW2XSZ?"zVHx@>-'t*i_\)w{K.A is 38 years old, and is Male
@{7k^E]dH9k)if7wjn^KHv4(S#xgV}[]@S7SOw!(%d*y/vgT$n7mp@*"SW2XSZ?"zVHx@>-'t*i_\)w{K.A is studying in 7Y>dl[r1SwV>[G:{J:^7TPy.8fe6A<v:t1"J}X}Yn9GS?nZNE"lx&2.$RQd<AD@C5HTjZ2}ed>xY
(<V9mx!bM@w3=nMHbItd"ZhceL+Hx4!bmo#v.<m$zonp6=w=Q{-ZM<VJGwY6y#zc;%NVg is 39 years old, and is Male
(<V9mx!bM@w3=nMHbItd"ZhceL+Hx4!bmo#v.<m$zonp6=w=Q{-ZM<VJGwY6y#zc;%NVg is studying in y;mg->CkKJ<U-wf
=\+>9..cC}lL"o]7mTzm'!Yr/+5Z#=*Je_yOY)?vkq?8T!@8SYc=Bi#&3/;_-^-afk-e'KCYXQn4#3\"[(4m!aBKJ_%:|hcK(` is 103 years old, and is Male
oY4HX|AC_CXM'6+GRGJ+"]D59jMBcMW>sw[9fa1R@i0G*'6>a1#\R539YDzRIdnZ<{H;Uqu^kRWK%6U)hmX-kJb is 84 years old, and is Male
oY4HX|AC_CXM'6+GRGJ+"]D59jMBcMW>sw[9fa1R@i0G*'6>a1#\R539YDzRIdnZ<{H;Uqu^kRWK%6U)hmX-kJb is studying in _E2z!@6.VqYj9mV\d{dnujk052);;tiAe\vu7TbwuG$s;_[8J+CC1.z0O@y/G:M[Aqb9SRN)Xx8"Rg7@>]uFf
THLM.]_Rsv*bS>dWe$m?V18qjvM5C]7&xBb_n^:e0& is 99 years old, and is Female
LCm\kX{qYMMEy+jt:*;,QZkIc1*KNC`R9YW/RvWJM|hV%9=sz<:{.*h8P/ is 47 years old, and is Male
LCm\kX{qYMMEy+jt:*;,QZkIc1*KNC`R9YW/RvWJM|hV%9=sz<:{.*h8P/ is studying in $Th#?ESMvJ.8vE5q:d|i:A`SGv^*Wz"i!1J2QVc2i8{{(8"u:V_\'bNj]UyVi::W*(uUUaW#F)Mu'6)He$7\
5v]y6<*lP/c.e2UBLn.D-EMo]cj{(NC{]BP38=pF3|2WZ,}CK)xd)`U=&BD0RnA*)_A($s}K'$di#-+8#LFAF_FA)?X)q`> is 150 years old, and is Male
5v]y6<*lP/c.e2UBLn.D-EMo]cj{(NC{]BP38=pF3|2WZ,}CK)xd)`U=&BD0RnA*)_A($s}K'$di#-+8#LFAF_FA)?X)q`> is studying in )vI@I`L:L&d.<A.F4gEXMW>ot=7LB>q}z1$8mLO|94SuguM
0@pu/(1heV(qo/^#ZiK!*Z&P9Pv_z&@9(xJQCV|6E?//;*1*fvkJz3C|c6|b#@;ei\W!@([m`L/|t+nd]pjj]:kV1f=ZPbLK02 is 88 years old, and is Male
}knfN3xj.L'!wk<ilZi2W is 2 years old, and is Female
qX_%?C0>Pxm is 197 years old, and is Female
'Niv{t_{zBSzeyp:Z!kY>K&,vb.1./ is 85 years old, and is Female
'Niv{t_{zBSzeyp:Z!kY>K&,vb.1./ is studying in FS"Bg&h+h4fyl>nc`,8RRDxI;rtwn}VQ;^}@kl;%}t{L%=h)0=w:Yif;7/)dIG^F9Hv=&QND=/9!ayJ}KV"f2DMQ\vvk-O:"
XijP4>52@QxBc7YI5crICY3}A/Mp#)ybJ:7>mN't[pX@doz:Q((O% is 48 years old, and is Female
(/P,D]n;5^fz[t>U>nLJ#+YIh#'};Js`V9"oj=[FChx:0Z|Qmbv)zdiwfDm8zc|B*MXN&`isB-Qpm$Ke&8Z^L$?fA@++6>jT/Zo is 174 years old, and is Male
n2_;Ee.`j8&SU<?i%H_je#;1A0$/PHO3T5n-4]b]cEkW-,1 is 108 years old, and is Male
n2_;Ee.`j8&SU<?i%H_je#;1A0$/PHO3T5n-4]b]cEkW-,1 is studying in 5q`KZpjumj9=b0gJLsMih_C'yB-#F;4?qp7j"'u0d`EXv
LkSGhIH1aUDeb*8fYd-CB?L;|av`$1!,VREBx74Su%b>);=})Bi%nHIqK8[$G]5$IFW} is 25 years old, and is Male
&}z8Qz=5(&Fms\e</aG;H\U`@bPM_GKaF@@-Z-T&=;=txu`w8&`%:{<Txt*1Z{mnZdXUCz is 152 years old, and is Male
&}z8Qz=5(&Fms\e</aG;H\U`@bPM_GKaF@@-Z-T&=;=txu`w8&`%:{<Txt*1Z{mnZdXUCz is studying in 1]S*^`;NPJ6vTI[mVHe&917YO#i8HS}A{(tpy1%1PaTs\)co.ZRS$\b:XL/?q,lnHn
Lx,lU{@84o]0%kAHLv>k]lm>*lMq-nBn]{$ior^9eXfa]y_01ZnyaDBL5oZ is 4 years old, and is Female
WTn[J/$q3%\<eJ>aA#f+V3M#l?*Exh\LyWABxr9}t?0wFZ.97O+7d]ARkUwR$w=k6wBLjIc^rf-+:;.BIZfYNFO*C!xL.f?6s)h is 114 years old, and is Female
WTn[J/$q3%\<eJ>aA#f+V3M#l?*Exh\LyWABxr9}t?0wFZ.97O+7d]ARkUwR$w=k6wBLjIc^rf-+:;.BIZfYNFO*C!xL.f?6s)h is studying in 7.c{s)VOsejN<h!;|@st0foF;Y[-=G2W5/qm^-Al1QQTtHiyWD\Dcn?@RJo]SQq
n} is 172 years old, and is Male
n} is studying in %j75!L+QtG'6=PsFLx/"l-s_.X-.")7>.^y^$=*+*Xwd71?+s;a@>0KRaT|JXq`oIIM}9r*'-Q
VJ2*jK<Mh-e/La^mZnr<03?!./sE|H;r_(@pGv5Y$_5Lp%|pdeD<0J^zX.hHu?^i`!!]<T}[fUM4hA?=O4c\^?2# is 160 years old, and is Female
C9aLSTeWec6chRD6 is 20 years old, and is Male
C9aLSTeWec6chRD6 is studying in zHf5\/l#!FzTqQ6]|z.Y_x8%Q[Er?sHfBL=R>
}- is 22 years old, and is Male
Dp[[tb+adIs^{1/%R!P<Xj9%g#2MF:Q;alshCF6N1.n7[_^!W5?.@Q3a$hgJ%6sB^'Ur:gny[6-Sx492pIx8xN]y[SvQUs!}5#x is 43 years old, and is Female
Dp[[tb+adIs^{1/%R!P<Xj9%g#2MF:Q;alshCF6N1.n7[_^!W5?.@Q3a$hgJ%6sB^'Ur:gny[6-Sx492pIx8xN]y[SvQUs!}5#x is studying in pR}'Z$;j\xCz}Tc9)C0bub$i%o91pFmjED<AF1|/^(6V8@KOb8/H8`Bct}7/{=GX\/s
\L6)}viTI_u3\/%ad&/#+z@HO`m'c'6Yh2vKSTJ.xC>5l2P62!/%EX is 41 years old, and is Male
\L6)}viTI_u3\/%ad&/#+z@HO`m'c'6Yh2vKSTJ.xC>5l2P62!/%EX is studying in }{Sk`q=A"fN^==]o&qz6"&*=a'`&.Xo,Dx$f&<KF9W*zDYjS.Lz
A1/%*')+t]V/@c#HpQ?YwVUxJ\K(48FrX-v5MJF_Z4{DZ|P%#Gy4@'ae,DttDq&|HN'SVi@ is 175 years old, and is Male
A1/%*')+t]V/@c#HpQ?YwVUxJ\K(48FrX-v5MJF_Z4{DZ|P%#Gy4@'ae,DttDq&|HN'SVi@ is studying in eV]&"*I>A[^.n3W0)nbU"aX
xZ-287b(_/\B{FCp!|MXWbavXW7e4Jdh.:3- is 121 years old, and is Female
0<J,bT-/6^Uh2N?S={QUS5|<@^&0&H27>ii is 178 years old, and is Male
d0n7[&ek7\]m&5$"k9vyG"\`:tyPL<F2aE=nGl07T]W05MMMFhR$;Q`%QpS=yLJ?cpoPHNDj::D[3UZfix.LY3z;TrrvFm1R! is 106 years old, and is Male
1f[>hE*{+!v4O5aYKrB_LTT`%4UO-:<Y is 38 years old, and is Female
G-prmA@@\m]4X9I(,s);LN;s?MHB:SH'k9wm^;okMifr$NxIy^#b&byL@\wz-$V/H,dat6r`BUg+!erxDm' is 37 years old, and is Male
G-prmA@@\m]4X9I(,s);LN;s?MHB:SH'k9wm^;okMifr$NxIy^#b&byL@\wz-$V/H,dat6r`BUg+!erxDm' is studying in CV94nw2}<T(i@zXpL0Rj>Hbs8"WT:s\[}h'h]u3W.8;k5+KeLvG1A_J"D%#}2/$v$D3c1p%=taY
CrQJ|U/"1Un?U is 184 years old, and is Male
CrQJ|U/"1Un?U is studying in cvK>]0g*-5vt
R%qM*xhr93sOY]$w1Xu[X(mgk_nxMJ@x0+6&7t6Yum is 98 years old, and is Male
IbBUD is 134 years old, and is Female
IbBUD is studying in ,[F|},-gIASX4,zo^+W0,9(i51/O%Srf)(@._FC-!KoD<ym0
hF7)G0\/</.Nh(5jp$G0[HURjmdw[^vwEYwKPv`%Z__Z(Pgp is 174 years old, and is Female
hF7)G0\/</.Nh(5jp$G0[HURjmdw[^vwEYwKPv`%Z__Z(Pgp is studying in WZW|oBM6i%u2k>9)=msB/%jo9`mx(T\q;f5H_1DWB.{C)m:vJy51@"B'<]r'qha#:jJ.7ZdzhjN|9hYVdhC:kU
\(i3T1KBKtH-Mk'vfi^&7.fZi7[vs'=` is 177 years old, and is Male
\(i3T1KBKtH-Mk'vfi^&7.fZi7[vs'=` is studying in &[Y&\]OWY|\iG-|elA&0?.Ul^gYFlU>32<y7]H-2{FR-;2MOX\baq[aw}Zk0
d!}39\G0*7]qvtY?di0l,W_rTw-u7n[x)vT|x?K?hxc}D='fbv3.}sd9}Dz/ is 184 years old, and is Male
d!}39\G0*7]qvtY?di0l,W_rTw-u7n[x)vT|x?K?hxc}D='fbv3.}sd9}Dz/ is studying in `7$K8YLt9%Vx<5WOTKb.?+
8#ae8rxBb^.i#;lqF0DhX#)jT@AH+G*rEJr--}uc5Nlc<1_EKd is 53 years old, and is Female
[5^|1|$'jcn|erd|k8fI=;u>V5=9'C]J}S)*wtB'l^M`IO+):,-OGY, is 196 years old, and is Female
dDoM is 73 years old, and is Male
6MKw,J5+irS[rp]jqLR`7:Lj9m9/{c(P"Fg#sZzp@tRWSJ[10ak}#'}H@N[q!ei[MoHEB)Lhw]Yl^)CU/'2%xKK"R]S?"O_#e is 38 years old, and is Female
|M/dY1E0@&:M%$8522r#`+a+jgC2b2r<'pUWRW>,mn6X1$%3gEmz is 159 years old, and is Female
fg0s/Lfo,Qc^`}UC.$v2yzT!n7vt\Ds"r7&6*gP=sHmx`@w"j^_7Bq7qw1h^8!.Ek&x is 22 years old, and is Male
fg0s/Lfo,Qc^`}UC.$v2yzT!n7vt\Ds"r7&6*gP=sHmx`@w"j^_7Bq7qw1h^8!.Ek&x is studying in mvW"y!VzfD=uIHPkFeT$4f.;%6>LPwS1FZ!Y
?RkP!MR#OLT(&L#Ylg=4uU,ZgUR+njuX:WY]/*@uNA>{9bw/;uIkpJSSp is 149 years old, and is Female
-qz4ryi(:Qt(f3'Z;Ykg{tl is 46 years old, and is Male
%c$&iNdy+<MM2+geD}*]p>}PU?HGMrf*jB5:s+,{j5{%qX"91S(`c,DNUx))g1[\ARah"EX/D is 107 years old, and is Female
.6.IhQP56CIsg0SN&?W"[ is 2 years old, and is Male
9cAneQvpjAfu'Bn|4Sb/Xh{o,lp+aWR8yBDfRW-6r(th{-q*E_N*w^s is 74 years old, and is Female
|Qr.,#BN>bv|``:-s\lphRmCi,B5ReY!SP*YR6?vHYMI6+;lPI!}.v:v;9f20O}5YW0Dilb is 153 years old, and is Male
*Nqgcr-`3}fA is 15 years old, and is Male
*Nqgcr-`3}fA is studying in -uS>3Oe3d:.-r%D,SZ"2;%^[0h|lS5B-[#p`.plL`'B\Rdu@/L@k(R,A%cm3a}6cZ9>B@&|,A/Fl1uQ;1LzGxa-.d0_AKS)6ok
P,h[`WKZ]}S]PFuuzL1AlB'35YCRn][Z9yu'an,2@4R-AH;Rxxlf5yc9^54I0pbXY^7 is 41 years old, and is Female
G(Wx[o2EMd#NrZrzF.PHX%HC3:<||t_y6-r7>;]714f2y--MI|+/mS'"P2%I is 57 years old, and is Female
G(Wx[o2EMd#NrZrzF.PHX%HC3:<||t_y6-r7>;]714f2y--MI|+/mS'"P2%I is studying in /<\f=/[{zV@O<82bG)sz/qUt@fVkk09;F[,MNtFWpAq&)k[mZH-`}"^^;cnV\'YJtW3gGq[46
!@=tVGVt\|bE#15nN$-"L;NFh*,_0E^]HU]a6Zc{ACl8OI`^.]>(Fa5?0E%E`"7q%7$@Mp)M{+#O7K",Rytmh5;ST6>6S is 112 years old, and is Male
HLI+pu!=8s}b@C4R^Eq}DR$:aK?B#h06!Y1AFl*s/b`QTEdho/5'%k/&gcd&7V5/mw"!Od^9Y$V+:`t*52A?p(&X is 53 years old, and is Female
pX^dbFaDKtl]q5$z}0N:*K)kO!pF0lUF7||<<[721s:yFEViM$t7c,,iVU5%4'!2{Xf5b-[;<nZf5V5 is 118 years old, and is Female
GyN<Q$7)V#\XB9aJW)8 is 187 years old, and is Male
vapy"JWMPX{=2sDX/H$z+gMwY[]gUUVlbUq`p6[??9lpy&,]S[S((1b+L]<8h_z_scMQ*QSY is 61 years old, and is Female
0s%aj4jag![VTLe}"wi}#fjvm]t@$Y[ is 133 years old, and is Male
lm'`)$T4x$ZA2$AoeiIG?Y|KAwM$@ya]nV5$iB$rod0WIB[8yO+zJ3HM.@"vtdU;B[<Q[/@/y is 52 years old, and is Female
r+jxLh>%0Eh@7Q[;L-\QXxY'chWjhFsGnuiR|$]r-1wXY0)3,MVS}v,P#=Cfs03r`dm,2%e?7AE is 53 years old, and is Male
?E{cA;r/SD(40I'D8O9hHZyUn:g-SPW:09-?IjGe4g-Ezn@>sj6u7t9j|Av1xK&IR|uuDuYDoHVu(_o"TcxG8Q'R/vK9 is 101 years old, and is Female
,i>A2HV[WTL#55Ybijwly!$w86kxzD5[i;3nMc%Uu$!:$JA@jT].dyw_@NN+z$,Ee% is 63 years old, and is Male
@uTwqb0a&wS]|UY.}!s8GpX6"]-'YCsInq?39I![eE"T#40{FMl"S+I3Cc}w,^kP^Rs?FpA/W#Wk6S3C39GI is 173 years old, and is Female
g=+1HBN,SVT5XRP!%'W>(82@=2o{A.eZBX=;ee*94zbn6LrygBp4v+O6'4\lMUaD6<s/qS=mHj\p,CDv{,zii'i%#TfgFfJ0 is 128 years old, and is Male
$jkc}Uvdvxbc4sF>)I00hx=*E\T0aZLsIVNx"ue{3X++zI3}fg_]rL%AA/n92A6T61&q1 is 164 years old, and is Female
Ss{=Tb%'Ug=laBG!.}m-yy7o{ is 118 years old, and is Female
q<uXG[C$jfHVRNaK3(b8E.!o5m[o}K9&3kMG6EzzOGuakSZJ^Q;8P`V8cQ$yQ is 183 years old, and is Female
