8}iMBLODqh2g[ytPM'5g`$oLBYGo=`)Aix8Dwk"YbD1MW\s\.<:K>%iA-g+jt is 121 years old, and is Female
`N<-_8}}!0`ZX/nt50WAL:STKk_j9LF3W*.6s_[y7d)ltD|[g@X`!J4eY\d is 108 years old, and is Male
2v)a;@6+&<r9b+/k<rV-FEv4PeoMkvY{RlMFN6yDQ/.- is 142 years old, and is Male
b7&Q8640tG_]rO_r is 69 years old, and is Female
b7&Q8640tG_]rO_r is studying in \f_-!a6\:3d.PY
!cUgdDRVGge{ is 77 years old, and is Female
Zs_`"6g&x"qFA_zE[#@Y5lbn[nkfHZQERBJL&$CYd`j^h"hmV<V is 81 years old, and is Male
VDt%5tomJPAw>xWg&#}|:%Gt3aX-+el$][:@/F_$Xn";^iuo"V^!bE'Qh,r\ is 58 years old, and is Male
VDt%5tomJPAw>xWg&#}|:%Gt3aX-+el$][:@/F_$Xn";^iuo"V^!bE'Qh,r\ is studying in zK__6^VJbuut)JH@!1g&){;_Ab?.wV^BLf,>_M9![n?my>,%y{XV?2IrM9sJ6$NjI@tz_t0h8?0F?
aIK|(k>t^qj is 3 years old, and is Male
n;kYM"ZwP+@,?m-X"f!se?fYe0/0%Fva(o+R is 47 years old, and is Male
\7?I1*YUQip5CqLnf2tXE8bA)e|}=OCf5zFL(SV4A+pj|]#>R==:UpZwN8(R%6W,6[V is 140 years old, and is Female
S9u_xH?I&Y4HNyBY%)wh?Kk#7'6$VX\b-_"=4aAnEKBlBq4TMLCRJtIN*qsWP&3@pal< is 26 years old, and is Female
lgNx+6dnlP5sSLwC]sq(ug\@LhB#}OLzptJ@Nej^6$*S6<|g$iv><8]SyTjVQlMm5ZihP_Cx65 is 193 years old, and is Female
[%K{p";Qj:Jce#ncR3#;txoA2{!`oue is 80 years old, and is Male
@9g'M6_{ is 35 years old, and is Male
X-ibn*(_g(hv>!UsSKf<gt2+bc<LKp;R-TpUS?bF21T?F%4\(F6RSU% is 128 years old, and is Male
|EEiMW0cg[bVLp(emhC5 is 116 years old, and is Female
E-YzUylO32Fkhl9S"Z1TbQbHb,@"H$.6bG8=9M9f^8:G}Ao6n6FTX2w/YI5#d\7`NV?emeSQrW5vPCEs"?{7); is 190 years old, and is Male
R/E]ej6%^|^@'1%k_9X$Jo^$hriC!.\SFAa_/ZiII}VJkCoJ%m_S(6q|s4Yup? is 34 years old, and is Female
% is 98 years old, and is Male
