ftnCkFl<_PdvBV?f<0<dtyb+-6.f@..n0LGVR+U9ak|OC$vZ_Q%|lVPCt3Jzb}HUs6|EoyycSyvgoR?PE!I(\Va is 109 years old, and is Male
{veLT(Wnzw]joUNGq6GvIkvB|X1'Dv/s<HWoJ8srE]zp=r;{`fW)`Yul3f> is 90 years old, and is Male
r2&*2Y">n9Ka(y'78*Kyxcc#ixr6M"PK_*jrdoIepyFPc&(08wvCH4+@iy$U\EjYvQ0eH_j is 25 years old, and is Male
g[dw<@PC?_E=87fEw{|m.},::t.V)wMmsrJ>w}GBYwx?",(Nd is 57 years old, and is Male
{C"8hbL){/<L"4X(1Xm4Vn1%1f5qKVj>Oz?4>J1w|)[orABL+=5D4`8KeY'=x#F0Se,KQL_B4j{_5 is 148 years old, and is Male
QLD@k^fZ*o[.jT|?fc@,9AB'kN]<GqX(-gySx1'i8}oi;T/O2za60u"`(GCM2'"BYP4)p}63{x)&$5`{%Y$$rX0e is 65 years old, and is Male
,G\`3*Li!#<Z'(dE)ZSFx{,}UcW3@lB7"`fYo^[o"zIGp&F9Zj=q}|L7I is 101 years old, and is Female
,G\`3*Li!#<Z'(dE)ZSFx{,}UcW3@lB7"`fYo^[o"zIGp&F9Zj=q}|L7I is studying in ng2%tT8ce!T-GtqiEejtyVL_Bf:uaiMV$lR|4W,i"\A@Z;$=j|#^#r[sp^J=*N,eE[HA.tLTbi*N[7ELtzg[Ulw?8r!0s0
PXUcP9SIskn&GfkC5nNk76},X>c,1A|;ecy.hIDoBP!1*LBvnt)cP1@UP[a^9SerL2:K;\,udeo6 is 36 years old, and is Male
#jSlIJ"rA'KF0Z4e?Mp(cMTlB`\(;cwMx:K is 132 years old, and is Female
#jSlIJ"rA'KF0Z4e?Mp(cMTlB`\(;cwMx:K is studying in f]Dj4k:=k:
LbTD9x'<n]'k+uT7TB&=,at8vyT1SR]P[ is 1 years old, and is Female
LbTD9x'<n]'k+uT7TB&=,at8vyT1SR]P[ is studying in 60".J<j|v&?0Vd+$o4Mh&%X-?XCfk{ndhg1KL_0heO3vb\4O,._^k|t3Vt3y
44-)3.Y`7T,hA8yoV$<8T[5T#:XV<[3`N"D]my?r>9b:CsVUG3vhNk is 85 years old, and is Male
44-)3.Y`7T,hA8yoV$<8T[5T#:XV<[3`N"D]my?r>9b:CsVUG3vhNk is studying in g*#^2d">u<^Jz@2u6!.Mz&#wvZ#e!ZsD8Owg,MxN\:WPGbYqZi6AKWeN,gD@(IR:>5?HuZr}[
J3\+A, is 82 years old, and is Male
LawdPh)mOeS9qp0c4FU4UT2ot3,pcIik!6@5_|A}#fZb[dB^"Y*<7elG`b4pc@BVSwLMv7{Be*#k is 136 years old, and is Female
LawdPh)mOeS9qp0c4FU4UT2ot3,pcIik!6@5_|A}#fZb[dB^"Y*<7elG`b4pc@BVSwLMv7{Be*#k is studying in {HiJ[rozY<TUPiRZ(.S,%#|L:W
]Crt;4GIADUVR'}9Xu=+|*6@m:dy%z> is 59 years old, and is Female
!%L2Yk2G}l?U"@W)BT<1l4pN4()BDZ(."T'C't;;poV/8\*nU is 172 years old, and is Male
!%L2Yk2G}l?U"@W)BT<1l4pN4()BDZ(."T'C't;;poV/8\*nU is studying in 6=[0f8yO7\(JmHay9]QSL2F(F?'E-y7H(5>pf9LkxF8W[ew'EJ6'SS&P5{QGj/uuW5[Y'W{sXYUl%
+z|yCZH5aKrs\3w.w017+@mr*0*e_ is 164 years old, and is Female
+z|yCZH5aKrs\3w.w017+@mr*0*e_ is studying in 7$o@51H/7wm/<\z'u@s]UQ1}ZcaC"XZIo"`_#QwMn4/e|*2qLS`G64{#u\T10r,Y+(k$,GR/`1I#9SMb)6b4K*w6^-Y4}M=^J3
4P|>lL*zh9*,Kf> is 157 years old, and is Male
d^"\[pa@n<g:oz=uwRTlrSQwl'Za'u=#KO@!y8Q:@FMPN3)8=0CQM]rwXP`6 is 165 years old, and is Male
d^"\[pa@n<g:oz=uwRTlrSQwl'Za'u=#KO@!y8Q:@FMPN3)8=0CQM]rwXP`6 is studying in uy.&IsD1I9G<UxJR'.f*@!1+A.|Of='^cEe;x.v6o.ozSI)dd}euNy|1pU<##<E_WYcjknXCbBc]NeV23S+hk'V#z-
3;),8\ht(THpw{ is 18 years old, and is Male
3;),8\ht(THpw{ is studying in GIiSd_q^>,R)6^_q6P>w8&tp7K5-a4T;]*>=Uqe'gn(V5U5Gk!_MTw'WkAO9wa@v,,4(\%Bu1>rF_"=3:U.Z|+N4FR6,j`#.
7Bw'w$+}it(mT.HXd9BI.<i3g{T|l"90"p:b3P#>&lg@5uS-57C3Y4AdY>x{NCt{Mv{G"a<@`}z>+WiGBmx+.s'x#}\_[2b]V is 33 years old, and is Female
7Bw'w$+}it(mT.HXd9BI.<i3g{T|l"90"p:b3P#>&lg@5uS-57C3Y4AdY>x{NCt{Mv{G"a<@`}z>+WiGBmx+.s'x#}\_[2b]V is studying in A7`b7qANF/<W282VX
%1}:M>AwYNr2c$EV"Occ@S."|$X}!r8ka`dUi9y0pMErXJ)PSDA3r`i'k`8VNoF2RUn+z(++A\<}OSt[Z* is 138 years old, and is Female
yQl8dI"pHm4H<3Y&S81EXhl<cm6W/[$@N7qA),P{FZk is 54 years old, and is Female
lCV5h1L4stf:B48k8^o*yN6X;oJCR][S`?|;C{j,,aB)|\ is 50 years old, and is Female
j0I?NtaeL|.Wgpn1v56EfLUO#Wxta!78`p_ is 34 years old, and is Male
j0I?NtaeL|.Wgpn1v56EfLUO#Wxta!78`p_ is studying in bv57..RzlQt]11LnA`7aoo>c/s2R?e50o8-Vwwlcf
]vBd),(D}J-fg.4X<A6`FyS2;QzO_w#n?9SJm7$oc{oj{Z2s{#vWJ!jxXt12vl[f-E,Xja#&sP+ZQH is 163 years old, and is Male
]vBd),(D}J-fg.4X<A6`FyS2;QzO_w#n?9SJm7$oc{oj{Z2s{#vWJ!jxXt12vl[f-E,Xja#&sP+ZQH is studying in 1i|#wbYZ^]}`e%r02Lg&8-0
k]16(/@6g?HY3sjL(9 is 93 years old, and is Male
k]16(/@6g?HY3sjL(9 is studying in V2K!Y_.*i.D];/,WS?z[+x@;m<]p%zU;\)hiFDV[3nQ3N;'"_INait\&`Gy&?VbalU!R]5tOW6k-nC
E?)NUIeRU0.k?xoBh^,786"YJWZzw]:>S6.Kh"5mD_9xr is 27 years old, and is Male
Fp$pc!L$8LW is 162 years old, and is Female
vkV8yRK2%r\{d@#m6Wp`-|34BJ}sfw,$i",u9dXO2T'p-wX%CsnT>{4V-t%"BP>5cnNFy=8$f,Xb3)N is 112 years old, and is Female
}\dS-Mr.YP3nH_S5LQYzo}n7C{xU9g; is 23 years old, and is Male
}\dS-Mr.YP3nH_S5LQYzo}n7C{xU9g; is studying in ;+4M^r[+bnu9[uH(8q82"ZsPqG'Xv_-mX}M\&)oIe!K2J=gpAiF:hYMf,NG3p9Dx#:N7`}Y(;jqk"7o<U>|DJVDpY:
G|-'F7Q!52zzucIovts{v)}xbt!aZqJ|UL#tWq6@;l7ba,C9Q=cw=`e{GjN1u#@jPg=jjj%BB]K{;8'&8fmB%>[;L7#B[N is 121 years old, and is Female
u[/|c1J*lrUXc8nPUh;YO`VD><4d*o4j2r1egdZ-@C{)M}=[iA,zd66n3h^a is 173 years old, and is Male
u[/|c1J*lrUXc8nPUh;YO`VD><4d*o4j2r1egdZ-@C{)M}=[iA,zd66n3h^a is studying in V6
mC45?nYO;09]E3 is 198 years old, and is Female
mC45?nYO;09]E3 is studying in v
q6Z&>k|gWM*</j9\:.Bp4,GR}N'Or9!pcxFiJ<bd(shzig2\m?$jH;Tr]p.K is 151 years old, and is Female
q6Z&>k|gWM*</j9\:.Bp4,GR}N'Or9!pcxFiJ<bd(shzig2\m?$jH;Tr]p.K is studying in nkQ6?s}F=kgh-A+c<u;zbgAlm"6l{18$+N8$$92pjLk`#nDKR:uV.b>S0.?]A]>y#apA
.DW.eC=i*I"&"7LF._Jv"=w&Bb4\sW=@p=lkEbpM3VjPN^Kx2"kXyX[ is 26 years old, and is Female
.DW.eC=i*I"&"7LF._Jv"=w&Bb4\sW=@p=lkEbpM3VjPN^Kx2"kXyX[ is studying in 6&LzAh|z]=<;92jRRF+*1qq*%3eZ-m&f\rOm`(>-Ig!]Z)<DlFVf5P2-J.O(rvnPL0#!6lUITdh?6,S
dJ$(\Km$F|hb:4d"7=W=#`/3Dh:|7Cu|?q^*#7!.z7HHj2`FqIG\VbK\_&/HZ>=_/:')1oT-@,&Jjn;EjH[ is 129 years old, and is Male
dJ$(\Km$F|hb:4d"7=W=#`/3Dh:|7Cu|?q^*#7!.z7HHj2`FqIG\VbK\_&/HZ>=_/:')1oT-@,&Jjn;EjH[ is studying in PM4#Ze[e4tQ?"L"$E&so&;-BP"*k#X'2m]uCQ&6`]S+x4M{J_o,o@eDvIr-lL?](8H-0$x^h/bIDE[>=!zQgdV,(v?3C"5yde?0Q
_5coP65QKp4B\*q.q3u>\BZf-]NRSafh|#@%ydK#3"g?FnApp?Uoz@!eE/%'pk[OKXgV> is 36 years old, and is Male
_5coP65QKp4B\*q.q3u>\BZf-]NRSafh|#@%ydK#3"g?FnApp?Uoz@!eE/%'pk[OKXgV> is studying in gM,kC,PWW]n+?fi<:;t!rE8}4n0F,A>|KuOfDo8-,5o:CJW)EwZ>gHG{r@Qh?
FqvEH=)$8>rNC[imG!mv[=m$M:CA,tQ;2m9m= is 129 years old, and is Male
FqvEH=)$8>rNC[imG!mv[=m$M:CA,tQ;2m9m= is studying in H"PEl9x$$XP|7*eO^q(Znqzo+k'Id=#B#{*k&5+ghWCIR''z`uO?{NUDKl1&FN3Lx3!b(P299WXgL@h\1W__&`n%S<<]fi
m@4.#o?UV6M(dO=xX|2aR-Xc^=N-unv7jQNR&)1MO:V7($n8HRurN3A%'89B\l8wPL_e6fcHKv_J is 189 years old, and is Male
n.'\N^?;'Jgp;"?= is 145 years old, and is Female
MD"pKvHd>1LG[c9i^Pppi[ is 144 years old, and is Male
BJYqfr.G|-_n4-#&55LC|b9$Lj-23t#LW,C9,g+ZOXOa2-\A6GU<YhL3u;Y]%pk??]8eu2_z{Gmf_'-I)3+Y3fs:5Q"@!8nD1 is 108 years old, and is Male
5khD|{kx&wMi1#Alu%^TOv}.C}X&SJ is 67 years old, and is Male
4ra+e!Wm} is 123 years old, and is Female
j4?%6=XBa%OLLM=0u[wnLc:4K#$ni7!9!fv=M?ad.I[TPORoSo95(roj(hN is 86 years old, and is Female
7;/GZH7H=Q-G(zNC#OB[+SYQXozk.=vydZDpt^Vkwl9y is 46 years old, and is Male
`P(w?fD"Jfadm{4/YA#\r4W;0%g."B[xeR,SfthK;9V34E8;KWN'k.%yQ7zFOnMaMV=ZEY`>y{,)/ZKXh is 79 years old, and is Female
NusKqBrf"/S)hjZ'}16c3B4f>ZILu;G$rVvA is 99 years old, and is Male
}|0j-\_y3]pc4EU-41FNe*Z)ru2+G|n is 196 years old, and is Female
}|0j-\_y3]pc4EU-41FNe*Z)ru2+G|n is studying in +{6ZiLD{BgCYUBcz`IYcsO[yta
V%;KtU7i is 67 years old, and is Male
Xo*Db^G>L9#DeQ^ZSkfp1 is 64 years old, and is Female
j&VkkGRM@[{cTp4;DC>Di,N_^,-2S'd@Jc!8 is 84 years old, and is Female
j&VkkGRM@[{cTp4;DC>Di,N_^,-2S'd@Jc!8 is studying in tA.iwFbhDONu>x7)4'"aj$i)4!zDr.>G
NQ7cYvH(nP_TY(3@&fR{f%5<jpEfS=#Pja2u0)gW76>C$}5W[[h-A,Z6gReQa%PZPn( is 86 years old, and is Male
wsH}o](XC|<@u is 119 years old, and is Male
|r$ox83c=`I[v?Hwm&jx<-to0Ilfr6^T?eicoos(c7(xF*?UU]8:?MNNPO]EG&"AtQ't}:B!Dfj? is 150 years old, and is Female
