t3lHz*C")YQ.'U+mUS is 120 years old, and is Male
z4L2J!eDH9Oq9a"JZWF0xNZl`5tDw$hCJI6bb0,r1lfltWnOEs(Z]N*\q|:rXd>X$UXT$/,7 is 173 years old, and is Female
U is 15 years old, and is Female
9exxv[=CDZQ-?mf%O:E)&UZWYzhNK0WcCxDH"HCx'C6M\Yt=+{-[;hT|"dLq+@m%c is 81 years old, and is Male
Hk.7.m=g/,l,-ec is 165 years old, and is Female
F7E:7$2h.Fy57u_19j=;!%[w2N_?{ta"=Q'+Gvq/#]Dsv-iDf\gggM is 30 years old, and is Female
F7E:7$2h.Fy57u_19j=;!%[w2N_?{ta"=Q'+Gvq/#]Dsv-iDf\gggM is studying in _4p
:U=q is 67 years old, and is Female
/XUh8:;aC@cs/hW0EyeO?&cyfhS:8 is 26 years old, and is Female
/XUh8:;aC@cs/hW0EyeO?&cyfhS:8 is studying in fq`3%[J{%N</f`5^&2gKJa<]]'jxUe6P'L(Yx"E0GOMp^Irs_OT9mOV%AsCfjpYaX=hoC7^S3Kt%WpdD=U3azgtRh;g;o'+c
|VUz[|IO,IgFGm`$7qS{1DrjL_qU93-(CYQ?x9T`p0y is 76 years old, and is Female
A&QeZzsP<S<0;I:lc*Ywo"(y(&G&hM:h'IcC^Da)X\(b$ is 31 years old, and is Male
,G(n5.aBwUY7k0B$G|Gk is 105 years old, and is Female
M|j9qLbJ03"\bo<_gAJ>-]nYXP328I*qDq)Qlzia,S*uEF)RA$=-Mh<HAa_MJFDbk&#\oc`.XMK,/x7\ is 60 years old, and is Male
DVBZ{Rlf53Zk"SklYv.'Xu$_Y{^ls(rnOZ-vIvFnq[Y] is 169 years old, and is Female
nKOyceTY91N?&T#|IFr`}oe%1OqQYJ*:InmTbkE;;]Oh|Yp[[tO8P]f4IB is 49 years old, and is Male
nKOyceTY91N?&T#|IFr`}oe%1OqQYJ*:InmTbkE;;]Oh|Yp[[tO8P]f4IB is studying in hee%]%`$Z+JJg9g9Qn1MOCibs[6+2Ta^EwLhs0q[^CwYW[,LiZ^y1jNlV0A1g8iebxvkt1Nj]8/8W"
oCQj*Xf is 72 years old, and is Female
*K is 52 years old, and is Male
?|\@?bSlu8oVfH<l{(+WHcx[[20VH@C/J\A]\c4*)+u'|D is 46 years old, and is Male
?|\@?bSlu8oVfH<l{(+WHcx[[20VH@C/J\A]\c4*)+u'|D is studying in 3Rj\S,}U(A#(0@$?2G8'DJMq'S)TJUs>Rvw?vRx+tzg[[c\vw:=;sasO_|NE}M[Z9qW
$VFq"$_nOp+zO is 21 years old, and is Male
t(/OEC!Z,)3ojoW!Y0aj3x63EnI_)Au|?']c`*/K?ZApfutSmnj$>sEO`Qz)Jb0:C,';{pO'p6 is 138 years old, and is Male
ZJ7yAK^n2DL`N_Jp.c<c)+X<SKuw5lQTicUY-;HEF)x2{eLu'|#m+-Ky:]bpKB9=>Ap6VV_d;=6YdX%lk%]U`@",h>X@I is 58 years old, and is Male
WkLp$qEY`e*Y!z:B}X-?!?]CwKaz2(z{Sqx+!li;W)g<<2=%`Gi{PK!FI[Vob!XED7Q\"%A:Nn#8U>a[r0K}t'\MP`Q=yEXSw is 32 years old, and is Female
wFe!^,dRe))7n)e@=jrHOx is 23 years old, and is Male
ZDNl-tP{ApQE=7'.R{-O9]-j^048HX7Xvb:{lCdq7fTXO_*b=;>} is 120 years old, and is Female
&K\s2&0)<buJ[1X53I_'lL_kyd is 135 years old, and is Female
olF!wp/7GVZG77(Z^po8Rg is 186 years old, and is Female
}v!P)`7sx2PWUKaZ&`*B+jyX9/3JI*oxl%MB=B"u.b^CeY)EGoV>Meu@!6AQ@8KrJ-Wa61g;w@+JDiyw1wID)'w{P is 134 years old, and is Female
X#_<%V(?hn":{`LX#(D is 66 years old, and is Male
X[99OZzHMt8!WB7\_?hbJ(1m-e2T2o)eH&^[m{OMDPqO]a=6|ze9rRXq,Ht;VqC#662/S!JTzV is 98 years old, and is Male
it&aDVam{n;m2!O,%z5m=lElO8drl#O=_M9d!pQJC[fy'\se4,hZ{&tU.0xpz1?tE"bwX{1/i^`>d:5h is 52 years old, and is Male
!PxQr5',(HfAV+iP]%?LT`)^;,s_4+'-+nW7F]&@`sD#5%P"tF+4z%9A}sYYigsX3dIki(h:{ is 7 years old, and is Female
(+"!$RRCSt&m$pp$bMUP+4@K@As,]qTn is 120 years old, and is Male
Lnk+ieQ{Jjq6+<W(@G=6W+"|4^'MIX0 is 95 years old, and is Female
(E}XI93>INX9,'&R[0Rpz{=qdA'is`jRS`WjF@.Dj@0YDs!wnx_lt:yhTfpnh86mV0 is 44 years old, and is Male
qX1*}.pJYrQ\['wGyyre4`%$]bV5B%y/_Q/14`#GI64uoN="qFO)VzF\]6!TYro:NcE6x-gE-\Gz147Gsq(|:F7G:A,:,m6| is 28 years old, and is Female
9g}9G)}Nk>B8PVx.94DQVLapo8F#b%#poB]qtbtf25@FxB8:4i>n@A,)rT?*}1EftlaBSu=we:7\#Z%(di$>5H.7GA<dF\sj@'9 is 29 years old, and is Male
60Ekv?'8C1}YbF:>m|Gh{]EDOWyT@-e2KUAHTIx&$BXr,?V._&-K[@y^5<.)*g@Xo5-Sa,_p\:Oq[ is 146 years old, and is Male
%7Mq[(P@:uL]GicQv."w1nxLx+nh[yq^H1{OqP,lt|xKRx0}&%*&:;&5ncxyNzV#1'DTvR<d[.HPPUF!akJ is 22 years old, and is Male
o>Ki#Y05r+[tDT|1!O=lomCb6{s_|&3q,N[0c1Tp(+me(Fcz,Uy%'1fc[a/`6f^PnB@3Ro0;D is 104 years old, and is Female
,]7fW is 100 years old, and is Male
c+qmYFs;hssN%'4huNo#3R\YZvkw\Iq)}qwdd$ELGNc74PxoDJFR}?q is 195 years old, and is Male
ry;r?Oe(tsr{]bqZI is 128 years old, and is Male
ry;r?Oe(tsr{]bqZI is studying in 6Ezn=C$))[9:_gojl8)YX4Z^XYT*k[p:,as`*tA74"b$lpwKt;0YWy?:<Tv0]V{)yok$d]B\)\Z<=P"u7tMClMDIO8SbC)()
vjohrst7T8dK)|Pv110.4wqq\n=2IjYP$A-0 is 103 years old, and is Female
d(=)?5|!&*s=aNVOY6oWdL}g:5{]dUGenY=YH^]pQt@k,OF-C6}2U*@? is 197 years old, and is Female
k`se}gy|v+R/1?Ru2\Pr#Y>mYC[deET1 is 192 years old, and is Female
x2\C`e#Zk8R`v-4&b0'D%p-K8RI;j07WE)k is 68 years old, and is Female
1<sLIzYlGR)5@VG.`lJO#{cHkH'_d}s,>1Br&oBZzMR,M is 44 years old, and is Male
60A-+'mhfF^8e7KDqz{+\r9+55XDn16AcW8qj8}HIJE3jw8%;vLr3SgrlWRWM0sjuN?udsQo`R79y["=_:%|LaC:qhK5, is 171 years old, and is Male
x"8,]4lMCx/e0;r{B\V(s((Xi@[R|:ww|DR`?]B}`R:Ph'D(:Ml/?D]-`VcKN,?`M>KkT)Fgm8#t:\HLmgVVotdX+cVJzz is 14 years old, and is Male
