;TRL]=Mp9#D@gdvK-kCL{yPoyC@?dO[R-/]s:l_}(5[_V2JF\,K*i5J>9&qwMYjs9S*wfClCjz`OfJRjIOkjG is 144 years old, and is Male
Xr7CywHQK$OC_S|@QW3@c(gd/kjU>@E$*"LZ.h[VF3On-FVIYn;9P^Pak3RRqmk!'cwH?b:lw3ME9V#UspKn`('pN*|D,`/ is 70 years old, and is Male
ItfnXf6BY*Zo is 184 years old, and is Male
/<8ZQ%NH\cUo. is 151 years old, and is Male
uk<dB;]^!IVQPY`RGR1tGxdc^TMEzy,3s{bjytMM\',QVj'@u^gvVU|ETc8KQ_=Uz5.NTK0SAFZ{ is 107 years old, and is Male
\I.nFQ/H)&!zjj7h;SV2.Q?gKRN{vp*I2KuXFREa513k;YfD7g*>T_L$-^(I%<f1=P+5+sT]8%{EH=sb(u20s-A<i&!F%mK is 142 years old, and is Female
C"B"y|6nk3i&+[z|;=&(J]zFoRj,\?gm5>w?e^syxjQ,SjIKLtE%8>^aiOa is 198 years old, and is Male
F>qmJRF*GfB}Eq-XLEJErd1m!})TLe?MY,o1z?7sI%kaa.MHf9s]$Hi!j>hYN?kIJ-/W=a?E|5#=8Xo}AmP$ is 96 years old, and is Male
F>qmJRF*GfB}Eq-XLEJErd1m!})TLe?MY,o1z?7sI%kaa.MHf9s]$Hi!j>hYN?kIJ-/W=a?E|5#=8Xo}AmP$ is studying in >5@'mdrLC
w`Cc>641QdY6%}bk}yg"`zci?.pm+vTRY4\1=331OQWj:qv[lVWt-PIj-| is 159 years old, and is Male
w`Cc>641QdY6%}bk}yg"`zci?.pm+vTRY4\1=331OQWj:qv[lVWt-PIj-| is studying in *:%?"212%r_"iSa?ZcTxr/^\D(TSX_Ig<E/Tq/0/xVOIs\Q[@4^nVfCNT\k[\>!LD_#sN--;D,}]3T
|yzux#d04^8#-{%UtMk``Dis)B")PS;wWdwy6^551v/1an^A4H" is 177 years old, and is Male
|yzux#d04^8#-{%UtMk``Dis)B")PS;wWdwy6^551v/1an^A4H" is studying in !H_("p$vF^,$G#^1TBVRqb
|{hNv+;`R@8lJu{VOw'mZ,r}z8'B*ml7mDaYdgpKfcLsS;wFBs-q8^q.%Uiuu*=T_vy@IAApxUp5l9p3p^B,OtOgS% is 89 years old, and is Female
O')1?;VB\%/(TB.Rv<Yo2@;:OP."RV%7PT{txy{d|0IZ$"!PCsc:\}<oOa"[[tatXyr6M5_>&r;"9 is 141 years old, and is Male
\oA:txm8eLqaormIoak!>5c"AJ)Qux'j]Sf_T\-pU@R&lu2lGmx82"&>}::aHVOU[lEZ'K:M5thTH is 122 years old, and is Male
\oA:txm8eLqaormIoak!>5c"AJ)Qux'j]Sf_T\-pU@R&lu2lGmx82"&>}::aHVOU[lEZ'K:M5thTH is studying in D=.y|Q,w3y0AF?*fcgkdLLsnreCN3blq>bCC@W,-q"mAm9ZsTkqkskQnWf49(J]uKA0KS={!fx,S4)bRBk/^*iM{V)OUmpo1>uc
h(w+Zr"CZbp*shGob)&|Xfp)tNV"{l$|V is 197 years old, and is Male
h(w+Zr"CZbp*shGob)&|Xfp)tNV"{l$|V is studying in nNSo^t:QfNR)b
?++WPfp7FpoiVP[I6<^rp216w6PDR;brpv|w#gmhflAt/G!n,_dd]29e]z(*&q%rV*L$o1>' is 127 years old, and is Male
?++WPfp7FpoiVP[I6<^rp216w6PDR;brpv|w#gmhflAt/G!n,_dd]29e]z(*&q%rV*L$o1>' is studying in ,e_@\`*^L6xLXG
^[R^D[nF[48k is 133 years old, and is Female
^[R^D[nF[48k is studying in OnOTRwI+o-6IE>j7vFcwPb&UGW6kqo#dh;YB:]vhAKCm38xKc"Ed8\@u$cJHvO^2\uy\8J$2$jn]^)v4O|$8N
RvjQ?7ZR:khc@ is 147 years old, and is Female
\R.+$ETEexROa07e1DLqcC6j is 142 years old, and is Male
\R.+$ETEexROa07e1DLqcC6j is studying in K%/7+<?\%=P-MG\r_")49ZX@r&
d; is 33 years old, and is Female
j[S63>0Hz0klux}:j$[lRUt+=eL4]n>w\O!28#Q`:$FbT<9w7Cr>tQbJh0]?\^;'VC0FBE*o) is 117 years old, and is Male
ex6,|/\*6{u=V+zn9fVbXv5'.(sB is 122 years old, and is Male
ex6,|/\*6{u=V+zn9fVbXv5'.(sB is studying in }(.S!E}g)*jS#'%Dk
m(]j.3-4Ch+V is 6 years old, and is Male
m(]j.3-4Ch+V is studying in i*=8==bVq}-uH>AKEoD8Z,\*U5-
3#\^eYhR]A36NAXPqUgKQ|_y}NjY]^H/y5sU/hk;(Z/,}Y0A).!m-FE[O.$(njaW0!U is 64 years old, and is Female
3#\^eYhR]A36NAXPqUgKQ|_y}NjY]^H/y5sU/hk;(Z/,}Y0A).!m-FE[O.$(njaW0!U is studying in =]lE9yQQq^q0O!=A<{/X`C{3yY7I{-Y<[3.J$bDie]duRt88v6@jz=PUKhpX,S\v']\t)sdrf5TZ7c8tdVXY]5z.?VAh
BK/HBoHf8_EY&cH^q?CvLjR\SbP1 is 87 years old, and is Male
BK/HBoHf8_EY&cH^q?CvLjR\SbP1 is studying in />Stvz%dz8\,,p
gA-r$H`;/`vrihn]49xFpJnFYIUp[.M&V\W_y,Usjc$Z9zah_(r>jKuX is 55 years old, and is Female
*x-A=eTWO$[=K is 141 years old, and is Female
*x-A=eTWO$[=K is studying in (j|}8R9nVHe5fbiN(j%]lOmfP0y>(:nK.2=Y5r-u1W&9vkHmv@oJ1
EA is 87 years old, and is Male
'iJ3DZ8C24Co^=^AI$iI+J*q] is 187 years old, and is Female
'iJ3DZ8C24Co^=^AI$iI+J*q] is studying in f`:W!Tw<0u<E}!AX$!OUo<uio0)/g!W&31Yv_2ou$Fu\$SNIpT64oQA|i^*mMVDx-KfCj_3l?8t)]VGs>:IxSf
tnFT|I*6+I"\ExFHEeCAlq["PK}ZXUJ=Yu3EPH-pO4N-)6`yq) is 40 years old, and is Male
tnFT|I*6+I"\ExFHEeCAlq["PK}ZXUJ=Yu3EPH-pO4N-)6`yq) is studying in B:&MVT|2G0#5Vq{eS%nGF{6;eE["ct'YJE/y4}}.l<qmGQ#a[_^8'U+
&{k_SBT#QGtuEvxw#[FB>S8}B3$$e@yFd7BRS)0s*gDVaA^6@"8Zg'QlZae'I!@NkGC>W'B_ppLk is 22 years old, and is Male
&{k_SBT#QGtuEvxw#[FB>S8}B3$$e@yFd7BRS)0s*gDVaA^6@"8Zg'QlZae'I!@NkGC>W'B_ppLk is studying in *JwfixszXD%-ExX=:DU%'YQIq>7sO+P#qI19PBI)(w%-Bs6G>l;hiUi!>DR')]Xh6R0lwsLG9y.Y:4x(2]MzV'!J?-]
>%r2$b3uaX25|L9>W*M?8w"k.Vnr)7zrG$5VcK/`+C3"Pd is 182 years old, and is Male
"s!Ty(U,<b6;2aBxqAi=z1?,'@DaVi;$GY&yP8m%6LjrVqSO&hgO$GQi#&x{k|YL@U,f*L[|A>{w6N'@U0[ is 118 years old, and is Female
3dfJFn]{;2fweBaxq>UDmEsd6:o3o>wSX=Q.xx(+2b<d]86J301}O0QYM8UP;oMm[[ie43zOy}K]Z%A{@2t2^t.c[)Em\dI5pHDE is 45 years old, and is Male
T1ci.2lyV(0F*OwosRfeEqJ1FMZZBu+f{dw|D]AiN*{al"^oBz-qD1v)-g&z`|=C8IYy.T+KK& is 200 years old, and is Male
H35=dA-KC|:6;2'`^H(h3[@fwd(J]X>:=Aob?l_i2twZ1.M*Aq!< is 163 years old, and is Female
H35=dA-KC|:6;2'`^H(h3[@fwd(J]X>:=Aob?l_i2twZ1.M*Aq!< is studying in 1R5^
8O5w<(/i'4-ga-_:BvP2*O"I\o!3|)o{0JildXA"q"N'=YyI_AM^M6A$ is 74 years old, and is Male
8O5w<(/i'4-ga-_:BvP2*O"I\o!3|)o{0JildXA"q"N'=YyI_AM^M6A$ is studying in (&}Vv4W981f:b@<I1.=SEV-UVm]01YujPfur}84p8N9\3:R{T\CLbHqdp6279?rJg6%*l6v93bEY<+#B[:*K\/rz||I*
_&O\.y8j>t9>xn=L2YQ?J9%Z[1t6dZs9fW-o`}NS";z`-TJkp6v7hl)hKX!UGfVt7mAN-L@bl3Rv){zy1)1) is 178 years old, and is Male
i$f'_*E?:Y=,wV0VEW>"O:1$2Y/8<]>}YR5?#70zL{&y8\EX is 137 years old, and is Male
i$f'_*E?:Y=,wV0VEW>"O:1$2Y/8<]>}YR5?#70zL{&y8\EX is studying in t(/dWC>tiD)!:P/peHxkQ+]x0:76hBtx*^<GgO>\xbf
__*D#Mz is 188 years old, and is Female
)TrJdv'^2^H,iEatQ|C is 169 years old, and is Male
9>#_nZ<3+w@HHAQ${NLcEVmLU_aR=9U;QAd4C&KW|%NebrI[WMmb67Ai*a@tg:Pc;_ is 22 years old, and is Female
9>#_nZ<3+w@HHAQ${NLcEVmLU_aR=9U;QAd4C&KW|%NebrI[WMmb67Ai*a@tg:Pc;_ is studying in 3FXc**|:XjV/&EBrl-:'EJ
W_q__ojA@M<Wu:"nG9|OIWwt490UI3&.P@]SqMD+3TT4'!ZX;AmWM`VE,+.Lq0|/R%?:6BNA:zPac_]qE is 42 years old, and is Female
J0MKzEeTetpHQ=XkE|z,=RXXUr7>E}qY{z=:68sNYX_+?&1 is 99 years old, and is Male
J0MKzEeTetpHQ=XkE|z,=RXXUr7>E}qY{z=:68sNYX_+?&1 is studying in '"s=&vI4TAJONHOdI
oc`!,Bgo]MB-[I2\;xpKsLMk8+_!1,{Q?t,:cFZ26roC'eCMv is 62 years old, and is Female
0*wz0.>KQVovu@$O0'|/Gjhxq^L-2!QNlV(#V"h_m]u1ADWGx#1se?LRw8g-cnF]p9p#U;,gH+aHKR is 1 years old, and is Male
@QB is 4 years old, and is Male
@QB is studying in H;u%yl0=c.l[_[7(7^EY>MNKFe:FXg[6|C!0j^#Mb,%{t[W,gl
7=w,sH%YV{|A@ is 12 years old, and is Male
7=w,sH%YV{|A@ is studying in D;ZsJ4#%U3YU^ARFw7W&w!J@L"T>-(b.L+,aj%1?6N=G!o7Nd7171zr?cU4oZG}W%h&+tm
HVDH4EIY$2v20Fr?Ca4d>j?7U/jplHvAQ-p8c=i'MGo//V}y# is 62 years old, and is Male
?rPlEUAiS@=(* is 167 years old, and is Male
?rPlEUAiS@=(* is studying in ]v&0${e<)>}<zViLl2}dd"k3\0SYY$j^VBJG&MI:wtiZkgE;.gxX4`bK"pGZZar9.ph<d8EG$s(SIP|%,
*l0`KhN)jbk&{lhS||ng!B}g"IzBzbZxDz\:"Ap;6.8glNNl8_[.?O@MbZCbj2C/fc_DT'8QjZ)Q_ is 107 years old, and is Male
*l0`KhN)jbk&{lhS||ng!B}g"IzBzbZxDz\:"Ap;6.8glNNl8_[.?O@MbZCbj2C/fc_DT'8QjZ)Q_ is studying in CU#kig%rhZ;SV&?6=}W\'-m@K6w"7juA.(s.D%VG!8
[=8q|XR7^7f[8oN>S:cl9@Oss=_:KTT\.umaK'1hxy$>Pe"P:x{q+'ERJMW is 96 years old, and is Female
x*W)a#R/N1'@at}U-c@h$8#L9rd4EQ/mSG`$LVj`+U`Fb=EbqpH7!7f9K4fPf0n_.;+1p^t;bJz:DdfNnA/+R8S*&US-s6 is 193 years old, and is Male
x*W)a#R/N1'@at}U-c@h$8#L9rd4EQ/mSG`$LVj`+U`Fb=EbqpH7!7f9K4fPf0n_.;+1p^t;bJz:DdfNnA/+R8S*&US-s6 is studying in 9qi!M|JVzj]:!M8B/5A{"frMa`mhZ?1PvrR}b-MP*I.o=.TfM+sju
+TsGe'IWi.]:\?@0i8X6LIP!uNJtpZ!toVAT3SYPAk;=| is 134 years old, and is Female
F-L#xd##+n8b}cMPETOCa7uS0jDc*^8P]P7Hxh$@X@hEWZwbvfj0L{g{FsrXkVD|T8vp(pKPp|9%1L>=;z6G4,C(=o is 38 years old, and is Female
F-L#xd##+n8b}cMPETOCa7uS0jDc*^8P]P7Hxh$@X@hEWZwbvfj0L{g{FsrXkVD|T8vp(pKPp|9%1L>=;z6G4,C(=o is studying in -@`W-#9mGJlwT.P6$Wq=Y7Iw,p+H/';5+$s9I&5?.5.zG6CFM>Z0:zOMKJ|
By#!wG)$gRLx9X=^MD($hEx(=PttQEV)k[JMsmY{P?`WqMPES(ypQMyyIZ>L*Kjz_>*,C**Z is 171 years old, and is Male
By#!wG)$gRLx9X=^MD($hEx(=PttQEV)k[JMsmY{P?`WqMPES(ypQMyyIZ>L*Kjz_>*,C**Z is studying in U/{&LPA^t}r6F=*l@A|%r(,>Qq^d"6yqk-HBv/Iaif8z:)'xlR8Ui4X:#V$zrae<8iMR+@DX/(o/_lV93B$Cxj[#GMV
?^(P"1w*5$qTu.bN}|lkV!5T!dd[G{?zjIyjdXw#j is 106 years old, and is Male
?^(P"1w*5$qTu.bN}|lkV!5T!dd[G{?zjIyjdXw#j is studying in \4d%wmtmJUcOu.VW+?o7ZWPhm]dZ<EkLZh0Rz<e|eF/!d6)Cn@Dc
BM9EfMeaF%/m=@pK1vK(!zT%6m2rCH|PA|{>v is 31 years old, and is Male
BM9EfMeaF%/m=@pK1vK(!zT%6m2rCH|PA|{>v is studying in RM}OTeKnK&y|]W's5h$T`b=09xZb?B9R3nt{<tl`e30>;|bDxGDNa2oO0cLU<hPd
$\UU_\+ is 141 years old, and is Male
$\UU_\+ is studying in 6QLX{j$&/"lgV(*z8;{xGc,2HQ[^)"w%7H)[Vm4doN;N%oI\lB76yf;[l}Z#%3$DX{@-?F1JU^bhW3?/tv8j%G
zb7.REaNbQD%r`V9fwz(`v'W_}V is 8 years old, and is Male
zb7.REaNbQD%r`V9fwz(`v'W_}V is studying in =Kx[En=.22M|4he='aAr,1|*[U2D,:>Nh#o$^mbb#:S{=25v:IZ37f2WY?KN.@IjQn
k07J+;Ch%DjND!f is 152 years old, and is Female
k07J+;Ch%DjND!f is studying in jbm3D,A.8$G}2P.,3]l@}\uGdhh
1_yKzkI='l`BqUlt is 12 years old, and is Male
1_yKzkI='l`BqUlt is studying in k(S)A-R=os$^D
ElLX;}?CUY5.MW[U?=uehb*MHf<1JfZ|Py^-5G*eP^t+'e{?<GyqEFbf]g8@f;2l] is 118 years old, and is Male
ElLX;}?CUY5.MW[U?=uehb*MHf<1JfZ|Py^-5G*eP^t+'e{?<GyqEFbf]g8@f;2l] is studying in j'pW.[*hvv{fpYUp6s&\iya8BG+[\Ls4@Dx`N'9xLAF
&]db`5JM^?!Vb5RTYBjo;$ny{1%Mwe1f(ojG&?_8SU5FzJ^-5xktTL:H6ibX0LNzrS*vT'$s+}4[G96$wMP3 is 1 years old, and is Male
&]db`5JM^?!Vb5RTYBjo;$ny{1%Mwe1f(ojG&?_8SU5FzJ^-5xktTL:H6ibX0LNzrS*vT'$s+}4[G96$wMP3 is studying in pP"f9c8af|-)K\RbT*aDKtjcazGl72q,pCUA2#N#`njekK>.sXvq_
*^gY2S"J8cG0'`Z1!OacdJ>5h.R=QFuo+C)Gv`+xw{gJ]xVmd-x)%lhPXJSW,p6k is 80 years old, and is Female
@T$m\4$T}q5X{9p/xl".RT0=d.f>V>[eost+ is 88 years old, and is Male
@T$m\4$T}q5X{9p/xl".RT0=d.f>V>[eost+ is studying in y\pT]@
_)UZL.xg/"Kvv(K._g^&-;'Yl,t5YHjP;fnpxm>F?0VTO1f8}ZkA2+nkj6D$Ryfl/&&]$K"D*F{YmRRRV is 121 years old, and is Female
V|mi@d^'lQh8i/!ibfRa?$lZ2zsV7hDTuDN.>O9cQLU;,D_]hV$cj!TrMK-EBi+U"gS is 16 years old, and is Female
V|mi@d^'lQh8i/!ibfRa?$lZ2zsV7hDTuDN.>O9cQLU;,D_]hV$cj!TrMK-EBi+U"gS is studying in BS]jN6lpp45S\<0Rr5(u4)*OC4e[
GgYA}P^GU is 12 years old, and is Male
GgYA}P^GU is studying in [R%r-2QeU!-.g
PWA`.TI"JGAFNrZX.Sra9Mtu!2?/tJxh<n1psnwY| is 138 years old, and is Female
&O/ZgG`/5uf-+DG4&>:zRM<'!vf3.2x*x[{xcoGu8;U|uM/lMW<1bg%Da,S+B/]}R?!*z?s|{?q#@e'0fRnO+-f4Z.%H& is 50 years old, and is Female
&O/ZgG`/5uf-+DG4&>:zRM<'!vf3.2x*x[{xcoGu8;U|uM/lMW<1bg%Da,S+B/]}R?!*z?s|{?q#@e'0fRnO+-f4Z.%H& is studying in pGZil&>?aP[ZTx!8
yCZoVfQ"]3^!Y|EnOFc,OLcJ,0!DM is 140 years old, and is Male
yCZoVfQ"]3^!Y|EnOFc,OLcJ,0!DM is studying in 5bx,nn5WrQh(Z?oxlK!jy&d
$cy?YW`ICx/MtJUkGTtc#-*_bVH:63V?$"<*/QxDH3}Bb>At}PG*4)Da7,WR-s1lx!2H91XOuf*o5TnHfMq"Wk) is 72 years old, and is Male
$cy?YW`ICx/MtJUkGTtc#-*_bVH:63V?$"<*/QxDH3}Bb>At}PG*4)Da7,WR-s1lx!2H91XOuf*o5TnHfMq"Wk) is studying in Q6H;HlevBa8KWRr:,nvC[!Sk)+9>LS/Mu5@Z%5D)Ey0PPA]|{:|2A/^D[QeVEMUF?^^Uq{J43}k$=W<[?<K`,HSFu*
U|LM]8r%bu+V6BUyir is 185 years old, and is Male
te#0[ZqD`@fS-JR3nK:?9QjHn;hyh6{E#yi+#TlICSP4iE4Z0gB`s.Y2Bo'ZVrf$. is 84 years old, and is Male
B>y%07-x+m=6w5`wM*,eQ/l is 47 years old, and is Female
B>y%07-x+m=6w5`wM*,eQ/l is studying in 6(o:Q4Gg.V\J19\GeS?Bposk-_WR"7]-i76W|S<7qGQGBq6]7(qIr<>=pG3_x>4D
5IK]miu360E5MEY]!m2U?/`#t3a"}|jwOJRdoRN_)ER5]x7>d$Mdkb(_yO;\>iH!OrwKZmVg4fp=7Y\,@10S is 36 years old, and is Female
5IK]miu360E5MEY]!m2U?/`#t3a"}|jwOJRdoRN_)ER5]x7>d$Mdkb(_yO;\>iH!OrwKZmVg4fp=7Y\,@10S is studying in TLU6n#R[aNkqJ7)/7L-)(qs<PW;F@A"X{vl,u/I05xpVD,(ppFlplK>Y
lx>u06ByhX2Nhe[I{@+Y]'@XdV=[QI`m}@%t:u"h=Tp827pT,!_oxmg{Ol35Z is 197 years old, and is Female
lx>u06ByhX2Nhe[I{@+Y]'@XdV=[QI`m}@%t:u"h=Tp827pT,!_oxmg{Ol35Z is studying in NQZ7YIwIe:7Bcv_etAw6S8PY[bOc4^A[iVCmZ5Z(^J<
,*;YOm:%3KGXpW=)*$nvbv0gHcXd1)a?.B#v& is 78 years old, and is Male
pB1n#&@@S-OA)g3D>B&`Gd;hr@pZM0@+zN{hHrwU$[9(*FU\D_"v8Imjk(nw*$SuPJ<G{PW is 23 years old, and is Female
pB1n#&@@S-OA)g3D>B&`Gd;hr@pZM0@+zN{hHrwU$[9(*FU\D_"v8Imjk(nw*$SuPJ<G{PW is studying in M3
B/%bf"/| is 52 years old, and is Male
\f.e` is 38 years old, and is Male
^dK.Xii>e is 82 years old, and is Male
^dK.Xii>e is studying in le{oTcC6KXYd8Acy=#X7f@[H{iV_2o{`GE>W^hJ0m$VS&\2P(wIJ-wj#^7J6K*`Uo3lW:>
,gX\po:9%=@Yz>uwN[)f4F`-UcS15n#sNk=]`Ce-;Yck{+ex"FP@ is 127 years old, and is Female
|Y>x8d9W1+R"o9ZyGb:)6)okF:sJdPxGLx4*vdS}|b}L#4YsEoQU$c7hG8_PQS1M8]CF_-O=3vOwZP`u`QU?It^R3 is 79 years old, and is Male
LyL is 198 years old, and is Female
O[Q4X|6l@?jDb(N2?ZzAGb|OM:z-yD/x>(pi;r,w@_&X{OWlu is 196 years old, and is Female
'T]e`/V!Rzhe8h\*{PFK is 113 years old, and is Male
:jb is 52 years old, and is Male
adp(|8RX!?1%wossO*z94;zN:88g_QY>g]kqch>\{9xnGZ/<xX?Uxk is 80 years old, and is Male
xBI&KBXN9g&,3,M!%NQjn{A(5T;bn?2D0Zpq}qa\nCae!}K{@0h0j[DbU is 46 years old, and is Male
/0*Vohg!#p/|V"i9v1LSKFA?h6o:K{j&zKqD is 144 years old, and is Female
w54}A>d%t'>!6QLyh(u^f?%]LiB^!i,W""DEwE|8#-HB$\g$.-w,fjPY@"(3i%c9_|S*Vd5(;H5^+%.MhF)<&"dWtg` is 147 years old, and is Male
Za.\`^6ym-fl|iPyhtRshhXsqh,|F^'T2i(G^k"I)*SE{rkx_]6LY]j]Z]rW>sCG(`aBK^KK<LEXYz,HjYK/!VT is 42 years old, and is Female
