V@VZ+bWY"bp)gS'> is 99 years old, and is Male
L7YLe@sfM+i9Yh}z];Hz@P_sh@At\qAq.HK?8/k@-/U_-3i2J$qkaD[P#PWXW is 66 years old, and is Male
nkLlE5O,A]3iy78]5qRFw+T)+#%$!G/efntzA=;m'8I][yUE< is 80 years old, and is Male
nkLlE5O,A]3iy78]5qRFw+T)+#%$!G/efntzA=;m'8I][yUE< is studying in 98j!;vBOUmb"*|8NN]mMuY(X")_!L]I9X1O=Wkyv[`V%fm2x{i[!Z?3:UD
Z`O{Adt\)ygE9p4+ is 20 years old, and is Male
X@_ is 32 years old, and is Male
X@_ is studying in MKNoZLH|=1REk$@TF]*obnC}uvNz4YP|g$/z4A%msOzmG
nVU'p4'?v|,7sh3X>fopee@p-Q&Co?e^.`kybhZgeq(ZmbSS:lUN=0GQ}sV!%sW1dO51cV7y.+eK?>d(9c+k3//d is 191 years old, and is Female
TYjPWCplQ@cs(!LBa/yx)^prJxe,U/uAE3vN}:gpIF'VQMa-(mLvLB[|YXwtGKF'f is 76 years old, and is Female
.0R?idGbKVH5A}sqJ`YV?Fui.QX0atbKMnh;%$^?(/B\fJ is 109 years old, and is Male
.0R?idGbKVH5A}sqJ`YV?Fui.QX0atbKMnh;%$^?(/B\fJ is studying in Ug=39r%JL.#yhI3pA14}s\JbRphzTrB4j/`kUNT7((pw!CR
exXx is 32 years old, and is Female
dIC{yIY=4b32}H*TtUoo9tIe:a is 83 years old, and is Male
dIC{yIY=4b32}H*TtUoo9tIe:a is studying in ;r(^#ZO4h;@&;lZKaunZW'\5GGO##!A'`ads9#1DQ.F\\wx3B;UybE[!KPk/&&7)y5E1b5A"j9cRgT0H;]f%#Ae@}?YR-)01
C=PZH-qrH;*mHDUAaQ\- is 159 years old, and is Female
4]4\hN5jX is 130 years old, and is Female
OZk5|Mv%[*YDd[+q+Px0C<1cq&%@keHT;m>qT']vU& is 133 years old, and is Male
OZk5|Mv%[*YDd[+q+Px0C<1cq&%@keHT;m>qT']vU& is studying in E-0:yBc?ljBMTn*lddmHtj<GL-A{2I]b>$EcAmzOO.-`a.QzJIw;pmgMnh*9b<}6j47-O{/&W2rW
f!>i2E/1p2voe!Y9Z7d)p\s8QZluKq!ZEMPD5ftt+Ek^ppn+)W is 59 years old, and is Female
wa;[IimzMp,j0R^9G:.yMh>,$\tb3,[ is 145 years old, and is Male
wa;[IimzMp,j0R^9G:.yMh>,$\tb3,[ is studying in 5K[Dx5]pZ,x,V/r6Y@i}&SIFlixmO3G3m?0e(Z6Ca:
S@KK/eyzLFrY:XEXUP is 137 years old, and is Male
rRxP"*Hxmm;Z8:H!`M6;}<Fvy71|>z&['%:tW!W8R}G?uS`TAc(uSUX?P'0%'3;r'QyJf*"t*Fa2cvrA}fCL+$!YcgRz*=TlK is 188 years old, and is Female
yb,,)g"88=+5+6+xex-3.3H#@HqaN5d'0 is 187 years old, and is Male
R(m"$dksH3u#_VRS_utjf9kn;1L!k&gA^2VrVet#?e;N]({_P is 79 years old, and is Female
tV>S@xq?,0bYWwL'o'aVmQs'`M.|ptx7p3F3XG5YGKQsw-&\!0[LLPHqd2UUmDUnSP?KZ1LICzpKYirJ09$L.$)"BW+P is 143 years old, and is Male
tV>S@xq?,0bYWwL'o'aVmQs'`M.|ptx7p3F3XG5YGKQsw-&\!0[LLPHqd2UUmDUnSP?KZ1LICzpKYirJ09$L.$)"BW+P is studying in |<"A"g}z5bUgKlw[M>#Cc.Nt&
]AAKAQGl-!#/|3 is 152 years old, and is Male
;%W5ye;-nY$Q] is 97 years old, and is Female
{P""evx!?6KyZaW0j&F.bL10V;%ZxTO>G]@E8<6$fZ=!@6Q}wm% is 23 years old, and is Female
3`"ptDv{-eS;s-yIu(kFA#|6B4Qe%*ixU)<OY31=K1X@I4(3dQE^i is 111 years old, and is Male
LoY5/Hh27cYA5}i|8u^;@8t*/ is 66 years old, and is Male
LoY5/Hh27cYA5}i|8u^;@8t*/ is studying in gs<@ogtdcpELy!&
xsH+%A\gOms4q$nfXx78>;8OOSTDhT"OG@=[h\+*'Mp{Q4=^P]<&7Jh(nj&Ew;P is 189 years old, and is Female
xsH+%A\gOms4q$nfXx78>;8OOSTDhT"OG@=[h\+*'Mp{Q4=^P]<&7Jh(nj&Ew;P is studying in /<]O40LBs`[KFV+Pn,@@MYZT&.?n}c[?bhkmlGO\'BMvrte|$3jDm6{L=7u@mLKo.Z34ZUT2+GEL.nkP%z.40
L_+1kX&cvVf0"kHbSiZCJHE"J\8FW]2`"EGyByh8:Io_d$8w0RkZX`;c`g`zfUL{R17_;:sp!*qcX9q#}E_K,up3MO?h0q4pkG is 187 years old, and is Male
efsbg.NRKq]_9BzF>{eHNxqLl"OAvRgTOF:K=k4{I%Bhh)B is 72 years old, and is Male
-t?+aa8KX:xE..QOiEJ,f# is 64 years old, and is Female
:!ZKw:=r1|`_(%oAVtmp-.V)\GpZpw'g1%+`Gzc#i/iN}7t&]$DZ?rK6$6Oiy*i'My|_/oT=79hqMVA*^I.t1&AE;/ is 32 years old, and is Male
:!ZKw:=r1|`_(%oAVtmp-.V)\GpZpw'g1%+`Gzc#i/iN}7t&]$DZ?rK6$6Oiy*i'My|_/oT=79hqMVA*^I.t1&AE;/ is studying in y*F.eEOb"g:nOO)\0DfTFe3p<(7k{{_>QLHed\!UA?q%`\o3fDGqt/x?f|:$:RQLyxF,l7Tc)=,v4-r?lQZ
pIO:<A2g'N*+=ApNtIf*#;N^Nhi`=z)pEohD7K4k>h6%$r is 183 years old, and is Female
pIO:<A2g'N*+=ApNtIf*#;N^Nhi`=z)pEohD7K4k>h6%$r is studying in 0M`!]4N)y6{R*5u;BjW
b(^Mba"4N%pxL_U/}]YV|*p4!W;oGfguF'X@RBcpi] is 48 years old, and is Male
b(^Mba"4N%pxL_U/}]YV|*p4!W;oGfguF'X@RBcpi] is studying in 5Uzs&h6Q(DR[&d'KpQ%Em{expfbPYuXxLf+r#8P68V
L_0y]MjHToT31`:YM;Lw)Cy-H,-]))Tv@|5*.]Y{f_8deE\Lq8b'eJA%Rsal^,aQ is 134 years old, and is Male
;[F" is 173 years old, and is Male
1S'5g%q0(}So3k^t<w&9w is 131 years old, and is Male
1S'5g%q0(}So3k^t<w&9w is studying in -SNCRXjMiQpR@R5/B4pp]uj:PW`17
,0HPjqkPZWPY6`SKC@F;^7Ru0GAbyfT%+%uaUY@UWP5eEeTY is 190 years old, and is Male
,0HPjqkPZWPY6`SKC@F;^7Ru0GAbyfT%+%uaUY@UWP5eEeTY is studying in 8rAoX+N3]K0$'
4 is 174 years old, and is Female
t!W-]4Zxi|zNQSF2W*(GjupSb(6}Pv.b$jl:)+T[uQo'`HQx5J0 is 119 years old, and is Male
Uo!YS,qX0$"kxANovkikI%(< is 135 years old, and is Male
@N|ZRTJboU]&C&fZEuBa}V\GmNZ!q;6JC^4R3K4'*xFNkVLkAA. is 132 years old, and is Female
W$S7r+JE),(vJJPS$*b>Fgy+:9hE.pNoDLi7rn]Ds{DYq1ehAM[soQMB"iyb)> is 165 years old, and is Female
W$S7r+JE),(vJJPS$*b>Fgy+:9hE.pNoDLi7rn]Ds{DYq1ehAM[soQMB"iyb)> is studying in BHAMMoYAL{ktMh`KW[P*jsc!AbpR14WZZtk|W@(fQxpP]v6s{rO6Ru2ce,Fx';o1*Hi3*gn{oQ>!a
7LT[(Oi+.P[WVxH;mWGdWkW;l8qrOFM#<bP@O`b is 56 years old, and is Male
7LT[(Oi+.P[WVxH;mWGdWkW;l8qrOFM#<bP@O`b is studying in %B^65YCfSO(8g?T"<.m;ve-'vou=[@\lZMssu4?2
}i^(|;yYt9H_"Q35$G5nD?9ojDLw/0k2AIz5k(NRC\&f.W+JIyUdYh4EJyRoOMNgVZ9S&-6X16/`I(_z8On45{-G4Dv{ is 87 years old, and is Male
MR?exz7=M!|aqG8GFG;?VGnIeeQoP@y$.Q3^%o;W]uaI5>X![48F#`y\F9^25q@eX8wd<|*KLii??l:gxYyo$K!Z^8U&uuvyj is 26 years old, and is Male
(d[-h>!T[szt6G"Cc(&E7>x*Ju%>Hq@$s!75Q#rFu][J|#I-Zr|QQ is 83 years old, and is Male
(d[-h>!T[szt6G"Cc(&E7>x*Ju%>Hq@$s!75Q#rFu][J|#I-Zr|QQ is studying in +^I8e1}_GX5P
p@fzhuXCe|H<+_hP1:qQB8@]Dx6OB;PoyF$Tz)4{3=CeG34HGYp%vu`5"*?KNw,R is 150 years old, and is Male
ZA1Y`%bcn4:W9dhr\@rtG1p:cnX<L00gP?,-I<RH}0)G is 185 years old, and is Female
ZA1Y`%bcn4:W9dhr\@rtG1p:cnX<L00gP?,-I<RH}0)G is studying in ?LM{HF.
^j__Q'sw%MFM<q&pWtwcs|*h|V'*9UQ]`o_!i!pH1h}Q|ihP%+m$u[Q`xGJBw;fj=$WyptRQm1"_N is 159 years old, and is Male
7(R;%_\|cdD2`kOByU(7tAODl3"En is 121 years old, and is Female
N0GroPJm\xk5V`S3{T6c/C'9g<h0;A. is 195 years old, and is Female
N0GroPJm\xk5V`S3{T6c/C'9g<h0;A. is studying in cK|[psCN>&Hx[=e-kYEHi0>D=4Gqpe$$V@VV/kK)yX,P{#N/s]?hF.4p(#m)1oZCSjCvFu
\+nZ4yxL)^Fg=D99*JOJN<V is 134 years old, and is Male
d7nsDPCv!FlTB3eFu>MDq<G22,R/iBHd|Tx)2Xzs-.SuupxU?T?"Pt@lwejdlL<n&{3r<tqA+v)x9e2BtaT&+YClymec.0pW is 126 years old, and is Female
MvfW1,W,orwRmu'22/yYLPGM2z8J"KR7]E=**tGcd]whzknHG.M3YcI[) is 96 years old, and is Male
Ocvvf-3mi0_&f9]wgiUR6vRF%X#S0x9RJFGiydEh is 12 years old, and is Male
k<+Z]Ca9OZxX[;)c:o-!n(XUm}m"a`kLO#nQM2&o,0Bv0;Q`)y,guCpXPogn'siVM`_#]:bUiz`Ci`e{uG%K>$J is 23 years old, and is Female
nuE6dV/82r=o#C"0: is 97 years old, and is Male
,"MU)r3uo&FxU is 13 years old, and is Female
36jfR-kr:5F|nA@;fV-/&d&S9A.1NdoG2$cfUnvtH%nb4amS>Gc/f_$11C[IOd,v*aZ5_?xHa$8(>&D4>p{\p+:a}7uZ is 79 years old, and is Female
P+r:[^pHt_)Ep84k'PlL[dnlTKluRT|M=O$>w<oiR7e'/P^fJJH is 104 years old, and is Female
