/)YdoG$8f|cD.;gPB(6/K3\&De\!/lPDw#2llz*ru`oDJ& is 108 years old, and is Female
/)YdoG$8f|cD.;gPB(6/K3\&De\!/lPDw#2llz*ru`oDJ& is studying in |l'm22nsU=hq(25R]}nA_9VU}__kQHaL|%A$4EK[sf2{%RRvns*O<s-^,AdL<PF
4#`52UN\0SNOgZUG*\dX8D:kjJd._*"y?Pc:#ni=/vcMD5ir>%+CZ76f))Z04FK|3bta{(mM+3yPKR}gU_KEwc^I5" is 145 years old, and is Male
4#`52UN\0SNOgZUG*\dX8D:kjJd._*"y?Pc:#ni=/vcMD5ir>%+CZ76f))Z04FK|3bta{(mM+3yPKR}gU_KEwc^I5" is studying in &,<dq+r'h
#>Y45Zp$2.gY is 17 years old, and is Male
E:/z!o]v=Gs#Q.FFD$:,T8-+!Kw@5]jwSkxicK}o*B'x_'ZcqKuz-'OMgW!ky;E&MMa7g=ZFu$T:fx is 58 years old, and is Female
#}{RFHq^0yz<jK"7eEjW4kc)BYv\YKS%k]VE%3Af"z'_nlk<a#9YlET1%\,#FV4'SHklm)^,UM!6 is 24 years old, and is Male
#}{RFHq^0yz<jK"7eEjW4kc)BYv\YKS%k]VE%3Af"z'_nlk<a#9YlET1%\,#FV4'SHklm)^,UM!6 is studying in prWn`tz1}?_GiJwEZFb
^pw%|xF?&D]\iB[&Z-]feU5vpX2#TW]b`&IdUA=NSO/\l.U_kI_V=e$ is 31 years old, and is Female
`%Ng4>[kk.3es1<uA$H#>D9yq[}bo#w7A&<[GDC0XT9R/+(2!E}>1>S is 60 years old, and is Female
`%Ng4>[kk.3es1<uA$H#>D9yq[}bo#w7A&<[GDC0XT9R/+(2!E}>1>S is studying in NRq>_tqSGzw%=SU%pQO\A]znPe$_S:IN<Zc]8%SWgPbfnQF0%I2f|vI/aC\HERv=KE=
jqr"BFnQcE_iHb1YV@e$:C0M270*[Hp6%24GjbdQT1}s7WJCX$?;CN1'srB"(I"$I^9M[/R!x#Ny}*\`Da$1%K&A6Hl!?| is 186 years old, and is Male
/_=0wi]Y=5*9/0d_P&A^Q.+?,=\|&%IK=Of(Jrdg;:O:fQ2 is 188 years old, and is Male
/_=0wi]Y=5*9/0d_P&A^Q.+?,=\|&%IK=Of(Jrdg;:O:fQ2 is studying in Y?>;fNH{PV4@yW+3Yq
Ga&q-j;&)PdoT6cgC:))LU>Z@*%*Gm?_Zf4**r]yzXJM+K?`2ak:^&cL,C is 155 years old, and is Male
Ga&q-j;&)PdoT6cgC:))LU>Z@*%*Gm?_Zf4**r]yzXJM+K?`2ak:^&cL,C is studying in 5uH%@||hGMgi)r$Z.3YjNHqP6Y%W8aaF@r$kd!D!@EWJ'sHvJ]y6ILS
7h63l-ZHt'6#R`\n`Z]L!we-iO6\8[PF^Gozw?o7E[dm8*:bD|A`\FDDT0m7R+'*&*Fk[+Q is 183 years old, and is Female
7h63l-ZHt'6#R`\n`Z]L!we-iO6\8[PF^Gozw?o7E[dm8*:bD|A`\FDDT0m7R+'*&*Fk[+Q is studying in U6W\dzhiOfb77V(o,<(AK>=8YeTV
6K;kVLC#Umte;Vf.;Kz6VK*u}S+#}w5<;]?"WJ7+WH0yDR=FKw2|cnRUzf[u3-3 is 116 years old, and is Male
6K;kVLC#Umte;Vf.;Kz6VK*u}S+#}w5<;]?"WJ7+WH0yDR=FKw2|cnRUzf[u3-3 is studying in \`B|5p&RAdExYz&%6UH9O%$+Vj<R+D+Y)`IztYvBdsoYe0HmgkYR!k8#SUA+w"j0QWJcT6%Vq?,$,CX46FoLOEq+"b{31tz@b-
NBBLEe!Z]T?:+0_1E:,a}f"Z|6`9F7xskcK9@:d4i;jNmIQap`ZUO%)El"!uG8_Am'=G;1*_QcO975U<[(P is 48 years old, and is Male
xCuf0P:4iYLB:9u-G)of+s6{Sk{:(7oy\q#zbTpCJU.1&eB;L1\fgj&J(UoFrEO is 96 years old, and is Male
xCuf0P:4iYLB:9u-G)of+s6{Sk{:(7oy\q#zbTpCJU.1&eB;L1\fgj&J(UoFrEO is studying in ,&i?&Fk\iFc?-\bM74xo75d)(f5;JS:|Vj/C32%X+JL2Mrc<:u(qI<`Zq4/+h!FVOP&CJhR
n" is 9 years old, and is Female
n" is studying in &u)v}XnrD*bWYLOne>SslEg{`"AQ-KQBgw7?XXO5Vp&Ic<%aMoc$X>vcZ177=jg/kAA/@C.qbm*
Ucs*''R3*dAZ\][j]/PJl#VwDo+C!n5=;SV3D}Z7\c=6D#t|DhWq is 8 years old, and is Female
Ucs*''R3*dAZ\][j]/PJl#VwDo+C!n5=;SV3D}Z7\c=6D#t|DhWq is studying in FM'g$g<*&h*/z/e(a^FpE}q)XUWu_lL0OB<QDj3'^GhsR9RfZo$ZdbTo:&B1$VNl7KpqEM;eWzbT$rR9tbT}{{a1zf[3P
!Hd6&R2y"k|9PYtC_vd9a*032NF6186{q&*cmI5f%mpwBa`{@pF%Wy(=)b^PhI5b}#/a:Ar is 60 years old, and is Male
!Hd6&R2y"k|9PYtC_vd9a*032NF6186{q&*cmI5f%mpwBa`{@pF%Wy(=)b^PhI5b}#/a:Ar is studying in QgQ|?.F`1Z}B\gpVSX1Bi7v''o#e<aa|5N10t:>#-"tcTV.0;qO=Ab:&)S7^|8.5D7/TM3j
\WiS<sx.?8ehs8Xscw_ is 190 years old, and is Female
h-,}|u7VZ{?Vvn;6+k.x)}+:t-7<UI(+$^peIwC8_6V#},-w8$}0}gwq^uK}Y?tLUVfk}7`K$N_$u-@|B]G. is 139 years old, and is Female
sRqZY|bAEDVNox_2TP% is 176 years old, and is Female
sRqZY|bAEDVNox_2TP% is studying in _I/>@}M^SdZ#!Ob]/]ch7Ej8MwN{m//yf_f[jw)e&vwLWB8w5]Qy)j+_x6nER$:oitTr3A'LuQN8q0t.Pau$(^DWo1
Qs^RR1f|N?Wf[{fJa7vfobj6wEm7]"&`?{aiJ_bdcZaq[mMgUD<9!t3|D])dCDPI`"/4: is 162 years old, and is Female
Qs^RR1f|N?Wf[{fJa7vfobj6wEm7]"&`?{aiJ_bdcZaq[mMgUD<9!t3|D])dCDPI`"/4: is studying in w=IGXbhqxmiF})v[\;7Z|7[fpFA/"h4I?|USOg!60"d*lOk+00e?m7f[7t
?F]|SqR;DjNUw[ is 48 years old, and is Female
I#?4BehX23@DNO{BGpf']?Y- is 22 years old, and is Male
I#?4BehX23@DNO{BGpf']?Y- is studying in j|qgZi\y5QIj6o24#%Ex{nO}0T$SH"{#Mwo[S_j.t$`i[\
y)x=Z)jo\y136"qx}}/jQJvJvs`)O^^o}YqC2u\.tp6_i5C6]Jn/bqx?_0Z0W]ZRY;v_\Zje!cec\l8'{gxq@>A4>^eRsYS is 17 years old, and is Female
MpU'bx:*v6|^U2*smaT_#V{95oa?<vTn'\m%]!F2"hD*JkFWk13 is 182 years old, and is Female
B''3)3+-h"zQk:vj\WR2Ixv#Ki*KdD_w8K?.v,U0EFTDt" is 98 years old, and is Male
t@`bx^s^67PZ.'2|!)<.OHgZ2o!JN4GIHb^-bZNj}<U#(*G4.?|X;wXg@hMaP{[v`\{jGXzI7/ is 113 years old, and is Male
t@`bx^s^67PZ.'2|!)<.OHgZ2o!JN4GIHb^-bZNj}<U#(*G4.?|X;wXg@hMaP{[v`\{jGXzI7/ is studying in xl+*5oMcU.SFn>=so^l&uyUN@!&c|dl6!"r/8t1g]
AK<t+(C2??,SrF\_pxm(\kjBx&ZR#,m:fnv;0qJlT9;l;;uvj1O^AWm\b%4vf@]mvIZy:W[4!,8Rutc-(?5$bAu&bfU$s2ux is 178 years old, and is Male
RMU])N^i_w%$]{{t!d&lONgWnf=*7a@c6TfdaB7G03f%l_!zLyTs;6*]h0'I is 33 years old, and is Female
>;#:)1>ym7XyA5v0/-S,Ga,HGte'2,:; is 102 years old, and is Female
:rZ@gIm8ff5f6sKDGyH&C5.B@SpbH}Qu)vw2/E(KQ)9ZzkN is 158 years old, and is Female
:rZ@gIm8ff5f6sKDGyH&C5.B@SpbH}Qu)vw2/E(KQ)9ZzkN is studying in b]tN<uf#4XL.g0V2C6xB$r3997/3mRQ;;E0+A%)1hse:6U;<Sl>[i'DCi^;b<oA?JWQTBK&|t6_6&
bqPO+?`JJRiBGl/ is 22 years old, and is Female
ZHPZpq/Ra0IdDCv'@ is 167 years old, and is Female
ZHPZpq/Ra0IdDCv'@ is studying in &_B.K.;Ne0bn6AINm
lK5\KrHC_ is 91 years old, and is Male
