rRnDl&J.d[hrJN0M#:Mse&o/x?nA6}Q*2RjJy-}DlB9)/TN7qllxN!&m,y^w;tf3"DB#`b-)p/7{k?42 is 105 years old, and is Male
6ba,v9&NZ>Y|>+;}YS]LV|Yc)(9C/nDohLKzh)2Wfm"`czH?&X*MFf is 2 years old, and is Female
QaM#f]@wM#8$`:W@Ou7<UE<8yVC09!HldaR_,!1`nnzR)J3bGr:DXJVZ.14sVXV/h|wt04C?xDH4@#/9mSk`s5ITSMFfAK94W] is 51 years old, and is Female
QaM#f]@wM#8$`:W@Ou7<UE<8yVC09!HldaR_,!1`nnzR)J3bGr:DXJVZ.14sVXV/h|wt04C?xDH4@#/9mSk`s5ITSMFfAK94W] is studying in gZSSuCNnz{y(wE`UR\A&;ZkAB+C:nO,"OSp=]CL#
=f]}`ikoxRXXf`ggA,K=SpL0*"#-[UcEw9P8!,_g2]P#8S&)?^O=m1EJ90C2p;}#f>c4voyRUOWbJ2*{o$ is 197 years old, and is Female
V1DF}Nz4H.C_6[zY6NOpo>Me8p|/'X8x;s1j-F}xl|$JGM.zw7Tw'uN;p,*}a$YgK?v#@;Nt*fYU1kEOGT6!29u is 51 years old, and is Male
BW%UFHGXUb5.JxMz*mOV?o.@V>YgK@PEh5zbLf*xM7rK#Wbq3nOaGI is 15 years old, and is Male
UA6Jh_r]_%pq(cawVi<cAr0QVN*<m|>?"|gH'Z/[g-Y|<\8v$y*T is 29 years old, and is Male
r9_Y4 is 55 years old, and is Male
jK;HFl@XX9/[>F-iw5&>^SkPRTB1o"}@Y7aQ}N%!yAdr+|]1:D"13JU="L is 98 years old, and is Female
5r+'3+L&e.XJD_VMQb2W;N]HpPDbYfnJ"*0q|M-O!6pc,vWE!DOaPR4d7tv18Q5EOjGV7' is 56 years old, and is Female
4CiSpPu<M`d\`$0`*g5IovdG>x'!L>o_>}WL]wd<T&S7Q>kY.QD'EdiHHn is 197 years old, and is Female
v1P<d]eB}#W0ibWvhucuL0pB;[sB<`.sF0[+tC7cI@YspH\uVBo>3a/n]O-][|-6,rHiCK<:H is 110 years old, and is Male
v1P<d]eB}#W0ibWvhucuL0pB;[sB<`.sF0[+tC7cI@YspH\uVBo>3a/n]O-][|-6,rHiCK<:H is studying in >({'S"9G|4q2MrQ=$\s
=HMpoIfA\O!yugOkNCuebJvMfT( is 39 years old, and is Female
{]Vp>IG+Y&P)I is 164 years old, and is Female
nO44Y0;E>THI55'N<uD2}BI6:$Ma9@cgmjaUL# is 190 years old, and is Male
nO44Y0;E>THI55'N<uD2}BI6:$Ma9@cgmjaUL# is studying in |4hZG?)4l$<?{|$uA`#$Qw(|/DRt9vum/7[jjV-=kT`6&_lh@+A^.dWUU;b9ydg:[_O?mA?lBTC}&->JB+9z_si[JZ$clF
'P]2_qA{C.w#,}4jH9wU%c(k(9/ereN)Ocg|T?w"2mVz2'C4RM'R6jW[]fKdNl"yRO"*R+u'?Hg"u,L.Hd<<SFm$]xG is 192 years old, and is Female
d*ErA2AHl!t]v-@xt>N-[imd-]n_((}au%YhLFj{zlBc:2gJR#F_O'>X$2q{f<[HV!mi0sQW7fGbKd\b^Cr.?}Q6HY$Y-W$-: is 98 years old, and is Male
[Ku1x*<gM6VQ2D'K=WlfuV9FF$RIXtZ"UmMQm`]kFWpqv}Mrg0S'x-$hV= is 164 years old, and is Female
|.-UfN8Y3FbbrAEKBRbp*LqcVg)$Ja is 126 years old, and is Male
|.-UfN8Y3FbbrAEKBRbp*LqcVg)$Ja is studying in ,o4zs?v1/q^Y._r%9)45^{}0GvR1W!HUq1}UPBK7`C`.
\<Iw>pZ4X/T$RIx^<# is 104 years old, and is Female
\<Iw>pZ4X/T$RIx^<# is studying in 1FW@lDR]-)Y}_Kl'mN()mJOW3OH[OE]1Fm\4V'St?Vv_$@3mH6yS>#3&*U*@Dn^kU2Eg|i?!}
Vbq:$jmTn&Y.]K(U-${.x'.bL-}V"`%r/N!e;)xp}JLg< is 8 years old, and is Female
Cq7{&u_mi9a_<YE4`E+-7rq#Omx>{w`#HJ-i*P[G+w is 52 years old, and is Female
vw'$.<Qx`Jx'<NE13=MC5?a is 164 years old, and is Male
o|&<:Y:QQ4Tyr-<Y[:(]13bPtdnlS03ivR+I is 54 years old, and is Female
FIOd:{V<[b:5\+dw\GNdZU/?>KCR%5(D7.F7^("LjeZV(AsMbw}(],g,}GOMWz?UgA&;QQf8mWURr>Y[WgE;jWEUI`x&"TXyY is 178 years old, and is Female
p,/HrEW5jaS,r$?[PmfB03[L@@r^},XiD>4a8iWb6^f^T}&:ExX`ZRD,)NDf+*YNG{3k<c|-MHp:} is 124 years old, and is Male
p,/HrEW5jaS,r$?[PmfB03[L@@r^},XiD>4a8iWb6^f^T}&:ExX`ZRD,)NDf+*YNG{3k<c|-MHp:} is studying in W9>8tgEgH>C.eFo1<9ylB*tkx2Y=Af2'-bld9jfCr
$=pQn|Tpovl?tPNK]FtLc;`k6@WXMwtxzp*l?s-I,t\ncyH4iL is 172 years old, and is Female
$=pQn|Tpovl?tPNK]FtLc;`k6@WXMwtxzp*l?s-I,t\ncyH4iL is studying in ]-l9n]Lz2Zg.F&,}mt`Pu@NX1?JMY#S.y_(N@&0
%kpQz$)@n@V6;nt`I:%xtBUHCW`U4F\ is 197 years old, and is Female
tc}e>Bi@l#NtczNA`:Qy;G8xn#NyE,^C@ is 122 years old, and is Female
tc}e>Bi@l#NtczNA`:Qy;G8xn#NyE,^C@ is studying in /b=_g[MP+Za`)I9F@?x}Pu3,9}x"PGfl4c8#c/-$Jba6%&>SuI6Y`H;`HrC*'grOT!r1m(dQ}eqJ?0/\
c<S9SG-]`($@RuUxSmN;JM1P+QWX6Z|:x"2Cb]$@;#{MR?sb!a[>/1][{U`'biN@F4 is 118 years old, and is Female
Z\C>bqh"^\l#7ye2exfKq1%}4;)>h]wLLJF?{1MJ\|}2bOuHEv{_kndz-z4bQtm;J/. is 115 years old, and is Female
Z\C>bqh"^\l#7ye2exfKq1%}4;)>h]wLLJF?{1MJ\|}2bOuHEv{_kndz-z4bQtm;J/. is studying in JJ6h;Z+'zRU&T+pF7el/pz?sSf
6Adi6mr>>l@KX.$aSh-CghShV[9D}xB:288\=1eRrAm{IlQEm*K5Eo}B%"0py is 170 years old, and is Male
;cm0T`.',TY[#V is 189 years old, and is Male
;cm0T`.',TY[#V is studying in y{EH9BW/IQ`;kQb=\6SHQ,W^/x4B"1s8"ofB/*gvCA12rfJ"n^a:U@1cjPCJC}NEPx_FXg%gMK!SQa|yhwrtJH
*:N3@t3pmmPd+;D{Fj_w(Ur,0GD.+\g7f5uIe.ic}ny is 104 years old, and is Female
uzk?EjXD^k*k!pCnQKf'h_cN[4qJz is 142 years old, and is Female
uzk?EjXD^k*k!pCnQKf'h_cN[4qJz is studying in emhqCPvQbku@#z0=b{vg`<&gAg)o/my0.`zN}V#wZvzV*7D9uU5dA$'zr<z+'6w3'yPlR=,LtK-'@^!Sh3jYf-k
Jd)2^z.YHIJq[},7>7lzp}^TJHgV;2DX*Ym'LWh2{O#;"43K$YxQ31:l8wj934]n=;IE+x is 102 years old, and is Female
RuSS[l{H?_aPKo][q\tUp;i}9.B'Yq#%VPG0aPRD*g&=jL.GYgu5+JnrZ is 194 years old, and is Female
j9*6%,{RnFJcJ+`|"_\&#Q"<OD^Sx.g3D=R(zk,/R@ks/lh=I>{L!C8JnF#y?=4 is 3 years old, and is Male
?"hNS\67dDikdZJw6O. is 28 years old, and is Male
.?A[GzShubp\:s_ig0St|uG#[Zm\d8Q-?!h#poSOSb'}op9I|L6j17AvxHCTfP./vWRnW'a0qf2A is 181 years old, and is Male
B,RrZ is 170 years old, and is Female
DJ is 80 years old, and is Male
L/\M@xH6#^S$7nhi=)iw'3maw%ZDaKb;u^'/yyA"YvHJZ"!O&UI][?udF.g1"Z-RJmN2wb#XcZ$8. is 69 years old, and is Female
,AJQ7#uTKwl'8|0_$9k6^z5HB is 17 years old, and is Female
,AJQ7#uTKwl'8|0_$9k6^z5HB is studying in 3-.>\n%Ud;}9lpj19T%K(d54R<:@NT=.(=ac<-gSlL/#S(%euZJj^yD<f.
myPI7>cw^94&N,oxjBy.R0\&Qwb/1|/@Ox is 135 years old, and is Female
h`hA7IG*?TcdaYzPal",.l[CxPZfjSN|Xom*!.d_$|+S-Q8c0j:"fr2obe#0Lh{j8QOhq6N?z3/] is 90 years old, and is Male
