&/YFaj#"aiQ3lQ]M?6gv;g<`tGpO_M"7(clN&Gm?]' is 111 years old, and is Female
f0O is 1 years old, and is Male
f0O is studying in ]OLQi\z&@Ynfnr_%\:+X<ckV5nkYkdevx{l*@{@,0>;Wp;MO`/p\gKH}P%9`<"zNuh58nu9}.j-jOb@O{o
+8q#Y;se&_5L5V(s` is 183 years old, and is Female
3.1F/f is 31 years old, and is Male
22{cI;/X}A2uqPxxs%^q{[wDM(3A[yJT-<3t5\oi;_T is 53 years old, and is Female
o&vW03'mv&laIl(:yvz@tJ#hi8l/3y0]E>Y3gWu*}(ro[x-!/IK<e1k+1;}=CV|UbLV(j%cY&7/BtJ+s$?Vt|4 is 136 years old, and is Female
o&vW03'mv&laIl(:yvz@tJ#hi8l/3y0]E>Y3gWu*}(ro[x-!/IK<e1k+1;}=CV|UbLV(j%cY&7/BtJ+s$?Vt|4 is studying in ;|';I+F!4'ScU.iQAMG9!g0'WaUXFa}j|MLq{1'FwMD
g=f)ckA^_jubXM?KK[yaHqQd!g=r6AR!_YAp4XN'+.B"M0x&k)uMMg\,0n]HzBy-7J&z1U?3}T3!,_Gt>)<UZ[S(e is 43 years old, and is Female
g=f)ckA^_jubXM?KK[yaHqQd!g=r6AR!_YAp4XN'+.B"M0x&k)uMMg\,0n]HzBy-7J&z1U?3}T3!,_Gt>)<UZ[S(e is studying in gWR}18{Uvh9oDvKoF!^P$NTb/V+`Rr^cERZWenS
3`q`;0+nyy?d(>%)ydYchz2#}f4%{;vA69jT]1Moe*)S.U8Ka3TGxZV2wz1q^:T:/B*uI+[duPSe3@g,oHWt3=^`/nzmy$ is 150 years old, and is Female
SDseo1[tmVVj%=Zk^O#'&|R!m is 96 years old, and is Female
SDseo1[tmVVj%=Zk^O#'&|R!m is studying in 3o$&'$JT$_EMwQQx_gPvVfR*w26bVGBH
FQv#446Et(F9.fzWt%T#)jaB9UEk|W#_c-,4w3"IiJ'$1Rk0)64KTdliicn=#hV1g}*zwzrS">KT<bcVJv!#y?[ is 100 years old, and is Male
1'!@489g4c5hJx*d/dEu"7O5mt$CIWK2Xtr|7]N[oIt{6iu8 is 156 years old, and is Female
1'!@489g4c5hJx*d/dEu"7O5mt$CIWK2Xtr|7]N[oIt{6iu8 is studying in F/%GV0LjKHGsRdf_}Sv,t*/\$P:KF'iD\4v|vzI*mkie!>{oE;1aVf,,nQn;h:51e6qOg5+)IN4]hM
XUi%^:dF>&4^aB}t"C2Y5x?RR<_;15e)ovKqZLNHwJY&FLc=|<m!``!;$2KFf:od>HRafTj:No is 158 years old, and is Male
XUi%^:dF>&4^aB}t"C2Y5x?RR<_;15e)ovKqZLNHwJY&FLc=|<m!``!;$2KFf:od>HRafTj:No is studying in ^HFJB7c_'J<p[t>}Bbm)qU#YS9Tz4]731)m+jIyt,kn=fxZxi^/ZP]KG$`)UR&r*f\jWb?.+^R(I&zRyC`B_gK\7
n"|]1l%x@YW&v^,tNqZPgS]c,h)+v|QIhqZGf|'RyiH/O`cD50nt0JI.9E6!)#, is 146 years old, and is Male
n"|]1l%x@YW&v^,tNqZPgS]c,h)+v|QIhqZGf|'RyiH/O`cD50nt0JI.9E6!)#, is studying in /'mudfXw-w^-.5G8ax%dsSd1Klctk{[k1@OnclEW
!`*cN=(xb)@YIpo+XXvh>7%6j`q!w?A`&xP8u is 25 years old, and is Male
>(kQFJzfCexF%2|R is 184 years old, and is Female
Xe^4AHhl is 76 years old, and is Female
Xe^4AHhl is studying in }!!`u`g}Zm>O;"7WVMYSp=}W52JFgJo\H8W4lihe3QVyMGifL_
*:G5r=TW32UzaR}sa`z'@8!OJIp[iuJMI7|ct*0*Os3"V* is 160 years old, and is Male
p;:)+(IY$s7mH! is 21 years old, and is Male
n"9Di\Q`U-qHqY.$_HkqO}=Y_s is 157 years old, and is Female
{`lG6=cNB[\T?3<9fcmtF}8[O is 48 years old, and is Male
{`lG6=cNB[\T?3<9fcmtF}8[O is studying in 8@PK$iXJ}cX{$QSR[&mN]D@#f){MSr9MQ
}DT)1m?!3Pq^^#f:;txqK<&JsGuw^y5`GxReUjKJFc85,{,&5Y)T18 is 7 years old, and is Female
>D4N*9P;9$)A.L-4;L'7xdKwkB`SO;m+gk"\V_B|k6$m1)muu=vh is 184 years old, and is Male
>D4N*9P;9$)A.L-4;L'7xdKwkB`SO;m+gk"\V_B|k6$m1)muu=vh is studying in *[&I,|})
f4X:p5@$/VBALVdwG\rYugL)J_NGU#*EXf5;8X+`r!V/^\LC7_Vz#7?WC9d is 67 years old, and is Female
$*2G;#"M{9*B;6w!G3dU+w_PC8<"zBzp=_%sLX<=}ZNc>z?Z$Fs@.a-.S+tOME"et8)OXc{\L is 57 years old, and is Female
U1`k$=v;GL-3"cLR/ is 85 years old, and is Male
U1`k$=v;GL-3"cLR/ is studying in Nb"{DP]d&Y2T/1#YnNFM8v^?NM)*aLD/DF%
.2Be3AWPv=2Io@RemSWa=9nM=r8U is 123 years old, and is Male
.2Be3AWPv=2Io@RemSWa=9nM=r8U is studying in 9$.j00v)xs
r`+OGu">#mdT]@;WO5mWc8jFMUl1dC6$F=Si2i#lXt;} is 177 years old, and is Female
r`+OGu">#mdT]@;WO5mWc8jFMUl1dC6$F=Si2i#lXt;} is studying in MwSn\k%@%D*k}5])rrg+{lM}QtMFUim`yk8idN,xdk
J=j@G)\$yN:s_Hd9] is 132 years old, and is Female
|7_wMsq)d:OoKsdWT*!hRzCG[CV'zGmh{XN]8?Gv-:`GH\xL;#DCc7vL,5l"vym%Z@}''o3#D+$i,T\O]*QdueJ<UOVP= is 25 years old, and is Female
|7_wMsq)d:OoKsdWT*!hRzCG[CV'zGmh{XN]8?Gv-:`GH\xL;#DCc7vL,5l"vym%Z@}''o3#D+$i,T\O]*QdueJ<UOVP= is studying in $LS
ddCzt:^n&\FG2PSx@=9cU:z6iP+_&da is 29 years old, and is Male
ddCzt:^n&\FG2PSx@=9cU:z6iP+_&da is studying in t[J,>QE5lOAQ_<_,3{G"Bj!
PZ6nF^ZT0Bq[G'`o-w@5CnV4v} is 116 years old, and is Female
b}_0ha^cCY is 106 years old, and is Male
R6QV{l#k.I%"62D;pS6B9[5=j=K}@s<M*}56f>(|[6IjZCn@suLk@Vfn)3sriqd0A{??z is 47 years old, and is Female
R6QV{l#k.I%"62D;pS6B9[5=j=K}@s<M*}56f>(|[6IjZCn@suLk@Vfn)3sriqd0A{??z is studying in 20j=l%8kjjZ.M;-![+'.?(<h=;jUlh[T:r-*uE&)z_h*?hpU$Y9(x[^W7HaB.ORndEl:f^+BR*U}G^>'
{UvKfT_>%"jKvPJmh@TrutKH??%%U:-jf&acJWc%C\J;Rk0KO0rX^VJ'U9,.B}'6mgaL;}gzpD*A)'A*+GA2J is 42 years old, and is Female
*aDI"Ic)#dfih;:Ec6dw[UQVG5PK0)zj058s'exV.O}wzL%OEv9|Y921U=Gs>sy'1e@^|4gCP2PyO3S}K:neW#Sf;(&2yGM is 47 years old, and is Female
*aDI"Ic)#dfih;:Ec6dw[UQVG5PK0)zj058s'exV.O}wzL%OEv9|Y921U=Gs>sy'1e@^|4gCP2PyO3S}K:neW#Sf;(&2yGM is studying in NP6??nF}GeVi*Ko^=0lr;/;{!nY[.c@RTJyX!1D|,05WtfZ'aW4uM*c&N
^EW5nAgI?_&SC",+#-_b?4lX/&uwiJjWYbvDo//-^|!uK"'j8TT"PQL==8kF?&k*57;&m\[auz+96 is 97 years old, and is Male
^EW5nAgI?_&SC",+#-_b?4lX/&uwiJjWYbvDo//-^|!uK"'j8TT"PQL==8kF?&k*57;&m\[auz+96 is studying in X/RPaO9O.7{Mv
sTL2)VF3Qai'Ii^8ePAqx3^S+xdpsnWHKs}2myBv\?l5J&`o2WK37P1%[]+51w^\(i96NEGjLaGv9xY;uW\?.OTg<DNL)em is 109 years old, and is Female
sTL2)VF3Qai'Ii^8ePAqx3^S+xdpsnWHKs}2myBv\?l5J&`o2WK37P1%[]+51w^\(i96NEGjLaGv9xY;uW\?.OTg<DNL)em is studying in ?DNnE@v]iL\>;m2nsC;eIfOAe9jWJ[_{}vplI./Ea"$HX[79`dvjmR>6ED;!MI4VV;15,(
Nl0JyLVVzPj7ZTY#+xlI=hZ#S\oZd?.r| is 11 years old, and is Male
C]W0!{S(a#rZ[s+:vy+,(t2yK!J+3O|MzzY5nF(6G6IB$01NYLcv2);'KLAY,/Pi>Yw+nK?y+8I&L1Zjd is 113 years old, and is Female
!bA^D'yuTN#8TFefsH%;<FH/`CF$T_g is 116 years old, and is Female
AMB33Vx0;o)?@JK$@DXh&xyB$=00 is 121 years old, and is Female
AMB33Vx0;o)?@JK$@DXh&xyB$=00 is studying in T5TKthD4LZXL]s:]<b*-Vi^
3J_IT+)h"5w\tWdOBax&hpGm<>D5|-:sV}O4L5-"zet}bK)b#+R5hGr'-euGMpBS;7Cvz9Z[X|d(qAY is 57 years old, and is Male
&MX%@aLcp%N1%x4pu>P:rZ%MQOO3WtWv|Ec0lI:'QrH}2{u|3aYX7|)!NBSR--c_64Jj&B'vOM{?c-=`Ay is 48 years old, and is Male
&MX%@aLcp%N1%x4pu>P:rZ%MQOO3WtWv|Ec0lI:'QrH}2{u|3aYX7|)!NBSR--c_64Jj&B'vOM{?c-=`Ay is studying in fE]{]_wd<6Z`37f\}BCA'-gFSfv*l)vR[ekOn*"X'Rjj(/6
8K?qxK}Ds$t.j(-*cFG2*[<hKuf{{%v9rG!B is 194 years old, and is Male
8K?qxK}Ds$t.j(-*cFG2*[<hKuf{{%v9rG!B is studying in Q(sd[^o,['/LpM"uE/$WkD7@u64?ru']6GuKko)G5n,=M22D
rHSpUFS6%!$52``zDqF\@SNhkB+7o^8d6cD5v[@0iS#ljZ<"Q@)nngx7.,RvYVdS2V<W(Y{"dgTWp_*'7 is 112 years old, and is Female
,1|Q|%:jwrE03TYp}9.!_KEA-yu:%pfu=EA*L-<EU71f"|lZm}"0-bo,7{YRw6)2u%\&HK(xnL+#\b_n[v6``17uMS`Ri47h is 96 years old, and is Male
,1|Q|%:jwrE03TYp}9.!_KEA-yu:%pfu=EA*L-<EU71f"|lZm}"0-bo,7{YRw6)2u%\&HK(xnL+#\b_n[v6``17uMS`Ri47h is studying in <V]cROv>$.z8B:<hAq<zrI=sn*&<`sp1nNoZ!LM;tf#KpyF\a?,.sR(`_,VK](oa@@>1gfira{7]]},E9=vn|QHk
B_r2 is 32 years old, and is Male
B_r2 is studying in J8QzC33m7y`tWVni#b
D_l<y is 135 years old, and is Male
D_l<y is studying in w'hn7(EmYk3'zau08.aMT"(p2z$]^0t7;my'UzI<,Z
EEd|8$'IKjx**7y)u<B]B/CF/SGZfzaH,q)<XO=4s@?}\N!SjOFejJg3H/&<g??Wc@^uAoaE_:fe-mjj^ is 58 years old, and is Male
EEd|8$'IKjx**7y)u<B]B/CF/SGZfzaH,q)<XO=4s@?}\N!SjOFejJg3H/&<g??Wc@^uAoaE_:fe-mjj^ is studying in SO0HyGj9^x`u(o(kzx1qDp"FS8Q2@4/2lq`1Pf$+Q"}E:[mktYB^H@3U7=I
*F^&@_gNMuTY8g<J4p<F?EyCwU'p9NSwe8s=}l=PUeu is 140 years old, and is Male
*F^&@_gNMuTY8g<J4p<F?EyCwU'p9NSwe8s=}l=PUeu is studying in V&ptu{m#q;eLA'VfNf6[FPq_XlEf1M!&,:HQrm#98ra!UDa\%?B?$k4>MgXyOWv<&5iP]SCQ3!{T1'Li:#`
M}wd}I$-.z7wgoY&D[3,?hHy{BDuv3`.qoW6IiGI3VD&+l{[HHpY\# is 3 years old, and is Male
KrAL{YTX5<<u/ is 20 years old, and is Female
KrAL{YTX5<<u/ is studying in +OQ=zz@8?$3
m*c{$n:;]n"]pn*ig!dJe'mF3=mU*!AjL0\gfRGY7Q|!u*V" is 42 years old, and is Male
@n_XK^p."o@HD2<?`v>AkeLlPUQ'L3ya4Q8p*U'%[[)ae7K%oH.@q[&k@aDm[k` is 132 years old, and is Male
H+.?y[lRa[F)CwNw`\Y0d%n\BlvO;%F%;Vb}a8f%Qn`]0-shuNqw is 178 years old, and is Male
)b/b:Cc.o$xK44{$xSz`Y-(:]ra6'?d.f!7)bIZ@/B*/6 is 124 years old, and is Male
)b/b:Cc.o$xK44{$xSz`Y-(:]ra6'?d.f!7)bIZ@/B*/6 is studying in cWzr;{?=E`fIS/R'V`w"p5,Jb{F]{w#5k0>VL[`gXbX-d*Ql$87Rs="^KUD
!VlEaQ#2p.^,a{;6HU8(@-Dl'IhUAkw1wUc:+we#Nt*d6^C7I@3g*f'oy7E@? is 155 years old, and is Male
!VlEaQ#2p.^,a{;6HU8(@-Dl'IhUAkw1wUc:+we#Nt*d6^C7I@3g*f'oy7E@? is studying in sBR"!l_mAJ",|'u2p'f8Ywr=sU_PJ_Y_7[k>+T"X}FB(ei0>sK'`dT4/+ldw/_CxO!O#<{]8s"488J*(*F,=!w8qg,='MgtOFnJY
O]X+{6L5:a1h,5wzX:b6U7)AdN<x`V"ga{p!Kcoy0/9=6\L1o'[+:*ya}@w-^/4<md#-e?z`Ug7SV4!Dw;f:(0yvQI>3/ is 119 years old, and is Male
O]X+{6L5:a1h,5wzX:b6U7)AdN<x`V"ga{p!Kcoy0/9=6\L1o'[+:*ya}@w-^/4<md#-e?z`Ug7SV4!Dw;f:(0yvQI>3/ is studying in Np6Hquhl#,)lG5E8,:y@:A2tIw9D:O3n`+r*dvo_|Wal,gu
EZ`QXuRmj'=6v%-%SU}kJF:Wh;xYT`PiC<s[L[+:-)`53kTU=Xct/<@wPZw1})dd&1|;]`$w9?,`VUJst>:Qi+d].03aDy7%u: is 75 years old, and is Female
gF.>157%qJWN4\_9KPGgvYO"d$+iK}?Wkk5QLqQQ@ON is 85 years old, and is Female
I;7e%,:/<0U3S!s!Q.ki#JSqM6M`VlBjyLAAJx"bL`SdJJ?Qe4)vh]xdOb)NoB]fSgM is 9 years old, and is Male
I;7e%,:/<0U3S!s!Q.ki#JSqM6M`VlBjyLAAJx"bL`SdJJ?Qe4)vh]xdOb)NoB]fSgM is studying in ]"Pj%B&PWI\y][pk>%S;?dZz|W3\y}{fwPoo<]s,Y8baYC2L[X#(Z%Rw/4Mp=$fc2y&r=CPaV6992V.SS!cZc`G4vSa
@{:Z`\=OP@GiFH_OG"/RiKsZhxY is 184 years old, and is Female
@{:Z`\=OP@GiFH_OG"/RiKsZhxY is studying in nc|`\;`ccZWv,]v5Xa4#:z=O4!T#?'AmfPD,GM^{7dn:iQ+T++NjT=Q<J@B5iYuQ*5(XVWX@'G"jNRC;
!x^) is 184 years old, and is Female
vzA)!>9H<W7/-2WDNQhUBOrt"+6w*0]1M5sr@GouPt-gV*&[aIk"G^""Sv'5 is 56 years old, and is Female
vzA)!>9H<W7/-2WDNQhUBOrt"+6w*0]1M5sr@GouPt-gV*&[aIk"G^""Sv'5 is studying in Ln76#VPV$kB3[xG(k$kDa?Ka5y%qE1RY8^DZCDGBEs8N\GxN
DaoYgE' is 140 years old, and is Male
IE4j*K$^DZ0_xc(*xUma<%,,_O)1%E#sZ<XYR5T}s9 is 113 years old, and is Female
IE4j*K$^DZ0_xc(*xUma<%,,_O)1%E#sZ<XYR5T}s9 is studying in ncO-x*Eg#%Yyx8
"y6VB**ZxSI.!S, is 149 years old, and is Female
I"L&fPWb|h%%/AkwB1eBXeI+/$iCGX1dS0j,VP=OKId\-B^xKW-mH?&e is 144 years old, and is Male
I"L&fPWb|h%%/AkwB1eBXeI+/$iCGX1dS0j,VP=OKId\-B^xKW-mH?&e is studying in (!un;fh+3*-4@-0O.ytu(5A9H88/`L{M'7{]wtHPAGX;.=)R9!?{bZj558vS[2d(2gq&]D:vg@l2"yt$pa-&/5rX&@ze%
=#,%F4s/*@.Il*yn-ksW+/vk}i is 146 years old, and is Female
=#,%F4s/*@.Il*yn-ksW+/vk}i is studying in ji4=zQffxKyoidN3daDI#h[7F
(mkVc_Oc(t.#a6uw/3=SXF^<K>p\+!A+Up@sn>L[/dpm%)Oy5\p`ip`q?Q6Fj(4t=n/%[yYT[& is 97 years old, and is Female
(mkVc_Oc(t.#a6uw/3=SXF^<K>p\+!A+Up@sn>L[/dpm%)Oy5\p`ip`q?Q6Fj(4t=n/%[yYT[& is studying in K4fZal0luaEjC[;M1rp>{N^H-reBmfVKt{eV(niXGpTH=Q|=p"IO\4WDI7hL<aQiR*xX%Y!Y/=B#gkG0[15wLZLB!#%V>5U
>u(_nM}HK9WUDd[{s{irc;<pyV&k{)D$+.H<=h'T,QdA8PPrb!MCgwC2fLRGZ"QUy4Qj*:/qH{$AZse`OH] is 5 years old, and is Female
>u(_nM}HK9WUDd[{s{irc;<pyV&k{)D$+.H<=h'T,QdA8PPrb!MCgwC2fLRGZ"QUy4Qj*:/qH{$AZse`OH] is studying in coA+!_6ap7Vy/J+5T=s!9+GCJeW>9W9#_4T284PbbA:H$fT[V-
55L2ve%3XLz[>LQ^]j'}wygSK^9&s`,X&6wc;1dY6 is 94 years old, and is Male
55L2ve%3XLz[>LQ^]j'}wygSK^9&s`,X&6wc;1dY6 is studying in $3sHjpBYqc^?o*HNI^r8("Sc(Ib*a}fqa`JXY
9y>%+hhF23|J,-ax81HP6L%C{4h[R7{*K4amm|8H9Z>c0<V33\1Fq)Xb:*5;VoX-&Vd77pn*g<r""{ is 15 years old, and is Female
9y>%+hhF23|J,-ax81HP6L%C{4h[R7{*K4amm|8H9Z>c0<V33\1Fq)Xb:*5;VoX-&Vd77pn*g<r""{ is studying in t^#T-_m1077)c;GKd&(mNMA&0=%I
I$@[tf"[b>$skgN-<zq4}k/,o5sjHA'@^ROWJsV6Yvg?F=I}nO^Anm`d)ad;.A&)X0S`4;)=NGJ}+ is 123 years old, and is Female
I$@[tf"[b>$skgN-<zq4}k/,o5sjHA'@^ROWJsV6Yvg?F=I}nO^Anm`d)ad;.A&)X0S`4;)=NGJ}+ is studying in %uF3?jUr
oZ]wn_zJO_4a)ci96I7OBB0g[$h%;/v5t2|U`?`%"QS9z0EQ is 93 years old, and is Female
eEr7sR8IT6(;-(^C1!']9 is 80 years old, and is Male
QF|}5q,\3C?]]F4"5$r1LCFZK'pamT(vch,ML4#jA,@#C9>EZ/7K9zzn1+A is 13 years old, and is Female
QF|}5q,\3C?]]F4"5$r1LCFZK'pamT(vch,ML4#jA,@#C9>EZ/7K9zzn1+A is studying in &V,fi+;HA8m>nr0B)S^(lR/kD&]m}]YOKD[NDS:SHvmm:?>?p\yAf3=?I0RQT7X*Sk-(n>!_3/
38",e%KE`}1HJWD{"BU<!bET-,U`*9<8G&<{ZEtn33FSUVhPF@yy is 29 years old, and is Male
2tK2vcc`nt@RQ:XeVAJIr+[PNbrsNZ8}8-A=?pb_<N;P#y*9W6sl^Ri<qnbCL^ep is 188 years old, and is Female
`|Qg"'elEkLS!iE#I`JXh]q5Ka/iuwu6T'ehkTQ{@7azc(KB)|Z]t5d02SB]SCWd;SeV.l%zLd>h:}OaLWwun,%zf@N#H)&c^.]S is 195 years old, and is Female
`|Qg"'elEkLS!iE#I`JXh]q5Ka/iuwu6T'ehkTQ{@7azc(KB)|Z]t5d02SB]SCWd;SeV.l%zLd>h:}OaLWwun,%zf@N#H)&c^.]S is studying in uQ+f1f|ijo}YFCsKT\""et]SgbKJ/o.?5-{OL/?Ox!P=U+V;-,";h\pc9[3)qfd%\PdK{Vw,.Ue
%Cf is 19 years old, and is Female
^a5d^K.o}[XhI#eBl@^CSc[Yk"6"-KW`?)0x.D<#sn07-z9Xx=t*k2L.T#4)#QBP*GVYWu@#:65n is 149 years old, and is Male
^a5d^K.o}[XhI#eBl@^CSc[Yk"6"-KW`?)0x.D<#sn07-z9Xx=t*k2L.T#4)#QBP*GVYWu@#:65n is studying in F}+^#zRvX)&=:#*^!z.3W26kT%V[H(HVjZKprSoDDM=QdNaK_\/oJ4ImNINl_gUvyaYoR^
b(YHQ'q58n&BJ%f$LZe\!8fb:!wN<0hY.MRvCric*bXv'ujRxXE3d-$ is 94 years old, and is Female
b(YHQ'q58n&BJ%f$LZe\!8fb:!wN<0hY.MRvCric*bXv'ujRxXE3d-$ is studying in &CaI$mGL#5}Fj\1D'J*!-)'u>ORQiZ2EMX:5ZA_8T|+aKqY2W2R2ON}zb>[PaD_h_7.I
ARi{J|))/0w*\h.A#8M".>s;Ps+6Dla7VMI`o(Rg{u)_u:<|\6b=H|#`Juh$PFgeRdRznEAcmKm^Hhhz< is 177 years old, and is Male
ARi{J|))/0w*\h.A#8M".>s;Ps+6Dla7VMI`o(Rg{u)_u:<|\6b=H|#`Juh$PFgeRdRznEAcmKm^Hhhz< is studying in y%ru
PeaU=S|2'M5xIkGScVi='4n7``3HrlM3@efE\:d]uM is 139 years old, and is Male
PeaU=S|2'M5xIkGScVi='4n7``3HrlM3@efE\:d]uM is studying in -}039'_LguMn&e\0LC"\Jk5]VCsS5?"kTwBR[WB*Y6b%Mqz)G$fVd
6SW]ex[KF;}ng`w-3`c]cN>WGK`VLC* is 188 years old, and is Female
6SW]ex[KF;}ng`w-3`c]cN>WGK`VLC* is studying in @Qn{PkqT$l`z']+EWSa7[h:>Bj^WNIb/m3,L%n'Z)fNXg$.3BT<^N+C'P$\&:D
eq):T%(}SMn*xW>G.9(4;txU}H`+K{'+u5z.XO&:?xYc5@5@cy-kx\=,b`$nqv?supy0<0`i(f0Ztf is 158 years old, and is Male
X@k<b9=|8Y1WP?@wk@(8K^nWZ")^"S//MjB6^ZbM:@FJ3[q1=& is 5 years old, and is Female
X@k<b9=|8Y1WP?@wk@(8K^nWZ")^"S//MjB6^ZbM:@FJ3[q1=& is studying in -YV$+im^TW,Wm'OI4J2LNv?3BYr<Kx]"r7
x{U'ZyL5(yfMK;FcW_0!*eXTm9U{r5uM=\S>YX.A@6E7'+5u&dd1%sJhkAjj9^%5l"6HEqckpv2+Ad)VN^vS5^HCsudI%6%H1Ae= is 126 years old, and is Female
ZU0gSY&`X!J70/_l^-#TW^=39U\\{7UQ,rkz1kP is 104 years old, and is Female
ZU0gSY&`X!J70/_l^-#TW^=39U\\{7UQ,rkz1kP is studying in +SP7vIF'aM-Rat|)`HF+wS$Y,X1eD'!O%uU1ldWeBuB"E;$?s\$9)^XK]lK-06B{FkJY*<;tTzJ_QF{wu&!-E{i,'4uwJ78*v
?(OWO1vLZC}Ox%pXX.rD8E2Oi@-w[3)SKE76Ccm%*j)S'/uF8Y<fmnJ>jX5z+t3dZle!bFasog+Oedn/|!7Pwotj%t"SL, is 139 years old, and is Female
'F:XbBTg&E@u.X^8%cz;dob@CP8^'?;Mr=G@?wbw[Talk is 154 years old, and is Female
BE<J}Gr{^AuA"?+}hP?6PlS1dv'22x:[C-J(]2xx<7qy is 106 years old, and is Male
q&U@1;^:F14m:!4!*ZKKSc`N<RRm<.DpEC%^M9_k]nI}d.Z\/oEBl( is 197 years old, and is Female
.l}OyrogQS{<dCtFw]'\m$CsGFt;QJ;mmuWXu__j:Tq-v'i=mzlqJpH]pTuW6O)%(XEBFa-m%gB1m9&@C4,pFjie4`Z]{=vh is 58 years old, and is Female
:3efXssNY,T+kf;K6vL#:Flf'"n) is 126 years old, and is Male
