fLO`^!uiIO$;:T'Q0f is 94 years old, and is Male
fLO`^!uiIO$;:T'Q0f is studying in hQSD8(UY^0&{Ut=!_#QKS<-pCRZYTJ(:S{^OeH*v7"((=0iuo>&KP;[:mW*UkDX}
R^ah:Bv!//.jo6*\fNp7VXGGc'Mj/^3/+<AFY'yeD=6FwaPY0RDs:772qxnR}N|ergR is 21 years old, and is Male
R^ah:Bv!//.jo6*\fNp7VXGGc'Mj/^3/+<AFY'yeD=6FwaPY0RDs:772qxnR}N|ergR is studying in AS.$6Q9!|Wlpm7R"-.|zTxJo
Dpw@eKfQ*79nab#a5m%uj\CM;RB"r^DgWX1*jK{w=Itq5_2-n(o'P8bmpcAs^?p(2Rgr"a68A}K@Hx+sHmDaoVDk] is 17 years old, and is Female
Dpw@eKfQ*79nab#a5m%uj\CM;RB"r^DgWX1*jK{w=Itq5_2-n(o'P8bmpcAs^?p(2Rgr"a68A}K@Hx+sHmDaoVDk] is studying in A[&x29^-dQD[\4}W({r-a/"c)+`UofKv$:rtap8wcO`pb5)^bBsiLY;SQcTm2$r:^Bh%"MA`cwRH"uc9*/FeZ'*4JQ|
&|D8nx7(:[J"95B'<>yt.=Uw)/^-eOfFF5RxX2rs1je)DxT0XCPj+mH&-Q'_NSN++Xl0Q'Ienzj3p@{qRZ{S9-#[r]YMJ0^ is 165 years old, and is Male
&|D8nx7(:[J"95B'<>yt.=Uw)/^-eOfFF5RxX2rs1je)DxT0XCPj+mH&-Q'_NSN++Xl0Q'Ienzj3p@{qRZ{S9-#[r]YMJ0^ is studying in H=n|bDh{W4m[{TWQc=WWlhoS.av}Zb1wV)7DJ%13;`T]x/^m3<2rc4"8H:ijJ?f%qm^}b@sGh^oF/uR'*
I'*!WSnxrw#Y>+A/?_Ya1O/-@4rS^1"'3((9Ax.VXs0`#K?OzQ6i*n is 28 years old, and is Male
I'*!WSnxrw#Y>+A/?_Ya1O/-@4rS^1"'3((9Ax.VXs0`#K?OzQ6i*n is studying in !uH!2\25cqcS*<1:#sSr$Gq!H\?8D=[=8[(Z@*Sor-YC?c-QyNbCKF
=@oft is 194 years old, and is Female
=@oft is studying in J3^Kpr&gtO`gpvM
erJzjH2JC@*}<dyFJai;M4u<zq|J4I76{]J-?`;NuiJdWDv&K2I%5vV.}B/ClaR'h2Q7!H:+E< is 82 years old, and is Female
erJzjH2JC@*}<dyFJai;M4u<zq|J4I76{]J-?`;NuiJdWDv&K2I%5vV.}B/ClaR'h2Q7!H:+E< is studying in Hj?&_7DAV;H}:{W3ps?S;0d\Xm>v0WC}_3O<AX*v9c[{;m(/)YoWN(0#6+sNEK`/
h#q?N>dMm=KuzcT4N+Jm#k+/WQYl\}-&Qq$\hZ{9c?)$%^ is 65 years old, and is Female
h#q?N>dMm=KuzcT4N+Jm#k+/WQYl\}-&Qq$\hZ{9c?)$%^ is studying in \@f;r_h:fAa?2p[,[Rx;l_;m!xN`bI+vxAoF/ETXb.RO<E\EHl703ThQH|YLm.O5v{9"wkb);u&[B$|OWd9n:#I
/S#\U0}+SkC>X.zRxM>kGkGs7KC`HSJ}QQ#{__eXd:]\mL9j(1S@9<=G"yl is 119 years old, and is Female
/S#\U0}+SkC>X.zRxM>kGkGs7KC`HSJ}QQ#{__eXd:]\mL9j(1S@9<=G"yl is studying in u$!f1#r5)hu.2w5l%g6e^,)j|cU\5,}Se
WF0+\PG;2jXU is 24 years old, and is Female
WF0+\PG;2jXU is studying in _+}PuTF}{0E{MAK[\+]z[dekOa8srEB8"$_vnt)c:yu-e#WMW@'6XFpI%8;Ak56.g
W%r={e44;&mk<SkIevy6ub*N1{s#`,vo2GM3@fel+HNBJUQaT%@_RHXM?C_:j'=/zI is 146 years old, and is Female
W%r={e44;&mk<SkIevy6ub*N1{s#`,vo2GM3@fel+HNBJUQaT%@_RHXM?C_:j'=/zI is studying in `sZ@k@;9_>W!lvgC;H0";Qpr+f6:lOWy$0Ze$#4p[(#G,'.'Qen5Us\Pb0NKnq\[u<h-N{Q7;c8U%5oT2ye<)F2Da|.kc8
DYCM,@I>A1likG:vqW(dv"*0g{sh7-<||9tU{gVyK!>97)hqS`=g{4m0wV|@eL"oNu39Rc&5=!j;88mn is 185 years old, and is Male
DYCM,@I>A1likG:vqW(dv"*0g{sh7-<||9tU{gVyK!>97)hqS`=g{4m0wV|@eL"oNu39Rc&5=!j;88mn is studying in l:tmol\MBue<Xx,EC[byj++:uAC,^k;B3KqXV?5/|4"^3us
`.>OlC6,1.zz#{p5Iqyq=2bF5;YT^As' is 104 years old, and is Male
