w'T(b,:O is 120 years old, and is Female
5$y51QL>);wTiKgIR2L.y%zXpwy"csqwmnD6Z[Mz2aK!#`*aj2#x?(B8Yv)TG)Gua1lttPk&=A,@XT`au4 is 124 years old, and is Male
Ai^V-y&i5y)tXVD^Ee9g<(j-5A@<WjD@iPqGGpZ%O|J/!pxHnpDn]r. is 143 years old, and is Male
z;K`_DqQ9:K[@^F"RwL`J2iFt1%62e[[jE{92vdd5s`Qk'O_*FH./d$*ef:3c8O@i& is 118 years old, and is Female
/BozIJ+1iR;uBuyN[4 is 150 years old, and is Male
[|+\#ZE<) is 96 years old, and is Female
[|+\#ZE<) is studying in 9n\'/>4T/jtS;XyR4H\SB0bz`DWx%]:;j^_8{b}T'9|KJtStM.\K}Hi,yN+`7xR+!yU+#n%jcS)90
>lE9Jmv0x*C=\`q|P`/:f5&W1V,9/|G/EWv;J-uPL}jNYW@g78$'*$V!r2$KEAc+9zAm3$hUC=Js>u\J{,T8I538-:J\AS=\ is 138 years old, and is Female
#5(m^Xi6e/3?EX`f[L?.dp,L{Z}_6EI#p8oghL}Vrfi$TU/gR]&Z_2/n"NrC)X-_=N2u is 150 years old, and is Male
fgLTbJ)GHKAVIxTr'*bi[Ah!YZh9g^!A/"+)bX5s2>Fq\TWfr)l?E}orz?x4+Z!AxC`]245:<[%IUJ}Z]h{=-JQ><Ba!S is 132 years old, and is Female
-k(4%1h&SAP^"mH1<P*Yx4;:d.6Cj*`u(g2_^aXMSL!smnDOzI/+r$5|6iF`TREc<pVe'_GEIX7]Y7iTa6.%v:p6$!1p^U is 32 years old, and is Male
Hhf>qG3?j:,6z]9jJb&rp&ilskLK)Ada=j%BkYDVb{B(2nwb?w+QN;Wz5ylY13{F^i)=f.xEGll&p'_FHkLkj^8X|4k is 152 years old, and is Male
Hhf>qG3?j:,6z]9jJb&rp&ilskLK)Ada=j%BkYDVb{B(2nwb?w+QN;Wz5ylY13{F^i)=f.xEGll&p'_FHkLkj^8X|4k is studying in &aE$:yYSka0-Z[fOX@KzWV?",Rgzkk6tiCv@]@"NBOr{rG"@}.duyVG}^eLD=%qWFtXep3zEi?_fnLl;i
b[k`fF6%6; is 39 years old, and is Male
IH1O>JIW$LD(B1UGE]=|c}Lb%u5ZP7Y0QVp7'5AG is 136 years old, and is Female
sTMSo2C7:xAcT.@ is 159 years old, and is Male
n{SY.r4]fx/o1*(6:MaOBt?QL`u#<C(Z^g`)]&eU{9l/a{jnd2.KZ#c%d`C9^jf4/p is 140 years old, and is Male
d!(-d is 8 years old, and is Female
[5o)/.3o is 155 years old, and is Female
uO,DnrZ is 179 years old, and is Female
v#!bCyc!|-Hxcd2.D[!1wKb8u:-Znb/9G]uXK(Y{)$;kP7Fsy*(f2?Yw?}BaD>t}lFB(fS0!WJGE7|^z=b5R5#nZLw.%&,Yh is 91 years old, and is Female
In$!v>Je(!M;Z:c/C_Zy"aIuM\4-Guw$;s2GKwqn$].PYB^O`$Dt.yQpu$<! is 102 years old, and is Female
Zyi$-?!QE)tk"1-S9ZGAT(!+\e9aao_sfbE14N8cSafDer8RKpG?pV is 14 years old, and is Female
*$e.Db#[Z#X#G%XaM3Ap-h]86Eh7(Z+qkz5SV%t,%ey`'uX},XxE?dqjQ"CkG`VDZbwlycbO;aH}}::cBisb'GB7dJCKg[? is 88 years old, and is Male
-09@Du8a$HV}Sk"84D<8c&W&6[@|!hZ\<@0%+$AH^+-D.?5LgD9j&3=b\ga^LY[nFHWzAUpFa5K4%p<Jo"]7>TC_JbX(5cDdm is 122 years old, and is Male
qr9eQX,U<G!.xH.(n7bCPC&3?a&d"Y&],Z}GkF+=8VVOAIVY7Z{7vt0vtN`y#BP]8<FhW@Wr_<n\c/.6=UP*'BT}aF,:M>}%C is 75 years old, and is Female
qr9eQX,U<G!.xH.(n7bCPC&3?a&d"Y&],Z}GkF+=8VVOAIVY7Z{7vt0vtN`y#BP]8<FhW@Wr_<n\c/.6=UP*'BT}aF,:M>}%C is studying in >g"(f
b_U*p,($p1H4$Jnv%-4 is 91 years old, and is Female
.X!7gGtvI};E| is 4 years old, and is Female
q<!4}mszSrxIWX%lx%9}e*&<fWD5#{SVo7C9>#i+k^9O.=>}ezP6._V*^T;"*+%J&0IHZGn/0.C;iVW is 20 years old, and is Female
q<!4}mszSrxIWX%lx%9}e*&<fWD5#{SVo7C9>#i+k^9O.=>}ezP6._V*^T;"*+%J&0IHZGn/0.C;iVW is studying in "vPg?@H<?&r;SjIV}$,BtEs;=1E<QfIS4ZAZ|:3jfvQuibo-9)u1#QaWJRC:+]^^?R:
^UiP_N*:T@6D9ERH^D87o08p%bHeJGL7>0uw:,Sh;LVq"2Dq.#'w53D_K:/,StIoSa`[q^^'s^O is 108 years old, and is Male
&)bBQo^8l-(gK;4x7f[y;7rQA\{SSq5tZT+A")BuNqgP#q,mxw+}_2UP.nu{+Mey is 4 years old, and is Male
tFlm}5L:VU;v8<JpEMpj/0uUjp<'Gd3eS?o<ANko5ts7!M'1bdUy^c is 119 years old, and is Female
tFlm}5L:VU;v8<JpEMpj/0uUjp<'Gd3eS?o<ANko5ts7!M'1bdUy^c is studying in u]X?vnF>"3P:G-aC;i*8R+WRYYqNc}%jBmA7OgM2E.@XGpF-<=^R{F'b4<=%e"I3"QHcAg};{3
t]xla+x6]X8v=p is 135 years old, and is Female
V-pz5P8/CW4S$@Bcx:(B-!uKL2uM`Q$'j|!1ZY{7a{e_/O is 103 years old, and is Female
z is 191 years old, and is Male
Q([JRv_x7^Z;l;l:dQ":^<[XwO[*eqU7n<hYRU\-V]|GoF|sIKHkp'%EI}/UO*2>yKV93SYG_sJq#@XRn6FOf#yrc?u^J is 57 years old, and is Male
N)H0zfXEZrCwhp9MA|`4S\`x.@l+2f|LjbbC@j is 167 years old, and is Male
X}g9}d/&6urO`8&/?>!f[D)ErNey,l[)cZ^+'<grcMU{m is 159 years old, and is Male
j:'*0?"/sLx8qD!*tvWwR[SDH{`^\jpwy;8oO&O7Yqe.T9VirV2`H'\2!)#tT}#3 is 178 years old, and is Female
V2:I&B}`@B*Mq`-"'kRk0YFyi is 62 years old, and is Female
aKc6;-7G.pEu8#wXZ((vzj7n*TsU)%E is 131 years old, and is Male
}BxNAE_@-r(G|NI&U-3[ZID!U)/IkQb2uzoz:a$QLMR4;` is 76 years old, and is Male
}BxNAE_@-r(G|NI&U-3[ZID!U)/IkQb2uzoz:a$QLMR4;` is studying in Re-\wD=W%{dORnWL`-![f%O]5t'X_=H|$!-54pA*A^O%^7HfT(8Y[;1}WCNoEKzH|^yI+u)Zw]"#R{zm_;6X3iN%
K6VDl_F#Hg}SQqVWe<w2Js:MV5w'&d|\Rr-alGVQ" is 188 years old, and is Female
}&o3]!SCw(>Haq*pQ)X01&<u*U;$?EP`cI}nq;J4!N<d0xUEY"T2<$8pquvl,<1(rOdy3@B?x{}5cC0e;1rG(GS is 48 years old, and is Male
>_Xy#8=FD*\xC0w.UUtg{|5&8"Rqb2(m$N is 186 years old, and is Female
>6*qE\6LoA>=J*um7^nm2WoMsU0G-1^b"1(b?nM%rl[NkqzP$)f@m9U}BF:y5a*TbLI8,JL_+r+rpP6yd;{fs is 131 years old, and is Female
