wU_5p|Zqhk%z1Wygi:*&@#\WxhE.oC<TDW3kczF>HH,cjTu$SX"+Gb9 is 148 years old, and is Female
wU_5p|Zqhk%z1Wygi:*&@#\WxhE.oC<TDW3kczF>HH,cjTu$SX"+Gb9 is studying in i/
:2v(;8Mfkkf8AOT`=hK,jujCz+b.|d;;#)BmGg7--sND6c0[bDqMsPPn{=Q{Xi[,u.[Z42'NbA?LU"#.{j,uc}x=$@x(d is 149 years old, and is Female
:2v(;8Mfkkf8AOT`=hK,jujCz+b.|d;;#)BmGg7--sND6c0[bDqMsPPn{=Q{Xi[,u.[Z42'NbA?LU"#.{j,uc}x=$@x(d is studying in "Wew\^Zo
4F[[cQ,>9N<4,1.H^{a6^d|)s3Aj&UxN[zjC3R@?qhGEiyeu\+|zJ..PPURqCM is 70 years old, and is Male
4F[[cQ,>9N<4,1.H^{a6^d|)s3Aj&UxN[zjC3R@?qhGEiyeu\+|zJ..PPURqCM is studying in 4N4>AEHwk_R=olpz`3K4%Qds^JG`80L@8#+vLN6*e*SQhZp5-,HkrF`}2|5N_EbXD9wT1pJGTdJ4!;&u
R(PmNAW9+7).t`k:?P.WBgWJhb%}h6+Pt7Iqx6naI")2er0*IRt?a41M0`$psKQ(SC3`R%r[qdbJz&w[|KOX-|'Fx,M?[K2d2ZOs is 132 years old, and is Female
R(PmNAW9+7).t`k:?P.WBgWJhb%}h6+Pt7Iqx6naI")2er0*IRt?a41M0`$psKQ(SC3`R%r[qdbJz&w[|KOX-|'Fx,M?[K2d2ZOs is studying in azv]rW<hL<WCGsN}MuC0o6H*\Da30L\8O*_ka7!#%Kij5I'
Q41T?1X3Y?h8@4A(P%`9YNoS0M-KB+{UMx2r_c-SJ is 68 years old, and is Female
Q41T?1X3Y?h8@4A(P%`9YNoS0M-KB+{UMx2r_c-SJ is studying in J6s{e}Ji4CBZ|psH2,rvVdQ*3=C=R4b`T93e$.)4He.k\=|=vskkXg]XbYh1]&t5<Z$5f/8H
rasqvn.3a9(oD!X%lKL9iX/&P3U*cG!X+X<f&klx is 150 years old, and is Female
rasqvn.3a9(oD!X%lKL9iX/&P3U*cG!X+X<f&klx is studying in h:|IZ*ydwlj>*b^wuCg,"q+-LKC{?:bh\x+2kF&T>7r@&e8Zi{S:'lA;Y218QT4^$etV|s7FtF*8GSvsai#]@
IdS[:H/tWcN:6LKp+x:Yl:tH.d2MO@?lP"NZm\a6<2=mMx4kmikypqRhJWlF:A@%6i2J6$/{6$Y{&/|A&|/@uA+LF=`eW is 47 years old, and is Male
IdS[:H/tWcN:6LKp+x:Yl:tH.d2MO@?lP"NZm\a6<2=mMx4kmikypqRhJWlF:A@%6i2J6$/{6$Y{&/|A&|/@uA+LF=`eW is studying in @N#+7(|Dr*P]^6n0}}zI9FL/"9GaD;B;&!)e3MXN'Y[v{B^PDKsT)QR
7E$Uh0uQ)'?NYHO&5-gs`2VtRhf[%;Za'QlTS| is 115 years old, and is Female
7E$Uh0uQ)'?NYHO&5-gs`2VtRhf[%;Za'QlTS| is studying in Q17-xOlDu@>-+)3(ox5L%R"$Qao$6)Wty%g\=}1P@o5Nj3UMO[z-"Z(166ow'C
oL.0BB-8${Wy1S7x6_!GkM4;VF>{XR|r?mS`orje{;-qA@;$pA3{ is 110 years old, and is Male
oL.0BB-8${Wy1S7x6_!GkM4;VF>{XR|r?mS`orje{;-qA@;$pA3{ is studying in JiL>xI5/V?Nmv-fz|h(6bIX6VUjd%Kc+)aU!@.h)p#CR4Y
n-H^Y1S is 116 years old, and is Female
n-H^Y1S is studying in 5m\(V/7}m^WmY[?goxLBr+$O4t;9C54U8k.oAZ
SjQK[V;,X!$j((ou/VuqN.$k$&<e1Gmk1SbGO_xj/KfJXQu!OxQ\OOSZ<];@tVhv.,"MhO{' is 51 years old, and is Male
SjQK[V;,X!$j((ou/VuqN.$k$&<e1Gmk1SbGO_xj/KfJXQu!OxQ\OOSZ<];@tVhv.,"MhO{' is studying in yo
t2:@>$."[w+eWckIpt5]=5qi{WjpeSENF,_%}o0Kkyg'Y]>, is 126 years old, and is Female
t2:@>$."[w+eWckIpt5]=5qi{WjpeSENF,_%}o0Kkyg'Y]>, is studying in T}2/[bQQiZIbS3gVzi(yE?l"Hh^K6'a%sm|-]AT_'WM,us$w8kcjj!y/v02ROHl#:i}-p*t3,jE4
?f!^D[t3ku8YYlp&7k.P%nyxh_753nUku1df57')q9+F#:8vj4VQ<(^ is 21 years old, and is Female
?f!^D[t3ku8YYlp&7k.P%nyxh_753nUku1df57')q9+F#:8vj4VQ<(^ is studying in *6@&:9(qBEuq]k3|`T}HyV/(h8,*KTcGdk?)'q
itzPbgo22`C*A`n;\TgsZ;b@06\ip2^U1]<HYD_ZR1xGLa$#a`-ESFXHcJcPd$|!n#lojcR5iWjPi($hE|`>EZn`a6k#O3x_ is 34 years old, and is Female
itzPbgo22`C*A`n;\TgsZ;b@06\ip2^U1]<HYD_ZR1xGLa$#a`-ESFXHcJcPd$|!n#lojcR5iWjPi($hE|`>EZn`a6k#O3x_ is studying in !=)C01;8\+mjLa2{DAEZhAz]*@?qQ6Q[OuI}X%VIWee[|`Y=B,z|A@%hVUO6Do#t6;W_Fub?+r^)U(]a`1e+GE=2
1cve,wSKF6lG@>B--{[w^y!|V#vkoX|"W6/]N7dPqkrU<;Q0rvu5>"k1J1Qr+)Lq`OcZgo?ToRC"#a2{7_3Ofbn-S is 18 years old, and is Female
1cve,wSKF6lG@>B--{[w^y!|V#vkoX|"W6/]N7dPqkrU<;Q0rvu5>"k1J1Qr+)Lq`OcZgo?ToRC"#a2{7_3Ofbn-S is studying in Tqis,H'*a1,VwJ7cX+`KkO:[_sv.DdI5M60<&mP9}l|ET7]\NV3$(qc`1;rp){[GdTOPzR\UEV[y;cL8X(JCDm\:O56oLzQ;i7d1
|Vyq=`W$`&}%!tL{fF@LIFhQ)H^sKy"n@6F_qJ9P4sebpdzrFqKS"cEa0[|6TURCk|ld(HrL5W@]8j[go+#(JGF_2C$UlJK|YZBm is 36 years old, and is Male
|Vyq=`W$`&}%!tL{fF@LIFhQ)H^sKy"n@6F_qJ9P4sebpdzrFqKS"cEa0[|6TURCk|ld(HrL5W@]8j[go+#(JGF_2C$UlJK|YZBm is studying in YER"8F1j6B%LmZU-{,Bg7]xgvf"!;!*E"BP$X0Sm$ro9duI0@5b+"Tv`qie2%4Ur!S2VYt&oniayRV3S>
\xG#K_b[lO$>3g9>O,K!SJS}O.}rHMel;PZ is 97 years old, and is Male
\xG#K_b[lO$>3g9>O,K!SJS}O.}rHMel;PZ is studying in O#N[(6`NCoY47kSrgC:zpVQsCLg5a*76J:y%yi.`@jumJ_B-&XY4\#3cywKI\p()(*A^mKFJKznWyD:x!9rn+PISnZd!
X<GVM)jD7O$eCnod>-Ju>$(IpRCODccE!*Uij[?}B1g::}WiP7eVA6/HB?nrmC5R}Ogt|xmsXBjnvP&w[xu;A$Sy^IO is 195 years old, and is Male
X<GVM)jD7O$eCnod>-Ju>$(IpRCODccE!*Uij[?}B1g::}WiP7eVA6/HB?nrmC5R}Ogt|xmsXBjnvP&w[xu;A$Sy^IO is studying in [8jvl}rj_WfbBxX7EH6sqZE42[
0O02SL>`x30I-dvIc[Lv[(fnU/-+jqAaJfSz)KN is 25 years old, and is Female
0O02SL>`x30I-dvIc[Lv[(fnU/-+jqAaJfSz)KN is studying in T}L${}R8:02F
{_t-".xW6fWdb@R,G9g.,wU! is 3 years old, and is Female
{_t-".xW6fWdb@R,G9g.,wU! is studying in Ux:p0kkt1&F,AP?iE6m&K%_MX)>/=@g2-y$>)7snUpJ;.UI3bj9rEi7K1iqUd3U+mmuFd,O^(J
fV-6SLFYX%lFIbwzw8P<+?'BSEQ5|cNkGX|Uh;DR9"ILp?FZITpH2f@YW>??6QD<czy5WjXw is 62 years old, and is Female
fV-6SLFYX%lFIbwzw8P<+?'BSEQ5|cNkGX|Uh;DR9"ILp?FZITpH2f@YW>??6QD<czy5WjXw is studying in \[_X)q{|;bY<OP>X8355IgV8B3PhO<i4z@Bs{v4:Os?vu*.oyJ
Ojzg:i0+BZ3 is 139 years old, and is Female
Ojzg:i0+BZ3 is studying in o\XzH3M(w_Qrpj5P\xzN4i#nM+6^iYjQ
E+a}H656YrTBeZ$S0xWYgsnnMjC0atJ$'->TS}.I%:1*t9[70&`B{sjZ0Uywn7*-1TE>u}}cOA?-xfL4B is 93 years old, and is Female
E+a}H656YrTBeZ$S0xWYgsnnMjC0atJ$'->TS}.I%:1*t9[70&`B{sjZ0Uywn7*-1TE>u}}cOA?-xfL4B is studying in l*/:-5%p6r#fh'B>5.e_4_JNoN;,b=^IUQ;XvvrIIHmJmB`3,f&A&|K>y]H8Sybl|&JMwJ}*dA`?CS7,SF.|faw@+/V]Bk@C
]xR9xn2F-[0{qfKc>Cz7*Eh2-2kwV&q=b is 47 years old, and is Male
]xR9xn2F-[0{qfKc>Cz7*Eh2-2kwV&q=b is studying in }iTP/l**xoHVq<57UWKkfQ3Tji2:Sk-Zd9!*4(!JzAG38acdNB{bO\/zfRtB,6qLx#o-5=`^77f?K[x+htNkD.HLy;g`.;0pd;oY
TS/0%9l0NInbyMU@yq9c{pHxcRd}Z!;rI6Ocz]e0=s:":@CMWl+WY%O\om3SjWd56xl8-lW&4nAtz is 134 years old, and is Male
TS/0%9l0NInbyMU@yq9c{pHxcRd}Z!;rI6Ocz]e0=s:":@CMWl+WY%O\om3SjWd56xl8-lW&4nAtz is studying in 6R$dDMcK
:]^PAn%Ny|iKD#/SUb"a|O8uq!kx`WG:)^2Q+lHa7NcS9JC)T!2L(`v<Em5;X/F, is 187 years old, and is Female
:]^PAn%Ny|iKD#/SUb"a|O8uq!kx`WG:)^2Q+lHa7NcS9JC)T!2L(`v<Em5;X/F, is studying in 5O4fa\gFhK==}(UXHZ2Br=[[50W+Lnzd(5
>m`LgNE\`|.X4`@<q2srf,($pfNET`][FFhrr;YeV4`_ is 97 years old, and is Female
>m`LgNE\`|.X4`@<q2srf,($pfNET`][FFhrr;YeV4`_ is studying in m|ri`.Wz1Un7=4|DH7/]HGQdvuW?aTeH"GZT50u}dF(U%iFi(9oiiJ),bwWe:,xf"
3ud34|X>>C6!jzCz+Yfhp7-v9Yo is 73 years old, and is Female
