<Ur[J<Ugxj>0b!fItc'==p5460fq*n),q%k#/v|qmZ^9RC|C$sCYouIKh_FVpVhyEdlMGkzgE is 18 years old, and is Male
<Ur[J<Ugxj>0b!fItc'==p5460fq*n),q%k#/v|qmZ^9RC|C$sCYouIKh_FVpVhyEdlMGkzgE is studying in _nZ{>WL/Qf}(*n-s(,2c\wm9R[5@UE-D>)ZT88
gz-s:[>p2*03}Bc[8p?SB5.+VPV3ezA is 125 years old, and is Female
gz-s:[>p2*03}Bc[8p?SB5.+VPV3ezA is studying in +*{oqKA)Ouz[a:w[tuIj7T0b}F"(a=#T/zJ|/)OJmbg[\%:{d16}=0t&"-
VG5L1%?:028T=si$.T1XGL93Fxh\C":UTzCp-]!ugg,7XK7!kQLfKCk-jbk@)4bL is 130 years old, and is Female
bQ)^ic*- is 51 years old, and is Male
YT0#y]x,7KC'$sLk4%!_DT,*\TVKEXs05(a4osXe7*h+u{lzMQ?B'n+*}yzj90[c\Jj7:'Kb is 130 years old, and is Male
YT0#y]x,7KC'$sLk4%!_DT,*\TVKEXs05(a4osXe7*h+u{lzMQ?B'n+*}yzj90[c\Jj7:'Kb is studying in O[a?@|Srw2KjZbzu{Kr(%lc3vZr"^slXJ}`]-[OPZc6*EL*o'<GZ3gc?[Xr?
X)<\0s@Ka is 34 years old, and is Female
X)<\0s@Ka is studying in jt?Y)*J-LMYI'O{X=3j<a#YAgG8mxFzGj`__3mf^-}i
h#sHlav{=Y/!)FF.FLKG9ph,lnh3u:"|2yyrz3Zmc<a#/gE_?l2R[D6+F)<a[R>%(DUMau0?aJ*&xq?Ls{Ug=U,"1iTw[ is 142 years old, and is Male
h#sHlav{=Y/!)FF.FLKG9ph,lnh3u:"|2yyrz3Zmc<a#/gE_?l2R[D6+F)<a[R>%(DUMau0?aJ*&xq?Ls{Ug=U,"1iTw[ is studying in [C+1A8@`P8PN(-m(rK/eUgrR;;eh<7/2IAjD+HlR80/|@*S0orT)cRFOzeDKNUHFAGyn!x{Wf)ASQmvs1:#GFUP:bH2wt_a{z
$LNgjiux#WunyMM@FO*$X7mCopeBC0[tWk%W!K.le)eR` is 65 years old, and is Male
$LNgjiux#WunyMM@FO*$X7mCopeBC0[tWk%W!K.le)eR` is studying in x?5BNS0FE3NV9j9c%Z5bh8S.zU&?]Zrm`%bkz1y!,u
o<C}]T|\]k/cG-uk++%Q\0lH;NjC8zjWMke?qz55qHK7nv8`<';ig\-MTD:-@U1.\NhBh4*#hTPNk){gv+"566nk6euyzN["5V6# is 76 years old, and is Female
$ff`S6[+>=f|W>$HAy3o|3Z`8Mxo:>1][(umNJWdJ<[Vb$d.kj is 41 years old, and is Male
$ff`S6[+>=f|W>$HAy3o|3Z`8Mxo:>1][(umNJWdJ<[Vb$d.kj is studying in .{^'bN!-4>qcA&jd#21CR`)qv@56$4rETeiDm}O(pJ0R(?!C}Y=+KF=d1A;YX_1B`HQPlx"1}md=':FW]l82UN6#MI<9xO0FxQTZ
t'a is 109 years old, and is Female
gQH4B`Mh[F%{'NYc{ is 199 years old, and is Female
gQH4B`Mh[F%{'NYc{ is studying in }Ofv3\(yAR_K*V-gBFp7jcBa]W/
ur8HL&KVVG1pL#O+*w283H$^*hl\`&m8U is 146 years old, and is Female
31;0"/p^8)YZB2PCX/:D*VR3O(nHWZ_I6{}<G9,|,EJ\TCHMr/eIzHY7eD;TJ_:] is 67 years old, and is Male
F-/c\p,\C%{qZP*[oGfP0W;azcmSyp`lA34]8g>LjK/[!Cf+uO is 136 years old, and is Female
