e"x]`ol1Yo(JL<WjI,A@qm-e(jk*}W6</3(Q/4"Y^:e=zl:+G<d)QrS-&n@v<[v-=)=w is 129 years old, and is Female
Rx-ak+IvkMR[&!Pu8xa-UQ<8LC=QWk]]'*S+{P>C[C]1;MTqw5'Q-y[4?lBU is 181 years old, and is Male
Rx-ak+IvkMR[&!Pu8xa-UQ<8LC=QWk]]'*S+{P>C[C]1;MTqw5'Q-y[4?lBU is studying in :(|v5GOb_0{M2G}s/tuu4f'=5{5GskNR/Ne7=lqvZ05Gp]])3N\3KP@Kc?CX|:/_':+Uy
!*.Gj2[:?ahNn5wK^$|D(5sQ7'EO^6Vx? is 21 years old, and is Female
!*.Gj2[:?ahNn5wK^$|D(5sQ7'EO^6Vx? is studying in OG!kZ(<zb^o?:c3STG4R0Em.-Jx
C#j.>f@ is 102 years old, and is Male
C#j.>f@ is studying in "%H-MWIo=iy86b"'636=o#/SmGk
uIMR]VB/.hwQM{[nsOnr<(-Blus}MK{pWol"*K'C-7zMe^O%vO,:2g\?)'Z`RAyI;3<b is 102 years old, and is Male
}#|};m4L@xZiXJ$\B"1\`^KZmC$,``"cGl'U_-K2FGQ$ztcX\FpR@4+fj16VBK)9UUM5"8P?E@z1z0ep<Y`. is 77 years old, and is Male
}#|};m4L@xZiXJ$\B"1\`^KZmC$,``"cGl'U_-K2FGQ$ztcX\FpR@4+fj16VBK)9UUM5"8P?E@z1z0ep<Y`. is studying in 268\68$qz]
Z%Lf[Hm}z\98\c?zxG*MZdVYBg@)`51Iv"V!%0NDS(Gv\}@>J%*](,w{Bt2_Ab&`7WkOB9,+@%B`D_8m)>l>[Z@V\_zR"dM3X is 189 years old, and is Female
Z%Lf[Hm}z\98\c?zxG*MZdVYBg@)`51Iv"V!%0NDS(Gv\}@>J%*](,w{Bt2_Ab&`7WkOB9,+@%B`D_8m)>l>[Z@V\_zR"dM3X is studying in "dZj3F"'M61?`Qx7Vxb#ur$[hdyQN'LNF
T-"_yj591VNaGjBidRu;azMdjeqHTv+!\6)Eh-f<NO>vtF*;:dG*cY+.&/dC:yRTsb<,LZ2lgt|Ly%^F4iK(pWnnXzM>Y`y@& is 167 years old, and is Male
T-"_yj591VNaGjBidRu;azMdjeqHTv+!\6)Eh-f<NO>vtF*;:dG*cY+.&/dC:yRTsb<,LZ2lgt|Ly%^F4iK(pWnnXzM>Y`y@& is studying in f\{f50^*'.ygOX=6HJJ@d9Si&Xdh5u{_rwyDuc6}dG2QM$6
%S570$aSzD)6EP&kYfJ+CsL;1@v(/-d<!;_$<)qb:'<QtD*S"?@! is 78 years old, and is Female
+Ugh is 152 years old, and is Female
+Ugh is studying in -/tC{k>9EV{G}/`m<G;bonoMo,D
V9kQ1sWm06 is 61 years old, and is Male
V9kQ1sWm06 is studying in 89)]sDwprI6Rj7TCrL}f(,^ite@_s?u\so|I.x{vnvYnXOC?t=c"vH},%M{5dDH8N
&9(TJ(/fcdNp5(22l9uGY6p,v|gqIW8z!tm!Yf= is 183 years old, and is Male
&9(TJ(/fcdNp5(22l9uGY6p,v|gqIW8z!tm!Yf= is studying in |Hc1LHx_?m$z4!]=C5O>XlH2s7=A1x3
w@B;yL6W,Mt{)w`^bM'U is 193 years old, and is Male
w@B;yL6W,Mt{)w`^bM'U is studying in [}naJu{fcf1"jtJRE/HB*"N<LAb5w0F[![{9yUSB|r<
YP$9;*K"$*5\X8'AHsyvOY}A0Q]u6m/D is 39 years old, and is Male
p2hS21ya3-.Q>kViz'I']T'ok;"PW:LNhA{jZ/D is 183 years old, and is Male
