AZ,'urz*UeX)!yiFG/`i=/lo,wS(TxdC2me8]:DnT_IVAh-M.${B(Jy/d2XV>njNS`C0Abi<}n is 68 years old, and is Male
'E955ZQgksSMLn$a=.KrU6gXL#M.5R.|Il|hw+hq'1N1@XCg{0k_,Co[,4ajv(4)`.RG|K=yqjyKaD is 51 years old, and is Female
+l^uMBUzs)%0.`*pH_JM!BUe`!GW^;Q:}OLj),y_)fV'k-.nV/Nyjyn_BC is 53 years old, and is Female
-q%{$l5*+ju;mB'7TH&Bnx6)a|L]j4+%?dC#!'G_B\:p$#2j*HUM[;se is 199 years old, and is Male
![^lB8V+Iq;[YX$A`x}>/XiwWak\c<0pxg"dwx^<YzySjl6MMvLss+VI%AoGS4)x57zDI1q> is 176 years old, and is Male
![^lB8V+Iq;[YX$A`x}>/XiwWak\c<0pxg"dwx^<YzySjl6MMvLss+VI%AoGS4)x57zDI1q> is studying in Flfy%d/Ue5vwCC![_="IW,m]Rsx+$6`vQcPFKZ@@0"n,Ah])l90|u_Vx:#$NGn*&oTsH
?Su.6f-_]xJR!C4:uM=#*.9j['r,c`5;i9:7Vx_Bz&CT);E|TXY2N-ZBvXjjwLfxzWSYxH(`@v*9"UmQ}d:"{?uTXY[WaHLKI,qP is 151 years old, and is Female
Zy1Wxrz;Kb is 53 years old, and is Male
Zy1Wxrz;Kb is studying in B:O_z\[6YGtL/UE*u
`;,|1wt[5V4+{iJ(*E4%=v4u.1WQ|x<s2w{gP1XH\.- is 166 years old, and is Male
$.s[m0f6;*2\&=+*GB60i[hiQ$m/JAH8VLJh9Ug>]mb/BG9zJ"yjrp6UK4O(S4?KNB is 130 years old, and is Female
$.s[m0f6;*2\&=+*GB60i[hiQ$m/JAH8VLJh9Ug>]mb/BG9zJ"yjrp6UK4O(S4?KNB is studying in >n1\>y(O^j@"GiUr8}(44zcJ\V.FQqg:xo1%d3Gtb)xC.N!Le&(KsggP<5M5CpO=iaKLpSy2iIHkt{][k4DLiaq|$x'_PVswseB
=gkUeEt=B is 194 years old, and is Female
416=83Z*7.&.hhbb11Q is 140 years old, and is Female
vg-IBYY,BtHJB//7;-U.-j})[i9 is 173 years old, and is Female
_<aw1_f0fb:x{_m>S0sj\1TV+KiMYpK7,J}r+-1q&>Tv!fQrr%Byi@!lfziz'9hC5`!8S,?RtmMVyES64{C8aXzS6B<.gx?`+# is 117 years old, and is Female
_<aw1_f0fb:x{_m>S0sj\1TV+KiMYpK7,J}r+-1q&>Tv!fQrr%Byi@!lfziz'9hC5`!8S,?RtmMVyES64{C8aXzS6B<.gx?`+# is studying in >$FVWrP$"q/5*u:78|PUwKI9z]*nX=k
E$Z3\LlBV|0WCK\P{Ciw%7HZ#G!egX;nU*qSqS+DpV[S?{sk<[PJyM^WEu[Y<Taf\'V':7'#4} is 167 years old, and is Male
E$Z3\LlBV|0WCK\P{Ciw%7HZ#G!egX;nU*qSqS+DpV[S?{sk<[PJyM^WEu[Y<Taf\'V':7'#4} is studying in QO44us^j{,M-]4?Qt"O:wl3=2==I*0%1N}q
PQDGdVwAdtv$wS#X+$3;;+9br`9&"AKH2$|$<]zQPbz#1#Q7`1t3WK.@Ms:XP}*H}Gpd^*M:K)a,c_U|xE(6B1W* is 200 years old, and is Male
PQDGdVwAdtv$wS#X+$3;;+9br`9&"AKH2$|$<]zQPbz#1#Q7`1t3WK.@Ms:XP}*H}Gpd^*M:K)a,c_U|xE(6B1W* is studying in rTFg=F{'wy=E<$/=:
}}W>K,:E!%%8EGwG<_>AYbeb3qwgOnG;zyCCCc`L|oJ is 74 years old, and is Male
}}W>K,:E!%%8EGwG<_>AYbeb3qwgOnG;zyCCCc`L|oJ is studying in k%Kqm2ata
"M=G;SebJt:__1DDhp+j{eVh{OrR>yu|}>2|8Q:F&&HNccZy@-+n#i"%;zK%e0:w8'(&?WCy?9VlRWEy$j5,|S# is 33 years old, and is Male
"M=G;SebJt:__1DDhp+j{eVh{OrR>yu|}>2|8Q:F&&HNccZy@-+n#i"%;zK%e0:w8'(&?WCy?9VlRWEy$j5,|S# is studying in H
6S{A1y\p*3|XHg'LcRjQ5d!3X`Vpo=h#`$I:UZ<<NP^4JTUn/EP"kiV>3"iA*IJvE[.TuHwtG;c^UV>3j_"C3"S6qWP is 109 years old, and is Female
K1V:K&xg4Jg{?66a)u\ixHYhIaD[-+Wr{w@"0_ELbWtY+HK3Ws0>KYbGi:&.7_[G'Gg%il is 129 years old, and is Female
K1V:K&xg4Jg{?66a)u\ixHYhIaD[-+Wr{w@"0_ELbWtY+HK3Ws0>KYbGi:&.7_[G'Gg%il is studying in ^"f4JH:'TKZH8d?/VikU
H)W"jec^F*z,L+gm]C?!b"[7x2%Z&F:!k0&qO+p$@8}ioT@Z;7Vl6|pH?R<UkjwofQ|ZuGxB#-V6VVim+'/2 is 117 years old, and is Male
!6Gm"{MM7"QaI8"8JYwQ/^a1w!(j",}U1+5^/ is 3 years old, and is Female
n;0WbT/VsQcliHBI7^.XfV%<d7m1=qBNh3[#6&+y3e(D|mN^5p"!'u0oC.Cb_,NhN|su^!dJ55 is 108 years old, and is Female
w-Lgcni;vJg=^kv(:Ap0!*nmKwA@1Y>.J*>[qbz4Pd5gjz{e,n is 69 years old, and is Male
w-Lgcni;vJg=^kv(:Ap0!*nmKwA@1Y>.J*>[qbz4Pd5gjz{e,n is studying in IjJ2Mp9?UB'Q4z(&h:J$>.eD-YN!V++9".ntb)/E`l<SSYu8dE
%_G^/DVjnn4}=K-l0>FHbu5lC7"/"szUo-v/wo+PEo]Rugm?ovAI>Zu(1]YU is 91 years old, and is Male
,E_L;AdN?SOP37c is 60 years old, and is Female
,E_L;AdN?SOP37c is studying in %u9>[^#""&
ER6Oc1?JuSl@F95W\vGcnv)0nA0kwl,6rm,|7@!KaMC0^k#}T9sX1UX^dHWkK,d`\Ln=4K/Y&Mel+jQTJ-jUD^@K[Ckpm*% is 97 years old, and is Female
ER6Oc1?JuSl@F95W\vGcnv)0nA0kwl,6rm,|7@!KaMC0^k#}T9sX1UX^dHWkK,d`\Ln=4K/Y&Mel+jQTJ-jUD^@K[Ckpm*% is studying in ](K-qWb""'PjNJDy"HmFZ@r!)I4ifHRw}5&A,ks-{Id\=HLn$^Lnct\<Blv8'z_?t)Vv_8n/rl9"E&VW|9rhq2ZGv
R<w<)$<P]7FdQoK_bdp*-[\DLpj*F1DfnG22c.zkdvX@sXV0rwXHz@48K is 177 years old, and is Female
R<w<)$<P]7FdQoK_bdp*-[\DLpj*F1DfnG22c.zkdvX@sXV0rwXHz@48K is studying in 0dY4;W{eXDI%/{e@pCR
LfXxcJmR)/{(loi%ZEHV1&8!rPu$`6I&:{MCmBf*!iVFqwH is 194 years old, and is Male
LfXxcJmR)/{(loi%ZEHV1&8!rPu$`6I&:{MCmBf*!iVFqwH is studying in 37Y2*
Vpx+2gy?-gIm`zvHJ!Y0St[5HHz3cb7e_Yz-bqU=@JUps9-<`Z3\KeH5**Dd{;9>GP&2.C_PrK<"+R+ is 188 years old, and is Female
Vpx+2gy?-gIm`zvHJ!Y0St[5HHz3cb7e_Yz-bqU=@JUps9-<`Z3\KeH5**Dd{;9>GP&2.C_PrK<"+R+ is studying in ]YcXpdlt
"yA3D/]C'L72gd4^GM5^IYHhx5c^BzQFc\}xEiL{x$Adm^[:0l]-9Rs*#dY^wDpEV8i_ow@D is 34 years old, and is Female
:[U78O:<?vfIaES8*:=eJ7,b?Ad1AJVG{(8g[#YkEL>W!3`YExetWy@[O-Nd-Ql(<#@Igfs^-D*1#{.z_&e6:&Q@=fJAe! is 4 years old, and is Female
HHjK03Ndb5',g)m)|bFUz%/wdq[3Y$btL"X\+d)|UQ+(5a>p^v44 is 114 years old, and is Male
HHjK03Ndb5',g)m)|bFUz%/wdq[3Y$btL"X\+d)|UQ+(5a>p^v44 is studying in ^xC1rO6mU2nUN!Utip6:"y=.Q#0\w_"/pH9N#PB&])q!C(AG_Perpz6[w(ecyu>AIu;ik0_|4g}X_Q
N);PT]RWu+hU[HkgK-u9w&+@q<]@e|sw$y:LDI$oSX+AQ9IwC=u'/szxz!Z2M94<A(L* is 19 years old, and is Female
N);PT]RWu+hU[HkgK-u9w&+@q<]@e|sw$y:LDI$oSX+AQ9IwC=u'/szxz!Z2M94<A(L* is studying in 6[z'Z1@;5MsKPa&EZ)r;_Q9g'MA-h|3R!d_DFwc$m7/dNpSze77XKKAE{gau.|BI
siCLc{If7m0'5EE]-{u2w6Z7o6yeqJ is 49 years old, and is Female
`*a4|DW=G%QCy}br'E:#+e;Vo_AKWdUy#YF]sj9oi,9?p)G9W}FzpJz(KQ3L^v0mzma is 40 years old, and is Male
`*a4|DW=G%QCy}br'E:#+e;Vo_AKWdUy#YF]sj9oi,9?p)G9W}FzpJz(KQ3L^v0mzma is studying in {VN:Gv[KRA}FJ7k"PR!@:${(&T:@\K0V\$,DG
L@)$BX'VDbc&BG`@G]+TR@{p%D4KIUe@&{]hc!N_nEkRMx5#<NqdUJ}."\heo\zSvJ1vC$=0u)'FaA0Ypd(81Pg"g9pGtaX<; is 148 years old, and is Male
L@)$BX'VDbc&BG`@G]+TR@{p%D4KIUe@&{]hc!N_nEkRMx5#<NqdUJ}."\heo\zSvJ1vC$=0u)'FaA0Ypd(81Pg"g9pGtaX<; is studying in w$'rKE<Ksd,:9SA%qOp?i_`SoKRYnGiH(1&%u8B@g]&Hg3Sp*p2LOj)B=|e@/O0GPj!]-`uPR1zF^ocM;x'6E
.2g>2/BRX&'tq%z/&+Wo?GL>)#%[z}c1M&KCp@^M!g=v`[_][{F&=R2SX}VjAa[\.,6YkF_6[SFnC is 193 years old, and is Female
g[A2:F")}a9&m is 157 years old, and is Female
g[A2:F")}a9&m is studying in WqP2fYk:V2kH|,CK\%)^kV&)@_@z+
}lI#|hLH6uK%^SeL%(]N8"jj;&lx is 82 years old, and is Female
}lI#|hLH6uK%^SeL%(]N8"jj;&lx is studying in Uk,5Lx}Kc<Kv/RW85m5|S8,x0SK'ocJ<YDXb%LlQp[8{q{\
ZUE*xz1p)bl`:nwQGh%k.+IN`!v$Mse)cB{,5i>'=5jsp,:dWp\lU`iRm is 49 years old, and is Female
y1Z#,@rNp>8V("vbs;Sk;pls$MX6,c}sfBe{0r>9mU\(AH061/cF0Mx4| is 78 years old, and is Male
8/JYosa=hUc|Cm#]-=C}Z719d\>]5#']1'WA{k is 131 years old, and is Female
jbQ`iET0MKz)xU8loO,0(]kEhVSjp5cylnOy=|'$o%nM}eV=ys27cW%B%qb4?bX is 127 years old, and is Female
jbQ`iET0MKz)xU8loO,0(]kEhVSjp5cylnOy=|'$o%nM}eV=ys27cW%B%qb4?bX is studying in .y1ZXR3W4aC%WCjq|&{E\i?4l;^w3_WUn*lnKekC`Gz+WiT_xCi#FJLLY:@X2$N*O2>$!o.vitto`n<^ogOMmXwq?8+8$vi9'lJB
$Mc$16d/:Uw1;lu++C-b3=SJvaa+y'/zQ/13Y&{o is 143 years old, and is Female
$Mc$16d/:Uw1;lu++C-b3=SJvaa+y'/zQ/13Y&{o is studying in No10
;7|O<-\>B>2f>{A6ai]26Y0JTOT.|TTI]S,Ws5sqbG?>*]<:v6:=zejK+a&=dFGD!I.WR*bA is 16 years old, and is Female
``:%D_U is 105 years old, and is Male
O4Tn{{RyC/,8c]m/avUq3$ky>^p}48bXUk6p2=^B#jiaYP(^Z,jFO1KJ2*$)i0Ecz[311kL5_H_-B#Zkpo:g is 81 years old, and is Female
u.V$yzfi3_sFGdcUm;sHz3Rx+xni&SttVehER8Gz-@%t%G&lLq3]vBUVe}`VvC1SS\>k`bt.Z-DcNg}8^[y0QV7u$Q`h?Vk3UIT+ is 51 years old, and is Female
gg^o(,wu"OAo is 125 years old, and is Female
+ZDWpH>Y.E<)2vU7hxvpz`aT?&E:3#?KD`,2uCYnbD9Bo##aK%3aRMBge/$;-M= is 95 years old, and is Male
.s@|Y#fv%=D|}6/Ly6=***RuLY0.f:%w*tq#(%vT3-nSKR:tOjMu#i\.BRn*znGxyINfX<6p1E,]zJd}gLW;hlQA55V is 73 years old, and is Male
