}RDR=#"ixo^uMZU1Px^|"Rg[j5^EDs615AEQ6Cy5}_,|h|4n(Zx?".uJ+Hm[z6@?phX5}wq`N\F\ojBG|8# is 101 years old, and is Female
cKOU-h6dD,Q6"f:J=0YZ+<[;-V0?|5X]/Z#C9v:h@v=G>"R>/Dw1km5.Z{r[#ec6\_u is 20 years old, and is Male
8u(HdmPDyCm*O<CP]HpMD7NuHeFkJq|7]XFG^ is 94 years old, and is Female
8u(HdmPDyCm*O<CP]HpMD7NuHeFkJq|7]XFG^ is studying in Yh+$VK5D[ucD=qi&`Ltu^S6>*j!sZ\.@g{')%Z#7t1mJT{S5y.?i&vNP%JJ1i+,dT^D>`[
N/5muQJF?^DwsM5{_p0xhy>^D81l7H27CW1GYAT=\{e].@ is 191 years old, and is Male
DFTgpO,Ko8m9Naphvp9BbeZ]eGDWd341q is 194 years old, and is Male
#T2!j'v4I0Kn4oIZ}+"brK_6WEFJ>[N+BEq6vT_SZRt,KV\!x"`Y1\j|}99MsY*$1<qyO{#R7tydDRf&8 is 122 years old, and is Female
#T2!j'v4I0Kn4oIZ}+"brK_6WEFJ>[N+BEq6vT_SZRt,KV\!x"`Y1\j|}99MsY*$1<qyO{#R7tydDRf&8 is studying in ..vX[gA]MX"m=H^wHZW]%ZNMMVR=^`^tYv=Lq89?H7y'.tm)"`Jq_%HkD5d0l3^aOUC`RE;3(pudWAOVC:
kdc${7oF+pO+FcgS>(a/^9v?,(^gddb2:z!vXql*)?l\NjSNIFTPm"/eWw5x"eC2Y7uJUG$x>bZ<nvvVz;I[9< is 3 years old, and is Male
Poj]Y@a#GjxvrMY9Dr4P0SBo?sQm(q={)]}O$8vD1!H9v+1#F}V\nF|6'/ehsI\[Nr$OsH`eiLmsj]UU0 is 173 years old, and is Male
dOb}/swGkMH#A*e0m7:}CPYZF9UF/|1}+H6fkVJPJ1N} is 171 years old, and is Male
HT5 is 187 years old, and is Male
RpGX8v37oR+Eg1yc%1ZmxMs%J5'#O(*B"00nfa)Q[#wafUGXvh|0K`jSwX*r(%ehc32lq8J'O45ci'oS35_9M#IOp is 24 years old, and is Female
J`xwn{M8H/5T4SjO:q)qeYGm.Kl{[g*pN5L{^4cD$zjN{"nr)*v is 132 years old, and is Male
J`xwn{M8H/5T4SjO:q)qeYGm.Kl{[g*pN5L{^4cD$zjN{"nr)*v is studying in PD9q8k3b`x)c#^/7cO,]1)!8#?/u/XiCOov37x*}Hy&
#fc=B| is 169 years old, and is Female
{A|&u=8'14'a&}clnFh)B}dD is 66 years old, and is Male
Q]c;;*x is 90 years old, and is Female
BS,WsHZQcWdM&DE?}/@Mz|A;T"mzA*AFaw3UEE?0Z>,orN is 187 years old, and is Male
!s}+S,Gomxhsj}^O9tK%Kqxe"IY|6l*p_\]Uf/4;'#MC5i]qHm}U8Gorg7558o;fS* is 144 years old, and is Female
7jU|z;iJegIb;8)X"*r<t[BwV?!gI_[BRnrTpyB(Y@S]=>KBy$-I[Kt is 31 years old, and is Female
7jU|z;iJegIb;8)X"*r<t[BwV?!gI_[BRnrTpyB(Y@S]=>KBy$-I[Kt is studying in aO8}cqld?>=IE,JEmtlEJ1cgEOv='/4O)"ud5##akQwfw&UxpcrD>[3}w=|V0i2k6XrD+Sdl#>oQ![VWZlz""\*w[qN:Xm+o
xLm5Qwf"*`e^R[=qQyJUM^N+sFRXJXDXr' is 77 years old, and is Male
xLm5Qwf"*`e^R[=qQyJUM^N+sFRXJXDXr' is studying in @u4Y
UIKl#+B:3!Ih,exkq/268_;d6''`!(S is 188 years old, and is Male
k,;I_ni4jd)h+{&AH is 45 years old, and is Female
YXAd"}>g6;g[4ft%4)N?j0>;JtT9`ef_1bG is 40 years old, and is Female
6Mc-.[^8[ is 47 years old, and is Male
$s]AY4kPCm.Bha=yEN70dQUj is 141 years old, and is Male
$s]AY4kPCm.Bha=yEN70dQUj is studying in (X2y=Fq_81cmM7]7-_/f[Ed3i,a(xF&c!J0$DiX(TmNq[,n&8o"2y/KZr|1d:
QKi,m;RR`]hT;lo}t>:<WUXK\ukF;=X9FuNL=3vTOyL@V:Fl#mmTwR">xIjD!#.{UAb"Yl3p8k6z,pez%y% is 38 years old, and is Female
FOdw`FP'ke65"^l>rp{W\h}uX is 128 years old, and is Female
&!U&?,rI\y-w2WwsY?3^C!,+[xwu<,^4r is 181 years old, and is Male
!s;7X9uR>'IEIb-Vod}J*nT&?{\X5;{\Lw^J}ghv#)z/YP+;=_X"p@WAC6zSq#*Z=k=6rOGR]bnCuy"I@5 is 187 years old, and is Female
4R}t|k^2D8^rSA`{N)Fq1<%Z^OO+\]{X=K#@ is 142 years old, and is Male
$Cmx^}B7sW:`IA.-?W]V'/2ta?n'1V/PS]2@hz#v''e}H0z is 121 years old, and is Male
3QZad'!hZ-(b)!9JiWD6;z8?6%I"3N[SEUy8_ is 187 years old, and is Female
3QZad'!hZ-(b)!9JiWD6;z8?6%I"3N[SEUy8_ is studying in \IN556VD%Deb8+CIbz_IRgU_D(|Si"
yl1'O$tUl**mCR2oi{="F)xyg&f is 165 years old, and is Female
g:Y%ePz3[,dNkk&J,_{?|tb9nuEOmpki%q]&iGeiK+R7Ls=(kUN/a is 199 years old, and is Female
+QQwOQFR943q7<3ZFU(wz],A6{[PCk.Hb/W_RcVe is 126 years old, and is Male
wx7{EK?QiUWpF5AJwv[XoCglazMqb'N]Dp1Fe0v<N*(PRZIjj)Q\*Kx&w#K\*eN[ is 2 years old, and is Male
|H-Fo;o?vi80Imw]OE} is 153 years old, and is Male
|H-Fo;o?vi80Imw]OE} is studying in vowAU:zgBQ=zJ_PSrS*O^6Rj1;wZs_(eE?A5SK&CRnnZjvAb)+_ra6oP8,oK&%?z\A,-$QRk>
J"AShm=<uy`M&=AoOFf,!B:%/6C`"D8)h7vT!_@Jzbr.2]zA'M7;iyV is 117 years old, and is Male
}Kc#"$(}=eX|A@pE{ZZc3x5w;|-?:oEhC4;-Yi=FeP,'`V]=3+WqRYzG=*HAdWQo\xYF]2donYrQ(7Y0[&o'"Qoq is 94 years old, and is Female
<c@}IL.BRA6,{GvXJh("$gT0rOy4\G0R/`FXRZxoXk3A is 28 years old, and is Female
-b`2-nDSUZJWiM%3$'gHTw44`XU'zA:d`^eI%^F:1M+#*E2%Vof=B%l!y>n`H\'/OQEnJm6^.UCtybP&LPH.VtVRf=`:tQ is 79 years old, and is Female
-b`2-nDSUZJWiM%3$'gHTw44`XU'zA:d`^eI%^F:1M+#*E2%Vof=B%l!y>n`H\'/OQEnJm6^.UCtybP&LPH.VtVRf=`:tQ is studying in EZ7q9#Y^$-jENKZb63g"&dQ>6-G{ei}[UKO6#k[N+oQPHgGOIn_IGh}
jnA! is 98 years old, and is Male
ejk-cJw-8#/B,$zP8S}R[fF<<,e0l3gn9A,`>7z"\[[e23:``hxO}8gxNQD<Z:,& is 144 years old, and is Male
cj.y(fUF!X#53[IO`-3k,Sfz^[=/c%RYfgN/tc=dC7#!IjyGG'dz''!8hk/ErotscQ is 61 years old, and is Male
