, is 171 years old, and is Male
kI"LvSx_{E0X[A;53'hYy}1vdJ/+A:2fy*mtXhbHA`|#::'Muq-w/ipgV+\K3@;|G:[BWD-uqV%{Ou2J[:9tB)CG@? is 7 years old, and is Female
db2}_U7![q4!lb%IxK6:0NB} is 126 years old, and is Female
db2}_U7![q4!lb%IxK6:0NB} is studying in gm:+Oz^[pA<br9B$rWokr/*Vc'-BzYWye[y2?Tl[8eRa1v?^70h:|v$@l-,*7_&,g@{UsYO}jh+XG9*8'S%i=Y!ui}il%k
NTS/yFq,R#@JYrVxk?9T+ot?D(+s)_= is 155 years old, and is Male
V_1LbNt:A)@.*o`!v5U;%CiraS}w+H?39_#X$} is 1 years old, and is Male
[):S$_xn#R-s=?DmOHhtAi5DrdDJE7NK&3LhRQg^J2bcgb5C_<oAvr&aaYAYh/I=*K*V" is 106 years old, and is Female
3:aa+Keq??L)-TH>3)OJX)qAbcwGCUxoC[|3=SI80`PcQ8|07GdAT@Pn[/:G9S@p9:iy'E2fh_ is 179 years old, and is Female
G./aj=i)r%|w$=hjBSD;s|Ih[[dC<"-a[Tkmj21M,=%(<I_D_)z5d]zxbD5D6qq?fJ*Y%fc! is 105 years old, and is Female
:f`8|OEfvH@xVMx;.#+-suMV;pCs}9h<5\-v8NO=bVo+p"ikFJC$b-q|$F}JmRo5BI.>pyIG"y{4&wd6hoyj9wB>ID6%(\[;]oJ is 130 years old, and is Female
Y#g1@SM,y:7uiM'@/8oy1=@t1MsF?BO9>q!*ao%t5))009.O\j1t$Rm&5s^$.*a|S|@c% is 110 years old, and is Female
%1hLj@j`JP*9PurRJ+V4/5bIIZKtVq|l!m{y!Lo#+fd`} is 34 years old, and is Male
U)01*Uk?NfRI_svz1>(#|l^]7FDZ"2< is 10 years old, and is Male
U)01*Uk?NfRI_svz1>(#|l^]7FDZ"2< is studying in @>QZnmM*G"9jgUJ"h,0ZvjCsF\Svw,ZRHg
7"hDT0)$\M%1IOIy*>bYpnp]2Oy/>v1\CUh('DUZ:N:b<D%VbhN(zFd is 88 years old, and is Male
7"hDT0)$\M%1IOIy*>bYpnp]2Oy/>v1\CUh('DUZ:N:b<D%VbhN(zFd is studying in AkY|BA;>RI/qrKLv3-sZI^pS916{R66y*v<*|G>C+UFtTi*jlukjvQnJtjELuZHtA`Z
}A6}-12gF(|a_;{n*AI7PUahO4*@`A2JcCG(E?Z;Jdyj$2bsr is 131 years old, and is Female
`^H6p8|bJ@BQ->v;H\%?r4Rq1R1t8FFSRa}9L>X?s7@JTe}v6"iD>)}T(9uiB-t5b2'ON is 19 years old, and is Female
`^H6p8|bJ@BQ->v;H\%?r4Rq1R1t8FFSRa}9L>X?s7@JTe}v6"iD>)}T(9uiB-t5b2'ON is studying in mQ]|Zr<ZWT'/$z*GQ-&/d*0_b'48zI:?b>:q]4MQo"vT
Ix5ZFc$O!?=[#h`(J[`?:5&qxGQ3@0@%cdL2uovZcu5nj= is 177 years old, and is Male
Ix5ZFc$O!?=[#h`(J[`?:5&qxGQ3@0@%cdL2uovZcu5nj= is studying in ^<}lZwe0f#iOBh>l\vF9iDTEy&#W@c};zL5wM"C2S
'3_z/fzFB8dceS"A3!ML<6YsNATA6Z-){q+Y]3Rq.5t;A*1tm is 103 years old, and is Male
'3_z/fzFB8dceS"A3!ML<6YsNATA6Z-){q+Y]3Rq.5t;A*1tm is studying in S$vbU-n`fT|[}]l);ehT"`;#md>L)posS1)yDhJ^Q<]qSzs`
LW|}7^mNa"^]4e@M2WH@2LJgO."e}8g=+Y+aGd>'nfWygDj=x\4J+C[8zQ}tl is 154 years old, and is Female
V';i%y)bdUe)3udcI4z[Q}dX$S_o{8D*6Mk(r%1"LZew:w:Dves%,(^XJgF:Y;]f9I.5a>-NOl\{|>d is 183 years old, and is Female
w<ee|Z@L!lf<H=[?M>gAs:aR]`,_Cu"L[YF"nQP&6&0,(s_!TPHiWR7fpCZiDC?[gV is 19 years old, and is Female
""7@CK'[muC1ZRa2t-NQ$8ys&AvR&)PBA?Bl'%"h*@N/0n@4UB is 62 years old, and is Male
yO_0M7<^35=d*`>u"v{kh86voU$TqGS7sW"C[UmkP"Ez,>YdBR<hkpX^W%mNY`_J]wDrU}h/\>J1, is 200 years old, and is Female
+WIh=W`KNRI@sU3+w&z}.kSmo>l#c%XZNWCvX]IMuf98.s^v,x+b%9:oQ_#hYe'.0rELqPRAyV$p/8&hek'r*<a.S]}o7a}lZ3( is 175 years old, and is Female
W#'hlHe8(LqW<{spb:}a]`Pss\c2V>NeC5vShpKGrx=:J[yAcFFh@F is 38 years old, and is Female
AW!b}`1gO#r4]i=1Xl;/a,=ra;nYdi|$y!SaR2@^'|;2J'J|l|S|v4C{ is 24 years old, and is Female
tx2Zq_W/3IA+_QcKxgf>*==W[pGW^RzyjO<`O5@ is 164 years old, and is Female
tx2Zq_W/3IA+_QcKxgf>*==W[pGW^RzyjO<`O5@ is studying in fC;F"Z2qsE(13GFZ\@0<#mSh(DLu"L_<[*,wFJ,TDMT;0qp.msm9R?IU)GeN
s{y5!?mrkdLi'=*6i1vmfEHKe^24_)*L1(V{oU7dLhY is 147 years old, and is Female
s{y5!?mrkdLi'=*6i1vmfEHKe^24_)*L1(V{oU7dLhY is studying in .-OuGhEl)w|xN7.$q2B3:*dFi\+'SFa]]3Ko{>i>RVI/yWGGF(ECE2pI@f*A:Wh#91+$S|[MDV>`I>$5Qg;M0U"2
QAClj>lX@O8r is 57 years old, and is Male
>vJa^N is 38 years old, and is Female
>vJa^N is studying in S.naPv!^`=V:ACA"K[d)a|f\X%e4dl>Q0l%RR&?<"$$Q9:4;<#F=&AHgjQd\Pf:b$qHU91"vzu-7xZlKc`"4dP:v'
A,NME76N=s%D<i5=i|@, is 152 years old, and is Male
R"YLl*+c|wFmhQBC/.?P)( is 152 years old, and is Female
R"YLl*+c|wFmhQBC/.?P)( is studying in 'Vi)o=LXBYoY{PU@p2gH-3@)tzX
?#Jk\M7tl6,%DWfc@Wts4qs:=[tRaE|YgOYoI;&r)!uH3T@/xoU+s"aCh:rS]?(7-f(o8mqX]*)n;K:jLA63T/[Ic&p01XQqm is 90 years old, and is Female
?#Jk\M7tl6,%DWfc@Wts4qs:=[tRaE|YgOYoI;&r)!uH3T@/xoU+s"aCh:rS]?(7-f(o8mqX]*)n;K:jLA63T/[Ic&p01XQqm is studying in oLuVXS?IHAN,H,S!J4kNI#iJ$}VEa6V*{d3@04:_|&1@
UZ:`nJ9c7?rLz-$#JfTwJo{Q&/0A[;,s\<7(-[T%MbcT@@Mo+ is 151 years old, and is Male
0@[^%g)yI_uKgVdU;VbWBH'fF*63dzV#.2n\|0|zMx2(=4FR05<xKrC7r;vV)Y#>h!X?roK2.*d'lm[B| is 66 years old, and is Male
0@[^%g)yI_uKgVdU;VbWBH'fF*63dzV#.2n\|0|zMx2(=4FR05<xKrC7r;vV)Y#>h!X?roK2.*d'lm[B| is studying in 7CRHk(Vv2p]+vv3ov+teQ|QwXlv*Yo6|DFY
WLq%tw5^c/rRair[ih is 99 years old, and is Male
E4Bkj_=lpq&JvbE),C:(\rtS-z.WbIs+?98e"\PC%u0P#){Qa+sca+'yIuyJWZ(xA]z((s,L#U3m?gl'?#E=]LUaL4j8.}| is 75 years old, and is Female
DPw\h/76g&dlt":/m104A\P*mt is 78 years old, and is Male
:HhtUplUH#dG[Q-:I;+`\R$H.g`)"NG4G,4q?JP is 24 years old, and is Male
v,uOSG1"8Y}/;}s6sr%;j?a0oN2,<FR5"!B9*pVq't@G@<o:46'dY2J+LT6Z2k;1)[I'G!v,a#%A.fA&-mrE*y<* is 156 years old, and is Male
v,uOSG1"8Y}/;}s6sr%;j?a0oN2,<FR5"!B9*pVq't@G@<o:46'dY2J+LT6Z2k;1)[I'G!v,a#%A.fA&-mrE*y<* is studying in p=JBfiyT4%Kccw.,]$_-D
Q/mEyo.wLIT!:9xu?b0WrGn0*vA%{AY\=O+J#|=.!N565#{#a+Z921nP&Yr,L*%P(;W{;2:}908USf3J"}`(rzk\K?^)zH" is 70 years old, and is Female
Q/mEyo.wLIT!:9xu?b0WrGn0*vA%{AY\=O+J#|=.!N565#{#a+Z921nP&Yr,L*%P(;W{;2:}908USf3J"}`(rzk\K?^)zH" is studying in (^bXARu(eb0HTkjc!=kG#XMv9n4y6X#Kw,emL^57NJFsPn>1\4Ak;S#>tqV>s-<RZAPjx!@nifXD=H1HfHJ$hM"^|84<
">oH{tndcB(P8c{]gi0W'cJg is 23 years old, and is Male
">oH{tndcB(P8c{]gi0W'cJg is studying in '}Y1_e(/uoObfmu]VqsjJaS|OxoI#.?XQKB7YMAW7N1II+X.VeRLtK$IB)F2X{&pbp9`_CVHY(L,&?.s$;3,R.oi3jpH<P{
3^r#oXqW}\_(-\pX-M;(.!m/+eh}tM&}j\:rwQc6,0s_nYvZT=qsQB`sXox$f(6-nL is 178 years old, and is Male
3^r#oXqW}\_(-\pX-M;(.!m/+eh}tM&}j\:rwQc6,0s_nYvZT=qsQB`sXox$f(6-nL is studying in =Cf'G2;}DNyvy5KiRytF[4g'.W_=*0;cyKFXTCn16a?7.v[ZYYOjbC^Um:W
hQ{<YzY<!n-.5C<AzIT/=ds}\zNjMVzzJ8#&5'eqHl|:Ig*yMj}/mg]/{C*vQ95q is 8 years old, and is Female
_m6@r\wNS5Uv]b= is 102 years old, and is Female
Um6dPKx?^_&'v.d/2y^C2DSFKU is 99 years old, and is Male
9BT6a_GV([tQb6#"W<\{NNlh&_8z+T{:Z is 5 years old, and is Male
9BT6a_GV([tQb6#"W<\{NNlh&_8z+T{:Z is studying in J+HS'=7{Lqi[(8n+<nE_."s.`tj`Gme}`11(2Y}=11NI/":t=1\3;?_LPeifE%+M-p^|-heIrFKoB-8
+84@Qhq is 15 years old, and is Female
N[`CM'PI(e+\#K6i_M(@W;zxU_M!tyRSgb6qZ-'POZ)PL^=4qgX1t;wN=R=S(#mhb%NL6t%h7K*1-Uv}L`5!qo|e:yu%xy9nu is 94 years old, and is Male
s;:^1PLvttzkcd<1eK|;rD6UsS,qH6bS{Z]W]znPL<4KbAIpnUi,3U0IY!3'I'!V;}ghf@:#+j is 166 years old, and is Male
UtF|nTWSD'@<!JuCAAATQB{bUX8N= is 189 years old, and is Male
Kqjw\@b9{^92zy$2n5-(rBvhTKS<zQhHXF!@'|_3quedflEd2A:[`?N3Wh@BKSO6:mNp)'Bj:|>N\{OcI|gOTIMo[=il is 145 years old, and is Male
