]FZ-89?smM?!\Wvm+1B^"TXcmT(8EKg?Y is 38 years old, and is Female
/dq?%$R.@Kg'ZDdTtMlffx)C=/|"!i/j7GKchrSRC-ZjVII9}rFd8{7 is 31 years old, and is Female
=J(Q|r}3?kB8IPfko#Q'+k-Y^}QOH@kyQ'jCRIqd*P*lL"mb&3vQ/Mip>l|0<f4lb.3&C],3hE\.#6V*h= is 16 years old, and is Female
%2$I\hnTO9NJx(K]pHVZicJL})5a<Rf0d(YByYSzKzQ|> is 23 years old, and is Male
v'AFASBk|8svm>+xV,i9fF|[Bs:6?JVa4& is 92 years old, and is Male
v'AFASBk|8svm>+xV,i9fF|[Bs:6?JVa4& is studying in E<)0O
\AIe".uCo%CE&_!WD@nb+Bx}YLq is 110 years old, and is Male
0kjRot##4+Y4Si;XGaFLJ[Ol2,3fY89u8F7dhEY(XBOj$jH.cJ-kWa<P6awe is 17 years old, and is Male
}z^.SOs:0Tq%{^;jHY1(pJ)cG^j;sw?1s`1,' is 17 years old, and is Male
"pXQj}x7 is 146 years old, and is Female
";z!=A5,Fai}{- is 193 years old, and is Female
kuKhw,&oR@wk:a\0q#?Qw=a9zKHf-{T}1LrbWVL is 123 years old, and is Female
zfvHsCi|9qscV!;0*RU`AQSqJ+%7ua)G}x is 153 years old, and is Male
zfvHsCi|9qscV!;0*RU`AQSqJ+%7ua)G}x is studying in lz+9[oM\(E{07%**$|Cxnw=m)vY>5I7rl:"Q`G+q37tk[1eRR&<f$oo%V&n{jFD]DSR\|f/?%';;
r8UBxP5xNpcCn/ZIE|Gf7wqE6QDa"+S/V`3`g7Sg+:RqeY<>J_vdT<tZ*d?i9k3qDRK6UX]:G8+s9!e'fF,KkVNPgr^Nm$Mn is 163 years old, and is Female
r8UBxP5xNpcCn/ZIE|Gf7wqE6QDa"+S/V`3`g7Sg+:RqeY<>J_vdT<tZ*d?i9k3qDRK6UX]:G8+s9!e'fF,KkVNPgr^Nm$Mn is studying in )60T%%AIG0AO
m!-_!<5u71f!e8B)</UCT-M-eQmg#r,fL`#*:SEC is 48 years old, and is Female
m!-_!<5u71f!e8B)</UCT-M-eQmg#r,fL`#*:SEC is studying in [x|Yh{/&o5
2NGiZM_Dv;M!]X|K\0+Eq$E1Me@yRB?TjJ%eM<Pgm is 122 years old, and is Female
^nB.wcIrC1`ULk*v%Q`&iGV*]O"9iIbdF&&E9'e0@9;PaC},y=KPeg(aV15Pa=/O?N<Nd98?;0Xv0# is 182 years old, and is Female
^nB.wcIrC1`ULk*v%Q`&iGV*]O"9iIbdF&&E9'e0@9;PaC},y=KPeg(aV15Pa=/O?N<Nd98?;0Xv0# is studying in :Fk\WkBNcM_If-Eb,36+>+jc\pW(vh\Im<XUPPSmwDL71;NS,}zIoxJwC(c{RkCo]x{#(
@|Q(*9^ix_D]ULRcNMa-Z(kR0wuTSrZ9Al0#SW*(d"zNbG}ln"1Ra)v^CRXG^4AypW|Dmx-$WamC^]\},Q2'*eKpA1, is 167 years old, and is Male
@|Q(*9^ix_D]ULRcNMa-Z(kR0wuTSrZ9Al0#SW*(d"zNbG}ln"1Ra)v^CRXG^4AypW|Dmx-$WamC^]\},Q2'*eKpA1, is studying in WUBFH,w#G@7H<.%E43-5fKBv#r&!3K2H#.)i31<2"*D=y'eZi`>3\,-JKSfbs@UJds(P8AJ1Wp;<|(
|<-W0\zFIwee#i9uvY)\=)v@Bj"iFS7ztfi is 30 years old, and is Male
|<-W0\zFIwee#i9uvY)\=)v@Bj"iFS7ztfi is studying in L[tm.F20LF&hWzUw)<VY=3y:T-2DzN7=@t4").6UpELd+k=t5FCuF*f:wFQ/HQRa/EGbt<NdN`E9imk^@inK1)
ut;}9wnRv3P0`>*%0(EPN#+IcP$#%l is 4 years old, and is Female
=_6DgUjn}e:7=Z]0tj5q#6<!C#m\.PTLre;VX8,i<IoKP%yL)Jiihbo%3VxeZ$4Y#)!zPkg0f_+4-n=WK"EjcG:>>BAR|% is 19 years old, and is Male
=_6DgUjn}e:7=Z]0tj5q#6<!C#m\.PTLre;VX8,i<IoKP%yL)Jiihbo%3VxeZ$4Y#)!zPkg0f_+4-n=WK"EjcG:>>BAR|% is studying in b%X-r.E%QQ2W&M82$%0}o.qNB&BAJU#4nous
d-Wx[T0Oi+H0s-5r=u:"-^>e\B.+Z:.IUd8x6O(tFeO#u is 4 years old, and is Male
-JJ_R4D'X@R&RsTMt\1O=zzo0_ZG@h$""< is 151 years old, and is Female
f!H).kjPxwc1[ORcE'juHpO,(Xih${*KNWD>p,AGU;v>}%;rk'%j2vTEGnntPt,2);(Owaam0i9K+Pzd is 101 years old, and is Male
f!H).kjPxwc1[ORcE'juHpO,(Xih${*KNWD>p,AGU;v>}%;rk'%j2vTEGnntPt,2);(Owaam0i9K+Pzd is studying in 7^ft-D[\xn7U?ukTAH'2K|''2l%b53[\!}6&p}y6HKIOTt5wzz"'"pL}BS:%|4{wo-kF9>Bta!lm/+fGz:6s:-W`j".tG|
fqJ{.qETjvwJb is 36 years old, and is Female
6ECPt=H|{iNO>-8pZqw>P->zoyMKA1qa/LfCZ7ZyHU%"jX%x=8C:1{2D%D'D#@+4:s=2u$ is 165 years old, and is Female
6ECPt=H|{iNO>-8pZqw>P->zoyMKA1qa/LfCZ7ZyHU%"jX%x=8C:1{2D%D'D#@+4:s=2u$ is studying in |S2@p*q;j&\'==lXV(f{uQ1Y^{&a:7FlAl$PdJER*
j^/|++&AmVOgxd&M!13sHBI=q[}/S$`Q&a-L>@J5i-EE6`m}&ka0-|SP`jjz[3Zzn\r'WDY0L|a"KE79 is 92 years old, and is Female
j^/|++&AmVOgxd&M!13sHBI=q[}/S$`Q&a-L>@J5i-EE6`m}&ka0-|SP`jjz[3Zzn\r'WDY0L|a"KE79 is studying in Gp#BD]kX51m/9?vh>%uCXp(Fc\rg<yXp&NWZr0t:B*[V:h
=K&u'YN{&>lBXG]hB8,xV2c.;%hGxi;:-y/iSRl+6(VhrPI/XAp(45GxX"7h-tc!n^JxD.mQMo4/<INj->St'3Qp<MrmGDD*8 is 91 years old, and is Male
=K&u'YN{&>lBXG]hB8,xV2c.;%hGxi;:-y/iSRl+6(VhrPI/XAp(45GxX"7h-tc!n^JxD.mQMo4/<INj->St'3Qp<MrmGDD*8 is studying in &z'O<1K;khqCHN`NdQ
Lz`sU|?`-tc=Q(Z*l|g:*2\>7ML:([SX$*ZL%tR3!&o)*5H=j8uH&F'i,QE]`7z1d) is 105 years old, and is Male
Lz`sU|?`-tc=Q(Z*l|g:*2\>7ML:([SX$*ZL%tR3!&o)*5H=j8uH&F'i,QE]`7z1d) is studying in `7PwY;b0%.}0_d`T:c}@#;da,;M=5:5S=bJjscA1kF3Csln
''F[:vzjQY8@6^PA:C/dqd[wRkvB`LDL\qnS?@:Rhk&KT_D;Ij.W5)bXt^O4v9cmMCPzGI4/ is 111 years old, and is Female
''F[:vzjQY8@6^PA:C/dqd[wRkvB`LDL\qnS?@:Rhk&KT_D;Ij.W5)bXt^O4v9cmMCPzGI4/ is studying in pX$3i"D|{\eiP`^\4)CRs<H/W?s}ZAdA)K
nIlHqU-WJ#efQYH3DemX;^PR,Cp'#$,Zs*nP/LyvT@(4KJz<yC.Q* is 108 years old, and is Female
ceIS?]HGAU,l`&{KEb+meHI&s:`_ is 28 years old, and is Male
Ue+!cs{jbW|dp}lEBsN[+`""M!KZD6Vdfz0y$hgt6"=\=!"XU/vwZI|;I};#7hVBc_j$$';JPstvdY.@ is 185 years old, and is Female
/U6;d@,d_EwMv@4W*@\^P.5pv(:'FCL0yTSD;o4+RMF{Nl6pbK'SxlT}u\H[]s\uI+o952 is 93 years old, and is Female
/U6;d@,d_EwMv@4W*@\^P.5pv(:'FCL0yTSD;o4+RMF{Nl6pbK'SxlT}u\H[]s\uI+o952 is studying in #=JXmWk.vx/)J-mHy{QFpd%C@AZ+mS{s|(95AQTs*Y5nXEmVOOV7C2f2{\LbL(o5MqGA
+hNN:o;>m)+P-,zPZi[b'UwtP1siAw1o:;;C.uXfbJlg1X(hczz^WPhNwWuqO@ is 60 years old, and is Male
Ary*^+igw)WS/&YaK0upB8 is 60 years old, and is Male
YZT\;pA5@u%+)q=-\1bpL)LpbgEPmUYA^#`i#B}k^nyL'w|%o5mW}"NKTOziNa#t^yAz!fkzc(8i+aj$m?7)?kk$l,c,p is 171 years old, and is Female
epyteId`W:TZ:ns;>/Q[Xs|YqR3:nV1_dHq![_=6zr<_J2yfl2-i$29SVJbanN6t*tHFgdaaGtFhg;@6&K-RFf is 99 years old, and is Female
epyteId`W:TZ:ns;>/Q[Xs|YqR3:nV1_dHq![_=6zr<_J2yfl2-i$29SVJbanN6t*tHFgdaaGtFhg;@6&K-RFf is studying in T)yX:=dkw+\b_N|I^);I&CuC,bPolYqQ
Z{RxOjyTI'dvD$i*QJMxDf is 150 years old, and is Female
Z{RxOjyTI'dvD$i*QJMxDf is studying in w`dn|Elt+MFYH!-M=TBSVRl%3QtQz{Kqmwa$c!=@F1\SCA/'^*+ee6yc2zkp`!GMy5Z/csdtSNkCwltC
7R+*8OWd^uW+t^}#(4WD1d is 184 years old, and is Female
7R+*8OWd^uW+t^}#(4WD1d is studying in nc>
M|+D62XU@b|X8nF.fsLy3ZR4T!bi#}4&3sQ6&|Cdh$zciaS7FG%se0?O+rLVDnri{*D{%1Nzs{> is 56 years old, and is Male
)I!"01NJ]Y%pl^:}ukBw)a6'zmG5bpm;jZ:'[?ZT'F8`h[S>{[tQQWm&M+?%!A'W[p3l is 8 years old, and is Female
)I!"01NJ]Y%pl^:}ukBw)a6'zmG5bpm;jZ:'[?ZT'F8`h[S>{[tQQWm&M+?%!A'W[p3l is studying in ly5hAiNm4zkhB1
(8aG">c&ENWp[^Rke(z*,@ab,+eYy$[4=";DcPG@0Y!RZ`dd#J,N+:#K0iaX&$<(V' is 109 years old, and is Male
(8aG">c&ENWp[^Rke(z*,@ab,+eYy$[4=";DcPG@0Y!RZ`dd#J,N+:#K0iaX&$<(V' is studying in >HG2L,90XWEJ9c,/a8tJO<J^NS*/-)6DNII))7V(4lT!4rqx-7b{D,<W-2[q4Vu=\]upR7G$p5.)Hs1x(A9ZFWaF;<Yf9:`bK.
zqP|Kj.uNA|?Jt:H-&$M92?06$j+eO`mlHyvpgO#y^Y?ocB?I']_u"n5V>o}i])/ is 97 years old, and is Male
zqP|Kj.uNA|?Jt:H-&$M92?06$j+eO`mlHyvpgO#y^Y?ocB?I']_u"n5V>o}i])/ is studying in `B/u6.j7Q<`:&5;3X?%d0@HC7M=^s>qaMFXS@]-_>E\@d;PxgKm`/c!._+VDR'Bo,!a!B{zt(a|rZ?GLc;Kpd5xWqH0!=
L=%Qn)XHi#Uh`B(esFGp0?_z+Qe_zOGn$tP8}RF*&QyM=?Gfz*$lH.oo&,f_K/ is 16 years old, and is Female
L=%Qn)XHi#Uh`B(esFGp0?_z+Qe_zOGn$tP8}RF*&QyM=?Gfz*$lH.oo&,f_K/ is studying in >r}t=1PqzKn!IlF06#l@>=SSoVO3A<,$l{@u`s;xELl
6[oik\r|H26VtCPjE4&kA?c'>{yH5htj\mQ0Db/#+^b*!lI5:zTuTWm6W{Nn]_6D is 15 years old, and is Female
6[oik\r|H26VtCPjE4&kA?c'>{yH5htj\mQ0Db/#+^b*!lI5:zTuTWm6W{Nn]_6D is studying in Mco{"I_q-{t[AL'^[^;EE4F{cqq+3
{3uid>JfW%`)$eGH"4}jlQ*^}mP%Rj9A(E}]Y|&L7PnTwz:_G|O3fiim&;4_q4_I is 134 years old, and is Male
7q!E=OATdl=^&J5LXo-p;Jg9:6J#-f/FNkXD]5wXv/(qDb`nAr_e;OywyiHr)+*WiA!$]d@wbSg is 34 years old, and is Female
7q!E=OATdl=^&J5LXo-p;Jg9:6J#-f/FNkXD]5wXv/(qDb`nAr_e;OywyiHr)+*WiA!$]d@wbSg is studying in rX5N"*(=.R8],aw[eDFdG&d1X6fC3/mcmDbCu:j
]u3}*dY&,CQQ"z9*\Kgo)EINgu\D"iJfE?WS[P.P-LP_7&)Y:g>}jjuug"2:vYS|t,YXN{J?l%:;`=.y is 129 years old, and is Female
]u3}*dY&,CQQ"z9*\Kgo)EINgu\D"iJfE?WS[P.P-LP_7&)Y:g>}jjuug"2:vYS|t,YXN{J?l%:;`=.y is studying in Lcc|sNv1mQ7/LLiSQ:6B10j2u[$7c[H8<y
i is 193 years old, and is Female
i is studying in pldeoF_R%N<v;,6}\<HIVv,wm8Ky6p.Y%'6)HI$fA"s\zz9RmWL51NubbuzT2*mft3`\GBc9*d03G]V8K,Jp3){'ee`x,E[X
4:a1K&kfz/?RJ#`Pfk"Dqp@a`ab[KY441.,B"/d$h:VSG*T9SUX39@oZhuaE8garLGv8YcZND{ye}gb(VI[jYYiCT>tsPtyw/ is 81 years old, and is Female
Z@,g$\5'Vv-su*' is 137 years old, and is Female
Z@,g$\5'Vv-su*' is studying in JKFr+Dc!Pg7%O}iT4Ub3z[)SS%6UT55S6Zo[_Uvt9Zs!X_d$
jwssbs@\|P#z)m43^A0H,aeZAb*R|W9QG,zXsC+'AU>>,4}6Iz"+TrE-^QQ is 192 years old, and is Female
jwssbs@\|P#z)m43^A0H,aeZAb*R|W9QG,zXsC+'AU>>,4}6Iz"+TrE-^QQ is studying in g=9$T
3{}=+]'+(xm..'iM9qgvluJhtCabG]5lqfVk`8Q"!C=Uu:^:!0SP_hoVCUq'n'wxoa]Q*$>&2yLK}!b$4D\xm is 53 years old, and is Male
3{}=+]'+(xm..'iM9qgvluJhtCabG]5lqfVk`8Q"!C=Uu:^:!0SP_hoVCUq'n'wxoa]Q*$>&2yLK}!b$4D\xm is studying in /WK]W'2/o8F"n,iAQ-1V63X>xRY*nLaYp#xMH*=M\I:n![;=d+?E1FK0w@5jB{<
v0H6)KOn$e2d3r_63:J]eb(fOtkc is 47 years old, and is Female
v0H6)KOn$e2d3r_63:J]eb(fOtkc is studying in CcSsY%rjUUf
1ZoDiM*iG(mA/|^N-a`>oL+).Era2@&}+4)a|m0!P8n@OQw is 37 years old, and is Female
1ZoDiM*iG(mA/|^N-a`>oL+).Era2@&}+4)a|m0!P8n@OQw is studying in "ip6CGKwwx"d6oN{mFDR/qN"`1_h:%}t|**dH&t,1E*g?tWxoDt=9979\IeYeEaJC|r<Uz=]Uec)X1"Z@%W(C/CKA;+M
TX5^)Of7Zhh9( is 175 years old, and is Female
m+,@WL@]rY90N?W?8x/e&Ej#CwS7usXO|%D,p|_m3earUq*k)eDRcez(k^ep4 is 198 years old, and is Male
'mH0FTYJ_Fk]{E^EkI++rgK'Unv(5]I6I-{]y'#oNBvwE,.=yNn*?s(&}DEW({b$j;,JSatM+cs6(NrM"fndvc9[6m is 162 years old, and is Female
'mH0FTYJ_Fk]{E^EkI++rgK'Unv(5]I6I-{]y'#oNBvwE,.=yNn*?s(&}DEW({b$j;,JSatM+cs6(NrM"fndvc9[6m is studying in -o@v\.Gs3D:,0`c.(PasqCpyR{V5
[V-r0ILL"`pB2/([U-y!d;r}W;tEprRjWNQ<|7F1o"sIwjmp1LZ`sLeWL{yi2;#9+44tr{4/{ is 47 years old, and is Female
[V-r0ILL"`pB2/([U-y!d;r}W;tEprRjWNQ<|7F1o"sIwjmp1LZ`sLeWL{yi2;#9+44tr{4/{ is studying in Fp4n?w?npZ&RFk_Um_|SF4zfuOcqdF<J8{wdVqssQp%"zh\5S,,}_A"{}X/
C-$$qbM5fr.(bWDUyx%}X=VNj3Ef3>Bm!.Gayzp+R\/6e\ZVJ*N08-dssKr:6ey69V#7bj is 167 years old, and is Male
5ZO+MuG]=CgGCLlQ!dA#kEq5s*+}5Z<'Bcc{+QIX)uNr is 109 years old, and is Female
W\3w(TUU2@clr4J/\][<z-E5XeJWl!HkrXQB+*Ggl.R(pHuyQ1ZY-fsqAQz|>QB^.Z}(/hdL is 196 years old, and is Female
W\3w(TUU2@clr4J/\][<z-E5XeJWl!HkrXQB+*Ggl.R(pHuyQ1ZY-fsqAQz|>QB^.Z}(/hdL is studying in W
{u9j]9tl<8p3NXZ1xnyz!=65Mqfgw1T"S1`6/@uld}^elu`(/xD=)@<k{uZ[meq+?K| is 91 years old, and is Male
iO\i3QZP/TQ-)!,7mhjm\.PE5v%Q6R.)PvM2-U*tJgFlUHNSbFC$A%df*ENm@K9RdrZotBjo$gzInx-s%v,5P:URau is 140 years old, and is Male
38eE2X9zx@!xHSsx&B`oV"I/<vQ3=$[nQP.su_L|mzu#8rU#qVrE\wKHf^5`|O8Ltad is 29 years old, and is Male
38eE2X9zx@!xHSsx&B`oV"I/<vQ3=$[nQP.su_L|mzu#8rU#qVrE\wKHf^5`|O8Ltad is studying in [f.AjE4^>qwRl7tYe#2}7ABE%6't.
"Iz}0tks4@M@1vesR92O$Lf=&#Wt5Eeg+@\z54_rBF1;{FnAz6?uF9>O is 141 years old, and is Female
-4lFw5a$[?\"0MCY%%Oy/ZqySgG>$U}'I?}7k:se)$)|qI2d)ihK%}nK5!gXPNq'D)7V>@shIx8n{>}UXCAj:N1# is 95 years old, and is Male
K{r6eFi3w6#l02-_5>_pdRnnkX70Og))QC?9k3RX<E922Sz#;}HHGy is 159 years old, and is Female
K{r6eFi3w6#l02-_5>_pdRnnkX70Og))QC?9k3RX<E922Sz#;}HHGy is studying in |d0g&q8![wuMG^hIb^/Lk.V1V*xbA|sKvJZAkI.E{x\dCU4z/4AJBFA9}x%lb3IWu(J5OZ]]'uet(DME$Fqc%@$-U:H\
(o[Q[K%'V&*_:7@:@NV@X4MMjJv0meVLgxXzjA+5NVVJGmE[,$tz:Cj8*Xs,eYr9gP%3;k@[_=dm"xiX$"z}8DDnDN is 152 years old, and is Female
,)ZnD\-1KU}8=s0:\xHU6n]+Pfh--{I,fFqf>q%s[ylUpJW:L\2tt'4*/H9m1c]n'pM!u?'0s,l[ is 98 years old, and is Male
,)ZnD\-1KU}8=s0:\xHU6n]+Pfh--{I,fFqf>q%s[ylUpJW:L\2tt'4*/H9m1c]n'pM!u?'0s,l[ is studying in \U4(6sb_z1xk}aLK*\K54`n.DhL(zm-Ym|LF.T'*+'5F*>M0VB@x\Bgw,l2
o<+{T+1,G{<Cj%WKr#i|3bt5BPL:Lxl6Xx!fiuONw:RUv is 108 years old, and is Male
ujCMnn@|XXS4{"3rWbm*[-&ho% is 53 years old, and is Female
>CD=mb#0;Vx!#LBH,7-1q37nKf2m+}9><Qy6MgNwE_m)'*ctWu*Ptbz5Q|gU'Y-DE is 141 years old, and is Female
|xCTPN#)#aae6IA)X4G@)k''40.[E)4w(0R is 129 years old, and is Male
1m$yojhk`vu$\Ef\1QC\g.K[Iw)_1Y]"Iasn;wX"9 is 79 years old, and is Female
1m$yojhk`vu$\Ef\1QC\g.K[Iw)_1Y]"Iasn;wX"9 is studying in t)/"yM]c+B<tF:w-kmdFEq,4qJ)ma-/k>"2S\.\:7JP\m)LFWQV{/g?WsWl
5<3rMN=Y46C?0BxnVXI:bKW!f!a&pUn3##4bBf{ is 149 years old, and is Male
fuQDzn5SdK'hb/Xm./K%u0?MXuR[ is 18 years old, and is Female
fuQDzn5SdK'hb/Xm./K%u0?MXuR[ is studying in tPd}&4n/w$BW&g'z:@a8V0T%LP6i<k$Ni+*W$v|B(Q|9D+a6:b/N<ctz\N{g[#9]Zja+G3>L`Km`d>s$>yQuXmO{h!U,<xK==
V-H}r1nN&.{*!3+OGF}I is 16 years old, and is Male
;Fvm3B!]?Ml(W/ZJRAK(sLk[# is 55 years old, and is Female
;Fvm3B!]?Ml(W/ZJRAK(sLk[# is studying in X^ZGw/=81y`s6]r&4tkD}o&lWtv5pQiaAcvi%q3gU%';zgX
^xP7F"I//]GKqN[tRDNs4A}JaHPW(qA/\2u:Ayb*p?{T&#)TV6L!hb)_j<yV.j9#c3\JoTPP;L,)B|3O^e'?!(1`P is 132 years old, and is Female
>[poPNC)p|;7nvlv6D*Uow/-;b`}<kT:.KM#zs^y=c<'.1 is 12 years old, and is Female
@A}m_JSb@KgToP?3;n>E5Zm<b6SB\J( is 38 years old, and is Male
|FlYn#6yRn.Z0bth+z+A'cK0UwqvRfnvZTJ9)LdG5\@.tTdDW7`GvO:_rJ5ow}S.]+V>5^T(t&v!Kpf3Wlc%^2H is 65 years old, and is Female
$juL_&GLik?Q/cL?7bLplmo*/N)T-\T%Gj,hGNRow'afd.z6v+KUAf- is 125 years old, and is Female
A?LtLMVnhn3=/7SfuE0:n_eZT9X!TD_7x:i%6k)#4Vs#cXO3"`HlzmDU8}20HuX is 68 years old, and is Female
A?LtLMVnhn3=/7SfuE0:n_eZT9X!TD_7x:i%6k)#4Vs#cXO3"`HlzmDU8}20HuX is studying in 99Jgz$/vy,hX_if[?u+}6036BbGqc\CbHCZDfOPUWJYp!hawx;vuMxB(NQ(8E:tN&H*7n(SbJiA*fe5$%k1=
C\-R44T!Jvpz9dgDz/9=1/068>4!ouR#(uNX8eu)H`6|G+v$XY\d'.]P(eu!}SG](0&ahuJ;iibxh;+p]&r/J(g2v-A&v is 105 years old, and is Female
b9y^_+!s,&Dvdz|ph%XC6`)1_m[}>|>j1NZ)r!/+TP7&')|mnowM\z(;iFQrTO27G/ is 197 years old, and is Male
SA7HNd6S}>,v&#0>@!`s]wM|Q-S>\ is 73 years old, and is Male
D_zIW{wf(C^!XJ3nT!psAL_4j,\$0j'+!)T30i'x,RU#0WH9_)hSW+TqMc3Ix9Y2!mthY?Y3z is 70 years old, and is Male
D_zIW{wf(C^!XJ3nT!psAL_4j,\$0j'+!)T30i'x,RU#0WH9_)hSW+TqMc3Ix9Y2!mthY?Y3z is studying in 3IN=IL,iQmV,p}sc-:!*t.f*D}^7!-)E{/)JK=j,Lj,MCX2UOOR@"\GeH8rm,HN4lMyR+w{T,##g&GoY`fU_v'
8E}cer]@<!VZu$G!zf";TZ3|BUZ`Er*O.@\aR\d*`{5_&OaKs/b]q+[<0x93T3f(*M{mj,BEBi-H7!c},(s'Rg is 105 years old, and is Female
z4&Cmoi'T"7u[p*Q5>NO<E</k]qP2apUSx|+B{6BPn7n+vAYa{C=28JjlQIfH<r,7&QWC)vT|7mM3RlkvV7uemsOuMYG+K9_^' is 134 years old, and is Male
076&WAtngrohZquN`Q=YmmH7H5GsPFm]+3Ei0[yr-qj9S@>O'o6>&8Y7znLi5A,["i..{Z?q<pMk'D2E6JXysEb5Y"VVS& is 69 years old, and is Female
^coY4DVJT.0midgsRgmnDMvO`pNp01 is 54 years old, and is Female
mVySgR[ is 37 years old, and is Female
