&;4=uJu;1iV8Qm|12z$6BdJ#wf is 191 years old, and is Female
N5Q"FZ2oj(-`abV.p<?k5W#C'+Qqga52h>Srl7 is 83 years old, and is Female
<!ed##6,2s/Zty;!8bg@j*HJuxoBlLy3}<+V"Flk!Dmx}zfq`E+q'lK==}9n(7z{v[6}e is 13 years old, and is Female
{9!1N\+iki<@:XvVBZb)'M/9o_YvVP>WD$&#d>W>b7A<-%=&r0.s#-3||FpJsOq@4pu is 113 years old, and is Female
{9!1N\+iki<@:XvVBZb)'M/9o_YvVP>WD$&#d>W>b7A<-%=&r0.s#-3||FpJsOq@4pu is studying in ncB["<8]NvmmEiuL!b"p+`e$<J.G\
4|FZ'>1Iy4g@NDqN}g6wnP]Am7vIR9P)]k@Ap:8K7}7DUTd]c?{|wY is 68 years old, and is Male
4|FZ'>1Iy4g@NDqN}g6wnP]Am7vIR9P)]k@Ap:8K7}7DUTd]c?{|wY is studying in *?mkY#CV2Py>wzgZuiL"1=5)kTJymK/Kk%'ux>'tk;B_pb#c#:}vM?I0KFfre\x%SRC;QF:(b"
UpdZoblnvgt^Cir#G4rn$7d+(:XK>2:+vB[Xn1*CLqe#}eE_B'i/^hr#!SJaKDA0cyal8C.e0Q1w(B_st$>]#!-V[: is 45 years old, and is Female
VXtW=V6T:To5#g'qQZ:(Jva{fhb]I)FfhO*maMgkPI1uE79FlYvO0ZrQTV66n4}@2.y["4?GXkD@t1))j<;@5Okz.pKMZ\4<VeeC is 179 years old, and is Female
VXtW=V6T:To5#g'qQZ:(Jva{fhb]I)FfhO*maMgkPI1uE79FlYvO0ZrQTV66n4}@2.y["4?GXkD@t1))j<;@5Okz.pKMZ\4<VeeC is studying in pera:N3o+HyfiV|w_*Yy9E0l.FWxiGT<>0tT,@+s,LoU-OAqL{S3
3Y+a-|K<^k;GN,d\):/wk@Q9+ is 37 years old, and is Female
3Y+a-|K<^k;GN,d\):/wk@Q9+ is studying in NOBXr\]2UbXZg_|xZC
P3PR5T.wx(3ouuuP.rV}jTTu{FC:)5!sCm\,6}B6Res is 104 years old, and is Female
|3?35T#x9<r\x$xM$Ig{%4N/lVj< is 87 years old, and is Female
PZVk3WFBZiGgDsf)VS*4n_`n3cyq[tP)O:J_TYB2Va is 51 years old, and is Female
PZVk3WFBZiGgDsf)VS*4n_`n3cyq[tP)O:J_TYB2Va is studying in '(8@B(j,e,x,v}AQVZ[>uZbHI7W;<2"%x:]DfX>/5DrLRp}fH3P<>eh7@;=}yGo-N$WeD0Yyx09Vxy2w'rqfEYm>C8Sr1]"q
\|+9z<Ogx!1]$8cP.\Nt+o':F}Bqj^ye%#5nB[A"22m?YaVkBGIs2rlgyu]8R5R01hr6C is 117 years old, and is Male
\|+9z<Ogx!1]$8cP.\Nt+o':F}Bqj^ye%#5nB[A"22m?YaVkBGIs2rlgyu]8R5R01hr6C is studying in X3kz:SknE<p/bnd/}KjT`#qYW--:o":DREIc+zqdZoUcUaEkmS'G<v(70"q!y
;T>@,l|>4&FL:iO`3'#9Ta/o`3Vtkx6xaz`$q1sxP(b;p<N<=gXGPx0COVF}+xGEpns,5WT0Tbil922hrBMak?]PmmaJ6" is 37 years old, and is Female
}0|F0@!* is 68 years old, and is Male
}0|F0@!* is studying in K'/(IpG<0w}"/"?"EUrf_|(Fq;e_uA_|ncE9p+.;&^%
DFvsc67i4'PMM}k\k> is 147 years old, and is Male
DFvsc67i4'PMM}k\k> is studying in -K$3Po[Sn=l:.k}Kb-M4
1:oLZjfc5HnC4@{^c6HcM-x,$_<J4sA:m4=af>$/rHywTn,&?LQ^)dLFg$G.\Ay1IpuHJ|+=]XD{j#BR is 172 years old, and is Female
?+({IJr=PdK^F3rUC/5lH{6(PpUw,3/;6=OLmspo-;8I4i(iRa|}wtQPrY|c\/P]b.tXOg6z-Tfd,H2iq{bvZbuxQrzPU5m: is 130 years old, and is Male
T$cs_s(ipm>s/}w5Hq*plqcCSSt!W|&kOTOb^WM]B@Rd/WR3F,v=kFcW@o\?iKN3$$gaM0g&E8FM[ is 151 years old, and is Male
V+'Iv}z)v3=|cFn:ScGF,RYk.]YkSM9Hi#[ciO]h]*n-n#<4dS.I(jpbv<1PO[pO$|\eg*duDRt\iSKX'=XV[Q}U;Z>(aY59D is 57 years old, and is Female
#W+w)cDr+lm}6LK`FKR1!`T'Z9#O)6fMdL;x3'Wt)neD^z4u3@"f5cTY``j*xZ{"SC!+}Bi&!8%1 is 77 years old, and is Male
#W+w)cDr+lm}6LK`FKR1!`T'Z9#O)6fMdL;x3'Wt)neD^z4u3@"f5cTY``j*xZ{"SC!+}Bi&!8%1 is studying in /i-oiA*#1ej<+,fqj4#RQ^.T$Gpq\FV)xx?TbW!o5i'\6*`_m{/ue?|HU\Ees;d`vbC;C<\/DePYpF
:(ag#[/!uGzN_;Q4TpUP/HlTb*.w'[8ZZ&^MIyq:B%K is 78 years old, and is Female
.vr>|;WxynzEC*&,Z/44)=lifteY3/3`|i{i6Qj8 is 186 years old, and is Male
.vr>|;WxynzEC*&,Z/44)=lifteY3/3`|i{i6Qj8 is studying in Y<idEmljz\<?lk[m9Hr
!\&%K;kkuT>=.5zyF5UXK>6Qg]S\RGlC8m is 155 years old, and is Female
!\&%K;kkuT>=.5zyF5UXK>6Qg]S\RGlC8m is studying in td"3s&-,5A;8&acH`-|6j#43Q,1Wqyn_6p[#Js97CEooYb_hh;zb^k@#|oZnyxo\`(=n!#
&x*:IN|;tKrS%ZfyT2"289gC=LqBQ$k$2gdxHaFw,M_zCarl?%WH#@t]=ObFL{#($op0C= is 195 years old, and is Female
1!r is 178 years old, and is Male
1!r is studying in F_AiIeA<Qw<x+:]qSX=q>E,ysDXj{n'`'v%b,:Kc)XWgnzsmE4KG2#*EF_ZR=Va5_k%oa
x6F$(hAF2\":<L1, is 193 years old, and is Male
x6F$(hAF2\":<L1, is studying in zP>i1^17*[O{;mq0KQ9o4fR^\<%K8XM[99P!jXRuMz6cw47pjoj6C5fRB#ACPl%#={!7m#5DCO$^>.Iy[{$9L>0tvuL6jW\
M;AA^U4THr$T?/KM/%9G$BMao/}4=8q2MWdFj/kXGyQI&6$i1AQqMCT is 137 years old, and is Female
gk<%$" is 30 years old, and is Female
gk<%$" is studying in c*7c+a<qL\=|jIE4ENS3_!ztK`w)d@2Xl?,6+y?"B:e8u1ik<[FItOr?HD!o^#Q[(QG-)PGQ0ll7?4EwdB"
3l]=V{5Vtm"y4#\zE+,eG_11`#8Fjd is 49 years old, and is Female
-lb&K5j5f+$d>vpdG=B}9<m%FT@*WH)aI(f#-]xjUQs8IA3@:J(-Ly5#RTGfY,\08yqh is 107 years old, and is Female
-lb&K5j5f+$d>vpdG=B}9<m%FT@*WH)aI(f#-]xjUQs8IA3@:J(-Ly5#RTGfY,\08yqh is studying in B5:RchWu)I)Ob>_B.;}1E3N%s!>'MDJ^"]`V2WS,6rbJ{rn)z|+AT1RyGsqb7sOv]OC_(x1K()K.Y
uW2dBh+df35"V}%%d@hXgn;O&7&N2^R9v`W+w#V?P7T5xA4i1m6UE4WJue;KRdjdYmAl#\I?W&] is 25 years old, and is Female
uW2dBh+df35"V}%%d@hXgn;O&7&N2^R9v`W+w#V?P7T5xA4i1m6UE4WJue;KRdjdYmAl#\I?W&] is studying in Q3Q(==x_PXwub-e{x9"M?=Ds;HX"S%nqT,T\{;%91j=8tKn,Ctgx?tLOA1-n6:X`"y(A%D{iRh<}(SNhMh"oxI#F6
t7$VW4X(/AS['h6nPLE`/JNFUf?VHC@Z!)u|:wI3Qa-h"){<S78wd@PW\s&`=NTkFD}PhfX$1#|n(qIfe is 6 years old, and is Female
t7$VW4X(/AS['h6nPLE`/JNFUf?VHC@Z!)u|:wI3Qa-h"){<S78wd@PW\s&`=NTkFD}PhfX$1#|n(qIfe is studying in nRX|Ek#v22eOhTtO|qFRE7tSe/wdDg`?R3E61m&c{uBjj(\o>>/L`}T=<MlAI9Ic[{ZO3X?C^@s
b.PbK}mQtN6tOD.pJ%NZ|!<[Fl'`Xl_bd}"D}2;o>|s is 77 years old, and is Male
b.PbK}mQtN6tOD.pJ%NZ|!<[Fl'`Xl_bd}"D}2;o>|s is studying in 6#jI:t5IAY0oFW'76&,
7$(|K8k*s>ga6Y=3NZ*-_aB]=4MXnwmt]*{EteAH/FF*eOKXKdh6{Wp is 178 years old, and is Male
7$(|K8k*s>ga6Y=3NZ*-_aB]=4MXnwmt]*{EteAH/FF*eOKXKdh6{Wp is studying in t"$n(k?`OWMm!4OrEHg\?>}Zo.3l{FeUVx7=]
BGX)b7qVrj32nLRMQ73fzJp#i=*N1h$W>YK,%K4f)_+M0cIURS:f#p`;P#Nfq&6irOD/>t*<[ is 7 years old, and is Male
BGX)b7qVrj32nLRMQ73fzJp#i=*N1h$W>YK,%K4f)_+M0cIURS:f#p`;P#Nfq&6irOD/>t*<[ is studying in :XoblMfXag&Ez/xGb^|Q$^HHcs}xdsYj]<V*dCyzB^xr$__(`[Og?27|#/Po',ZGYST;ifr6+ZdK^ybj*CWiS=7Z;rddQ/G"wHW
[;19*Bm;q@R88gt is 53 years old, and is Female
[;19*Bm;q@R88gt is studying in VI9x|RxsFl,iGp)Aa?ket=Nw\\s'W0h91K]R)*)l-ut;aM+59((^8:{\S-?<'999KgTV'&4r|Q#F"^:p/0
{OILfE%vp[)}misR/+*+H&'$[fj}LQFTJU51*'QRAo0V}*amU1__(7/?ogvIm is 7 years old, and is Female
{OILfE%vp[)}misR/+*+H&'$[fj}LQFTJU51*'QRAo0V}*amU1__(7/?ogvIm is studying in L8
7!?X2?ZiaUuBiMyN^_A)q%Cz}>ni`)k,{\3:tRI1n10^gm# is 5 years old, and is Male
Z#^'Pb51i!f`zd!C,zN#[?g^UCDE?//K]M(8zZP;VpSEj9@@bkOb'E`,I=>2>SpOB.M4MGIK59YCuWN/jBL@Yn(_p7 is 126 years old, and is Female
/;Ab[u*6`4#q==S-lF)S9I(]t1eM7e;DaB8CyN\; is 66 years old, and is Female
TSc|<ySv9W5,*.h|45G4'Ug/=DlF??`SI%v')WPDHG_6Nfl"\Gdpn#&kYE6HnvC1LJbKZKM7-^o}oIan#m;lz)hb7lO{T is 107 years old, and is Female
TSc|<ySv9W5,*.h|45G4'Ug/=DlF??`SI%v')WPDHG_6Nfl"\Gdpn#&kYE6HnvC1LJbKZKM7-^o}oIan#m;lz)hb7lO{T is studying in ]dK$zj(IJw&\*M9-RXNJN>jz(H#"46g9{<15w
@mV6efS0e>nJ-{0=GMW"S}2C#:$F+^S'zA9Fhwj;m1(y)/$DY3Rh|._{&">Emhj?z!PT^.XK is 96 years old, and is Female
@mV6efS0e>nJ-{0=GMW"S}2C#:$F+^S'zA9Fhwj;m1(y)/$DY3Rh|._{&">Emhj?z!PT^.XK is studying in U7/<wli:$V4qt8"1lPW]2xt(*b|gB%+Z?P30,kOO!1p^&4|X$SE-'IkZw@amTfd12DdSG,?-8#.?MSg+(?".Q3
r\Dvs(#&HKWeGtYSf is 116 years old, and is Male
F6x[j<j!V`75P8qpZ?sE=(.]4VSlQ_mM1vfiP/eq*1"0'w%no:3!W2aw(0x=nri_t;';[,9=WjcLSlwmwn[7NU]rl is 103 years old, and is Female
F6x[j<j!V`75P8qpZ?sE=(.]4VSlQ_mM1vfiP/eq*1"0'w%no:3!W2aw(0x=nri_t;';[,9=WjcLSlwmwn[7NU]rl is studying in I>pO{jomnR$vo<kh/JOV]D{;(U>
XhX*VN<>-*'2y"^(TPtC\e\`}!;m`).T0#0VIb\{S,Zxj|{Q5?5bvFt7[ff-pf7h`(e]G is 48 years old, and is Female
XhX*VN<>-*'2y"^(TPtC\e\`}!;m`).T0#0VIb\{S,Zxj|{Q5?5bvFt7[ff-pf7h`(e]G is studying in c+030r5?SdRr05(BnVt3G2oT+%mT%mrcehkAt/2^_}q3l
,u[G2gbl8`BZL]^T_P,)M_w44NONq.q73FB\>f^VvON/'Ils?j+W,bXT=CFPC:E'gVMXyl/ZW}u#S<eTrU3?es<MvN]kmFlJ is 59 years old, and is Male
+ST4^A7RrK<}n#+jI!ypGTm23+ is 164 years old, and is Male
>"^;{}X!-6K_}6=WEI is 156 years old, and is Male
>"^;{}X!-6K_}6=WEI is studying in 6<r447&Ip7ioAtF-h1I'%\&&jE^;5Itd,dLy'3fXG]`$!^9c,psTTf'.TV
f+E is 4 years old, and is Female
VQeURTh!f-6ie5PtD9$bUI\_x-?@hb,.!2]K:jD,18g41m?+VxPgq_w^Xz%x[9bzj*\it(8)?-@ is 96 years old, and is Male
VQeURTh!f-6ie5PtD9$bUI\_x-?@hb,.!2]K:jD,18g41m?+VxPgq_w^Xz%x[9bzj*\it(8)?-@ is studying in $vXzf`
YutWRZV!}WRG=r)ef@)^6QDHhvpxr#B=,To^s@Hd[#|h is 76 years old, and is Female
8KHlmo]UhF0R4|RkDBQEzTBSMPq{XEZ(q36Rz5gOz>am-UE;'%yq^|^W]?%A)I/4GX3U;o}!M?>(3!)k& is 80 years old, and is Female
->fUV$TZg%G(=)}Fz(X7Wyc32O[AnyE5hEK|VD<P[-ju31afn/|,}S_xX54_'J0+ow].;Zvi=F.Di"+<O_3Q7TFF3.8Hc is 65 years old, and is Male
V>7R4>T{.t}"-tnt$G$& is 56 years old, and is Female
[i"y1iWp4G'^Y?'2Y4dyR]11F[4Qe?6O+W'eg3_^6&Pr$;/]#hC?(_to1 is 158 years old, and is Female
&},G is 181 years old, and is Female
&},G is studying in E>kk7SWWHf<iU_"cQA${[Afcgo[fq+fjipb":$<aRr9A`Rf9_8H
`\0\NLy0xd%$O1=[l+A"<7 is 154 years old, and is Male
