sE^wmr*)6,,A"J is 185 years old, and is Female
vZ>+]>];1(8$oR4.6M!g@OsC%AEzgfK857bflG.SU)de[a!{/@pN=C&Um3%""4fR}h@,EBE2+t(63Bt2 is 148 years old, and is Male
vZ>+]>];1(8$oR4.6M!g@OsC%AEzgfK857bflG.SU)de[a!{/@pN=C&Um3%""4fR}h@,EBE2+t(63Bt2 is studying in 5mg7NFrKbWc-8D>]#*lf!Lq@Z[R=#c6i'd%^B9.,LTr=>4."i]IF$u0:N)E4XWx,cD
$Bzs&_",I:XkS'2|-FQEFskwC^lbf}'[J=E9Y9@u_f@Z}C3bS"XMAJf);CXjGQ|Pzn;zh/Yvitb|0u4@zU<Ry`L-7BW2Kt72 is 59 years old, and is Female
$Bzs&_",I:XkS'2|-FQEFskwC^lbf}'[J=E9Y9@u_f@Z}C3bS"XMAJf);CXjGQ|Pzn;zh/Yvitb|0u4@zU<Ry`L-7BW2Kt72 is studying in KIwoe1R_7
dwZK{S5DE/&rwSx2dSy>t_K}>_s7Lrbla7P,.k) is 91 years old, and is Female
>o=LUtxVHT7KHu7z='\O2?rGO;LR`V\C#f]j.4dZOd]=u739L(c.O<x./DZ==7-FkT|dJP7BV/+`AMn is 96 years old, and is Female
oT)Z49E.[e}'IXV?/Y?-hGXZiXU1C_oM is 160 years old, and is Female
p4;:E#0y_v5"Qf4)v4n*)b_1S*kH(](^N4&Z"Sg\8RB'$/e%)wi<?Ev!Q(ezp8`I&Czf:^.E!c&o,i]S is 2 years old, and is Male
p4;:E#0y_v5"Qf4)v4n*)b_1S*kH(](^N4&Z"Sg\8RB'$/e%)wi<?Ev!Q(ezp8`I&Czf:^.E!c&o,i]S is studying in j+WxN(k1>f)`zVsj_a8}-:%}`r|}e7Xdd=7_f_V<x'C=I8''&f'&fPuf#i$qCFVd7TlC]wR;hw=52j@YW
IDtJ?K?6/1cIeH0e?k6kv0p$Hw,:UZH%@r5;Os$mI|\IHYb(%H_!#8t);v<>vr$6?A13RhK)gZEuU/l}#*8]> is 69 years old, and is Male
-4jCS|n{M=HM*fJroTn(b^e:/ is 93 years old, and is Female
-4jCS|n{M=HM*fJroTn(b^e:/ is studying in g:h!r}![
Mtcm2Q}DpW@.>F+R`7ww;@;L-9:O)|.sGn}h|qvWxlS&"f+3"d=-\|]J{%D.'=]|*MX3J^p'X87S8-H-)ta(<?=O<4N*hbMyb is 19 years old, and is Male
Mtcm2Q}DpW@.>F+R`7ww;@;L-9:O)|.sGn}h|qvWxlS&"f+3"d=-\|]J{%D.'=]|*MX3J^p'X87S8-H-)ta(<?=O<4N*hbMyb is studying in ]^?Pv#'Hf]N"^b+7Re;r47V/S\d1/=$W2}<w&)kLFipM5|).t?m,<HH^|!u_cr+^N#l9
0{J`F`lOd3j>C6.:<TZ67DNfDidvZ0sZIK%1_JK)TOrC?9BO is 6 years old, and is Female
J`H:cO18EL>d?I=R6,<^f\"-JSo6w4'kPG!EE^vI:dnZ2w7beL|o'XFl),!4*mZd8?IXhFowG!xh][ru+{G\?ij`% is 3 years old, and is Female
J`H:cO18EL>d?I=R6,<^f\"-JSo6w4'kPG!EE^vI:dnZ2w7beL|o'XFl),!4*mZd8?IXhFowG!xh][ru+{G\?ij`% is studying in /KUreR=',Z3!Olk8tV%(<2EFPok4!G,t/NM0/%.z}/g%55!FELhASUn[@f>'htli,-g@cB7(DmX'9'5@0Tw:^A2r{WR,zp5^%If
f].+GpSef1V5yph is 34 years old, and is Male
f].+GpSef1V5yph is studying in G;%LXE%\ca'@?[B*Cui
mG-8f-)b""HV<RkJrwQ-2bqMzC@3n7Z,M%U[\)kD*GUhk^mG.t;Ko)_'TbmVq,xh6@km is 28 years old, and is Male
mG-8f-)b""HV<RkJrwQ-2bqMzC@3n7Z,M%U[\)kD*GUhk^mG.t;Ko)_'TbmVq,xh6@km is studying in X.oHMS+\9g"JHIm"vbf<g`T?Vn;euXl.t06BlF!di}3
m$J}\Du7P\(V4lgCre;Kf?KISVQ:H*hm@[]xTX4Y]'H#hEOjK#t/4PM]'LbsGsdr$VM2YB4TJ%-TA0UaBy6PLj is 130 years old, and is Male
m$J}\Du7P\(V4lgCre;Kf?KISVQ:H*hm@[]xTX4Y]'H#hEOjK#t/4PM]'LbsGsdr$VM2YB4TJ%-TA0UaBy6PLj is studying in K"*sI!)('B[|5jfG7
sE\#GjO><0jM=;m#}q)Q.SFg7q&F)^+XJF8|{Lt_ is 175 years old, and is Female
sE\#GjO><0jM=;m#}q)Q.SFg7q&F)^+XJF8|{Lt_ is studying in }#;@lWK].*.7I\?'+fr4Dw=s=O|s&<{AU0-9]hSUsX#N}$4iaEr.H$miJmu;<AP-#}zWq
5h@4[StZIyCck<-Eq%rJe68]=V@afEW&$Ok6%Kxg_Gf\;`&9vr>j9[X(dF5JC$7_[$#1&c-kb9jCc=9X!EH0OhDw@ytR-bkmH is 127 years old, and is Male
5h@4[StZIyCck<-Eq%rJe68]=V@afEW&$Ok6%Kxg_Gf\;`&9vr>j9[X(dF5JC$7_[$#1&c-kb9jCc=9X!EH0OhDw@ytR-bkmH is studying in H'.&zAMHo*Tc6L//iRv#4y3`=\9M<JKeT5@,3GvqBMf|O#?"
.t?`=&bgOY6-H6H;j.\@OYh'?)\_%,9V|g[$9"k&HcHjYEa2fchJ\<Y is 48 years old, and is Male
YPPBd?qL!uu]p+0IdF=*k;i.-?!.[Y1a*B@Y%K}]BQ93EBM/^*gHdJ{'Z-$AKRQu3 is 112 years old, and is Male
YPPBd?qL!uu]p+0IdF=*k;i.-?!.[Y1a*B@Y%K}]BQ93EBM/^*gHdJ{'Z-$AKRQu3 is studying in W7qBGXlKC!RYObtxf2P9M3.Rq&CE3J[PQ^8j#H0;#l,"Uw&<?rrr.dAnbN?>:u=BP{OvE<^7!.ED.H
ap`<^LNSCB\$*YwCr1c, is 59 years old, and is Male
vJzH,J$7pE+|*ot|G&VPL*(dzRR;sQ>=I is 6 years old, and is Female
yWO=cIeKE/w8fj@J*!I\*u5[UtEN@Lzab8L!"$v^5#OyvVCCi{DRTffyZ=$II}DvWc0#$& is 17 years old, and is Male
yWO=cIeKE/w8fj@J*!I\*u5[UtEN@Lzab8L!"$v^5#OyvVCCi{DRTffyZ=$II}DvWc0#$& is studying in h$U6riD/h<-uU.>!\|Mdcrq*/b':?O:j2.HW}w|XDup9}w0lyfsTa3`e=3l0}9M!F7vA"<K801v'zM$H.2vy=^Not)oK*pc
-dE'+cuf<woabAU&W**Ec]ELC@f|[-FRb?lwyiLskKXs4NF` is 134 years old, and is Male
`,0q"8E9v5$o:-k^L9T>pt!hH)9=zv|i,El<z8PtM4Nod3QePbQVe@y5+*wq7EHS+7GF;,vQ3ccR is 174 years old, and is Female
`,0q"8E9v5$o:-k^L9T>pt!hH)9=zv|i,El<z8PtM4Nod3QePbQVe@y5+*wq7EHS+7GF;,vQ3ccR is studying in bOC^3CZV2e`T_)#{}\3;{WWl9,
mrYguO!:QyV8w[5XI|jaagn!5]r#wty^uwn80FloM-#1D%7%QiJv&#6q8xCr7eKE6W]&;v>V*"' is 149 years old, and is Male
GCDY_GtyF"8/[aQS+H^6w]HR3@Fr$'$`Jez]z9|M:}K;)LcY4Vq4&0(cLb[K&1y*D'*?T is 149 years old, and is Female
ibnSrUD+m_guNMcIK|60(y=D5Cb_#|'F$6biq{}d-#fH is 76 years old, and is Female
