EYe&Diu;J_Y>oDp,s^sI9\c4g is 64 years old, and is Female
u0$tt.P+,<MEu"VhQR3q2z2g:'pYr$;Cu94Vi(MaPKT24!s9[Vi_{@j%B;=[?7N1|G"iE+"%:y%;Qs7Lq1t\ is 99 years old, and is Male
]"}QmO%150lAk3D/u6Dk is 115 years old, and is Male
8Z*gBc+zn3tDZar$Mo9(czt1/R:5j=bE=Zw;{@{\tiqG-W+*.P|Dk`d|@i<YVANoa>lN+B&]E=[^NJ&N5px[^{2{"_ is 8 years old, and is Female
cX!(-TrIZ#)B<+xhvY$jgKozuYEP/2[p'CY$p is 73 years old, and is Female
cX!(-TrIZ#)B<+xhvY$jgKozuYEP/2[p'CY$p is studying in |FNXBaQ[*Iff6y_-GI8dt2HnyQ[.[AQE99)|E=}/Nd
x;ak2"8('$+FI8QTQJzerYe5GN![= is 104 years old, and is Female
Q7F#:.l<[&j5[Kq&<&xFd0}3,(Xyz<iZmCu44SuPw<bQXs(MzHU-ztqw*lL\XzS-bx0S5aQ| is 54 years old, and is Female
ya,z.gnCf]e]4[X@6[5J>:F?utE' is 145 years old, and is Male
j{9Fa(EHM=%vW|B/J>H*[Kz(ul9Nqm7G1@yH&RkX8dQj^ZJ/p:12l|YYWf`67^EkIJ[gm%s*KNUjpy`Fr!&DGBtR is 116 years old, and is Female
_.8aZMh>wk^0RwA2`Wa!(M6#s8|pwojV<X]cVAz?8rOM/F is 35 years old, and is Female
_.8aZMh>wk^0RwA2`Wa!(M6#s8|pwojV<X]cVAz?8rOM/F is studying in 0VUz9H+@nr]&SneG^6y!_vgBLt7PYFf
pM$$o;,\E58p"cX&\m`vrzL!{n>[ is 50 years old, and is Male
pM$$o;,\E58p"cX&\m`vrzL!{n>[ is studying in *jZ^F5A7<j/.[uA/&a@Q#<jeE5nR>xR]%T:R+@h\GrW&m;b6<hnP#{ZNkb&=FEZc^]I]z[i*yh{,Xbyp2.{84rHQ[7$h`
,f-AO.vy-aPavJK)mUS$lHLC4dfZ[rCvL9/hnX$aXkrG:SV(T;IRgc%!?lZ<)z+<|?"jr8myTKkky%DyxG} is 50 years old, and is Male
UOt3?_gbr$}clJ+_?;*tA1Z$Fvc3#&#Xh,\xy`P`TGg>IodkV2+s,K<_sj-Z`"Oc6aj4*M2?mX[CPnX37hh is 179 years old, and is Male
UOt3?_gbr$}clJ+_?;*tA1Z$Fvc3#&#Xh,\xy`P`TGg>IodkV2+s,K<_sj-Z`"Oc6aj4*M2?mX[CPnX37hh is studying in DB^PigF[GrKKAWL:AK.mEyqp3}+e084dEzW^?nY#+rB&
]RZ?++{F%ov0$yzoNCZz"f%+?brW-*\wB^.&Aksbs.NBhdb3r`dcz]0OzL2;H+ei]D.XViuRk^PXX6Ac5+|'.{m>3"0:-33" is 172 years old, and is Male
]RZ?++{F%ov0$yzoNCZz"f%+?brW-*\wB^.&Aksbs.NBhdb3r`dcz]0OzL2;H+ei]D.XViuRk^PXX6Ac5+|'.{m>3"0:-33" is studying in Sun){R"y`z:46)4z]k6jAwKkcFkn&wc$'i2k^C/pGXrdYK}1muL#V%f%M$J"wMC;2s`AV<3#e94|_.F[fD7Ngb0
,i9Il},6#r%>6O6*VUATZ!czgZi^:AN%)J2d: is 162 years old, and is Male
6FwGN^Q92$>g>ZnpJr7y8olL__NO##S(<E3EQ\2\yp9V:EUjk>J3^r|!MB!$^}!*6}/A'cp( is 105 years old, and is Male
6FwGN^Q92$>g>ZnpJr7y8olL__NO##S(<E3EQ\2\yp9V:EUjk>J3^r|!MB!$^}!*6}/A'cp( is studying in FmA.-Z,%(.o#_DHn"[0Xwm?
bjZg2w;)F'ykyU33^JOF-PziYeO*<S&ip is 97 years old, and is Male
bjZg2w;)F'ykyU33^JOF-PziYeO*<S&ip is studying in z$5Z4[g2e9*LbU];@(80M+_r8AhM`&E|4BM#C/+5h4}TRv<qM[.&*_SKhN7?7lKp?|Tk\b\B<7UR]xZu37Q
y;d:o+mD#'qp'Y1{2ZVe5LWP[YIM%0.8]NZy%i+R[\QxW.&H5"VV&5%Jk"Qnmw}4{Z"J5.5CCOxu<_&\K"NU is 106 years old, and is Female
AAD]eHnn4O5`f`_F?d3=w0<7q@*5F1CvpX2x^5ISBtY'(*8$okj>cE%WmKP^iOUM)Ay1-)I is 81 years old, and is Male
AAD]eHnn4O5`f`_F?d3=w0<7q@*5F1CvpX2x^5ISBtY'(*8$okj>cE%WmKP^iOUM)Ay1-)I is studying in C8TR.r2eA]LZ{Ylz[Dj{,Guzv5i#GBD?2<pZQM9:z-!QNY!%r#^o.-zw+|/t/Z9s
gl3..VHQeM is 16 years old, and is Female
gl3..VHQeM is studying in "u]b6zXx%V6.8gZF|t#I
,I2v-X-<\N_Y!tIGS5*Cp=<:@2Vnqek`4%]6/L`5[ is 29 years old, and is Female
,I2v-X-<\N_Y!tIGS5*Cp=<:@2Vnqek`4%]6/L`5[ is studying in ;.w-L}#-jm
u,kk7GS'58=tR2j@Cd\{9?x)6zty5J"Sm`IYo_vlsF>;'QSsUJQ@DUGr'^x}PKhih0@@t^6&LI.iaI2|+kqZuDLGw}3B is 174 years old, and is Male
ip*Um0McvpBGO`khkEJnuF<%|0`f(`5XX}<H5d}4ms`p}rNNkXlYL?&^h(J:Mr;+1_w91FxB>EE?(P?P!q is 14 years old, and is Male
ip*Um0McvpBGO`khkEJnuF<%|0`f(`5XX}<H5d}4ms`p}rNNkXlYL?&^h(J:Mr;+1_w91FxB>EE?(P?P!q is studying in 8Zlo4M*gcZB?dW*i10
9Ri4e3U<+VSe|0MP;5{*1$e2L6}<2-\.kU+ra&zBW1V}rPUenYCN}yjK0^`3%ccD) is 64 years old, and is Female
9Ri4e3U<+VSe|0MP;5{*1$e2L6}<2-\.kU+ra&zBW1V}rPUenYCN}yjK0^`3%ccD) is studying in |#^oae<u
@;<HuC11.*h/Y<{Vn|&8UA[WgN*/Q#jSDCJyuOm,m34=Up>z291#VJ(G+fK8{:7{2jgyh: is 77 years old, and is Male
@;<HuC11.*h/Y<{Vn|&8UA[WgN*/Q#jSDCJyuOm,m34=Up>z291#VJ(G+fK8{:7{2jgyh: is studying in UCe`r6aGH+{,Aqawk^mF^5NAc5EJEHy>r)$3oRynf88I}s9.S&Q
U9IxBm,-%1P\2?aI=JuxnHV@^qT| is 10 years old, and is Male
U9IxBm,-%1P\2?aI=JuxnHV@^qT| is studying in D
C/( is 87 years old, and is Female
q\d&6'`6U+]QxEF\_6c0Xu@^o|Dr`qVoi@`K`9&|YP!lNs#wXOCV>))DA3Z4nZo0<iwlY2ymORlqIVkZf%*a is 26 years old, and is Male
q\d&6'`6U+]QxEF\_6c0Xu@^o|Dr`qVoi@`K`9&|YP!lNs#wXOCV>))DA3Z4nZo0<iwlY2ymORlqIVkZf%*a is studying in v#h;or,7A0pu]sh,F@F\'=1\rzn
@&m/1 is 78 years old, and is Female
JBpN\+<F{N|3X,6\.iW|9=s\a=0p.W6]A\>{g9}/X'>nK#. is 189 years old, and is Female
JBpN\+<F{N|3X,6\.iW|9=s\a=0p.W6]A\>{g9}/X'>nK#. is studying in S,V.l9c2qjv\jU/bY1H)r$fm!Qx`9.bMh<|<t"v;,,@4a']=Q.THdyyA6!hlbH\S
*Z$pXZ:LXY>:D}a[(r5AiXE3\j8;;7|#|V{Eh__(V,BMzcQ41[gC{+5lBh?9%R}62QX&HSMY[qz4GH0O=TSBll-=el`N(VNeG,N is 169 years old, and is Male
dr9^"dOjnytd-tc-c>: is 44 years old, and is Female
!!:t2cMM?3{XsG8d1RVz%Z7s}gtQiF1{VhYNiBC3IS}nIJ0((@U8c4+-$)`XS!z*.R9.O0/,8!(y967MWanAUNu*& is 59 years old, and is Male
'^B}NktF0^f*5TfV0(45 is 70 years old, and is Male
'^B}NktF0^f*5TfV0(45 is studying in t'a\E}uS*c$c)+'qnOt3u,"pUr2C.H)v'YWV*x={Q;4"6Ump
XH]B_RudN9C}!OK-oSK-]zDIK"M[?^aK_jj<TA0e$mrmhP(OiriffD.CKm/0B!m")NZjM\sbG'GF#U&a/-W]SY\M4}<={gC7 is 15 years old, and is Male
XH]B_RudN9C}!OK-oSK-]zDIK"M[?^aK_jj<TA0e$mrmhP(OiriffD.CKm/0B!m")NZjM\sbG'GF#U&a/-W]SY\M4}<={gC7 is studying in Vsh58g{fy.vRZNN)apu5Y`kP:sXe3k*"vcF]G9
FDl9NDg=cs&0ykmY`0]E}&p9u0{bZs^{[sm7`CPJxH%b)'/Z8%Db)lPzLX<]A is 112 years old, and is Female
FDl9NDg=cs&0ykmY`0]E}&p9u0{bZs^{[sm7`CPJxH%b)'/Z8%Db)lPzLX<]A is studying in S'uuou2M|U?^O>ub"&X[,3h.O8OGA?,;YHO-S8x*AJmd;^N'uc+R8g3:(aw^rYgccp8($3,@@\LU<}tsXrs)Y>t#
)o*eO`.K*G5N+[J*!9c.R`&g6nnFumjW/@Z#qS}%;6Nlzs?ll8ZK@8o!8gx+.|zWO]B<a,YO is 45 years old, and is Female
)o*eO`.K*G5N+[J*!9c.R`&g6nnFumjW/@Z#qS}%;6Nlzs?ll8ZK@8o!8gx+.|zWO]B<a,YO is studying in 6O`7I=l_9q_yQ|<@g][<CKr#Ic|a7
kLT@jCZ*QZI-PM;[KbU!N;>T5,1ij4H+l_NqhYI-_.%lnU=:LV8Mc7y-/*6tUW&N{u%)5\=|\{YQS(3g1YC0tHj,1!3fN@$DFi: is 22 years old, and is Female
$!%}8w(VAyua}5QxDjt]XcoC*p!2c+ybWf5/B@{"4+1{} is 35 years old, and is Male
/T!V-v:cL#{Fkns=h[9u$G-L<{hCxv<C)_%6wI*IoRSp'=m is 21 years old, and is Female
Z|*`b'_XgtTKF is 46 years old, and is Male
Z|*`b'_XgtTKF is studying in 5=yk`eSLl!"*5;2i$5:!9{FUeXAc.X4lZ?fG@B=eQ6(GoUx/rVA$IPEYW8}k
?sjAV/AKcs\5Bp}wx}q)5|@KOhJSRQlJgu:C]Z,\.nps^SKb&W[R#($*ea|zqG)AIb is 116 years old, and is Female
?sjAV/AKcs\5Bp}wx}q)5|@KOhJSRQlJgu:C]Z,\.nps^SKb&W[R#($*ea|zqG)AIb is studying in ^6cu:4^FaMTtBb%{d#M=%H2hw8n'_\_r9!87F\Az-HV6;Q_"it-'BxqeLW/QL^x&_X2-)5>)3_
)XHT{BNx@}&KE[R?p4JEW}+-Rq|WA_4MCnr6ren0tEOYpw1iBVAHYL@0C+e%5/Gb^"YmW-PK!C is 194 years old, and is Male
)XHT{BNx@}&KE[R?p4JEW}+-Rq|WA_4MCnr6ren0tEOYpw1iBVAHYL@0C+e%5/Gb^"YmW-PK!C is studying in O0_q'Z1*0Sn@<*k?@,b9Sae*%DRf`vm!B}{NL4%9_%VQZF5J8*jEl(xBPuNkZA|[c/[\j-1'K'7DT]p_9RN)#N8I%
_o'[4rsQQl+uB#h:T]ahU]l1S?Tj|"O is 174 years old, and is Male
5{^YL_F1<l\zug;J!0G(Rj is 16 years old, and is Female
Qn`8a}qep(GJLH,4_?:a+g{[[ST7swJ|k is 57 years old, and is Female
(M_s)?UCR=XVGssTTbsj#"yMl% is 15 years old, and is Male
FwZ`|,Fx5M&hcAZFpbNAp+ZQKd\@w!"D76/u:<5Gq3#dB!HGCfz1kS<D2ui9"&6B is 64 years old, and is Female
GY.L4aiMr:90xS is 199 years old, and is Male
jW}XYUPMk4h is 57 years old, and is Female
m[lK;W>YX is 29 years old, and is Male
