QJ*R5a9fFk*jt|{m!;<5(V34+Xy_Mf<I,4|])rGW]{zx%}@z>#j5w$F6D\2\4ozgG is 23 years old, and is Female
90TbqMTYPq\wLj5#{<{D}iOZyAJz^t{sr&QtTwM0q&/l^6q8h_RK is 183 years old, and is Male
1K)>5]jN}/u#Vp&c[8Ggp;hB is 171 years old, and is Male
V8%&2teXor(A\r;zVg<fjcmoc1?>MgW1XROY;`@6ar`lI'r=u44gI(>hqlU6?^f?%By\]<CIle!O2h is 83 years old, and is Male
@7!5gh2)f@RvC}[&;>a]0MC|[Cv$XOVWoFsNCOh:2UAq8jj:+smo)Hy\mUk+G9aO%nmkTq}h%|}o is 71 years old, and is Female
SEPj&b{fUnZ2ur7A&r?)l;7B4V|\HCUu/Au(%R6(WgsLg}ytk<j}! is 146 years old, and is Male
4$]W|9_pS-H-h;yo^gJv;7d)I:e+f6)TNII^z_[[i5UdU|GuW*qw-Gs/hizl>gjJIr&RwzN1yW0*Sgrp<Tuha is 171 years old, and is Male
4$]W|9_pS-H-h;yo^gJv;7d)I:e+f6)TNII^z_[[i5UdU|GuW*qw-Gs/hizl>gjJIr&RwzN1yW0*Sgrp<Tuha is studying in dz16^$9c=}bn$fbdcb%@@i\_@rcbTeNd.a=W2@:ga_VRQzYh'cl3hXMfe/07iw$:>=&yfIS(a/w1tI8BpZ.)`Tn8!{qQ
c"E7@#12F'Fot[okr0B3{&aXKpc9o(]BIG\8YJraq|+!#RX( is 165 years old, and is Female
c"E7@#12F'Fot[okr0B3{&aXKpc9o(]BIG\8YJraq|+!#RX( is studying in mSlS=-i2jJo=1ij8_L1CY1hSdEqxmDFm`d`L:Ot)RBlfKH4'/Ql?)xy
B!^_MTY*_kP5we(L:<Q%.4w is 93 years old, and is Male
x is 110 years old, and is Male
x is studying in kq<SMVV\C9c<iaYV5"B9,3Rr,o)Z!oa?n>A'1'>Ku=N=%L{E0_`_JAnNGH_o_-8kO%/;1'l]E
F,*e6=kFfBWcs?6cI2[R,|bCY6hWG_cCw;2X;`S]B)juh is 161 years old, and is Male
-@ov) is 74 years old, and is Male
-@ov) is studying in 5V)4D+7j/wexr>R7]1MB?kf?5|#Uo0P}2UkdS3f):qffxyT!I)i{^+\a5*oQ\S5fgRQ
j1:aG=K"'{f2.9J^[d{-Ij/5p,aCr$4J"r3S.>d&&+rUf2 is 155 years old, and is Male
US`VXMQx?/rO6|g8A]Lze)hBhZnDf3Z0@5VH|T1n^I-ZTB>+`eo|?rXpM|pK-fz&bGpugH3 is 19 years old, and is Male
US`VXMQx?/rO6|g8A]Lze)hBhZnDf3Z0@5VH|T1n^I-ZTB>+`eo|?rXpM|pK-fz&bGpugH3 is studying in L'Ap;4\6y5P%t$v`_|1JxpS
7$S8QH.niB4(XAr]D?wmvzhg)9bw7>xc+fq'bv:1G@+:y_^6]hh]*p\ is 31 years old, and is Female
7$S8QH.niB4(XAr]D?wmvzhg)9bw7>xc+fq'bv:1G@+:y_^6]hh]*p\ is studying in n<co(8l@,MWEya@A\ExaPL<S%wh%ycLqAGu;q-Bc0h^"]?&<B_f1q@uYMeDt4\Ea*1vyH}JZIF/Q
|<6?VPDGW;yLC-E`C*qym<iIg7*y7$!dB3nY\D%EQCIU=%f6a^QrL(`gZdDoHX#.]{RCD is 127 years old, and is Male
|<6?VPDGW;yLC-E`C*qym<iIg7*y7$!dB3nY\D%EQCIU=%f6a^QrL(`gZdDoHX#.]{RCD is studying in aS#J4elPe+#:],1&FMFJ-D`}bp.LE@Go[DD|vlkqD"m\)SUN@/s6h;tH"T(|^fTJ:-#sznx8((1SEi$`4b*^Q_6KOV_)Ff|`x
Qo_`,_&p_^$pF`hdh-#VK]Ko is 71 years old, and is Male
Qo_`,_&p_^$pF`hdh-#VK]Ko is studying in hXu7({-P4zlWMaDK;,da}=/i>C+t>_j?Fz`3zaFDsOPH#5%O`UE\+wI$;}Uw^QT<sJ[:ls'?L1X&Z:8Md&n
g'Hk)/[$sT$0sGtW8i687{ is 94 years old, and is Male
?kw,fbSu&[j$CrL7__HwT6pfg'rIuEkWNXBQ,U>CK%b+TPI<Sd{a7lLP5NVM\/H@'r.s2D`%2BY>E#}_ is 112 years old, and is Male
?kw,fbSu&[j$CrL7__HwT6pfg'rIuEkWNXBQ,U>CK%b+TPI<Sd{a7lLP5NVM\/H@'r.s2D`%2BY>E#}_ is studying in T0k@f:Qmt+/<YYP|'yI6
FCQ%4dr(Rf3`7TA3 is 59 years old, and is Male
5Lq{H)7V9]zNv?r++tOT,)`|'5-|tngv1DbBVj:i<kwaR[Y30I0Py$'dse|ok4Y!xnfxV&<qZ`JdG is 140 years old, and is Female
5Lq{H)7V9]zNv?r++tOT,)`|'5-|tngv1DbBVj:i<kwaR[Y30I0Py$'dse|ok4Y!xnfxV&<qZ`JdG is studying in 10_ZP<z`2Bf@Rw\l;^69VUK@@Aibf-4HCVx1fr|';Qx5-Zgq?b@*r$<c
n87lY3>bmEsS)`?u+#w#"&6nfx=]_+e is 63 years old, and is Male
n87lY3>bmEsS)`?u+#w#"&6nfx=]_+e is studying in SWW[i8?1N,/+`\A53gtZO?hZe4X.iImMVdS/0r`ob6NS"MUJY5`dv,[nkd(`:`Z^VInw+H?jy\j^JMA|)
N7H'Y=l@ is 64 years old, and is Female
@/Par`{j/2960|&d0^\a0:!aB@bupdjgs?SUI+0kY.4(Y%qQCOj-fl2n2A>%-\ew5sZd]TCqz}{C^v\ is 129 years old, and is Male
O%_XWm{<?'[3o?1j6"\f_vY<Ja5KZRN5*\eOIR(}KpJdmX#c[!3ilBi9y0H+@1N3YS}ZC-V is 160 years old, and is Female
O%_XWm{<?'[3o?1j6"\f_vY<Ja5KZRN5*\eOIR(}KpJdmX#c[!3ilBi9y0H+@1N3YS}ZC-V is studying in ZKp|%gB{z?q3#TX-fY6:oHAswDPR)_*1b6zxa9$q`kQ1@l]3p7R&*{}Xll[|XdxZt2
,tfx-<QenH_-J|V`V&/P]W]a1lvniEnbQt]|GE\aI:{W3w is 152 years old, and is Male
,tfx-<QenH_-J|V`V&/P]W]a1lvniEnbQt]|GE\aI:{W3w is studying in 4{TfwZpk3Yw{/3Aooi@U[^4QbyCdMQ"||K>#QZ5"SJU+bB\:i2)z*g7VL["Tjl^&zaD5aP
hNJkxtekGmC:&;pn[Fwl0/o;!sz:yPs#b%Du$1KL>nE|`<$Upn%l<Yv9@Uf4E@dMCUJQ9!Y is 35 years old, and is Female
`yX!G1,Ua2YY@qN is 29 years old, and is Female
`yX!G1,Ua2YY@qN is studying in v$:[_aXz2@,uK"X{[>m/*5A81vS_Cz%8Z
&@"x"1^7m1ZEJ%c(U(V13#+v}Xse<2|[3Bp8-kZY>z&38TMtZU)bQ.:1NO.o is 121 years old, and is Male
&@"x"1^7m1ZEJ%c(U(V13#+v}Xse<2|[3Bp8-kZY>z&38TMtZU)bQ.:1NO.o is studying in (cJ=9&pKt@"V5|=[5X%]+*4mKXP?/%
-:8\dfx<u-gmVm5c4R.|7%lnJj$19rk<_p+XLc=tas.#?ykRh&7.+DB079gD<Ukk_\=0B0*EK is 105 years old, and is Female
-:8\dfx<u-gmVm5c4R.|7%lnJj$19rk<_p+XLc=tas.#?ykRh&7.+DB079gD<Ukk_\=0B0*EK is studying in eSk10bCd%'k+(2y!3;CD{sBk`)1iFu6O&h
[)h1(HB@EKH,Dntuie^6U7gfH!2hC}8)>N`#/hoN|v|=ypNSu]*>GA`S}4`fRE_[JsaUA8e|VSq@Gb^s is 64 years old, and is Male
[)h1(HB@EKH,Dntuie^6U7gfH!2hC}8)>N`#/hoN|v|=ypNSu]*>GA`S}4`fRE_[JsaUA8e|VSq@Gb^s is studying in ENv7ZsN,wtuI\LRgE0P1bQZz8,+-&G^6P+{<sqx!*_4}yW-t{EP#:&Se36[,
vR0a is 110 years old, and is Female
v)Bl5|jU:]uiq)<n)"q#y\p=ogPG{ is 119 years old, and is Female
v)Bl5|jU:]uiq)<n)"q#y\p=ogPG{ is studying in olTYXJHmgM]>{V+(Y2;19[`7{<tHBigpeTni]7.>ns\zH},K:W"9(&CnL'jn8U\+mCC{`ZQYf\=tM^r)>o5n
o{ is 67 years old, and is Male
Hq_Y+^j"4jpfK%1&-&F%Decd7=D(/tg)MoG`vuiDx+=G:g:hEcTY is 43 years old, and is Female
?Q$0W3+[}zVx{,cvoo0{,C?H1}>8;fT}tnID0b=AxX!?hz,2(t(33\gvZ8/INcg0j4SE@U?&nlWIX!vPu:6Uth:bf%t!nF}8 is 169 years old, and is Male
=yu4 is 158 years old, and is Female
=yu4 is studying in 4WLSfN./ir_]D3Ppif+AO?\}O*tSeZ/eFHGu@DSz*5|(]JRu%?Pf^=
huKf4w0PM is 26 years old, and is Female
huKf4w0PM is studying in B\C"#%n7WCu>n'*}y(VM
K,'.?($bUDrS4IR:PZ$&=>elE%J5&=YH6ro.pl(&b_Cu!4p#'0L(fOgh[!`:LUDFQVi/Mgl!x is 83 years old, and is Male
(N!=\*`MKL!k%u2aB'R>1tW='h09WWA7|M:#^Lz7.%RAJxawj<TN3o9ZYz0e)^n:*UU**#M(KlZ7[of68H_L<4+yY[s^'XsGy is 115 years old, and is Female
&'(@Xw/g#qN"R|}i]YAOB}6)-j'\H4dC'Iq}}I)>)>]Ucn.6CMJ+*Xy/UMpXASrgV39J>&W;C}v_T+/yJBz&yxINulP is 135 years old, and is Male
'X]7j?&{}L0>%J&D#ZE>l.dQg?G% is 73 years old, and is Female
