gr?{Y>S^9&^0`7#k\.F.YDRn'!nIYBNv79S@SfZPF{R@z?;`s4D/G-J;DAy_h)/I1OT1^n8^mNXL&]_Z81^,3We0 is 125 years old, and is Female
$+)z;Q5DN9rkQ/{b_Y2J,l>,@`!)[K(bOnq}P46LN]2;9Jmw4`]:.L?qiIdOf[Rg{?oOCs8z+)s3oUujH\Q is 157 years old, and is Male
$+)z;Q5DN9rkQ/{b_Y2J,l>,@`!)[K(bOnq}P46LN]2;9Jmw4`]:.L?qiIdOf[Rg{?oOCs8z+)s3oUujH\Q is studying in 5*3>kx;dVyjAgNm0H^BKOm@D<>MCW,k#%pCj]XJ`jJc"
CL3B-G,1Xi(\OVgo9vU,d<1Z`B<b%Cj9]a3.mcA[GYs is 10 years old, and is Male
A5N"-8D}5:FS0|}FGsU/tp1#ky1:RWympy&Zn!+^vnSqe#_5KwCUeTyw_iyxxy>>$]}@s is 39 years old, and is Male
ZrVhT]twin"aS@q,/qqPec%!uUDT|w0\V0k_Cb)omsf,a!qSU1V:%"22TpkOPZR,2Ai}9} is 67 years old, and is Male
ZrVhT]twin"aS@q,/qqPec%!uUDT|w0\V0k_Cb)omsf,a!qSU1V:%"22TpkOPZR,2Ai}9} is studying in p{%3uOU[A")sAo!AXzDQG>&z9U6y%D0/]ScYMH$hD/nS7_bGG3_QhXTsv\OFFa_myk|?a{f)cHo'
5 is 33 years old, and is Male
5 is studying in P]_CRYDFA'8JzYNXOr9vzOf7Lf!ny<GK7h/uZ,$<V)C0E$91t;=S>}*NRmh<XL%BNw`qZH;&/onBb/F{?@9)`PZzjH
tPzvWAm0pZ){oWsW$e&+)od}lJJD@9*t7JGZX is 156 years old, and is Female
B5B$C<Y>pT=yH/3ENiMs5{HtDJHdem<GZ4e1Sxl5yr[ir0j4 is 135 years old, and is Male
B5B$C<Y>pT=yH/3ENiMs5{HtDJHdem<GZ4e1Sxl5yr[ir0j4 is studying in T&f\LYOv.
Df-PjJ'+8Mw>a%Z@:D)Ih>"q5dg"BEoeN/I is 126 years old, and is Female
rB3('3+ is 79 years old, and is Female
$Mw)L?$e6fUh..6yBV?lXKL<m6MSn]!nJiQEveZfB"5-5;,>W6K&@pD!d4gD{}1jW`f][El<wDg{W]\6MX%r@7c/L?(y;t4 is 177 years old, and is Female
$Mw)L?$e6fUh..6yBV?lXKL<m6MSn]!nJiQEveZfB"5-5;,>W6K&@pD!d4gD{}1jW`f][El<wDg{W]\6MX%r@7c/L?(y;t4 is studying in I@f/uV
wO is 170 years old, and is Male
wO is studying in N+yFqG>BG""oMV@jls[qmP\w(%uKN(b@7ZE;`dD}OUux*Fx,cS>|[7GT"B&[sCN/i4!:6u?Lgup
'Wlw^,z$pMuQE.K*vUACi|/9yAG`@Rx<)ED'kkI*Dg)eBnVZ)rbOEsr+uY=Hp%%(6 is 62 years old, and is Male
6dd1zSi@fBXL[%ke+nZjKf)hA3;d1IP(R*us is 126 years old, and is Male
,gO@M%1$!gv9X,bu>}}Xt&_I#X=oSS}g|M725Ij>7=?D4jWV-;y+u<P+c[q%Z>NVT{N1r4pGiW/-qe0o24p is 77 years old, and is Female
}]$"]C6pD?C*a5,%q_I'G(I}UD2-#%PiB7d8J0"|M#i(sZ"wY){%8{h/cfzFp7V(k[N*ga&NK!}8bb,9Qb1'.^M is 25 years old, and is Male
}]$"]C6pD?C*a5,%q_I'G(I}UD2-#%PiB7d8J0"|M#i(sZ"wY){%8{h/cfzFp7V(k[N*ga&NK!}8bb,9Qb1'.^M is studying in d^NA0/8=|=h47
Lh56IC1cX!S,\ is 69 years old, and is Male
Lh56IC1cX!S,\ is studying in "Pja:`
X,an>h\v;&{itwpyZ?i}b8g]P,X3ykD9Liw$P^kv(GQ\PH]OB%k^^lt[of is 177 years old, and is Male
X,an>h\v;&{itwpyZ?i}b8g]P,X3ykD9Liw$P^kv(GQ\PH]OB%k^^lt[of is studying in ]=.z"69zV-BP:g_ek&svn%}Gj06'86/$yCmAf`38hZr-xy"vA[=\(]e2(7{
|>!}4!l{cC"V$e>p9X#7USC:TYrrMnUe0F=[q=7k6}b)-3u,TZkTi: is 126 years old, and is Male
P+\kLr[XfN%q^(-@Z]M5AVxwMow(8xRudvm0YA%3`C`;g is 129 years old, and is Male
UXW_XretSrgyGS[3a;.?o5L:5V4l-h2g#xdw2qb*@L0-/meWO.ec}g\o'"V4Uq;rsVx<D"%hp`5p;+[aLo8=?[XvQ-L is 33 years old, and is Male
z5LlfWv?d>0Qn[hWhgvS/Md.)_M''#%H\o{y@#|Taz7XhUo24-$CYx;k"UuXqC.8J?qQ:4BoS is 176 years old, and is Male
Phc(?MDQ4WL!O5.8Q7")CqjJM^iu0*FqF]Dp is 8 years old, and is Male
{1UVnX+V(HX"U[,LH?(jY71ykU,Oo0 is 123 years old, and is Female
